[2023-05-16T02:54:55.409+0000] {processor.py:156} INFO - Started process (PID=45) to work on /home/airflow/.local/lib/python3.7/site-packages/airflow/example_dags/example_short_circuit_operator.py
[2023-05-16T02:54:55.412+0000] {processor.py:799} INFO - Processing file /home/airflow/.local/lib/python3.7/site-packages/airflow/example_dags/example_short_circuit_operator.py for tasks to queue
[2023-05-16T02:54:55.413+0000] {logging_mixin.py:149} INFO - [2023-05-16T02:54:55.413+0000] {dagbag.py:541} INFO - Filling up the DagBag from /home/airflow/.local/lib/python3.7/site-packages/airflow/example_dags/example_short_circuit_operator.py
[2023-05-16T02:54:55.428+0000] {processor.py:809} INFO - DAG(s) dict_keys(['example_short_circuit_operator']) retrieved from /home/airflow/.local/lib/python3.7/site-packages/airflow/example_dags/example_short_circuit_operator.py
[2023-05-16T02:54:55.635+0000] {logging_mixin.py:149} INFO - [2023-05-16T02:54:55.635+0000] {manager.py:504} INFO - Created Permission View: can read on DAG:example_short_circuit_operator
[2023-05-16T02:54:55.647+0000] {logging_mixin.py:149} INFO - [2023-05-16T02:54:55.646+0000] {manager.py:504} INFO - Created Permission View: can delete on DAG:example_short_circuit_operator
[2023-05-16T02:54:55.669+0000] {logging_mixin.py:149} INFO - [2023-05-16T02:54:55.669+0000] {manager.py:504} INFO - Created Permission View: can edit on DAG:example_short_circuit_operator
[2023-05-16T02:54:55.670+0000] {logging_mixin.py:149} INFO - [2023-05-16T02:54:55.670+0000] {dag.py:2726} INFO - Sync 1 DAGs
[2023-05-16T02:54:55.686+0000] {logging_mixin.py:149} INFO - [2023-05-16T02:54:55.686+0000] {dag.py:2747} INFO - Creating ORM DAG for example_short_circuit_operator
[2023-05-16T02:54:55.718+0000] {logging_mixin.py:149} INFO - [2023-05-16T02:54:55.718+0000] {dag.py:3490} INFO - Setting next_dagrun for example_short_circuit_operator to 2023-05-15T02:54:55.718288+00:00, run_after=2023-05-16T02:54:55.718288+00:00
[2023-05-16T02:54:55.842+0000] {processor.py:178} INFO - Processing /home/airflow/.local/lib/python3.7/site-packages/airflow/example_dags/example_short_circuit_operator.py took 0.448 seconds
[2023-05-16T02:55:26.253+0000] {processor.py:156} INFO - Started process (PID=101) to work on /home/airflow/.local/lib/python3.7/site-packages/airflow/example_dags/example_short_circuit_operator.py
[2023-05-16T02:55:26.256+0000] {processor.py:799} INFO - Processing file /home/airflow/.local/lib/python3.7/site-packages/airflow/example_dags/example_short_circuit_operator.py for tasks to queue
[2023-05-16T02:55:26.258+0000] {logging_mixin.py:149} INFO - [2023-05-16T02:55:26.258+0000] {dagbag.py:541} INFO - Filling up the DagBag from /home/airflow/.local/lib/python3.7/site-packages/airflow/example_dags/example_short_circuit_operator.py
[2023-05-16T02:55:26.266+0000] {processor.py:809} INFO - DAG(s) dict_keys(['example_short_circuit_operator']) retrieved from /home/airflow/.local/lib/python3.7/site-packages/airflow/example_dags/example_short_circuit_operator.py
[2023-05-16T02:55:26.304+0000] {logging_mixin.py:149} INFO - [2023-05-16T02:55:26.304+0000] {dag.py:2726} INFO - Sync 1 DAGs
[2023-05-16T02:55:26.324+0000] {logging_mixin.py:149} INFO - [2023-05-16T02:55:26.324+0000] {dag.py:3490} INFO - Setting next_dagrun for example_short_circuit_operator to 2023-05-15T02:55:26.324410+00:00, run_after=2023-05-16T02:55:26.324410+00:00
[2023-05-16T02:55:26.346+0000] {processor.py:178} INFO - Processing /home/airflow/.local/lib/python3.7/site-packages/airflow/example_dags/example_short_circuit_operator.py took 0.096 seconds
[2023-05-16T02:55:57.095+0000] {processor.py:156} INFO - Started process (PID=157) to work on /home/airflow/.local/lib/python3.7/site-packages/airflow/example_dags/example_short_circuit_operator.py
[2023-05-16T02:55:57.099+0000] {processor.py:799} INFO - Processing file /home/airflow/.local/lib/python3.7/site-packages/airflow/example_dags/example_short_circuit_operator.py for tasks to queue
[2023-05-16T02:55:57.101+0000] {logging_mixin.py:149} INFO - [2023-05-16T02:55:57.101+0000] {dagbag.py:541} INFO - Filling up the DagBag from /home/airflow/.local/lib/python3.7/site-packages/airflow/example_dags/example_short_circuit_operator.py
[2023-05-16T02:55:57.130+0000] {processor.py:809} INFO - DAG(s) dict_keys(['example_short_circuit_operator']) retrieved from /home/airflow/.local/lib/python3.7/site-packages/airflow/example_dags/example_short_circuit_operator.py
[2023-05-16T02:55:57.200+0000] {logging_mixin.py:149} INFO - [2023-05-16T02:55:57.200+0000] {dag.py:2726} INFO - Sync 1 DAGs
[2023-05-16T02:55:57.239+0000] {logging_mixin.py:149} INFO - [2023-05-16T02:55:57.239+0000] {dag.py:3490} INFO - Setting next_dagrun for example_short_circuit_operator to 2023-05-15T02:55:57.239285+00:00, run_after=2023-05-16T02:55:57.239285+00:00
[2023-05-16T02:55:57.283+0000] {processor.py:178} INFO - Processing /home/airflow/.local/lib/python3.7/site-packages/airflow/example_dags/example_short_circuit_operator.py took 0.191 seconds
[2023-05-16T02:56:27.923+0000] {processor.py:156} INFO - Started process (PID=213) to work on /home/airflow/.local/lib/python3.7/site-packages/airflow/example_dags/example_short_circuit_operator.py
[2023-05-16T02:56:27.924+0000] {processor.py:799} INFO - Processing file /home/airflow/.local/lib/python3.7/site-packages/airflow/example_dags/example_short_circuit_operator.py for tasks to queue
[2023-05-16T02:56:27.925+0000] {logging_mixin.py:149} INFO - [2023-05-16T02:56:27.925+0000] {dagbag.py:541} INFO - Filling up the DagBag from /home/airflow/.local/lib/python3.7/site-packages/airflow/example_dags/example_short_circuit_operator.py
[2023-05-16T02:56:27.932+0000] {processor.py:809} INFO - DAG(s) dict_keys(['example_short_circuit_operator']) retrieved from /home/airflow/.local/lib/python3.7/site-packages/airflow/example_dags/example_short_circuit_operator.py
[2023-05-16T02:56:27.953+0000] {logging_mixin.py:149} INFO - [2023-05-16T02:56:27.953+0000] {dag.py:2726} INFO - Sync 1 DAGs
[2023-05-16T02:56:27.969+0000] {logging_mixin.py:149} INFO - [2023-05-16T02:56:27.969+0000] {dag.py:3490} INFO - Setting next_dagrun for example_short_circuit_operator to 2023-05-15T02:56:27.969209+00:00, run_after=2023-05-16T02:56:27.969209+00:00
[2023-05-16T02:56:27.982+0000] {processor.py:178} INFO - Processing /home/airflow/.local/lib/python3.7/site-packages/airflow/example_dags/example_short_circuit_operator.py took 0.061 seconds
[2023-05-16T02:56:58.331+0000] {processor.py:156} INFO - Started process (PID=269) to work on /home/airflow/.local/lib/python3.7/site-packages/airflow/example_dags/example_short_circuit_operator.py
[2023-05-16T02:56:58.332+0000] {processor.py:799} INFO - Processing file /home/airflow/.local/lib/python3.7/site-packages/airflow/example_dags/example_short_circuit_operator.py for tasks to queue
[2023-05-16T02:56:58.333+0000] {logging_mixin.py:149} INFO - [2023-05-16T02:56:58.333+0000] {dagbag.py:541} INFO - Filling up the DagBag from /home/airflow/.local/lib/python3.7/site-packages/airflow/example_dags/example_short_circuit_operator.py
[2023-05-16T02:56:58.340+0000] {processor.py:809} INFO - DAG(s) dict_keys(['example_short_circuit_operator']) retrieved from /home/airflow/.local/lib/python3.7/site-packages/airflow/example_dags/example_short_circuit_operator.py
[2023-05-16T02:56:58.362+0000] {logging_mixin.py:149} INFO - [2023-05-16T02:56:58.362+0000] {dag.py:2726} INFO - Sync 1 DAGs
[2023-05-16T02:56:58.379+0000] {logging_mixin.py:149} INFO - [2023-05-16T02:56:58.378+0000] {dag.py:3490} INFO - Setting next_dagrun for example_short_circuit_operator to 2023-05-15T02:56:58.378742+00:00, run_after=2023-05-16T02:56:58.378742+00:00
[2023-05-16T02:56:58.391+0000] {processor.py:178} INFO - Processing /home/airflow/.local/lib/python3.7/site-packages/airflow/example_dags/example_short_circuit_operator.py took 0.063 seconds
[2023-05-16T02:57:28.786+0000] {processor.py:156} INFO - Started process (PID=325) to work on /home/airflow/.local/lib/python3.7/site-packages/airflow/example_dags/example_short_circuit_operator.py
[2023-05-16T02:57:28.787+0000] {processor.py:799} INFO - Processing file /home/airflow/.local/lib/python3.7/site-packages/airflow/example_dags/example_short_circuit_operator.py for tasks to queue
[2023-05-16T02:57:28.788+0000] {logging_mixin.py:149} INFO - [2023-05-16T02:57:28.788+0000] {dagbag.py:541} INFO - Filling up the DagBag from /home/airflow/.local/lib/python3.7/site-packages/airflow/example_dags/example_short_circuit_operator.py
[2023-05-16T02:57:28.794+0000] {processor.py:809} INFO - DAG(s) dict_keys(['example_short_circuit_operator']) retrieved from /home/airflow/.local/lib/python3.7/site-packages/airflow/example_dags/example_short_circuit_operator.py
[2023-05-16T02:57:28.815+0000] {logging_mixin.py:149} INFO - [2023-05-16T02:57:28.815+0000] {dag.py:2726} INFO - Sync 1 DAGs
[2023-05-16T02:57:28.831+0000] {logging_mixin.py:149} INFO - [2023-05-16T02:57:28.831+0000] {dag.py:3490} INFO - Setting next_dagrun for example_short_circuit_operator to 2023-05-15T02:57:28.831229+00:00, run_after=2023-05-16T02:57:28.831229+00:00
[2023-05-16T02:57:28.843+0000] {processor.py:178} INFO - Processing /home/airflow/.local/lib/python3.7/site-packages/airflow/example_dags/example_short_circuit_operator.py took 0.060 seconds
[2023-05-16T03:07:31.050+0000] {processor.py:156} INFO - Started process (PID=47) to work on /home/airflow/.local/lib/python3.7/site-packages/airflow/example_dags/example_short_circuit_operator.py
[2023-05-16T03:07:31.053+0000] {processor.py:799} INFO - Processing file /home/airflow/.local/lib/python3.7/site-packages/airflow/example_dags/example_short_circuit_operator.py for tasks to queue
[2023-05-16T03:07:31.054+0000] {logging_mixin.py:149} INFO - [2023-05-16T03:07:31.054+0000] {dagbag.py:541} INFO - Filling up the DagBag from /home/airflow/.local/lib/python3.7/site-packages/airflow/example_dags/example_short_circuit_operator.py
[2023-05-16T03:07:31.074+0000] {processor.py:809} INFO - DAG(s) dict_keys(['example_short_circuit_operator']) retrieved from /home/airflow/.local/lib/python3.7/site-packages/airflow/example_dags/example_short_circuit_operator.py
[2023-05-16T03:07:31.106+0000] {logging_mixin.py:149} INFO - [2023-05-16T03:07:31.106+0000] {dag.py:2726} INFO - Sync 1 DAGs
[2023-05-16T03:07:31.139+0000] {logging_mixin.py:149} INFO - [2023-05-16T03:07:31.139+0000] {dag.py:3490} INFO - Setting next_dagrun for example_short_circuit_operator to 2023-05-15T03:07:31.138643+00:00, run_after=2023-05-16T03:07:31.138643+00:00
[2023-05-16T03:07:31.168+0000] {processor.py:178} INFO - Processing /home/airflow/.local/lib/python3.7/site-packages/airflow/example_dags/example_short_circuit_operator.py took 0.130 seconds
[2023-05-16T03:08:01.247+0000] {processor.py:156} INFO - Started process (PID=102) to work on /home/airflow/.local/lib/python3.7/site-packages/airflow/example_dags/example_short_circuit_operator.py
[2023-05-16T03:08:01.249+0000] {processor.py:799} INFO - Processing file /home/airflow/.local/lib/python3.7/site-packages/airflow/example_dags/example_short_circuit_operator.py for tasks to queue
[2023-05-16T03:08:01.250+0000] {logging_mixin.py:149} INFO - [2023-05-16T03:08:01.250+0000] {dagbag.py:541} INFO - Filling up the DagBag from /home/airflow/.local/lib/python3.7/site-packages/airflow/example_dags/example_short_circuit_operator.py
[2023-05-16T03:08:01.256+0000] {processor.py:809} INFO - DAG(s) dict_keys(['example_short_circuit_operator']) retrieved from /home/airflow/.local/lib/python3.7/site-packages/airflow/example_dags/example_short_circuit_operator.py
[2023-05-16T03:08:01.277+0000] {logging_mixin.py:149} INFO - [2023-05-16T03:08:01.277+0000] {dag.py:2726} INFO - Sync 1 DAGs
[2023-05-16T03:08:01.293+0000] {logging_mixin.py:149} INFO - [2023-05-16T03:08:01.293+0000] {dag.py:3490} INFO - Setting next_dagrun for example_short_circuit_operator to 2023-05-15T03:08:01.292800+00:00, run_after=2023-05-16T03:08:01.292800+00:00
[2023-05-16T03:08:01.304+0000] {processor.py:178} INFO - Processing /home/airflow/.local/lib/python3.7/site-packages/airflow/example_dags/example_short_circuit_operator.py took 0.060 seconds
[2023-05-16T03:08:31.661+0000] {processor.py:156} INFO - Started process (PID=158) to work on /home/airflow/.local/lib/python3.7/site-packages/airflow/example_dags/example_short_circuit_operator.py
[2023-05-16T03:08:31.663+0000] {processor.py:799} INFO - Processing file /home/airflow/.local/lib/python3.7/site-packages/airflow/example_dags/example_short_circuit_operator.py for tasks to queue
[2023-05-16T03:08:31.664+0000] {logging_mixin.py:149} INFO - [2023-05-16T03:08:31.664+0000] {dagbag.py:541} INFO - Filling up the DagBag from /home/airflow/.local/lib/python3.7/site-packages/airflow/example_dags/example_short_circuit_operator.py
[2023-05-16T03:08:31.671+0000] {processor.py:809} INFO - DAG(s) dict_keys(['example_short_circuit_operator']) retrieved from /home/airflow/.local/lib/python3.7/site-packages/airflow/example_dags/example_short_circuit_operator.py
[2023-05-16T03:08:31.691+0000] {logging_mixin.py:149} INFO - [2023-05-16T03:08:31.691+0000] {dag.py:2726} INFO - Sync 1 DAGs
[2023-05-16T03:08:31.706+0000] {logging_mixin.py:149} INFO - [2023-05-16T03:08:31.706+0000] {dag.py:3490} INFO - Setting next_dagrun for example_short_circuit_operator to 2023-05-15T03:08:31.706561+00:00, run_after=2023-05-16T03:08:31.706561+00:00
[2023-05-16T03:08:31.719+0000] {processor.py:178} INFO - Processing /home/airflow/.local/lib/python3.7/site-packages/airflow/example_dags/example_short_circuit_operator.py took 0.060 seconds
[2023-05-16T03:09:02.147+0000] {processor.py:156} INFO - Started process (PID=214) to work on /home/airflow/.local/lib/python3.7/site-packages/airflow/example_dags/example_short_circuit_operator.py
[2023-05-16T03:09:02.148+0000] {processor.py:799} INFO - Processing file /home/airflow/.local/lib/python3.7/site-packages/airflow/example_dags/example_short_circuit_operator.py for tasks to queue
[2023-05-16T03:09:02.149+0000] {logging_mixin.py:149} INFO - [2023-05-16T03:09:02.149+0000] {dagbag.py:541} INFO - Filling up the DagBag from /home/airflow/.local/lib/python3.7/site-packages/airflow/example_dags/example_short_circuit_operator.py
[2023-05-16T03:09:02.156+0000] {processor.py:809} INFO - DAG(s) dict_keys(['example_short_circuit_operator']) retrieved from /home/airflow/.local/lib/python3.7/site-packages/airflow/example_dags/example_short_circuit_operator.py
[2023-05-16T03:09:02.178+0000] {logging_mixin.py:149} INFO - [2023-05-16T03:09:02.178+0000] {dag.py:2726} INFO - Sync 1 DAGs
[2023-05-16T03:09:02.195+0000] {logging_mixin.py:149} INFO - [2023-05-16T03:09:02.195+0000] {dag.py:3490} INFO - Setting next_dagrun for example_short_circuit_operator to 2023-05-15T03:09:02.194762+00:00, run_after=2023-05-16T03:09:02.194762+00:00
[2023-05-16T03:09:02.208+0000] {processor.py:178} INFO - Processing /home/airflow/.local/lib/python3.7/site-packages/airflow/example_dags/example_short_circuit_operator.py took 0.064 seconds
[2023-05-16T03:09:32.623+0000] {processor.py:156} INFO - Started process (PID=270) to work on /home/airflow/.local/lib/python3.7/site-packages/airflow/example_dags/example_short_circuit_operator.py
[2023-05-16T03:09:32.624+0000] {processor.py:799} INFO - Processing file /home/airflow/.local/lib/python3.7/site-packages/airflow/example_dags/example_short_circuit_operator.py for tasks to queue
[2023-05-16T03:09:32.625+0000] {logging_mixin.py:149} INFO - [2023-05-16T03:09:32.625+0000] {dagbag.py:541} INFO - Filling up the DagBag from /home/airflow/.local/lib/python3.7/site-packages/airflow/example_dags/example_short_circuit_operator.py
[2023-05-16T03:09:32.632+0000] {processor.py:809} INFO - DAG(s) dict_keys(['example_short_circuit_operator']) retrieved from /home/airflow/.local/lib/python3.7/site-packages/airflow/example_dags/example_short_circuit_operator.py
[2023-05-16T03:09:32.654+0000] {logging_mixin.py:149} INFO - [2023-05-16T03:09:32.654+0000] {dag.py:2726} INFO - Sync 1 DAGs
[2023-05-16T03:09:32.670+0000] {logging_mixin.py:149} INFO - [2023-05-16T03:09:32.670+0000] {dag.py:3490} INFO - Setting next_dagrun for example_short_circuit_operator to 2023-05-15T03:09:32.670638+00:00, run_after=2023-05-16T03:09:32.670638+00:00
[2023-05-16T03:09:32.684+0000] {processor.py:178} INFO - Processing /home/airflow/.local/lib/python3.7/site-packages/airflow/example_dags/example_short_circuit_operator.py took 0.064 seconds
[2023-05-16T03:10:03.172+0000] {processor.py:156} INFO - Started process (PID=326) to work on /home/airflow/.local/lib/python3.7/site-packages/airflow/example_dags/example_short_circuit_operator.py
[2023-05-16T03:10:03.174+0000] {processor.py:799} INFO - Processing file /home/airflow/.local/lib/python3.7/site-packages/airflow/example_dags/example_short_circuit_operator.py for tasks to queue
[2023-05-16T03:10:03.175+0000] {logging_mixin.py:149} INFO - [2023-05-16T03:10:03.175+0000] {dagbag.py:541} INFO - Filling up the DagBag from /home/airflow/.local/lib/python3.7/site-packages/airflow/example_dags/example_short_circuit_operator.py
[2023-05-16T03:10:03.181+0000] {processor.py:809} INFO - DAG(s) dict_keys(['example_short_circuit_operator']) retrieved from /home/airflow/.local/lib/python3.7/site-packages/airflow/example_dags/example_short_circuit_operator.py
[2023-05-16T03:10:03.203+0000] {logging_mixin.py:149} INFO - [2023-05-16T03:10:03.203+0000] {dag.py:2726} INFO - Sync 1 DAGs
[2023-05-16T03:10:03.220+0000] {logging_mixin.py:149} INFO - [2023-05-16T03:10:03.220+0000] {dag.py:3490} INFO - Setting next_dagrun for example_short_circuit_operator to 2023-05-15T03:10:03.220201+00:00, run_after=2023-05-16T03:10:03.220201+00:00
[2023-05-16T03:10:03.234+0000] {processor.py:178} INFO - Processing /home/airflow/.local/lib/python3.7/site-packages/airflow/example_dags/example_short_circuit_operator.py took 0.065 seconds
[2023-05-16T03:10:33.771+0000] {processor.py:156} INFO - Started process (PID=382) to work on /home/airflow/.local/lib/python3.7/site-packages/airflow/example_dags/example_short_circuit_operator.py
[2023-05-16T03:10:33.773+0000] {processor.py:799} INFO - Processing file /home/airflow/.local/lib/python3.7/site-packages/airflow/example_dags/example_short_circuit_operator.py for tasks to queue
[2023-05-16T03:10:33.774+0000] {logging_mixin.py:149} INFO - [2023-05-16T03:10:33.774+0000] {dagbag.py:541} INFO - Filling up the DagBag from /home/airflow/.local/lib/python3.7/site-packages/airflow/example_dags/example_short_circuit_operator.py
[2023-05-16T03:10:33.780+0000] {processor.py:809} INFO - DAG(s) dict_keys(['example_short_circuit_operator']) retrieved from /home/airflow/.local/lib/python3.7/site-packages/airflow/example_dags/example_short_circuit_operator.py
[2023-05-16T03:10:33.802+0000] {logging_mixin.py:149} INFO - [2023-05-16T03:10:33.802+0000] {dag.py:2726} INFO - Sync 1 DAGs
[2023-05-16T03:10:33.818+0000] {logging_mixin.py:149} INFO - [2023-05-16T03:10:33.818+0000] {dag.py:3490} INFO - Setting next_dagrun for example_short_circuit_operator to 2023-05-15T03:10:33.817896+00:00, run_after=2023-05-16T03:10:33.817896+00:00
[2023-05-16T03:10:33.830+0000] {processor.py:178} INFO - Processing /home/airflow/.local/lib/python3.7/site-packages/airflow/example_dags/example_short_circuit_operator.py took 0.062 seconds
