[2023-05-16T02:55:01.339+0000] {processor.py:156} INFO - Started process (PID=57) to work on /home/airflow/.local/lib/python3.7/site-packages/airflow/example_dags/example_local_kubernetes_executor.py
[2023-05-16T02:55:01.348+0000] {processor.py:799} INFO - Processing file /home/airflow/.local/lib/python3.7/site-packages/airflow/example_dags/example_local_kubernetes_executor.py for tasks to queue
[2023-05-16T02:55:01.350+0000] {logging_mixin.py:149} INFO - [2023-05-16T02:55:01.350+0000] {dagbag.py:541} INFO - Filling up the DagBag from /home/airflow/.local/lib/python3.7/site-packages/airflow/example_dags/example_local_kubernetes_executor.py
[2023-05-16T02:55:01.566+0000] {processor.py:809} INFO - DAG(s) dict_keys(['example_local_kubernetes_executor']) retrieved from /home/airflow/.local/lib/python3.7/site-packages/airflow/example_dags/example_local_kubernetes_executor.py
[2023-05-16T02:55:01.662+0000] {logging_mixin.py:149} INFO - [2023-05-16T02:55:01.661+0000] {manager.py:504} INFO - Created Permission View: can read on DAG:example_local_kubernetes_executor
[2023-05-16T02:55:01.668+0000] {logging_mixin.py:149} INFO - [2023-05-16T02:55:01.668+0000] {manager.py:504} INFO - Created Permission View: can delete on DAG:example_local_kubernetes_executor
[2023-05-16T02:55:01.674+0000] {logging_mixin.py:149} INFO - [2023-05-16T02:55:01.674+0000] {manager.py:504} INFO - Created Permission View: can edit on DAG:example_local_kubernetes_executor
[2023-05-16T02:55:01.675+0000] {logging_mixin.py:149} INFO - [2023-05-16T02:55:01.675+0000] {dag.py:2726} INFO - Sync 1 DAGs
[2023-05-16T02:55:01.686+0000] {logging_mixin.py:149} INFO - [2023-05-16T02:55:01.686+0000] {dag.py:2747} INFO - Creating ORM DAG for example_local_kubernetes_executor
[2023-05-16T02:55:01.694+0000] {logging_mixin.py:149} INFO - [2023-05-16T02:55:01.694+0000] {dag.py:3490} INFO - Setting next_dagrun for example_local_kubernetes_executor to None, run_after=None
[2023-05-16T02:55:01.708+0000] {processor.py:178} INFO - Processing /home/airflow/.local/lib/python3.7/site-packages/airflow/example_dags/example_local_kubernetes_executor.py took 0.372 seconds
[2023-05-16T02:55:32.745+0000] {processor.py:156} INFO - Started process (PID=113) to work on /home/airflow/.local/lib/python3.7/site-packages/airflow/example_dags/example_local_kubernetes_executor.py
[2023-05-16T02:55:32.758+0000] {processor.py:799} INFO - Processing file /home/airflow/.local/lib/python3.7/site-packages/airflow/example_dags/example_local_kubernetes_executor.py for tasks to queue
[2023-05-16T02:55:32.785+0000] {logging_mixin.py:149} INFO - [2023-05-16T02:55:32.785+0000] {dagbag.py:541} INFO - Filling up the DagBag from /home/airflow/.local/lib/python3.7/site-packages/airflow/example_dags/example_local_kubernetes_executor.py
[2023-05-16T02:55:33.031+0000] {processor.py:809} INFO - DAG(s) dict_keys(['example_local_kubernetes_executor']) retrieved from /home/airflow/.local/lib/python3.7/site-packages/airflow/example_dags/example_local_kubernetes_executor.py
[2023-05-16T02:55:33.090+0000] {logging_mixin.py:149} INFO - [2023-05-16T02:55:33.090+0000] {dag.py:2726} INFO - Sync 1 DAGs
[2023-05-16T02:55:33.148+0000] {logging_mixin.py:149} INFO - [2023-05-16T02:55:33.148+0000] {dag.py:3490} INFO - Setting next_dagrun for example_local_kubernetes_executor to None, run_after=None
[2023-05-16T02:55:33.187+0000] {processor.py:178} INFO - Processing /home/airflow/.local/lib/python3.7/site-packages/airflow/example_dags/example_local_kubernetes_executor.py took 0.468 seconds
[2023-05-16T02:56:03.843+0000] {processor.py:156} INFO - Started process (PID=169) to work on /home/airflow/.local/lib/python3.7/site-packages/airflow/example_dags/example_local_kubernetes_executor.py
[2023-05-16T02:56:03.845+0000] {processor.py:799} INFO - Processing file /home/airflow/.local/lib/python3.7/site-packages/airflow/example_dags/example_local_kubernetes_executor.py for tasks to queue
[2023-05-16T02:56:03.846+0000] {logging_mixin.py:149} INFO - [2023-05-16T02:56:03.846+0000] {dagbag.py:541} INFO - Filling up the DagBag from /home/airflow/.local/lib/python3.7/site-packages/airflow/example_dags/example_local_kubernetes_executor.py
[2023-05-16T02:56:04.047+0000] {processor.py:809} INFO - DAG(s) dict_keys(['example_local_kubernetes_executor']) retrieved from /home/airflow/.local/lib/python3.7/site-packages/airflow/example_dags/example_local_kubernetes_executor.py
[2023-05-16T02:56:04.087+0000] {logging_mixin.py:149} INFO - [2023-05-16T02:56:04.087+0000] {dag.py:2726} INFO - Sync 1 DAGs
[2023-05-16T02:56:04.110+0000] {logging_mixin.py:149} INFO - [2023-05-16T02:56:04.110+0000] {dag.py:3490} INFO - Setting next_dagrun for example_local_kubernetes_executor to None, run_after=None
[2023-05-16T02:56:04.124+0000] {processor.py:178} INFO - Processing /home/airflow/.local/lib/python3.7/site-packages/airflow/example_dags/example_local_kubernetes_executor.py took 0.285 seconds
[2023-05-16T02:56:34.483+0000] {processor.py:156} INFO - Started process (PID=225) to work on /home/airflow/.local/lib/python3.7/site-packages/airflow/example_dags/example_local_kubernetes_executor.py
[2023-05-16T02:56:34.486+0000] {processor.py:799} INFO - Processing file /home/airflow/.local/lib/python3.7/site-packages/airflow/example_dags/example_local_kubernetes_executor.py for tasks to queue
[2023-05-16T02:56:34.486+0000] {logging_mixin.py:149} INFO - [2023-05-16T02:56:34.486+0000] {dagbag.py:541} INFO - Filling up the DagBag from /home/airflow/.local/lib/python3.7/site-packages/airflow/example_dags/example_local_kubernetes_executor.py
[2023-05-16T02:56:34.594+0000] {processor.py:809} INFO - DAG(s) dict_keys(['example_local_kubernetes_executor']) retrieved from /home/airflow/.local/lib/python3.7/site-packages/airflow/example_dags/example_local_kubernetes_executor.py
[2023-05-16T02:56:34.621+0000] {logging_mixin.py:149} INFO - [2023-05-16T02:56:34.621+0000] {dag.py:2726} INFO - Sync 1 DAGs
[2023-05-16T02:56:34.641+0000] {logging_mixin.py:149} INFO - [2023-05-16T02:56:34.641+0000] {dag.py:3490} INFO - Setting next_dagrun for example_local_kubernetes_executor to None, run_after=None
[2023-05-16T02:56:34.655+0000] {processor.py:178} INFO - Processing /home/airflow/.local/lib/python3.7/site-packages/airflow/example_dags/example_local_kubernetes_executor.py took 0.175 seconds
[2023-05-16T02:57:04.947+0000] {processor.py:156} INFO - Started process (PID=281) to work on /home/airflow/.local/lib/python3.7/site-packages/airflow/example_dags/example_local_kubernetes_executor.py
[2023-05-16T02:57:04.949+0000] {processor.py:799} INFO - Processing file /home/airflow/.local/lib/python3.7/site-packages/airflow/example_dags/example_local_kubernetes_executor.py for tasks to queue
[2023-05-16T02:57:04.950+0000] {logging_mixin.py:149} INFO - [2023-05-16T02:57:04.950+0000] {dagbag.py:541} INFO - Filling up the DagBag from /home/airflow/.local/lib/python3.7/site-packages/airflow/example_dags/example_local_kubernetes_executor.py
[2023-05-16T02:57:05.063+0000] {processor.py:809} INFO - DAG(s) dict_keys(['example_local_kubernetes_executor']) retrieved from /home/airflow/.local/lib/python3.7/site-packages/airflow/example_dags/example_local_kubernetes_executor.py
[2023-05-16T02:57:05.092+0000] {logging_mixin.py:149} INFO - [2023-05-16T02:57:05.092+0000] {dag.py:2726} INFO - Sync 1 DAGs
[2023-05-16T02:57:05.110+0000] {logging_mixin.py:149} INFO - [2023-05-16T02:57:05.110+0000] {dag.py:3490} INFO - Setting next_dagrun for example_local_kubernetes_executor to None, run_after=None
[2023-05-16T02:57:05.122+0000] {processor.py:178} INFO - Processing /home/airflow/.local/lib/python3.7/site-packages/airflow/example_dags/example_local_kubernetes_executor.py took 0.180 seconds
[2023-05-16T03:07:32.423+0000] {processor.py:156} INFO - Started process (PID=59) to work on /home/airflow/.local/lib/python3.7/site-packages/airflow/example_dags/example_local_kubernetes_executor.py
[2023-05-16T03:07:32.427+0000] {processor.py:799} INFO - Processing file /home/airflow/.local/lib/python3.7/site-packages/airflow/example_dags/example_local_kubernetes_executor.py for tasks to queue
[2023-05-16T03:07:32.429+0000] {logging_mixin.py:149} INFO - [2023-05-16T03:07:32.429+0000] {dagbag.py:541} INFO - Filling up the DagBag from /home/airflow/.local/lib/python3.7/site-packages/airflow/example_dags/example_local_kubernetes_executor.py
[2023-05-16T03:07:32.785+0000] {processor.py:809} INFO - DAG(s) dict_keys(['example_local_kubernetes_executor']) retrieved from /home/airflow/.local/lib/python3.7/site-packages/airflow/example_dags/example_local_kubernetes_executor.py
[2023-05-16T03:07:32.805+0000] {logging_mixin.py:149} INFO - [2023-05-16T03:07:32.805+0000] {dag.py:2726} INFO - Sync 1 DAGs
[2023-05-16T03:07:32.854+0000] {logging_mixin.py:149} INFO - [2023-05-16T03:07:32.854+0000] {dag.py:3490} INFO - Setting next_dagrun for example_local_kubernetes_executor to None, run_after=None
[2023-05-16T03:07:32.900+0000] {processor.py:178} INFO - Processing /home/airflow/.local/lib/python3.7/site-packages/airflow/example_dags/example_local_kubernetes_executor.py took 0.482 seconds
[2023-05-16T03:08:03.798+0000] {processor.py:156} INFO - Started process (PID=114) to work on /home/airflow/.local/lib/python3.7/site-packages/airflow/example_dags/example_local_kubernetes_executor.py
[2023-05-16T03:08:03.800+0000] {processor.py:799} INFO - Processing file /home/airflow/.local/lib/python3.7/site-packages/airflow/example_dags/example_local_kubernetes_executor.py for tasks to queue
[2023-05-16T03:08:03.801+0000] {logging_mixin.py:149} INFO - [2023-05-16T03:08:03.801+0000] {dagbag.py:541} INFO - Filling up the DagBag from /home/airflow/.local/lib/python3.7/site-packages/airflow/example_dags/example_local_kubernetes_executor.py
[2023-05-16T03:08:03.924+0000] {processor.py:809} INFO - DAG(s) dict_keys(['example_local_kubernetes_executor']) retrieved from /home/airflow/.local/lib/python3.7/site-packages/airflow/example_dags/example_local_kubernetes_executor.py
[2023-05-16T03:08:03.956+0000] {logging_mixin.py:149} INFO - [2023-05-16T03:08:03.956+0000] {dag.py:2726} INFO - Sync 1 DAGs
[2023-05-16T03:08:03.971+0000] {logging_mixin.py:149} INFO - [2023-05-16T03:08:03.971+0000] {dag.py:3490} INFO - Setting next_dagrun for example_local_kubernetes_executor to None, run_after=None
[2023-05-16T03:08:03.982+0000] {processor.py:178} INFO - Processing /home/airflow/.local/lib/python3.7/site-packages/airflow/example_dags/example_local_kubernetes_executor.py took 0.188 seconds
[2023-05-16T03:08:34.263+0000] {processor.py:156} INFO - Started process (PID=170) to work on /home/airflow/.local/lib/python3.7/site-packages/airflow/example_dags/example_local_kubernetes_executor.py
[2023-05-16T03:08:34.265+0000] {processor.py:799} INFO - Processing file /home/airflow/.local/lib/python3.7/site-packages/airflow/example_dags/example_local_kubernetes_executor.py for tasks to queue
[2023-05-16T03:08:34.266+0000] {logging_mixin.py:149} INFO - [2023-05-16T03:08:34.266+0000] {dagbag.py:541} INFO - Filling up the DagBag from /home/airflow/.local/lib/python3.7/site-packages/airflow/example_dags/example_local_kubernetes_executor.py
[2023-05-16T03:08:34.383+0000] {processor.py:809} INFO - DAG(s) dict_keys(['example_local_kubernetes_executor']) retrieved from /home/airflow/.local/lib/python3.7/site-packages/airflow/example_dags/example_local_kubernetes_executor.py
[2023-05-16T03:08:34.410+0000] {logging_mixin.py:149} INFO - [2023-05-16T03:08:34.410+0000] {dag.py:2726} INFO - Sync 1 DAGs
[2023-05-16T03:08:34.425+0000] {logging_mixin.py:149} INFO - [2023-05-16T03:08:34.425+0000] {dag.py:3490} INFO - Setting next_dagrun for example_local_kubernetes_executor to None, run_after=None
[2023-05-16T03:08:34.438+0000] {processor.py:178} INFO - Processing /home/airflow/.local/lib/python3.7/site-packages/airflow/example_dags/example_local_kubernetes_executor.py took 0.181 seconds
[2023-05-16T03:09:04.733+0000] {processor.py:156} INFO - Started process (PID=226) to work on /home/airflow/.local/lib/python3.7/site-packages/airflow/example_dags/example_local_kubernetes_executor.py
[2023-05-16T03:09:04.734+0000] {processor.py:799} INFO - Processing file /home/airflow/.local/lib/python3.7/site-packages/airflow/example_dags/example_local_kubernetes_executor.py for tasks to queue
[2023-05-16T03:09:04.736+0000] {logging_mixin.py:149} INFO - [2023-05-16T03:09:04.736+0000] {dagbag.py:541} INFO - Filling up the DagBag from /home/airflow/.local/lib/python3.7/site-packages/airflow/example_dags/example_local_kubernetes_executor.py
[2023-05-16T03:09:04.864+0000] {processor.py:809} INFO - DAG(s) dict_keys(['example_local_kubernetes_executor']) retrieved from /home/airflow/.local/lib/python3.7/site-packages/airflow/example_dags/example_local_kubernetes_executor.py
[2023-05-16T03:09:04.893+0000] {logging_mixin.py:149} INFO - [2023-05-16T03:09:04.893+0000] {dag.py:2726} INFO - Sync 1 DAGs
[2023-05-16T03:09:04.910+0000] {logging_mixin.py:149} INFO - [2023-05-16T03:09:04.910+0000] {dag.py:3490} INFO - Setting next_dagrun for example_local_kubernetes_executor to None, run_after=None
[2023-05-16T03:09:04.923+0000] {processor.py:178} INFO - Processing /home/airflow/.local/lib/python3.7/site-packages/airflow/example_dags/example_local_kubernetes_executor.py took 0.194 seconds
[2023-05-16T03:09:35.232+0000] {processor.py:156} INFO - Started process (PID=282) to work on /home/airflow/.local/lib/python3.7/site-packages/airflow/example_dags/example_local_kubernetes_executor.py
[2023-05-16T03:09:35.234+0000] {processor.py:799} INFO - Processing file /home/airflow/.local/lib/python3.7/site-packages/airflow/example_dags/example_local_kubernetes_executor.py for tasks to queue
[2023-05-16T03:09:35.236+0000] {logging_mixin.py:149} INFO - [2023-05-16T03:09:35.236+0000] {dagbag.py:541} INFO - Filling up the DagBag from /home/airflow/.local/lib/python3.7/site-packages/airflow/example_dags/example_local_kubernetes_executor.py
[2023-05-16T03:09:35.402+0000] {processor.py:809} INFO - DAG(s) dict_keys(['example_local_kubernetes_executor']) retrieved from /home/airflow/.local/lib/python3.7/site-packages/airflow/example_dags/example_local_kubernetes_executor.py
[2023-05-16T03:09:35.429+0000] {logging_mixin.py:149} INFO - [2023-05-16T03:09:35.429+0000] {dag.py:2726} INFO - Sync 1 DAGs
[2023-05-16T03:09:35.446+0000] {logging_mixin.py:149} INFO - [2023-05-16T03:09:35.446+0000] {dag.py:3490} INFO - Setting next_dagrun for example_local_kubernetes_executor to None, run_after=None
[2023-05-16T03:09:35.460+0000] {processor.py:178} INFO - Processing /home/airflow/.local/lib/python3.7/site-packages/airflow/example_dags/example_local_kubernetes_executor.py took 0.232 seconds
[2023-05-16T03:10:05.779+0000] {processor.py:156} INFO - Started process (PID=338) to work on /home/airflow/.local/lib/python3.7/site-packages/airflow/example_dags/example_local_kubernetes_executor.py
[2023-05-16T03:10:05.781+0000] {processor.py:799} INFO - Processing file /home/airflow/.local/lib/python3.7/site-packages/airflow/example_dags/example_local_kubernetes_executor.py for tasks to queue
[2023-05-16T03:10:05.782+0000] {logging_mixin.py:149} INFO - [2023-05-16T03:10:05.782+0000] {dagbag.py:541} INFO - Filling up the DagBag from /home/airflow/.local/lib/python3.7/site-packages/airflow/example_dags/example_local_kubernetes_executor.py
[2023-05-16T03:10:05.903+0000] {processor.py:809} INFO - DAG(s) dict_keys(['example_local_kubernetes_executor']) retrieved from /home/airflow/.local/lib/python3.7/site-packages/airflow/example_dags/example_local_kubernetes_executor.py
[2023-05-16T03:10:05.931+0000] {logging_mixin.py:149} INFO - [2023-05-16T03:10:05.931+0000] {dag.py:2726} INFO - Sync 1 DAGs
[2023-05-16T03:10:05.949+0000] {logging_mixin.py:149} INFO - [2023-05-16T03:10:05.949+0000] {dag.py:3490} INFO - Setting next_dagrun for example_local_kubernetes_executor to None, run_after=None
[2023-05-16T03:10:05.962+0000] {processor.py:178} INFO - Processing /home/airflow/.local/lib/python3.7/site-packages/airflow/example_dags/example_local_kubernetes_executor.py took 0.188 seconds
[2023-05-16T03:10:36.358+0000] {processor.py:156} INFO - Started process (PID=394) to work on /home/airflow/.local/lib/python3.7/site-packages/airflow/example_dags/example_local_kubernetes_executor.py
[2023-05-16T03:10:36.360+0000] {processor.py:799} INFO - Processing file /home/airflow/.local/lib/python3.7/site-packages/airflow/example_dags/example_local_kubernetes_executor.py for tasks to queue
[2023-05-16T03:10:36.362+0000] {logging_mixin.py:149} INFO - [2023-05-16T03:10:36.362+0000] {dagbag.py:541} INFO - Filling up the DagBag from /home/airflow/.local/lib/python3.7/site-packages/airflow/example_dags/example_local_kubernetes_executor.py
[2023-05-16T03:10:36.481+0000] {processor.py:809} INFO - DAG(s) dict_keys(['example_local_kubernetes_executor']) retrieved from /home/airflow/.local/lib/python3.7/site-packages/airflow/example_dags/example_local_kubernetes_executor.py
[2023-05-16T03:10:36.507+0000] {logging_mixin.py:149} INFO - [2023-05-16T03:10:36.507+0000] {dag.py:2726} INFO - Sync 1 DAGs
[2023-05-16T03:10:36.523+0000] {logging_mixin.py:149} INFO - [2023-05-16T03:10:36.523+0000] {dag.py:3490} INFO - Setting next_dagrun for example_local_kubernetes_executor to None, run_after=None
[2023-05-16T03:10:36.547+0000] {processor.py:178} INFO - Processing /home/airflow/.local/lib/python3.7/site-packages/airflow/example_dags/example_local_kubernetes_executor.py took 0.193 seconds
