[2023-05-16T02:55:00.509+0000] {processor.py:156} INFO - Started process (PID=55) to work on /home/airflow/.local/lib/python3.7/site-packages/airflow/example_dags/example_subdag_operator.py
[2023-05-16T02:55:00.513+0000] {processor.py:799} INFO - Processing file /home/airflow/.local/lib/python3.7/site-packages/airflow/example_dags/example_subdag_operator.py for tasks to queue
[2023-05-16T02:55:00.515+0000] {logging_mixin.py:149} INFO - [2023-05-16T02:55:00.515+0000] {dagbag.py:541} INFO - Filling up the DagBag from /home/airflow/.local/lib/python3.7/site-packages/airflow/example_dags/example_subdag_operator.py
[2023-05-16T02:55:00.580+0000] {processor.py:809} INFO - DAG(s) dict_keys(['example_subdag_operator.section-1', 'example_subdag_operator.section-2', 'example_subdag_operator']) retrieved from /home/airflow/.local/lib/python3.7/site-packages/airflow/example_dags/example_subdag_operator.py
[2023-05-16T02:55:00.757+0000] {logging_mixin.py:149} INFO - [2023-05-16T02:55:00.757+0000] {manager.py:504} INFO - Created Permission View: can read on DAG:example_subdag_operator
[2023-05-16T02:55:00.766+0000] {logging_mixin.py:149} INFO - [2023-05-16T02:55:00.766+0000] {manager.py:504} INFO - Created Permission View: can delete on DAG:example_subdag_operator
[2023-05-16T02:55:00.774+0000] {logging_mixin.py:149} INFO - [2023-05-16T02:55:00.773+0000] {manager.py:504} INFO - Created Permission View: can edit on DAG:example_subdag_operator
[2023-05-16T02:55:00.775+0000] {logging_mixin.py:149} INFO - [2023-05-16T02:55:00.775+0000] {dag.py:2726} INFO - Sync 3 DAGs
[2023-05-16T02:55:00.789+0000] {logging_mixin.py:149} INFO - [2023-05-16T02:55:00.789+0000] {dag.py:2747} INFO - Creating ORM DAG for example_subdag_operator.section-2
[2023-05-16T02:55:00.791+0000] {logging_mixin.py:149} INFO - [2023-05-16T02:55:00.791+0000] {dag.py:2747} INFO - Creating ORM DAG for example_subdag_operator
[2023-05-16T02:55:00.793+0000] {logging_mixin.py:149} INFO - [2023-05-16T02:55:00.792+0000] {dag.py:2747} INFO - Creating ORM DAG for example_subdag_operator.section-1
[2023-05-16T02:55:00.804+0000] {logging_mixin.py:149} INFO - [2023-05-16T02:55:00.804+0000] {dag.py:3490} INFO - Setting next_dagrun for example_subdag_operator to 2022-01-01T00:00:00+00:00, run_after=2022-01-01T00:00:00+00:00
[2023-05-16T02:55:00.806+0000] {logging_mixin.py:149} INFO - [2023-05-16T02:55:00.806+0000] {dag.py:3490} INFO - Setting next_dagrun for example_subdag_operator.section-1 to None, run_after=None
[2023-05-16T02:55:00.807+0000] {logging_mixin.py:149} INFO - [2023-05-16T02:55:00.807+0000] {dag.py:3490} INFO - Setting next_dagrun for example_subdag_operator.section-2 to None, run_after=None
[2023-05-16T02:55:00.817+0000] {logging_mixin.py:149} INFO - [2023-05-16T02:55:00.817+0000] {dag.py:2726} INFO - Sync 2 DAGs
[2023-05-16T02:55:00.823+0000] {logging_mixin.py:149} INFO - [2023-05-16T02:55:00.823+0000] {dag.py:3490} INFO - Setting next_dagrun for example_subdag_operator.section-1 to None, run_after=None
[2023-05-16T02:55:00.828+0000] {logging_mixin.py:149} INFO - [2023-05-16T02:55:00.828+0000] {dag.py:3490} INFO - Setting next_dagrun for example_subdag_operator.section-2 to None, run_after=None
[2023-05-16T02:55:00.848+0000] {processor.py:178} INFO - Processing /home/airflow/.local/lib/python3.7/site-packages/airflow/example_dags/example_subdag_operator.py took 0.346 seconds
[2023-05-16T02:55:31.062+0000] {processor.py:156} INFO - Started process (PID=110) to work on /home/airflow/.local/lib/python3.7/site-packages/airflow/example_dags/example_subdag_operator.py
[2023-05-16T02:55:31.071+0000] {processor.py:799} INFO - Processing file /home/airflow/.local/lib/python3.7/site-packages/airflow/example_dags/example_subdag_operator.py for tasks to queue
[2023-05-16T02:55:31.073+0000] {logging_mixin.py:149} INFO - [2023-05-16T02:55:31.073+0000] {dagbag.py:541} INFO - Filling up the DagBag from /home/airflow/.local/lib/python3.7/site-packages/airflow/example_dags/example_subdag_operator.py
[2023-05-16T02:55:31.126+0000] {processor.py:809} INFO - DAG(s) dict_keys(['example_subdag_operator.section-1', 'example_subdag_operator.section-2', 'example_subdag_operator']) retrieved from /home/airflow/.local/lib/python3.7/site-packages/airflow/example_dags/example_subdag_operator.py
[2023-05-16T02:55:31.162+0000] {logging_mixin.py:149} INFO - [2023-05-16T02:55:31.162+0000] {dag.py:2726} INFO - Sync 3 DAGs
[2023-05-16T02:55:31.194+0000] {logging_mixin.py:149} INFO - [2023-05-16T02:55:31.194+0000] {dag.py:3490} INFO - Setting next_dagrun for example_subdag_operator to 2022-01-01T00:00:00+00:00, run_after=2022-01-01T00:00:00+00:00
[2023-05-16T02:55:31.202+0000] {logging_mixin.py:149} INFO - [2023-05-16T02:55:31.202+0000] {dag.py:3490} INFO - Setting next_dagrun for example_subdag_operator.section-1 to None, run_after=None
[2023-05-16T02:55:31.206+0000] {logging_mixin.py:149} INFO - [2023-05-16T02:55:31.205+0000] {dag.py:3490} INFO - Setting next_dagrun for example_subdag_operator.section-2 to None, run_after=None
[2023-05-16T02:55:31.219+0000] {logging_mixin.py:149} INFO - [2023-05-16T02:55:31.219+0000] {dag.py:2726} INFO - Sync 2 DAGs
[2023-05-16T02:55:31.224+0000] {logging_mixin.py:149} INFO - [2023-05-16T02:55:31.224+0000] {dag.py:3490} INFO - Setting next_dagrun for example_subdag_operator.section-1 to None, run_after=None
[2023-05-16T02:55:31.226+0000] {logging_mixin.py:149} INFO - [2023-05-16T02:55:31.226+0000] {dag.py:3490} INFO - Setting next_dagrun for example_subdag_operator.section-2 to None, run_after=None
[2023-05-16T02:55:31.238+0000] {processor.py:178} INFO - Processing /home/airflow/.local/lib/python3.7/site-packages/airflow/example_dags/example_subdag_operator.py took 0.186 seconds
[2023-05-16T02:56:01.627+0000] {processor.py:156} INFO - Started process (PID=166) to work on /home/airflow/.local/lib/python3.7/site-packages/airflow/example_dags/example_subdag_operator.py
[2023-05-16T02:56:01.629+0000] {processor.py:799} INFO - Processing file /home/airflow/.local/lib/python3.7/site-packages/airflow/example_dags/example_subdag_operator.py for tasks to queue
[2023-05-16T02:56:01.629+0000] {logging_mixin.py:149} INFO - [2023-05-16T02:56:01.629+0000] {dagbag.py:541} INFO - Filling up the DagBag from /home/airflow/.local/lib/python3.7/site-packages/airflow/example_dags/example_subdag_operator.py
[2023-05-16T02:56:01.652+0000] {processor.py:809} INFO - DAG(s) dict_keys(['example_subdag_operator.section-1', 'example_subdag_operator.section-2', 'example_subdag_operator']) retrieved from /home/airflow/.local/lib/python3.7/site-packages/airflow/example_dags/example_subdag_operator.py
[2023-05-16T02:56:01.664+0000] {logging_mixin.py:149} INFO - [2023-05-16T02:56:01.664+0000] {dag.py:2726} INFO - Sync 3 DAGs
[2023-05-16T02:56:01.680+0000] {logging_mixin.py:149} INFO - [2023-05-16T02:56:01.680+0000] {dag.py:3490} INFO - Setting next_dagrun for example_subdag_operator to 2022-01-01T00:00:00+00:00, run_after=2022-01-01T00:00:00+00:00
[2023-05-16T02:56:01.683+0000] {logging_mixin.py:149} INFO - [2023-05-16T02:56:01.683+0000] {dag.py:3490} INFO - Setting next_dagrun for example_subdag_operator.section-1 to None, run_after=None
[2023-05-16T02:56:01.684+0000] {logging_mixin.py:149} INFO - [2023-05-16T02:56:01.684+0000] {dag.py:3490} INFO - Setting next_dagrun for example_subdag_operator.section-2 to None, run_after=None
[2023-05-16T02:56:01.689+0000] {logging_mixin.py:149} INFO - [2023-05-16T02:56:01.689+0000] {dag.py:2726} INFO - Sync 2 DAGs
[2023-05-16T02:56:01.693+0000] {logging_mixin.py:149} INFO - [2023-05-16T02:56:01.693+0000] {dag.py:3490} INFO - Setting next_dagrun for example_subdag_operator.section-1 to None, run_after=None
[2023-05-16T02:56:01.693+0000] {logging_mixin.py:149} INFO - [2023-05-16T02:56:01.693+0000] {dag.py:3490} INFO - Setting next_dagrun for example_subdag_operator.section-2 to None, run_after=None
[2023-05-16T02:56:01.699+0000] {processor.py:178} INFO - Processing /home/airflow/.local/lib/python3.7/site-packages/airflow/example_dags/example_subdag_operator.py took 0.075 seconds
[2023-05-16T02:56:32.321+0000] {processor.py:156} INFO - Started process (PID=222) to work on /home/airflow/.local/lib/python3.7/site-packages/airflow/example_dags/example_subdag_operator.py
[2023-05-16T02:56:32.323+0000] {processor.py:799} INFO - Processing file /home/airflow/.local/lib/python3.7/site-packages/airflow/example_dags/example_subdag_operator.py for tasks to queue
[2023-05-16T02:56:32.324+0000] {logging_mixin.py:149} INFO - [2023-05-16T02:56:32.324+0000] {dagbag.py:541} INFO - Filling up the DagBag from /home/airflow/.local/lib/python3.7/site-packages/airflow/example_dags/example_subdag_operator.py
[2023-05-16T02:56:32.355+0000] {processor.py:809} INFO - DAG(s) dict_keys(['example_subdag_operator.section-1', 'example_subdag_operator.section-2', 'example_subdag_operator']) retrieved from /home/airflow/.local/lib/python3.7/site-packages/airflow/example_dags/example_subdag_operator.py
[2023-05-16T02:56:32.370+0000] {logging_mixin.py:149} INFO - [2023-05-16T02:56:32.370+0000] {dag.py:2726} INFO - Sync 3 DAGs
[2023-05-16T02:56:32.386+0000] {logging_mixin.py:149} INFO - [2023-05-16T02:56:32.386+0000] {dag.py:3490} INFO - Setting next_dagrun for example_subdag_operator to 2022-01-01T00:00:00+00:00, run_after=2022-01-01T00:00:00+00:00
[2023-05-16T02:56:32.389+0000] {logging_mixin.py:149} INFO - [2023-05-16T02:56:32.389+0000] {dag.py:3490} INFO - Setting next_dagrun for example_subdag_operator.section-1 to None, run_after=None
[2023-05-16T02:56:32.391+0000] {logging_mixin.py:149} INFO - [2023-05-16T02:56:32.391+0000] {dag.py:3490} INFO - Setting next_dagrun for example_subdag_operator.section-2 to None, run_after=None
[2023-05-16T02:56:32.396+0000] {logging_mixin.py:149} INFO - [2023-05-16T02:56:32.395+0000] {dag.py:2726} INFO - Sync 2 DAGs
[2023-05-16T02:56:32.400+0000] {logging_mixin.py:149} INFO - [2023-05-16T02:56:32.400+0000] {dag.py:3490} INFO - Setting next_dagrun for example_subdag_operator.section-1 to None, run_after=None
[2023-05-16T02:56:32.400+0000] {logging_mixin.py:149} INFO - [2023-05-16T02:56:32.400+0000] {dag.py:3490} INFO - Setting next_dagrun for example_subdag_operator.section-2 to None, run_after=None
[2023-05-16T02:56:32.408+0000] {processor.py:178} INFO - Processing /home/airflow/.local/lib/python3.7/site-packages/airflow/example_dags/example_subdag_operator.py took 0.091 seconds
[2023-05-16T02:57:02.747+0000] {processor.py:156} INFO - Started process (PID=278) to work on /home/airflow/.local/lib/python3.7/site-packages/airflow/example_dags/example_subdag_operator.py
[2023-05-16T02:57:02.749+0000] {processor.py:799} INFO - Processing file /home/airflow/.local/lib/python3.7/site-packages/airflow/example_dags/example_subdag_operator.py for tasks to queue
[2023-05-16T02:57:02.750+0000] {logging_mixin.py:149} INFO - [2023-05-16T02:57:02.750+0000] {dagbag.py:541} INFO - Filling up the DagBag from /home/airflow/.local/lib/python3.7/site-packages/airflow/example_dags/example_subdag_operator.py
[2023-05-16T02:57:02.775+0000] {processor.py:809} INFO - DAG(s) dict_keys(['example_subdag_operator.section-1', 'example_subdag_operator.section-2', 'example_subdag_operator']) retrieved from /home/airflow/.local/lib/python3.7/site-packages/airflow/example_dags/example_subdag_operator.py
[2023-05-16T02:57:02.792+0000] {logging_mixin.py:149} INFO - [2023-05-16T02:57:02.792+0000] {dag.py:2726} INFO - Sync 3 DAGs
[2023-05-16T02:57:02.813+0000] {logging_mixin.py:149} INFO - [2023-05-16T02:57:02.813+0000] {dag.py:3490} INFO - Setting next_dagrun for example_subdag_operator to 2022-01-01T00:00:00+00:00, run_after=2022-01-01T00:00:00+00:00
[2023-05-16T02:57:02.822+0000] {logging_mixin.py:149} INFO - [2023-05-16T02:57:02.822+0000] {dag.py:3490} INFO - Setting next_dagrun for example_subdag_operator.section-1 to None, run_after=None
[2023-05-16T02:57:02.824+0000] {logging_mixin.py:149} INFO - [2023-05-16T02:57:02.824+0000] {dag.py:3490} INFO - Setting next_dagrun for example_subdag_operator.section-2 to None, run_after=None
[2023-05-16T02:57:02.830+0000] {logging_mixin.py:149} INFO - [2023-05-16T02:57:02.830+0000] {dag.py:2726} INFO - Sync 2 DAGs
[2023-05-16T02:57:02.834+0000] {logging_mixin.py:149} INFO - [2023-05-16T02:57:02.834+0000] {dag.py:3490} INFO - Setting next_dagrun for example_subdag_operator.section-1 to None, run_after=None
[2023-05-16T02:57:02.836+0000] {logging_mixin.py:149} INFO - [2023-05-16T02:57:02.836+0000] {dag.py:3490} INFO - Setting next_dagrun for example_subdag_operator.section-2 to None, run_after=None
[2023-05-16T02:57:02.843+0000] {processor.py:178} INFO - Processing /home/airflow/.local/lib/python3.7/site-packages/airflow/example_dags/example_subdag_operator.py took 0.099 seconds
[2023-05-16T03:07:32.033+0000] {processor.py:156} INFO - Started process (PID=57) to work on /home/airflow/.local/lib/python3.7/site-packages/airflow/example_dags/example_subdag_operator.py
[2023-05-16T03:07:32.039+0000] {processor.py:799} INFO - Processing file /home/airflow/.local/lib/python3.7/site-packages/airflow/example_dags/example_subdag_operator.py for tasks to queue
[2023-05-16T03:07:32.040+0000] {logging_mixin.py:149} INFO - [2023-05-16T03:07:32.040+0000] {dagbag.py:541} INFO - Filling up the DagBag from /home/airflow/.local/lib/python3.7/site-packages/airflow/example_dags/example_subdag_operator.py
[2023-05-16T03:07:32.093+0000] {processor.py:809} INFO - DAG(s) dict_keys(['example_subdag_operator.section-1', 'example_subdag_operator.section-2', 'example_subdag_operator']) retrieved from /home/airflow/.local/lib/python3.7/site-packages/airflow/example_dags/example_subdag_operator.py
[2023-05-16T03:07:32.097+0000] {logging_mixin.py:149} INFO - [2023-05-16T03:07:32.097+0000] {dag.py:2726} INFO - Sync 3 DAGs
[2023-05-16T03:07:32.138+0000] {logging_mixin.py:149} INFO - [2023-05-16T03:07:32.138+0000] {dag.py:3490} INFO - Setting next_dagrun for example_subdag_operator to 2022-01-01T00:00:00+00:00, run_after=2022-01-01T00:00:00+00:00
[2023-05-16T03:07:32.148+0000] {logging_mixin.py:149} INFO - [2023-05-16T03:07:32.148+0000] {dag.py:3490} INFO - Setting next_dagrun for example_subdag_operator.section-1 to None, run_after=None
[2023-05-16T03:07:32.158+0000] {logging_mixin.py:149} INFO - [2023-05-16T03:07:32.158+0000] {dag.py:3490} INFO - Setting next_dagrun for example_subdag_operator.section-2 to None, run_after=None
[2023-05-16T03:07:32.169+0000] {logging_mixin.py:149} INFO - [2023-05-16T03:07:32.169+0000] {dag.py:2726} INFO - Sync 2 DAGs
[2023-05-16T03:07:32.174+0000] {logging_mixin.py:149} INFO - [2023-05-16T03:07:32.174+0000] {dag.py:3490} INFO - Setting next_dagrun for example_subdag_operator.section-1 to None, run_after=None
[2023-05-16T03:07:32.182+0000] {logging_mixin.py:149} INFO - [2023-05-16T03:07:32.182+0000] {dag.py:3490} INFO - Setting next_dagrun for example_subdag_operator.section-2 to None, run_after=None
[2023-05-16T03:07:32.210+0000] {processor.py:178} INFO - Processing /home/airflow/.local/lib/python3.7/site-packages/airflow/example_dags/example_subdag_operator.py took 0.181 seconds
[2023-05-16T03:08:02.650+0000] {processor.py:156} INFO - Started process (PID=111) to work on /home/airflow/.local/lib/python3.7/site-packages/airflow/example_dags/example_subdag_operator.py
[2023-05-16T03:08:02.651+0000] {processor.py:799} INFO - Processing file /home/airflow/.local/lib/python3.7/site-packages/airflow/example_dags/example_subdag_operator.py for tasks to queue
[2023-05-16T03:08:02.652+0000] {logging_mixin.py:149} INFO - [2023-05-16T03:08:02.652+0000] {dagbag.py:541} INFO - Filling up the DagBag from /home/airflow/.local/lib/python3.7/site-packages/airflow/example_dags/example_subdag_operator.py
[2023-05-16T03:08:02.672+0000] {processor.py:809} INFO - DAG(s) dict_keys(['example_subdag_operator.section-1', 'example_subdag_operator.section-2', 'example_subdag_operator']) retrieved from /home/airflow/.local/lib/python3.7/site-packages/airflow/example_dags/example_subdag_operator.py
[2023-05-16T03:08:02.684+0000] {logging_mixin.py:149} INFO - [2023-05-16T03:08:02.684+0000] {dag.py:2726} INFO - Sync 3 DAGs
[2023-05-16T03:08:02.700+0000] {logging_mixin.py:149} INFO - [2023-05-16T03:08:02.699+0000] {dag.py:3490} INFO - Setting next_dagrun for example_subdag_operator to 2022-01-01T00:00:00+00:00, run_after=2022-01-01T00:00:00+00:00
[2023-05-16T03:08:02.703+0000] {logging_mixin.py:149} INFO - [2023-05-16T03:08:02.703+0000] {dag.py:3490} INFO - Setting next_dagrun for example_subdag_operator.section-1 to None, run_after=None
[2023-05-16T03:08:02.704+0000] {logging_mixin.py:149} INFO - [2023-05-16T03:08:02.704+0000] {dag.py:3490} INFO - Setting next_dagrun for example_subdag_operator.section-2 to None, run_after=None
[2023-05-16T03:08:02.709+0000] {logging_mixin.py:149} INFO - [2023-05-16T03:08:02.709+0000] {dag.py:2726} INFO - Sync 2 DAGs
[2023-05-16T03:08:02.713+0000] {logging_mixin.py:149} INFO - [2023-05-16T03:08:02.713+0000] {dag.py:3490} INFO - Setting next_dagrun for example_subdag_operator.section-1 to None, run_after=None
[2023-05-16T03:08:02.714+0000] {logging_mixin.py:149} INFO - [2023-05-16T03:08:02.713+0000] {dag.py:3490} INFO - Setting next_dagrun for example_subdag_operator.section-2 to None, run_after=None
[2023-05-16T03:08:02.721+0000] {processor.py:178} INFO - Processing /home/airflow/.local/lib/python3.7/site-packages/airflow/example_dags/example_subdag_operator.py took 0.074 seconds
[2023-05-16T03:08:33.117+0000] {processor.py:156} INFO - Started process (PID=167) to work on /home/airflow/.local/lib/python3.7/site-packages/airflow/example_dags/example_subdag_operator.py
[2023-05-16T03:08:33.118+0000] {processor.py:799} INFO - Processing file /home/airflow/.local/lib/python3.7/site-packages/airflow/example_dags/example_subdag_operator.py for tasks to queue
[2023-05-16T03:08:33.119+0000] {logging_mixin.py:149} INFO - [2023-05-16T03:08:33.119+0000] {dagbag.py:541} INFO - Filling up the DagBag from /home/airflow/.local/lib/python3.7/site-packages/airflow/example_dags/example_subdag_operator.py
[2023-05-16T03:08:33.140+0000] {processor.py:809} INFO - DAG(s) dict_keys(['example_subdag_operator.section-1', 'example_subdag_operator.section-2', 'example_subdag_operator']) retrieved from /home/airflow/.local/lib/python3.7/site-packages/airflow/example_dags/example_subdag_operator.py
[2023-05-16T03:08:33.152+0000] {logging_mixin.py:149} INFO - [2023-05-16T03:08:33.152+0000] {dag.py:2726} INFO - Sync 3 DAGs
[2023-05-16T03:08:33.167+0000] {logging_mixin.py:149} INFO - [2023-05-16T03:08:33.167+0000] {dag.py:3490} INFO - Setting next_dagrun for example_subdag_operator to 2022-01-01T00:00:00+00:00, run_after=2022-01-01T00:00:00+00:00
[2023-05-16T03:08:33.170+0000] {logging_mixin.py:149} INFO - [2023-05-16T03:08:33.170+0000] {dag.py:3490} INFO - Setting next_dagrun for example_subdag_operator.section-1 to None, run_after=None
[2023-05-16T03:08:33.171+0000] {logging_mixin.py:149} INFO - [2023-05-16T03:08:33.171+0000] {dag.py:3490} INFO - Setting next_dagrun for example_subdag_operator.section-2 to None, run_after=None
[2023-05-16T03:08:33.176+0000] {logging_mixin.py:149} INFO - [2023-05-16T03:08:33.176+0000] {dag.py:2726} INFO - Sync 2 DAGs
[2023-05-16T03:08:33.180+0000] {logging_mixin.py:149} INFO - [2023-05-16T03:08:33.179+0000] {dag.py:3490} INFO - Setting next_dagrun for example_subdag_operator.section-1 to None, run_after=None
[2023-05-16T03:08:33.180+0000] {logging_mixin.py:149} INFO - [2023-05-16T03:08:33.180+0000] {dag.py:3490} INFO - Setting next_dagrun for example_subdag_operator.section-2 to None, run_after=None
[2023-05-16T03:08:33.188+0000] {processor.py:178} INFO - Processing /home/airflow/.local/lib/python3.7/site-packages/airflow/example_dags/example_subdag_operator.py took 0.074 seconds
[2023-05-16T03:09:03.603+0000] {processor.py:156} INFO - Started process (PID=223) to work on /home/airflow/.local/lib/python3.7/site-packages/airflow/example_dags/example_subdag_operator.py
[2023-05-16T03:09:03.604+0000] {processor.py:799} INFO - Processing file /home/airflow/.local/lib/python3.7/site-packages/airflow/example_dags/example_subdag_operator.py for tasks to queue
[2023-05-16T03:09:03.605+0000] {logging_mixin.py:149} INFO - [2023-05-16T03:09:03.605+0000] {dagbag.py:541} INFO - Filling up the DagBag from /home/airflow/.local/lib/python3.7/site-packages/airflow/example_dags/example_subdag_operator.py
[2023-05-16T03:09:03.626+0000] {processor.py:809} INFO - DAG(s) dict_keys(['example_subdag_operator.section-1', 'example_subdag_operator.section-2', 'example_subdag_operator']) retrieved from /home/airflow/.local/lib/python3.7/site-packages/airflow/example_dags/example_subdag_operator.py
[2023-05-16T03:09:03.639+0000] {logging_mixin.py:149} INFO - [2023-05-16T03:09:03.639+0000] {dag.py:2726} INFO - Sync 3 DAGs
[2023-05-16T03:09:03.655+0000] {logging_mixin.py:149} INFO - [2023-05-16T03:09:03.655+0000] {dag.py:3490} INFO - Setting next_dagrun for example_subdag_operator to 2022-01-01T00:00:00+00:00, run_after=2022-01-01T00:00:00+00:00
[2023-05-16T03:09:03.658+0000] {logging_mixin.py:149} INFO - [2023-05-16T03:09:03.658+0000] {dag.py:3490} INFO - Setting next_dagrun for example_subdag_operator.section-1 to None, run_after=None
[2023-05-16T03:09:03.660+0000] {logging_mixin.py:149} INFO - [2023-05-16T03:09:03.660+0000] {dag.py:3490} INFO - Setting next_dagrun for example_subdag_operator.section-2 to None, run_after=None
[2023-05-16T03:09:03.665+0000] {logging_mixin.py:149} INFO - [2023-05-16T03:09:03.665+0000] {dag.py:2726} INFO - Sync 2 DAGs
[2023-05-16T03:09:03.669+0000] {logging_mixin.py:149} INFO - [2023-05-16T03:09:03.669+0000] {dag.py:3490} INFO - Setting next_dagrun for example_subdag_operator.section-1 to None, run_after=None
[2023-05-16T03:09:03.669+0000] {logging_mixin.py:149} INFO - [2023-05-16T03:09:03.669+0000] {dag.py:3490} INFO - Setting next_dagrun for example_subdag_operator.section-2 to None, run_after=None
[2023-05-16T03:09:03.676+0000] {processor.py:178} INFO - Processing /home/airflow/.local/lib/python3.7/site-packages/airflow/example_dags/example_subdag_operator.py took 0.077 seconds
[2023-05-16T03:09:34.097+0000] {processor.py:156} INFO - Started process (PID=279) to work on /home/airflow/.local/lib/python3.7/site-packages/airflow/example_dags/example_subdag_operator.py
[2023-05-16T03:09:34.098+0000] {processor.py:799} INFO - Processing file /home/airflow/.local/lib/python3.7/site-packages/airflow/example_dags/example_subdag_operator.py for tasks to queue
[2023-05-16T03:09:34.099+0000] {logging_mixin.py:149} INFO - [2023-05-16T03:09:34.099+0000] {dagbag.py:541} INFO - Filling up the DagBag from /home/airflow/.local/lib/python3.7/site-packages/airflow/example_dags/example_subdag_operator.py
[2023-05-16T03:09:34.120+0000] {processor.py:809} INFO - DAG(s) dict_keys(['example_subdag_operator.section-1', 'example_subdag_operator.section-2', 'example_subdag_operator']) retrieved from /home/airflow/.local/lib/python3.7/site-packages/airflow/example_dags/example_subdag_operator.py
[2023-05-16T03:09:34.133+0000] {logging_mixin.py:149} INFO - [2023-05-16T03:09:34.133+0000] {dag.py:2726} INFO - Sync 3 DAGs
[2023-05-16T03:09:34.149+0000] {logging_mixin.py:149} INFO - [2023-05-16T03:09:34.149+0000] {dag.py:3490} INFO - Setting next_dagrun for example_subdag_operator to 2022-01-01T00:00:00+00:00, run_after=2022-01-01T00:00:00+00:00
[2023-05-16T03:09:34.152+0000] {logging_mixin.py:149} INFO - [2023-05-16T03:09:34.152+0000] {dag.py:3490} INFO - Setting next_dagrun for example_subdag_operator.section-1 to None, run_after=None
[2023-05-16T03:09:34.153+0000] {logging_mixin.py:149} INFO - [2023-05-16T03:09:34.153+0000] {dag.py:3490} INFO - Setting next_dagrun for example_subdag_operator.section-2 to None, run_after=None
[2023-05-16T03:09:34.158+0000] {logging_mixin.py:149} INFO - [2023-05-16T03:09:34.158+0000] {dag.py:2726} INFO - Sync 2 DAGs
[2023-05-16T03:09:34.162+0000] {logging_mixin.py:149} INFO - [2023-05-16T03:09:34.162+0000] {dag.py:3490} INFO - Setting next_dagrun for example_subdag_operator.section-1 to None, run_after=None
[2023-05-16T03:09:34.163+0000] {logging_mixin.py:149} INFO - [2023-05-16T03:09:34.163+0000] {dag.py:3490} INFO - Setting next_dagrun for example_subdag_operator.section-2 to None, run_after=None
[2023-05-16T03:09:34.171+0000] {processor.py:178} INFO - Processing /home/airflow/.local/lib/python3.7/site-packages/airflow/example_dags/example_subdag_operator.py took 0.077 seconds
[2023-05-16T03:10:04.645+0000] {processor.py:156} INFO - Started process (PID=335) to work on /home/airflow/.local/lib/python3.7/site-packages/airflow/example_dags/example_subdag_operator.py
[2023-05-16T03:10:04.647+0000] {processor.py:799} INFO - Processing file /home/airflow/.local/lib/python3.7/site-packages/airflow/example_dags/example_subdag_operator.py for tasks to queue
[2023-05-16T03:10:04.648+0000] {logging_mixin.py:149} INFO - [2023-05-16T03:10:04.648+0000] {dagbag.py:541} INFO - Filling up the DagBag from /home/airflow/.local/lib/python3.7/site-packages/airflow/example_dags/example_subdag_operator.py
[2023-05-16T03:10:04.669+0000] {processor.py:809} INFO - DAG(s) dict_keys(['example_subdag_operator.section-1', 'example_subdag_operator.section-2', 'example_subdag_operator']) retrieved from /home/airflow/.local/lib/python3.7/site-packages/airflow/example_dags/example_subdag_operator.py
[2023-05-16T03:10:04.683+0000] {logging_mixin.py:149} INFO - [2023-05-16T03:10:04.682+0000] {dag.py:2726} INFO - Sync 3 DAGs
[2023-05-16T03:10:04.699+0000] {logging_mixin.py:149} INFO - [2023-05-16T03:10:04.699+0000] {dag.py:3490} INFO - Setting next_dagrun for example_subdag_operator to 2022-01-01T00:00:00+00:00, run_after=2022-01-01T00:00:00+00:00
[2023-05-16T03:10:04.702+0000] {logging_mixin.py:149} INFO - [2023-05-16T03:10:04.702+0000] {dag.py:3490} INFO - Setting next_dagrun for example_subdag_operator.section-1 to None, run_after=None
[2023-05-16T03:10:04.704+0000] {logging_mixin.py:149} INFO - [2023-05-16T03:10:04.704+0000] {dag.py:3490} INFO - Setting next_dagrun for example_subdag_operator.section-2 to None, run_after=None
[2023-05-16T03:10:04.710+0000] {logging_mixin.py:149} INFO - [2023-05-16T03:10:04.710+0000] {dag.py:2726} INFO - Sync 2 DAGs
[2023-05-16T03:10:04.714+0000] {logging_mixin.py:149} INFO - [2023-05-16T03:10:04.714+0000] {dag.py:3490} INFO - Setting next_dagrun for example_subdag_operator.section-1 to None, run_after=None
[2023-05-16T03:10:04.715+0000] {logging_mixin.py:149} INFO - [2023-05-16T03:10:04.715+0000] {dag.py:3490} INFO - Setting next_dagrun for example_subdag_operator.section-2 to None, run_after=None
[2023-05-16T03:10:04.723+0000] {processor.py:178} INFO - Processing /home/airflow/.local/lib/python3.7/site-packages/airflow/example_dags/example_subdag_operator.py took 0.081 seconds
[2023-05-16T03:10:35.224+0000] {processor.py:156} INFO - Started process (PID=391) to work on /home/airflow/.local/lib/python3.7/site-packages/airflow/example_dags/example_subdag_operator.py
[2023-05-16T03:10:35.225+0000] {processor.py:799} INFO - Processing file /home/airflow/.local/lib/python3.7/site-packages/airflow/example_dags/example_subdag_operator.py for tasks to queue
[2023-05-16T03:10:35.226+0000] {logging_mixin.py:149} INFO - [2023-05-16T03:10:35.226+0000] {dagbag.py:541} INFO - Filling up the DagBag from /home/airflow/.local/lib/python3.7/site-packages/airflow/example_dags/example_subdag_operator.py
[2023-05-16T03:10:35.245+0000] {processor.py:809} INFO - DAG(s) dict_keys(['example_subdag_operator.section-1', 'example_subdag_operator.section-2', 'example_subdag_operator']) retrieved from /home/airflow/.local/lib/python3.7/site-packages/airflow/example_dags/example_subdag_operator.py
[2023-05-16T03:10:35.258+0000] {logging_mixin.py:149} INFO - [2023-05-16T03:10:35.258+0000] {dag.py:2726} INFO - Sync 3 DAGs
[2023-05-16T03:10:35.274+0000] {logging_mixin.py:149} INFO - [2023-05-16T03:10:35.274+0000] {dag.py:3490} INFO - Setting next_dagrun for example_subdag_operator to 2022-01-01T00:00:00+00:00, run_after=2022-01-01T00:00:00+00:00
[2023-05-16T03:10:35.277+0000] {logging_mixin.py:149} INFO - [2023-05-16T03:10:35.277+0000] {dag.py:3490} INFO - Setting next_dagrun for example_subdag_operator.section-1 to None, run_after=None
[2023-05-16T03:10:35.278+0000] {logging_mixin.py:149} INFO - [2023-05-16T03:10:35.278+0000] {dag.py:3490} INFO - Setting next_dagrun for example_subdag_operator.section-2 to None, run_after=None
[2023-05-16T03:10:35.283+0000] {logging_mixin.py:149} INFO - [2023-05-16T03:10:35.283+0000] {dag.py:2726} INFO - Sync 2 DAGs
[2023-05-16T03:10:35.286+0000] {logging_mixin.py:149} INFO - [2023-05-16T03:10:35.286+0000] {dag.py:3490} INFO - Setting next_dagrun for example_subdag_operator.section-1 to None, run_after=None
[2023-05-16T03:10:35.287+0000] {logging_mixin.py:149} INFO - [2023-05-16T03:10:35.287+0000] {dag.py:3490} INFO - Setting next_dagrun for example_subdag_operator.section-2 to None, run_after=None
[2023-05-16T03:10:35.296+0000] {processor.py:178} INFO - Processing /home/airflow/.local/lib/python3.7/site-packages/airflow/example_dags/example_subdag_operator.py took 0.076 seconds
