[2023-05-16T02:54:56.814+0000] {processor.py:156} INFO - Started process (PID=49) to work on /home/airflow/.local/lib/python3.7/site-packages/airflow/example_dags/example_short_circuit_decorator.py
[2023-05-16T02:54:56.820+0000] {processor.py:799} INFO - Processing file /home/airflow/.local/lib/python3.7/site-packages/airflow/example_dags/example_short_circuit_decorator.py for tasks to queue
[2023-05-16T02:54:56.823+0000] {logging_mixin.py:149} INFO - [2023-05-16T02:54:56.823+0000] {dagbag.py:541} INFO - Filling up the DagBag from /home/airflow/.local/lib/python3.7/site-packages/airflow/example_dags/example_short_circuit_decorator.py
[2023-05-16T02:54:56.938+0000] {processor.py:809} INFO - DAG(s) dict_keys(['example_short_circuit_decorator']) retrieved from /home/airflow/.local/lib/python3.7/site-packages/airflow/example_dags/example_short_circuit_decorator.py
[2023-05-16T02:54:57.559+0000] {logging_mixin.py:149} INFO - [2023-05-16T02:54:57.559+0000] {manager.py:504} INFO - Created Permission View: can read on DAG:example_short_circuit_decorator
[2023-05-16T02:54:57.594+0000] {logging_mixin.py:149} INFO - [2023-05-16T02:54:57.593+0000] {manager.py:504} INFO - Created Permission View: can delete on DAG:example_short_circuit_decorator
[2023-05-16T02:54:57.607+0000] {logging_mixin.py:149} INFO - [2023-05-16T02:54:57.607+0000] {manager.py:504} INFO - Created Permission View: can edit on DAG:example_short_circuit_decorator
[2023-05-16T02:54:57.608+0000] {logging_mixin.py:149} INFO - [2023-05-16T02:54:57.608+0000] {dag.py:2726} INFO - Sync 1 DAGs
[2023-05-16T02:54:57.748+0000] {logging_mixin.py:149} INFO - [2023-05-16T02:54:57.748+0000] {dag.py:2747} INFO - Creating ORM DAG for example_short_circuit_decorator
[2023-05-16T02:54:57.879+0000] {logging_mixin.py:149} INFO - [2023-05-16T02:54:57.879+0000] {dag.py:3490} INFO - Setting next_dagrun for example_short_circuit_decorator to 2023-05-15T02:54:57.878944+00:00, run_after=2023-05-16T02:54:57.878944+00:00
[2023-05-16T02:54:57.956+0000] {processor.py:178} INFO - Processing /home/airflow/.local/lib/python3.7/site-packages/airflow/example_dags/example_short_circuit_decorator.py took 1.147 seconds
[2023-05-16T02:55:28.464+0000] {processor.py:156} INFO - Started process (PID=105) to work on /home/airflow/.local/lib/python3.7/site-packages/airflow/example_dags/example_short_circuit_decorator.py
[2023-05-16T02:55:28.467+0000] {processor.py:799} INFO - Processing file /home/airflow/.local/lib/python3.7/site-packages/airflow/example_dags/example_short_circuit_decorator.py for tasks to queue
[2023-05-16T02:55:28.468+0000] {logging_mixin.py:149} INFO - [2023-05-16T02:55:28.468+0000] {dagbag.py:541} INFO - Filling up the DagBag from /home/airflow/.local/lib/python3.7/site-packages/airflow/example_dags/example_short_circuit_decorator.py
[2023-05-16T02:55:28.478+0000] {processor.py:809} INFO - DAG(s) dict_keys(['example_short_circuit_decorator']) retrieved from /home/airflow/.local/lib/python3.7/site-packages/airflow/example_dags/example_short_circuit_decorator.py
[2023-05-16T02:55:28.520+0000] {logging_mixin.py:149} INFO - [2023-05-16T02:55:28.520+0000] {dag.py:2726} INFO - Sync 1 DAGs
[2023-05-16T02:55:28.557+0000] {logging_mixin.py:149} INFO - [2023-05-16T02:55:28.557+0000] {dag.py:3490} INFO - Setting next_dagrun for example_short_circuit_decorator to 2023-05-15T02:55:28.555691+00:00, run_after=2023-05-16T02:55:28.555691+00:00
[2023-05-16T02:55:28.584+0000] {processor.py:178} INFO - Processing /home/airflow/.local/lib/python3.7/site-packages/airflow/example_dags/example_short_circuit_decorator.py took 0.125 seconds
[2023-05-16T02:55:59.463+0000] {processor.py:156} INFO - Started process (PID=161) to work on /home/airflow/.local/lib/python3.7/site-packages/airflow/example_dags/example_short_circuit_decorator.py
[2023-05-16T02:55:59.465+0000] {processor.py:799} INFO - Processing file /home/airflow/.local/lib/python3.7/site-packages/airflow/example_dags/example_short_circuit_decorator.py for tasks to queue
[2023-05-16T02:55:59.467+0000] {logging_mixin.py:149} INFO - [2023-05-16T02:55:59.467+0000] {dagbag.py:541} INFO - Filling up the DagBag from /home/airflow/.local/lib/python3.7/site-packages/airflow/example_dags/example_short_circuit_decorator.py
[2023-05-16T02:55:59.485+0000] {processor.py:809} INFO - DAG(s) dict_keys(['example_short_circuit_decorator']) retrieved from /home/airflow/.local/lib/python3.7/site-packages/airflow/example_dags/example_short_circuit_decorator.py
[2023-05-16T02:55:59.515+0000] {logging_mixin.py:149} INFO - [2023-05-16T02:55:59.515+0000] {dag.py:2726} INFO - Sync 1 DAGs
[2023-05-16T02:55:59.534+0000] {logging_mixin.py:149} INFO - [2023-05-16T02:55:59.533+0000] {dag.py:3490} INFO - Setting next_dagrun for example_short_circuit_decorator to 2023-05-15T02:55:59.533616+00:00, run_after=2023-05-16T02:55:59.533616+00:00
[2023-05-16T02:55:59.548+0000] {processor.py:178} INFO - Processing /home/airflow/.local/lib/python3.7/site-packages/airflow/example_dags/example_short_circuit_decorator.py took 0.087 seconds
[2023-05-16T02:56:30.122+0000] {processor.py:156} INFO - Started process (PID=217) to work on /home/airflow/.local/lib/python3.7/site-packages/airflow/example_dags/example_short_circuit_decorator.py
[2023-05-16T02:56:30.125+0000] {processor.py:799} INFO - Processing file /home/airflow/.local/lib/python3.7/site-packages/airflow/example_dags/example_short_circuit_decorator.py for tasks to queue
[2023-05-16T02:56:30.126+0000] {logging_mixin.py:149} INFO - [2023-05-16T02:56:30.126+0000] {dagbag.py:541} INFO - Filling up the DagBag from /home/airflow/.local/lib/python3.7/site-packages/airflow/example_dags/example_short_circuit_decorator.py
[2023-05-16T02:56:30.136+0000] {processor.py:809} INFO - DAG(s) dict_keys(['example_short_circuit_decorator']) retrieved from /home/airflow/.local/lib/python3.7/site-packages/airflow/example_dags/example_short_circuit_decorator.py
[2023-05-16T02:56:30.160+0000] {logging_mixin.py:149} INFO - [2023-05-16T02:56:30.160+0000] {dag.py:2726} INFO - Sync 1 DAGs
[2023-05-16T02:56:30.176+0000] {logging_mixin.py:149} INFO - [2023-05-16T02:56:30.176+0000] {dag.py:3490} INFO - Setting next_dagrun for example_short_circuit_decorator to 2023-05-15T02:56:30.176103+00:00, run_after=2023-05-16T02:56:30.176103+00:00
[2023-05-16T02:56:30.188+0000] {processor.py:178} INFO - Processing /home/airflow/.local/lib/python3.7/site-packages/airflow/example_dags/example_short_circuit_decorator.py took 0.072 seconds
[2023-05-16T02:57:00.511+0000] {processor.py:156} INFO - Started process (PID=273) to work on /home/airflow/.local/lib/python3.7/site-packages/airflow/example_dags/example_short_circuit_decorator.py
[2023-05-16T02:57:00.513+0000] {processor.py:799} INFO - Processing file /home/airflow/.local/lib/python3.7/site-packages/airflow/example_dags/example_short_circuit_decorator.py for tasks to queue
[2023-05-16T02:57:00.514+0000] {logging_mixin.py:149} INFO - [2023-05-16T02:57:00.514+0000] {dagbag.py:541} INFO - Filling up the DagBag from /home/airflow/.local/lib/python3.7/site-packages/airflow/example_dags/example_short_circuit_decorator.py
[2023-05-16T02:57:00.525+0000] {processor.py:809} INFO - DAG(s) dict_keys(['example_short_circuit_decorator']) retrieved from /home/airflow/.local/lib/python3.7/site-packages/airflow/example_dags/example_short_circuit_decorator.py
[2023-05-16T02:57:00.551+0000] {logging_mixin.py:149} INFO - [2023-05-16T02:57:00.551+0000] {dag.py:2726} INFO - Sync 1 DAGs
[2023-05-16T02:57:00.567+0000] {logging_mixin.py:149} INFO - [2023-05-16T02:57:00.567+0000] {dag.py:3490} INFO - Setting next_dagrun for example_short_circuit_decorator to 2023-05-15T02:57:00.567169+00:00, run_after=2023-05-16T02:57:00.567169+00:00
[2023-05-16T02:57:00.578+0000] {processor.py:178} INFO - Processing /home/airflow/.local/lib/python3.7/site-packages/airflow/example_dags/example_short_circuit_decorator.py took 0.072 seconds
[2023-05-16T02:57:30.967+0000] {processor.py:156} INFO - Started process (PID=329) to work on /home/airflow/.local/lib/python3.7/site-packages/airflow/example_dags/example_short_circuit_decorator.py
[2023-05-16T02:57:30.986+0000] {processor.py:799} INFO - Processing file /home/airflow/.local/lib/python3.7/site-packages/airflow/example_dags/example_short_circuit_decorator.py for tasks to queue
[2023-05-16T02:57:31.006+0000] {logging_mixin.py:149} INFO - [2023-05-16T02:57:31.005+0000] {dagbag.py:541} INFO - Filling up the DagBag from /home/airflow/.local/lib/python3.7/site-packages/airflow/example_dags/example_short_circuit_decorator.py
[2023-05-16T02:57:31.057+0000] {processor.py:809} INFO - DAG(s) dict_keys(['example_short_circuit_decorator']) retrieved from /home/airflow/.local/lib/python3.7/site-packages/airflow/example_dags/example_short_circuit_decorator.py
[2023-05-16T02:57:31.125+0000] {logging_mixin.py:149} INFO - [2023-05-16T02:57:31.125+0000] {dag.py:2726} INFO - Sync 1 DAGs
[2023-05-16T02:57:31.176+0000] {logging_mixin.py:149} INFO - [2023-05-16T02:57:31.176+0000] {dag.py:3490} INFO - Setting next_dagrun for example_short_circuit_decorator to 2023-05-15T02:57:31.175643+00:00, run_after=2023-05-16T02:57:31.175643+00:00
[2023-05-16T02:57:31.201+0000] {processor.py:178} INFO - Processing /home/airflow/.local/lib/python3.7/site-packages/airflow/example_dags/example_short_circuit_decorator.py took 0.240 seconds
[2023-05-16T03:07:31.358+0000] {processor.py:156} INFO - Started process (PID=51) to work on /home/airflow/.local/lib/python3.7/site-packages/airflow/example_dags/example_short_circuit_decorator.py
[2023-05-16T03:07:31.360+0000] {processor.py:799} INFO - Processing file /home/airflow/.local/lib/python3.7/site-packages/airflow/example_dags/example_short_circuit_decorator.py for tasks to queue
[2023-05-16T03:07:31.361+0000] {logging_mixin.py:149} INFO - [2023-05-16T03:07:31.361+0000] {dagbag.py:541} INFO - Filling up the DagBag from /home/airflow/.local/lib/python3.7/site-packages/airflow/example_dags/example_short_circuit_decorator.py
[2023-05-16T03:07:31.387+0000] {processor.py:809} INFO - DAG(s) dict_keys(['example_short_circuit_decorator']) retrieved from /home/airflow/.local/lib/python3.7/site-packages/airflow/example_dags/example_short_circuit_decorator.py
[2023-05-16T03:07:31.445+0000] {logging_mixin.py:149} INFO - [2023-05-16T03:07:31.445+0000] {dag.py:2726} INFO - Sync 1 DAGs
[2023-05-16T03:07:31.511+0000] {logging_mixin.py:149} INFO - [2023-05-16T03:07:31.511+0000] {dag.py:3490} INFO - Setting next_dagrun for example_short_circuit_decorator to 2023-05-15T03:07:31.511203+00:00, run_after=2023-05-16T03:07:31.511203+00:00
[2023-05-16T03:07:31.545+0000] {processor.py:178} INFO - Processing /home/airflow/.local/lib/python3.7/site-packages/airflow/example_dags/example_short_circuit_decorator.py took 0.193 seconds
[2023-05-16T03:08:02.411+0000] {processor.py:156} INFO - Started process (PID=106) to work on /home/airflow/.local/lib/python3.7/site-packages/airflow/example_dags/example_short_circuit_decorator.py
[2023-05-16T03:08:02.413+0000] {processor.py:799} INFO - Processing file /home/airflow/.local/lib/python3.7/site-packages/airflow/example_dags/example_short_circuit_decorator.py for tasks to queue
[2023-05-16T03:08:02.413+0000] {logging_mixin.py:149} INFO - [2023-05-16T03:08:02.413+0000] {dagbag.py:541} INFO - Filling up the DagBag from /home/airflow/.local/lib/python3.7/site-packages/airflow/example_dags/example_short_circuit_decorator.py
[2023-05-16T03:08:02.421+0000] {processor.py:809} INFO - DAG(s) dict_keys(['example_short_circuit_decorator']) retrieved from /home/airflow/.local/lib/python3.7/site-packages/airflow/example_dags/example_short_circuit_decorator.py
[2023-05-16T03:08:02.442+0000] {logging_mixin.py:149} INFO - [2023-05-16T03:08:02.442+0000] {dag.py:2726} INFO - Sync 1 DAGs
[2023-05-16T03:08:02.458+0000] {logging_mixin.py:149} INFO - [2023-05-16T03:08:02.457+0000] {dag.py:3490} INFO - Setting next_dagrun for example_short_circuit_decorator to 2023-05-15T03:08:02.457760+00:00, run_after=2023-05-16T03:08:02.457760+00:00
[2023-05-16T03:08:02.469+0000] {processor.py:178} INFO - Processing /home/airflow/.local/lib/python3.7/site-packages/airflow/example_dags/example_short_circuit_decorator.py took 0.061 seconds
[2023-05-16T03:08:32.869+0000] {processor.py:156} INFO - Started process (PID=162) to work on /home/airflow/.local/lib/python3.7/site-packages/airflow/example_dags/example_short_circuit_decorator.py
[2023-05-16T03:08:32.871+0000] {processor.py:799} INFO - Processing file /home/airflow/.local/lib/python3.7/site-packages/airflow/example_dags/example_short_circuit_decorator.py for tasks to queue
[2023-05-16T03:08:32.872+0000] {logging_mixin.py:149} INFO - [2023-05-16T03:08:32.872+0000] {dagbag.py:541} INFO - Filling up the DagBag from /home/airflow/.local/lib/python3.7/site-packages/airflow/example_dags/example_short_circuit_decorator.py
[2023-05-16T03:08:32.880+0000] {processor.py:809} INFO - DAG(s) dict_keys(['example_short_circuit_decorator']) retrieved from /home/airflow/.local/lib/python3.7/site-packages/airflow/example_dags/example_short_circuit_decorator.py
[2023-05-16T03:08:32.902+0000] {logging_mixin.py:149} INFO - [2023-05-16T03:08:32.902+0000] {dag.py:2726} INFO - Sync 1 DAGs
[2023-05-16T03:08:32.918+0000] {logging_mixin.py:149} INFO - [2023-05-16T03:08:32.918+0000] {dag.py:3490} INFO - Setting next_dagrun for example_short_circuit_decorator to 2023-05-15T03:08:32.918011+00:00, run_after=2023-05-16T03:08:32.918011+00:00
[2023-05-16T03:08:32.930+0000] {processor.py:178} INFO - Processing /home/airflow/.local/lib/python3.7/site-packages/airflow/example_dags/example_short_circuit_decorator.py took 0.064 seconds
[2023-05-16T03:09:03.348+0000] {processor.py:156} INFO - Started process (PID=218) to work on /home/airflow/.local/lib/python3.7/site-packages/airflow/example_dags/example_short_circuit_decorator.py
[2023-05-16T03:09:03.350+0000] {processor.py:799} INFO - Processing file /home/airflow/.local/lib/python3.7/site-packages/airflow/example_dags/example_short_circuit_decorator.py for tasks to queue
[2023-05-16T03:09:03.351+0000] {logging_mixin.py:149} INFO - [2023-05-16T03:09:03.350+0000] {dagbag.py:541} INFO - Filling up the DagBag from /home/airflow/.local/lib/python3.7/site-packages/airflow/example_dags/example_short_circuit_decorator.py
[2023-05-16T03:09:03.358+0000] {processor.py:809} INFO - DAG(s) dict_keys(['example_short_circuit_decorator']) retrieved from /home/airflow/.local/lib/python3.7/site-packages/airflow/example_dags/example_short_circuit_decorator.py
[2023-05-16T03:09:03.380+0000] {logging_mixin.py:149} INFO - [2023-05-16T03:09:03.380+0000] {dag.py:2726} INFO - Sync 1 DAGs
[2023-05-16T03:09:03.397+0000] {logging_mixin.py:149} INFO - [2023-05-16T03:09:03.397+0000] {dag.py:3490} INFO - Setting next_dagrun for example_short_circuit_decorator to 2023-05-15T03:09:03.397467+00:00, run_after=2023-05-16T03:09:03.397467+00:00
[2023-05-16T03:09:03.411+0000] {processor.py:178} INFO - Processing /home/airflow/.local/lib/python3.7/site-packages/airflow/example_dags/example_short_circuit_decorator.py took 0.066 seconds
[2023-05-16T03:09:33.849+0000] {processor.py:156} INFO - Started process (PID=274) to work on /home/airflow/.local/lib/python3.7/site-packages/airflow/example_dags/example_short_circuit_decorator.py
[2023-05-16T03:09:33.851+0000] {processor.py:799} INFO - Processing file /home/airflow/.local/lib/python3.7/site-packages/airflow/example_dags/example_short_circuit_decorator.py for tasks to queue
[2023-05-16T03:09:33.852+0000] {logging_mixin.py:149} INFO - [2023-05-16T03:09:33.852+0000] {dagbag.py:541} INFO - Filling up the DagBag from /home/airflow/.local/lib/python3.7/site-packages/airflow/example_dags/example_short_circuit_decorator.py
[2023-05-16T03:09:33.859+0000] {processor.py:809} INFO - DAG(s) dict_keys(['example_short_circuit_decorator']) retrieved from /home/airflow/.local/lib/python3.7/site-packages/airflow/example_dags/example_short_circuit_decorator.py
[2023-05-16T03:09:33.882+0000] {logging_mixin.py:149} INFO - [2023-05-16T03:09:33.881+0000] {dag.py:2726} INFO - Sync 1 DAGs
[2023-05-16T03:09:33.897+0000] {logging_mixin.py:149} INFO - [2023-05-16T03:09:33.897+0000] {dag.py:3490} INFO - Setting next_dagrun for example_short_circuit_decorator to 2023-05-15T03:09:33.896854+00:00, run_after=2023-05-16T03:09:33.896854+00:00
[2023-05-16T03:09:33.909+0000] {processor.py:178} INFO - Processing /home/airflow/.local/lib/python3.7/site-packages/airflow/example_dags/example_short_circuit_decorator.py took 0.063 seconds
[2023-05-16T03:10:04.392+0000] {processor.py:156} INFO - Started process (PID=330) to work on /home/airflow/.local/lib/python3.7/site-packages/airflow/example_dags/example_short_circuit_decorator.py
[2023-05-16T03:10:04.393+0000] {processor.py:799} INFO - Processing file /home/airflow/.local/lib/python3.7/site-packages/airflow/example_dags/example_short_circuit_decorator.py for tasks to queue
[2023-05-16T03:10:04.394+0000] {logging_mixin.py:149} INFO - [2023-05-16T03:10:04.394+0000] {dagbag.py:541} INFO - Filling up the DagBag from /home/airflow/.local/lib/python3.7/site-packages/airflow/example_dags/example_short_circuit_decorator.py
[2023-05-16T03:10:04.401+0000] {processor.py:809} INFO - DAG(s) dict_keys(['example_short_circuit_decorator']) retrieved from /home/airflow/.local/lib/python3.7/site-packages/airflow/example_dags/example_short_circuit_decorator.py
[2023-05-16T03:10:04.423+0000] {logging_mixin.py:149} INFO - [2023-05-16T03:10:04.423+0000] {dag.py:2726} INFO - Sync 1 DAGs
[2023-05-16T03:10:04.439+0000] {logging_mixin.py:149} INFO - [2023-05-16T03:10:04.439+0000] {dag.py:3490} INFO - Setting next_dagrun for example_short_circuit_decorator to 2023-05-15T03:10:04.439487+00:00, run_after=2023-05-16T03:10:04.439487+00:00
[2023-05-16T03:10:04.454+0000] {processor.py:178} INFO - Processing /home/airflow/.local/lib/python3.7/site-packages/airflow/example_dags/example_short_circuit_decorator.py took 0.065 seconds
[2023-05-16T03:10:34.984+0000] {processor.py:156} INFO - Started process (PID=386) to work on /home/airflow/.local/lib/python3.7/site-packages/airflow/example_dags/example_short_circuit_decorator.py
[2023-05-16T03:10:34.985+0000] {processor.py:799} INFO - Processing file /home/airflow/.local/lib/python3.7/site-packages/airflow/example_dags/example_short_circuit_decorator.py for tasks to queue
[2023-05-16T03:10:34.986+0000] {logging_mixin.py:149} INFO - [2023-05-16T03:10:34.986+0000] {dagbag.py:541} INFO - Filling up the DagBag from /home/airflow/.local/lib/python3.7/site-packages/airflow/example_dags/example_short_circuit_decorator.py
[2023-05-16T03:10:34.994+0000] {processor.py:809} INFO - DAG(s) dict_keys(['example_short_circuit_decorator']) retrieved from /home/airflow/.local/lib/python3.7/site-packages/airflow/example_dags/example_short_circuit_decorator.py
[2023-05-16T03:10:35.014+0000] {logging_mixin.py:149} INFO - [2023-05-16T03:10:35.014+0000] {dag.py:2726} INFO - Sync 1 DAGs
[2023-05-16T03:10:35.031+0000] {logging_mixin.py:149} INFO - [2023-05-16T03:10:35.030+0000] {dag.py:3490} INFO - Setting next_dagrun for example_short_circuit_decorator to 2023-05-15T03:10:35.030730+00:00, run_after=2023-05-16T03:10:35.030730+00:00
[2023-05-16T03:10:35.042+0000] {processor.py:178} INFO - Processing /home/airflow/.local/lib/python3.7/site-packages/airflow/example_dags/example_short_circuit_decorator.py took 0.061 seconds
