[2023-05-16T02:55:02.567+0000] {processor.py:156} INFO - Started process (PID=67) to work on /home/airflow/.local/lib/python3.7/site-packages/airflow/example_dags/example_time_delta_sensor_async.py
[2023-05-16T02:55:02.568+0000] {processor.py:799} INFO - Processing file /home/airflow/.local/lib/python3.7/site-packages/airflow/example_dags/example_time_delta_sensor_async.py for tasks to queue
[2023-05-16T02:55:02.569+0000] {logging_mixin.py:149} INFO - [2023-05-16T02:55:02.569+0000] {dagbag.py:541} INFO - Filling up the DagBag from /home/airflow/.local/lib/python3.7/site-packages/airflow/example_dags/example_time_delta_sensor_async.py
[2023-05-16T02:55:02.574+0000] {processor.py:809} INFO - DAG(s) dict_keys(['example_time_delta_sensor_async']) retrieved from /home/airflow/.local/lib/python3.7/site-packages/airflow/example_dags/example_time_delta_sensor_async.py
[2023-05-16T02:55:02.712+0000] {logging_mixin.py:149} INFO - [2023-05-16T02:55:02.711+0000] {manager.py:504} INFO - Created Permission View: can read on DAG:example_time_delta_sensor_async
[2023-05-16T02:55:02.721+0000] {logging_mixin.py:149} INFO - [2023-05-16T02:55:02.721+0000] {manager.py:504} INFO - Created Permission View: can delete on DAG:example_time_delta_sensor_async
[2023-05-16T02:55:02.729+0000] {logging_mixin.py:149} INFO - [2023-05-16T02:55:02.729+0000] {manager.py:504} INFO - Created Permission View: can edit on DAG:example_time_delta_sensor_async
[2023-05-16T02:55:02.731+0000] {logging_mixin.py:149} INFO - [2023-05-16T02:55:02.731+0000] {dag.py:2726} INFO - Sync 1 DAGs
[2023-05-16T02:55:02.745+0000] {logging_mixin.py:149} INFO - [2023-05-16T02:55:02.745+0000] {dag.py:2747} INFO - Creating ORM DAG for example_time_delta_sensor_async
[2023-05-16T02:55:02.756+0000] {logging_mixin.py:149} INFO - [2023-05-16T02:55:02.756+0000] {dag.py:3490} INFO - Setting next_dagrun for example_time_delta_sensor_async to None, run_after=None
[2023-05-16T02:55:02.818+0000] {processor.py:178} INFO - Processing /home/airflow/.local/lib/python3.7/site-packages/airflow/example_dags/example_time_delta_sensor_async.py took 0.254 seconds
[2023-05-16T02:55:34.041+0000] {processor.py:156} INFO - Started process (PID=123) to work on /home/airflow/.local/lib/python3.7/site-packages/airflow/example_dags/example_time_delta_sensor_async.py
[2023-05-16T02:55:34.043+0000] {processor.py:799} INFO - Processing file /home/airflow/.local/lib/python3.7/site-packages/airflow/example_dags/example_time_delta_sensor_async.py for tasks to queue
[2023-05-16T02:55:34.045+0000] {logging_mixin.py:149} INFO - [2023-05-16T02:55:34.044+0000] {dagbag.py:541} INFO - Filling up the DagBag from /home/airflow/.local/lib/python3.7/site-packages/airflow/example_dags/example_time_delta_sensor_async.py
[2023-05-16T02:55:34.050+0000] {processor.py:809} INFO - DAG(s) dict_keys(['example_time_delta_sensor_async']) retrieved from /home/airflow/.local/lib/python3.7/site-packages/airflow/example_dags/example_time_delta_sensor_async.py
[2023-05-16T02:55:34.137+0000] {logging_mixin.py:149} INFO - [2023-05-16T02:55:34.136+0000] {dag.py:2726} INFO - Sync 1 DAGs
[2023-05-16T02:55:34.177+0000] {logging_mixin.py:149} INFO - [2023-05-16T02:55:34.177+0000] {dag.py:3490} INFO - Setting next_dagrun for example_time_delta_sensor_async to None, run_after=None
[2023-05-16T02:55:34.212+0000] {processor.py:178} INFO - Processing /home/airflow/.local/lib/python3.7/site-packages/airflow/example_dags/example_time_delta_sensor_async.py took 0.175 seconds
[2023-05-16T02:56:04.559+0000] {processor.py:156} INFO - Started process (PID=179) to work on /home/airflow/.local/lib/python3.7/site-packages/airflow/example_dags/example_time_delta_sensor_async.py
[2023-05-16T02:56:04.560+0000] {processor.py:799} INFO - Processing file /home/airflow/.local/lib/python3.7/site-packages/airflow/example_dags/example_time_delta_sensor_async.py for tasks to queue
[2023-05-16T02:56:04.561+0000] {logging_mixin.py:149} INFO - [2023-05-16T02:56:04.561+0000] {dagbag.py:541} INFO - Filling up the DagBag from /home/airflow/.local/lib/python3.7/site-packages/airflow/example_dags/example_time_delta_sensor_async.py
[2023-05-16T02:56:04.566+0000] {processor.py:809} INFO - DAG(s) dict_keys(['example_time_delta_sensor_async']) retrieved from /home/airflow/.local/lib/python3.7/site-packages/airflow/example_dags/example_time_delta_sensor_async.py
[2023-05-16T02:56:04.588+0000] {logging_mixin.py:149} INFO - [2023-05-16T02:56:04.588+0000] {dag.py:2726} INFO - Sync 1 DAGs
[2023-05-16T02:56:04.604+0000] {logging_mixin.py:149} INFO - [2023-05-16T02:56:04.604+0000] {dag.py:3490} INFO - Setting next_dagrun for example_time_delta_sensor_async to None, run_after=None
[2023-05-16T02:56:04.615+0000] {processor.py:178} INFO - Processing /home/airflow/.local/lib/python3.7/site-packages/airflow/example_dags/example_time_delta_sensor_async.py took 0.060 seconds
[2023-05-16T02:56:35.086+0000] {processor.py:156} INFO - Started process (PID=235) to work on /home/airflow/.local/lib/python3.7/site-packages/airflow/example_dags/example_time_delta_sensor_async.py
[2023-05-16T02:56:35.087+0000] {processor.py:799} INFO - Processing file /home/airflow/.local/lib/python3.7/site-packages/airflow/example_dags/example_time_delta_sensor_async.py for tasks to queue
[2023-05-16T02:56:35.088+0000] {logging_mixin.py:149} INFO - [2023-05-16T02:56:35.088+0000] {dagbag.py:541} INFO - Filling up the DagBag from /home/airflow/.local/lib/python3.7/site-packages/airflow/example_dags/example_time_delta_sensor_async.py
[2023-05-16T02:56:35.092+0000] {processor.py:809} INFO - DAG(s) dict_keys(['example_time_delta_sensor_async']) retrieved from /home/airflow/.local/lib/python3.7/site-packages/airflow/example_dags/example_time_delta_sensor_async.py
[2023-05-16T02:56:35.113+0000] {logging_mixin.py:149} INFO - [2023-05-16T02:56:35.113+0000] {dag.py:2726} INFO - Sync 1 DAGs
[2023-05-16T02:56:35.129+0000] {logging_mixin.py:149} INFO - [2023-05-16T02:56:35.129+0000] {dag.py:3490} INFO - Setting next_dagrun for example_time_delta_sensor_async to None, run_after=None
[2023-05-16T02:56:35.140+0000] {processor.py:178} INFO - Processing /home/airflow/.local/lib/python3.7/site-packages/airflow/example_dags/example_time_delta_sensor_async.py took 0.058 seconds
[2023-05-16T02:57:05.570+0000] {processor.py:156} INFO - Started process (PID=291) to work on /home/airflow/.local/lib/python3.7/site-packages/airflow/example_dags/example_time_delta_sensor_async.py
[2023-05-16T02:57:05.572+0000] {processor.py:799} INFO - Processing file /home/airflow/.local/lib/python3.7/site-packages/airflow/example_dags/example_time_delta_sensor_async.py for tasks to queue
[2023-05-16T02:57:05.572+0000] {logging_mixin.py:149} INFO - [2023-05-16T02:57:05.572+0000] {dagbag.py:541} INFO - Filling up the DagBag from /home/airflow/.local/lib/python3.7/site-packages/airflow/example_dags/example_time_delta_sensor_async.py
[2023-05-16T02:57:05.576+0000] {processor.py:809} INFO - DAG(s) dict_keys(['example_time_delta_sensor_async']) retrieved from /home/airflow/.local/lib/python3.7/site-packages/airflow/example_dags/example_time_delta_sensor_async.py
[2023-05-16T02:57:05.598+0000] {logging_mixin.py:149} INFO - [2023-05-16T02:57:05.598+0000] {dag.py:2726} INFO - Sync 1 DAGs
[2023-05-16T02:57:05.614+0000] {logging_mixin.py:149} INFO - [2023-05-16T02:57:05.614+0000] {dag.py:3490} INFO - Setting next_dagrun for example_time_delta_sensor_async to None, run_after=None
[2023-05-16T02:57:05.632+0000] {processor.py:178} INFO - Processing /home/airflow/.local/lib/python3.7/site-packages/airflow/example_dags/example_time_delta_sensor_async.py took 0.065 seconds
[2023-05-16T03:07:33.866+0000] {processor.py:156} INFO - Started process (PID=69) to work on /home/airflow/.local/lib/python3.7/site-packages/airflow/example_dags/example_time_delta_sensor_async.py
[2023-05-16T03:07:33.867+0000] {processor.py:799} INFO - Processing file /home/airflow/.local/lib/python3.7/site-packages/airflow/example_dags/example_time_delta_sensor_async.py for tasks to queue
[2023-05-16T03:07:33.869+0000] {logging_mixin.py:149} INFO - [2023-05-16T03:07:33.868+0000] {dagbag.py:541} INFO - Filling up the DagBag from /home/airflow/.local/lib/python3.7/site-packages/airflow/example_dags/example_time_delta_sensor_async.py
[2023-05-16T03:07:33.875+0000] {processor.py:809} INFO - DAG(s) dict_keys(['example_time_delta_sensor_async']) retrieved from /home/airflow/.local/lib/python3.7/site-packages/airflow/example_dags/example_time_delta_sensor_async.py
[2023-05-16T03:07:33.897+0000] {logging_mixin.py:149} INFO - [2023-05-16T03:07:33.897+0000] {dag.py:2726} INFO - Sync 1 DAGs
[2023-05-16T03:07:33.924+0000] {logging_mixin.py:149} INFO - [2023-05-16T03:07:33.924+0000] {dag.py:3490} INFO - Setting next_dagrun for example_time_delta_sensor_async to None, run_after=None
[2023-05-16T03:07:33.940+0000] {processor.py:178} INFO - Processing /home/airflow/.local/lib/python3.7/site-packages/airflow/example_dags/example_time_delta_sensor_async.py took 0.077 seconds
[2023-05-16T03:08:04.405+0000] {processor.py:156} INFO - Started process (PID=124) to work on /home/airflow/.local/lib/python3.7/site-packages/airflow/example_dags/example_time_delta_sensor_async.py
[2023-05-16T03:08:04.406+0000] {processor.py:799} INFO - Processing file /home/airflow/.local/lib/python3.7/site-packages/airflow/example_dags/example_time_delta_sensor_async.py for tasks to queue
[2023-05-16T03:08:04.407+0000] {logging_mixin.py:149} INFO - [2023-05-16T03:08:04.407+0000] {dagbag.py:541} INFO - Filling up the DagBag from /home/airflow/.local/lib/python3.7/site-packages/airflow/example_dags/example_time_delta_sensor_async.py
[2023-05-16T03:08:04.411+0000] {processor.py:809} INFO - DAG(s) dict_keys(['example_time_delta_sensor_async']) retrieved from /home/airflow/.local/lib/python3.7/site-packages/airflow/example_dags/example_time_delta_sensor_async.py
[2023-05-16T03:08:04.433+0000] {logging_mixin.py:149} INFO - [2023-05-16T03:08:04.433+0000] {dag.py:2726} INFO - Sync 1 DAGs
[2023-05-16T03:08:04.449+0000] {logging_mixin.py:149} INFO - [2023-05-16T03:08:04.449+0000] {dag.py:3490} INFO - Setting next_dagrun for example_time_delta_sensor_async to None, run_after=None
[2023-05-16T03:08:04.460+0000] {processor.py:178} INFO - Processing /home/airflow/.local/lib/python3.7/site-packages/airflow/example_dags/example_time_delta_sensor_async.py took 0.058 seconds
[2023-05-16T03:08:34.879+0000] {processor.py:156} INFO - Started process (PID=180) to work on /home/airflow/.local/lib/python3.7/site-packages/airflow/example_dags/example_time_delta_sensor_async.py
[2023-05-16T03:08:34.880+0000] {processor.py:799} INFO - Processing file /home/airflow/.local/lib/python3.7/site-packages/airflow/example_dags/example_time_delta_sensor_async.py for tasks to queue
[2023-05-16T03:08:34.881+0000] {logging_mixin.py:149} INFO - [2023-05-16T03:08:34.881+0000] {dagbag.py:541} INFO - Filling up the DagBag from /home/airflow/.local/lib/python3.7/site-packages/airflow/example_dags/example_time_delta_sensor_async.py
[2023-05-16T03:08:34.885+0000] {processor.py:809} INFO - DAG(s) dict_keys(['example_time_delta_sensor_async']) retrieved from /home/airflow/.local/lib/python3.7/site-packages/airflow/example_dags/example_time_delta_sensor_async.py
[2023-05-16T03:08:34.907+0000] {logging_mixin.py:149} INFO - [2023-05-16T03:08:34.906+0000] {dag.py:2726} INFO - Sync 1 DAGs
[2023-05-16T03:08:34.923+0000] {logging_mixin.py:149} INFO - [2023-05-16T03:08:34.923+0000] {dag.py:3490} INFO - Setting next_dagrun for example_time_delta_sensor_async to None, run_after=None
[2023-05-16T03:08:34.935+0000] {processor.py:178} INFO - Processing /home/airflow/.local/lib/python3.7/site-packages/airflow/example_dags/example_time_delta_sensor_async.py took 0.058 seconds
[2023-05-16T03:09:05.368+0000] {processor.py:156} INFO - Started process (PID=236) to work on /home/airflow/.local/lib/python3.7/site-packages/airflow/example_dags/example_time_delta_sensor_async.py
[2023-05-16T03:09:05.370+0000] {processor.py:799} INFO - Processing file /home/airflow/.local/lib/python3.7/site-packages/airflow/example_dags/example_time_delta_sensor_async.py for tasks to queue
[2023-05-16T03:09:05.370+0000] {logging_mixin.py:149} INFO - [2023-05-16T03:09:05.370+0000] {dagbag.py:541} INFO - Filling up the DagBag from /home/airflow/.local/lib/python3.7/site-packages/airflow/example_dags/example_time_delta_sensor_async.py
[2023-05-16T03:09:05.375+0000] {processor.py:809} INFO - DAG(s) dict_keys(['example_time_delta_sensor_async']) retrieved from /home/airflow/.local/lib/python3.7/site-packages/airflow/example_dags/example_time_delta_sensor_async.py
[2023-05-16T03:09:05.396+0000] {logging_mixin.py:149} INFO - [2023-05-16T03:09:05.396+0000] {dag.py:2726} INFO - Sync 1 DAGs
[2023-05-16T03:09:05.412+0000] {logging_mixin.py:149} INFO - [2023-05-16T03:09:05.412+0000] {dag.py:3490} INFO - Setting next_dagrun for example_time_delta_sensor_async to None, run_after=None
[2023-05-16T03:09:05.424+0000] {processor.py:178} INFO - Processing /home/airflow/.local/lib/python3.7/site-packages/airflow/example_dags/example_time_delta_sensor_async.py took 0.059 seconds
[2023-05-16T03:09:35.923+0000] {processor.py:156} INFO - Started process (PID=292) to work on /home/airflow/.local/lib/python3.7/site-packages/airflow/example_dags/example_time_delta_sensor_async.py
[2023-05-16T03:09:35.924+0000] {processor.py:799} INFO - Processing file /home/airflow/.local/lib/python3.7/site-packages/airflow/example_dags/example_time_delta_sensor_async.py for tasks to queue
[2023-05-16T03:09:35.925+0000] {logging_mixin.py:149} INFO - [2023-05-16T03:09:35.925+0000] {dagbag.py:541} INFO - Filling up the DagBag from /home/airflow/.local/lib/python3.7/site-packages/airflow/example_dags/example_time_delta_sensor_async.py
[2023-05-16T03:09:35.929+0000] {processor.py:809} INFO - DAG(s) dict_keys(['example_time_delta_sensor_async']) retrieved from /home/airflow/.local/lib/python3.7/site-packages/airflow/example_dags/example_time_delta_sensor_async.py
[2023-05-16T03:09:35.950+0000] {logging_mixin.py:149} INFO - [2023-05-16T03:09:35.950+0000] {dag.py:2726} INFO - Sync 1 DAGs
[2023-05-16T03:09:35.967+0000] {logging_mixin.py:149} INFO - [2023-05-16T03:09:35.967+0000] {dag.py:3490} INFO - Setting next_dagrun for example_time_delta_sensor_async to None, run_after=None
[2023-05-16T03:09:35.981+0000] {processor.py:178} INFO - Processing /home/airflow/.local/lib/python3.7/site-packages/airflow/example_dags/example_time_delta_sensor_async.py took 0.061 seconds
[2023-05-16T03:10:06.472+0000] {processor.py:156} INFO - Started process (PID=348) to work on /home/airflow/.local/lib/python3.7/site-packages/airflow/example_dags/example_time_delta_sensor_async.py
[2023-05-16T03:10:06.473+0000] {processor.py:799} INFO - Processing file /home/airflow/.local/lib/python3.7/site-packages/airflow/example_dags/example_time_delta_sensor_async.py for tasks to queue
[2023-05-16T03:10:06.474+0000] {logging_mixin.py:149} INFO - [2023-05-16T03:10:06.474+0000] {dagbag.py:541} INFO - Filling up the DagBag from /home/airflow/.local/lib/python3.7/site-packages/airflow/example_dags/example_time_delta_sensor_async.py
[2023-05-16T03:10:06.478+0000] {processor.py:809} INFO - DAG(s) dict_keys(['example_time_delta_sensor_async']) retrieved from /home/airflow/.local/lib/python3.7/site-packages/airflow/example_dags/example_time_delta_sensor_async.py
[2023-05-16T03:10:06.500+0000] {logging_mixin.py:149} INFO - [2023-05-16T03:10:06.500+0000] {dag.py:2726} INFO - Sync 1 DAGs
[2023-05-16T03:10:06.521+0000] {logging_mixin.py:149} INFO - [2023-05-16T03:10:06.521+0000] {dag.py:3490} INFO - Setting next_dagrun for example_time_delta_sensor_async to None, run_after=None
[2023-05-16T03:10:06.538+0000] {processor.py:178} INFO - Processing /home/airflow/.local/lib/python3.7/site-packages/airflow/example_dags/example_time_delta_sensor_async.py took 0.069 seconds
[2023-05-16T03:10:36.952+0000] {processor.py:156} INFO - Started process (PID=404) to work on /home/airflow/.local/lib/python3.7/site-packages/airflow/example_dags/example_time_delta_sensor_async.py
[2023-05-16T03:10:36.953+0000] {processor.py:799} INFO - Processing file /home/airflow/.local/lib/python3.7/site-packages/airflow/example_dags/example_time_delta_sensor_async.py for tasks to queue
[2023-05-16T03:10:36.954+0000] {logging_mixin.py:149} INFO - [2023-05-16T03:10:36.954+0000] {dagbag.py:541} INFO - Filling up the DagBag from /home/airflow/.local/lib/python3.7/site-packages/airflow/example_dags/example_time_delta_sensor_async.py
[2023-05-16T03:10:36.958+0000] {processor.py:809} INFO - DAG(s) dict_keys(['example_time_delta_sensor_async']) retrieved from /home/airflow/.local/lib/python3.7/site-packages/airflow/example_dags/example_time_delta_sensor_async.py
[2023-05-16T03:10:36.979+0000] {logging_mixin.py:149} INFO - [2023-05-16T03:10:36.978+0000] {dag.py:2726} INFO - Sync 1 DAGs
[2023-05-16T03:10:36.994+0000] {logging_mixin.py:149} INFO - [2023-05-16T03:10:36.994+0000] {dag.py:3490} INFO - Setting next_dagrun for example_time_delta_sensor_async to None, run_after=None
[2023-05-16T03:10:37.006+0000] {processor.py:178} INFO - Processing /home/airflow/.local/lib/python3.7/site-packages/airflow/example_dags/example_time_delta_sensor_async.py took 0.057 seconds
