[2023-05-16T02:55:01.602+0000] {processor.py:156} INFO - Started process (PID=59) to work on /home/airflow/.local/lib/python3.7/site-packages/airflow/example_dags/example_branch_datetime_operator.py
[2023-05-16T02:55:01.604+0000] {processor.py:799} INFO - Processing file /home/airflow/.local/lib/python3.7/site-packages/airflow/example_dags/example_branch_datetime_operator.py for tasks to queue
[2023-05-16T02:55:01.605+0000] {logging_mixin.py:149} INFO - [2023-05-16T02:55:01.605+0000] {dagbag.py:541} INFO - Filling up the DagBag from /home/airflow/.local/lib/python3.7/site-packages/airflow/example_dags/example_branch_datetime_operator.py
[2023-05-16T02:55:01.613+0000] {processor.py:809} INFO - DAG(s) dict_keys(['example_branch_datetime_operator', 'example_branch_datetime_operator_3', 'example_branch_datetime_operator_2']) retrieved from /home/airflow/.local/lib/python3.7/site-packages/airflow/example_dags/example_branch_datetime_operator.py
[2023-05-16T02:55:01.698+0000] {logging_mixin.py:149} INFO - [2023-05-16T02:55:01.698+0000] {manager.py:504} INFO - Created Permission View: can read on DAG:example_branch_datetime_operator
[2023-05-16T02:55:01.704+0000] {logging_mixin.py:149} INFO - [2023-05-16T02:55:01.704+0000] {manager.py:504} INFO - Created Permission View: can delete on DAG:example_branch_datetime_operator
[2023-05-16T02:55:01.709+0000] {logging_mixin.py:149} INFO - [2023-05-16T02:55:01.709+0000] {manager.py:504} INFO - Created Permission View: can edit on DAG:example_branch_datetime_operator
[2023-05-16T02:55:01.718+0000] {logging_mixin.py:149} INFO - [2023-05-16T02:55:01.718+0000] {manager.py:504} INFO - Created Permission View: can read on DAG:example_branch_datetime_operator_3
[2023-05-16T02:55:01.723+0000] {logging_mixin.py:149} INFO - [2023-05-16T02:55:01.723+0000] {manager.py:504} INFO - Created Permission View: can delete on DAG:example_branch_datetime_operator_3
[2023-05-16T02:55:01.729+0000] {logging_mixin.py:149} INFO - [2023-05-16T02:55:01.729+0000] {manager.py:504} INFO - Created Permission View: can edit on DAG:example_branch_datetime_operator_3
[2023-05-16T02:55:01.738+0000] {logging_mixin.py:149} INFO - [2023-05-16T02:55:01.738+0000] {manager.py:504} INFO - Created Permission View: can read on DAG:example_branch_datetime_operator_2
[2023-05-16T02:55:01.744+0000] {logging_mixin.py:149} INFO - [2023-05-16T02:55:01.743+0000] {manager.py:504} INFO - Created Permission View: can delete on DAG:example_branch_datetime_operator_2
[2023-05-16T02:55:01.748+0000] {logging_mixin.py:149} INFO - [2023-05-16T02:55:01.748+0000] {manager.py:504} INFO - Created Permission View: can edit on DAG:example_branch_datetime_operator_2
[2023-05-16T02:55:01.749+0000] {logging_mixin.py:149} INFO - [2023-05-16T02:55:01.749+0000] {dag.py:2726} INFO - Sync 3 DAGs
[2023-05-16T02:55:01.759+0000] {logging_mixin.py:149} INFO - [2023-05-16T02:55:01.759+0000] {dag.py:2747} INFO - Creating ORM DAG for example_branch_datetime_operator_3
[2023-05-16T02:55:01.760+0000] {logging_mixin.py:149} INFO - [2023-05-16T02:55:01.760+0000] {dag.py:2747} INFO - Creating ORM DAG for example_branch_datetime_operator_2
[2023-05-16T02:55:01.761+0000] {logging_mixin.py:149} INFO - [2023-05-16T02:55:01.761+0000] {dag.py:2747} INFO - Creating ORM DAG for example_branch_datetime_operator
[2023-05-16T02:55:01.769+0000] {logging_mixin.py:149} INFO - [2023-05-16T02:55:01.769+0000] {dag.py:3490} INFO - Setting next_dagrun for example_branch_datetime_operator to 2023-05-15T00:00:00+00:00, run_after=2023-05-16T00:00:00+00:00
[2023-05-16T02:55:01.770+0000] {logging_mixin.py:149} INFO - [2023-05-16T02:55:01.770+0000] {dag.py:3490} INFO - Setting next_dagrun for example_branch_datetime_operator_2 to 2023-05-15T00:00:00+00:00, run_after=2023-05-16T00:00:00+00:00
[2023-05-16T02:55:01.772+0000] {logging_mixin.py:149} INFO - [2023-05-16T02:55:01.772+0000] {dag.py:3490} INFO - Setting next_dagrun for example_branch_datetime_operator_3 to 2023-05-15T00:00:00+00:00, run_after=2023-05-16T00:00:00+00:00
[2023-05-16T02:55:01.792+0000] {processor.py:178} INFO - Processing /home/airflow/.local/lib/python3.7/site-packages/airflow/example_dags/example_branch_datetime_operator.py took 0.192 seconds
[2023-05-16T02:55:33.275+0000] {processor.py:156} INFO - Started process (PID=115) to work on /home/airflow/.local/lib/python3.7/site-packages/airflow/example_dags/example_branch_datetime_operator.py
[2023-05-16T02:55:33.280+0000] {processor.py:799} INFO - Processing file /home/airflow/.local/lib/python3.7/site-packages/airflow/example_dags/example_branch_datetime_operator.py for tasks to queue
[2023-05-16T02:55:33.302+0000] {logging_mixin.py:149} INFO - [2023-05-16T02:55:33.302+0000] {dagbag.py:541} INFO - Filling up the DagBag from /home/airflow/.local/lib/python3.7/site-packages/airflow/example_dags/example_branch_datetime_operator.py
[2023-05-16T02:55:33.315+0000] {processor.py:809} INFO - DAG(s) dict_keys(['example_branch_datetime_operator_2', 'example_branch_datetime_operator_3', 'example_branch_datetime_operator']) retrieved from /home/airflow/.local/lib/python3.7/site-packages/airflow/example_dags/example_branch_datetime_operator.py
[2023-05-16T02:55:33.401+0000] {logging_mixin.py:149} INFO - [2023-05-16T02:55:33.394+0000] {dag.py:2726} INFO - Sync 3 DAGs
[2023-05-16T02:55:33.452+0000] {logging_mixin.py:149} INFO - [2023-05-16T02:55:33.452+0000] {dag.py:3490} INFO - Setting next_dagrun for example_branch_datetime_operator to 2023-05-15T00:00:00+00:00, run_after=2023-05-16T00:00:00+00:00
[2023-05-16T02:55:33.468+0000] {logging_mixin.py:149} INFO - [2023-05-16T02:55:33.468+0000] {dag.py:3490} INFO - Setting next_dagrun for example_branch_datetime_operator_2 to 2023-05-15T00:00:00+00:00, run_after=2023-05-16T00:00:00+00:00
[2023-05-16T02:55:33.472+0000] {logging_mixin.py:149} INFO - [2023-05-16T02:55:33.472+0000] {dag.py:3490} INFO - Setting next_dagrun for example_branch_datetime_operator_3 to 2023-05-15T00:00:00+00:00, run_after=2023-05-16T00:00:00+00:00
[2023-05-16T02:55:33.486+0000] {processor.py:178} INFO - Processing /home/airflow/.local/lib/python3.7/site-packages/airflow/example_dags/example_branch_datetime_operator.py took 0.216 seconds
[2023-05-16T02:56:04.234+0000] {processor.py:156} INFO - Started process (PID=171) to work on /home/airflow/.local/lib/python3.7/site-packages/airflow/example_dags/example_branch_datetime_operator.py
[2023-05-16T02:56:04.236+0000] {processor.py:799} INFO - Processing file /home/airflow/.local/lib/python3.7/site-packages/airflow/example_dags/example_branch_datetime_operator.py for tasks to queue
[2023-05-16T02:56:04.237+0000] {logging_mixin.py:149} INFO - [2023-05-16T02:56:04.236+0000] {dagbag.py:541} INFO - Filling up the DagBag from /home/airflow/.local/lib/python3.7/site-packages/airflow/example_dags/example_branch_datetime_operator.py
[2023-05-16T02:56:04.244+0000] {processor.py:809} INFO - DAG(s) dict_keys(['example_branch_datetime_operator', 'example_branch_datetime_operator_3', 'example_branch_datetime_operator_2']) retrieved from /home/airflow/.local/lib/python3.7/site-packages/airflow/example_dags/example_branch_datetime_operator.py
[2023-05-16T02:56:04.269+0000] {logging_mixin.py:149} INFO - [2023-05-16T02:56:04.269+0000] {dag.py:2726} INFO - Sync 3 DAGs
[2023-05-16T02:56:04.286+0000] {logging_mixin.py:149} INFO - [2023-05-16T02:56:04.286+0000] {dag.py:3490} INFO - Setting next_dagrun for example_branch_datetime_operator to 2023-05-15T00:00:00+00:00, run_after=2023-05-16T00:00:00+00:00
[2023-05-16T02:56:04.290+0000] {logging_mixin.py:149} INFO - [2023-05-16T02:56:04.289+0000] {dag.py:3490} INFO - Setting next_dagrun for example_branch_datetime_operator_2 to 2023-05-15T00:00:00+00:00, run_after=2023-05-16T00:00:00+00:00
[2023-05-16T02:56:04.291+0000] {logging_mixin.py:149} INFO - [2023-05-16T02:56:04.291+0000] {dag.py:3490} INFO - Setting next_dagrun for example_branch_datetime_operator_3 to 2023-05-15T00:00:00+00:00, run_after=2023-05-16T00:00:00+00:00
[2023-05-16T02:56:04.303+0000] {processor.py:178} INFO - Processing /home/airflow/.local/lib/python3.7/site-packages/airflow/example_dags/example_branch_datetime_operator.py took 0.071 seconds
[2023-05-16T02:56:34.763+0000] {processor.py:156} INFO - Started process (PID=227) to work on /home/airflow/.local/lib/python3.7/site-packages/airflow/example_dags/example_branch_datetime_operator.py
[2023-05-16T02:56:34.765+0000] {processor.py:799} INFO - Processing file /home/airflow/.local/lib/python3.7/site-packages/airflow/example_dags/example_branch_datetime_operator.py for tasks to queue
[2023-05-16T02:56:34.765+0000] {logging_mixin.py:149} INFO - [2023-05-16T02:56:34.765+0000] {dagbag.py:541} INFO - Filling up the DagBag from /home/airflow/.local/lib/python3.7/site-packages/airflow/example_dags/example_branch_datetime_operator.py
[2023-05-16T02:56:34.772+0000] {processor.py:809} INFO - DAG(s) dict_keys(['example_branch_datetime_operator', 'example_branch_datetime_operator_3', 'example_branch_datetime_operator_2']) retrieved from /home/airflow/.local/lib/python3.7/site-packages/airflow/example_dags/example_branch_datetime_operator.py
[2023-05-16T02:56:34.797+0000] {logging_mixin.py:149} INFO - [2023-05-16T02:56:34.797+0000] {dag.py:2726} INFO - Sync 3 DAGs
[2023-05-16T02:56:34.814+0000] {logging_mixin.py:149} INFO - [2023-05-16T02:56:34.814+0000] {dag.py:3490} INFO - Setting next_dagrun for example_branch_datetime_operator to 2023-05-15T00:00:00+00:00, run_after=2023-05-16T00:00:00+00:00
[2023-05-16T02:56:34.817+0000] {logging_mixin.py:149} INFO - [2023-05-16T02:56:34.817+0000] {dag.py:3490} INFO - Setting next_dagrun for example_branch_datetime_operator_2 to 2023-05-15T00:00:00+00:00, run_after=2023-05-16T00:00:00+00:00
[2023-05-16T02:56:34.819+0000] {logging_mixin.py:149} INFO - [2023-05-16T02:56:34.819+0000] {dag.py:3490} INFO - Setting next_dagrun for example_branch_datetime_operator_3 to 2023-05-15T00:00:00+00:00, run_after=2023-05-16T00:00:00+00:00
[2023-05-16T02:56:34.831+0000] {processor.py:178} INFO - Processing /home/airflow/.local/lib/python3.7/site-packages/airflow/example_dags/example_branch_datetime_operator.py took 0.071 seconds
[2023-05-16T02:57:05.234+0000] {processor.py:156} INFO - Started process (PID=283) to work on /home/airflow/.local/lib/python3.7/site-packages/airflow/example_dags/example_branch_datetime_operator.py
[2023-05-16T02:57:05.235+0000] {processor.py:799} INFO - Processing file /home/airflow/.local/lib/python3.7/site-packages/airflow/example_dags/example_branch_datetime_operator.py for tasks to queue
[2023-05-16T02:57:05.236+0000] {logging_mixin.py:149} INFO - [2023-05-16T02:57:05.236+0000] {dagbag.py:541} INFO - Filling up the DagBag from /home/airflow/.local/lib/python3.7/site-packages/airflow/example_dags/example_branch_datetime_operator.py
[2023-05-16T02:57:05.243+0000] {processor.py:809} INFO - DAG(s) dict_keys(['example_branch_datetime_operator_2', 'example_branch_datetime_operator_3', 'example_branch_datetime_operator']) retrieved from /home/airflow/.local/lib/python3.7/site-packages/airflow/example_dags/example_branch_datetime_operator.py
[2023-05-16T02:57:05.269+0000] {logging_mixin.py:149} INFO - [2023-05-16T02:57:05.269+0000] {dag.py:2726} INFO - Sync 3 DAGs
[2023-05-16T02:57:05.286+0000] {logging_mixin.py:149} INFO - [2023-05-16T02:57:05.286+0000] {dag.py:3490} INFO - Setting next_dagrun for example_branch_datetime_operator to 2023-05-15T00:00:00+00:00, run_after=2023-05-16T00:00:00+00:00
[2023-05-16T02:57:05.289+0000] {logging_mixin.py:149} INFO - [2023-05-16T02:57:05.289+0000] {dag.py:3490} INFO - Setting next_dagrun for example_branch_datetime_operator_2 to 2023-05-15T00:00:00+00:00, run_after=2023-05-16T00:00:00+00:00
[2023-05-16T02:57:05.291+0000] {logging_mixin.py:149} INFO - [2023-05-16T02:57:05.291+0000] {dag.py:3490} INFO - Setting next_dagrun for example_branch_datetime_operator_3 to 2023-05-15T00:00:00+00:00, run_after=2023-05-16T00:00:00+00:00
[2023-05-16T02:57:05.302+0000] {processor.py:178} INFO - Processing /home/airflow/.local/lib/python3.7/site-packages/airflow/example_dags/example_branch_datetime_operator.py took 0.071 seconds
[2023-05-16T03:07:32.964+0000] {processor.py:156} INFO - Started process (PID=61) to work on /home/airflow/.local/lib/python3.7/site-packages/airflow/example_dags/example_branch_datetime_operator.py
[2023-05-16T03:07:32.966+0000] {processor.py:799} INFO - Processing file /home/airflow/.local/lib/python3.7/site-packages/airflow/example_dags/example_branch_datetime_operator.py for tasks to queue
[2023-05-16T03:07:32.967+0000] {logging_mixin.py:149} INFO - [2023-05-16T03:07:32.967+0000] {dagbag.py:541} INFO - Filling up the DagBag from /home/airflow/.local/lib/python3.7/site-packages/airflow/example_dags/example_branch_datetime_operator.py
[2023-05-16T03:07:32.976+0000] {processor.py:809} INFO - DAG(s) dict_keys(['example_branch_datetime_operator', 'example_branch_datetime_operator_2', 'example_branch_datetime_operator_3']) retrieved from /home/airflow/.local/lib/python3.7/site-packages/airflow/example_dags/example_branch_datetime_operator.py
[2023-05-16T03:07:33.011+0000] {logging_mixin.py:149} INFO - [2023-05-16T03:07:33.011+0000] {dag.py:2726} INFO - Sync 3 DAGs
[2023-05-16T03:07:33.069+0000] {logging_mixin.py:149} INFO - [2023-05-16T03:07:33.069+0000] {dag.py:3490} INFO - Setting next_dagrun for example_branch_datetime_operator to 2023-05-15T00:00:00+00:00, run_after=2023-05-16T00:00:00+00:00
[2023-05-16T03:07:33.074+0000] {logging_mixin.py:149} INFO - [2023-05-16T03:07:33.073+0000] {dag.py:3490} INFO - Setting next_dagrun for example_branch_datetime_operator_2 to 2023-05-15T00:00:00+00:00, run_after=2023-05-16T00:00:00+00:00
[2023-05-16T03:07:33.076+0000] {logging_mixin.py:149} INFO - [2023-05-16T03:07:33.076+0000] {dag.py:3490} INFO - Setting next_dagrun for example_branch_datetime_operator_3 to 2023-05-15T00:00:00+00:00, run_after=2023-05-16T00:00:00+00:00
[2023-05-16T03:07:33.111+0000] {processor.py:178} INFO - Processing /home/airflow/.local/lib/python3.7/site-packages/airflow/example_dags/example_branch_datetime_operator.py took 0.151 seconds
[2023-05-16T03:08:04.090+0000] {processor.py:156} INFO - Started process (PID=116) to work on /home/airflow/.local/lib/python3.7/site-packages/airflow/example_dags/example_branch_datetime_operator.py
[2023-05-16T03:08:04.091+0000] {processor.py:799} INFO - Processing file /home/airflow/.local/lib/python3.7/site-packages/airflow/example_dags/example_branch_datetime_operator.py for tasks to queue
[2023-05-16T03:08:04.092+0000] {logging_mixin.py:149} INFO - [2023-05-16T03:08:04.092+0000] {dagbag.py:541} INFO - Filling up the DagBag from /home/airflow/.local/lib/python3.7/site-packages/airflow/example_dags/example_branch_datetime_operator.py
[2023-05-16T03:08:04.098+0000] {processor.py:809} INFO - DAG(s) dict_keys(['example_branch_datetime_operator_2', 'example_branch_datetime_operator', 'example_branch_datetime_operator_3']) retrieved from /home/airflow/.local/lib/python3.7/site-packages/airflow/example_dags/example_branch_datetime_operator.py
[2023-05-16T03:08:04.122+0000] {logging_mixin.py:149} INFO - [2023-05-16T03:08:04.122+0000] {dag.py:2726} INFO - Sync 3 DAGs
[2023-05-16T03:08:04.139+0000] {logging_mixin.py:149} INFO - [2023-05-16T03:08:04.139+0000] {dag.py:3490} INFO - Setting next_dagrun for example_branch_datetime_operator to 2023-05-15T00:00:00+00:00, run_after=2023-05-16T00:00:00+00:00
[2023-05-16T03:08:04.142+0000] {logging_mixin.py:149} INFO - [2023-05-16T03:08:04.142+0000] {dag.py:3490} INFO - Setting next_dagrun for example_branch_datetime_operator_2 to 2023-05-15T00:00:00+00:00, run_after=2023-05-16T00:00:00+00:00
[2023-05-16T03:08:04.144+0000] {logging_mixin.py:149} INFO - [2023-05-16T03:08:04.144+0000] {dag.py:3490} INFO - Setting next_dagrun for example_branch_datetime_operator_3 to 2023-05-15T00:00:00+00:00, run_after=2023-05-16T00:00:00+00:00
[2023-05-16T03:08:04.155+0000] {processor.py:178} INFO - Processing /home/airflow/.local/lib/python3.7/site-packages/airflow/example_dags/example_branch_datetime_operator.py took 0.069 seconds
[2023-05-16T03:08:34.470+0000] {processor.py:156} INFO - Started process (PID=172) to work on /home/airflow/.local/lib/python3.7/site-packages/airflow/example_dags/example_branch_datetime_operator.py
[2023-05-16T03:08:34.471+0000] {processor.py:799} INFO - Processing file /home/airflow/.local/lib/python3.7/site-packages/airflow/example_dags/example_branch_datetime_operator.py for tasks to queue
[2023-05-16T03:08:34.472+0000] {logging_mixin.py:149} INFO - [2023-05-16T03:08:34.472+0000] {dagbag.py:541} INFO - Filling up the DagBag from /home/airflow/.local/lib/python3.7/site-packages/airflow/example_dags/example_branch_datetime_operator.py
[2023-05-16T03:08:34.479+0000] {processor.py:809} INFO - DAG(s) dict_keys(['example_branch_datetime_operator', 'example_branch_datetime_operator_2', 'example_branch_datetime_operator_3']) retrieved from /home/airflow/.local/lib/python3.7/site-packages/airflow/example_dags/example_branch_datetime_operator.py
[2023-05-16T03:08:34.503+0000] {logging_mixin.py:149} INFO - [2023-05-16T03:08:34.503+0000] {dag.py:2726} INFO - Sync 3 DAGs
[2023-05-16T03:08:34.520+0000] {logging_mixin.py:149} INFO - [2023-05-16T03:08:34.520+0000] {dag.py:3490} INFO - Setting next_dagrun for example_branch_datetime_operator to 2023-05-15T00:00:00+00:00, run_after=2023-05-16T00:00:00+00:00
[2023-05-16T03:08:34.523+0000] {logging_mixin.py:149} INFO - [2023-05-16T03:08:34.523+0000] {dag.py:3490} INFO - Setting next_dagrun for example_branch_datetime_operator_2 to 2023-05-15T00:00:00+00:00, run_after=2023-05-16T00:00:00+00:00
[2023-05-16T03:08:34.525+0000] {logging_mixin.py:149} INFO - [2023-05-16T03:08:34.525+0000] {dag.py:3490} INFO - Setting next_dagrun for example_branch_datetime_operator_3 to 2023-05-15T00:00:00+00:00, run_after=2023-05-16T00:00:00+00:00
[2023-05-16T03:08:34.536+0000] {processor.py:178} INFO - Processing /home/airflow/.local/lib/python3.7/site-packages/airflow/example_dags/example_branch_datetime_operator.py took 0.070 seconds
[2023-05-16T03:09:05.034+0000] {processor.py:156} INFO - Started process (PID=228) to work on /home/airflow/.local/lib/python3.7/site-packages/airflow/example_dags/example_branch_datetime_operator.py
[2023-05-16T03:09:05.035+0000] {processor.py:799} INFO - Processing file /home/airflow/.local/lib/python3.7/site-packages/airflow/example_dags/example_branch_datetime_operator.py for tasks to queue
[2023-05-16T03:09:05.036+0000] {logging_mixin.py:149} INFO - [2023-05-16T03:09:05.036+0000] {dagbag.py:541} INFO - Filling up the DagBag from /home/airflow/.local/lib/python3.7/site-packages/airflow/example_dags/example_branch_datetime_operator.py
[2023-05-16T03:09:05.043+0000] {processor.py:809} INFO - DAG(s) dict_keys(['example_branch_datetime_operator_3', 'example_branch_datetime_operator_2', 'example_branch_datetime_operator']) retrieved from /home/airflow/.local/lib/python3.7/site-packages/airflow/example_dags/example_branch_datetime_operator.py
[2023-05-16T03:09:05.068+0000] {logging_mixin.py:149} INFO - [2023-05-16T03:09:05.068+0000] {dag.py:2726} INFO - Sync 3 DAGs
[2023-05-16T03:09:05.085+0000] {logging_mixin.py:149} INFO - [2023-05-16T03:09:05.085+0000] {dag.py:3490} INFO - Setting next_dagrun for example_branch_datetime_operator to 2023-05-15T00:00:00+00:00, run_after=2023-05-16T00:00:00+00:00
[2023-05-16T03:09:05.088+0000] {logging_mixin.py:149} INFO - [2023-05-16T03:09:05.088+0000] {dag.py:3490} INFO - Setting next_dagrun for example_branch_datetime_operator_2 to 2023-05-15T00:00:00+00:00, run_after=2023-05-16T00:00:00+00:00
[2023-05-16T03:09:05.090+0000] {logging_mixin.py:149} INFO - [2023-05-16T03:09:05.090+0000] {dag.py:3490} INFO - Setting next_dagrun for example_branch_datetime_operator_3 to 2023-05-15T00:00:00+00:00, run_after=2023-05-16T00:00:00+00:00
[2023-05-16T03:09:05.101+0000] {processor.py:178} INFO - Processing /home/airflow/.local/lib/python3.7/site-packages/airflow/example_dags/example_branch_datetime_operator.py took 0.071 seconds
[2023-05-16T03:09:35.492+0000] {processor.py:156} INFO - Started process (PID=284) to work on /home/airflow/.local/lib/python3.7/site-packages/airflow/example_dags/example_branch_datetime_operator.py
[2023-05-16T03:09:35.493+0000] {processor.py:799} INFO - Processing file /home/airflow/.local/lib/python3.7/site-packages/airflow/example_dags/example_branch_datetime_operator.py for tasks to queue
[2023-05-16T03:09:35.495+0000] {logging_mixin.py:149} INFO - [2023-05-16T03:09:35.495+0000] {dagbag.py:541} INFO - Filling up the DagBag from /home/airflow/.local/lib/python3.7/site-packages/airflow/example_dags/example_branch_datetime_operator.py
[2023-05-16T03:09:35.501+0000] {processor.py:809} INFO - DAG(s) dict_keys(['example_branch_datetime_operator_2', 'example_branch_datetime_operator_3', 'example_branch_datetime_operator']) retrieved from /home/airflow/.local/lib/python3.7/site-packages/airflow/example_dags/example_branch_datetime_operator.py
[2023-05-16T03:09:35.527+0000] {logging_mixin.py:149} INFO - [2023-05-16T03:09:35.527+0000] {dag.py:2726} INFO - Sync 3 DAGs
[2023-05-16T03:09:35.545+0000] {logging_mixin.py:149} INFO - [2023-05-16T03:09:35.545+0000] {dag.py:3490} INFO - Setting next_dagrun for example_branch_datetime_operator to 2023-05-15T00:00:00+00:00, run_after=2023-05-16T00:00:00+00:00
[2023-05-16T03:09:35.548+0000] {logging_mixin.py:149} INFO - [2023-05-16T03:09:35.548+0000] {dag.py:3490} INFO - Setting next_dagrun for example_branch_datetime_operator_2 to 2023-05-15T00:00:00+00:00, run_after=2023-05-16T00:00:00+00:00
[2023-05-16T03:09:35.550+0000] {logging_mixin.py:149} INFO - [2023-05-16T03:09:35.550+0000] {dag.py:3490} INFO - Setting next_dagrun for example_branch_datetime_operator_3 to 2023-05-15T00:00:00+00:00, run_after=2023-05-16T00:00:00+00:00
[2023-05-16T03:09:35.562+0000] {processor.py:178} INFO - Processing /home/airflow/.local/lib/python3.7/site-packages/airflow/example_dags/example_branch_datetime_operator.py took 0.073 seconds
[2023-05-16T03:10:06.086+0000] {processor.py:156} INFO - Started process (PID=340) to work on /home/airflow/.local/lib/python3.7/site-packages/airflow/example_dags/example_branch_datetime_operator.py
[2023-05-16T03:10:06.088+0000] {processor.py:799} INFO - Processing file /home/airflow/.local/lib/python3.7/site-packages/airflow/example_dags/example_branch_datetime_operator.py for tasks to queue
[2023-05-16T03:10:06.089+0000] {logging_mixin.py:149} INFO - [2023-05-16T03:10:06.089+0000] {dagbag.py:541} INFO - Filling up the DagBag from /home/airflow/.local/lib/python3.7/site-packages/airflow/example_dags/example_branch_datetime_operator.py
[2023-05-16T03:10:06.098+0000] {processor.py:809} INFO - DAG(s) dict_keys(['example_branch_datetime_operator', 'example_branch_datetime_operator_2', 'example_branch_datetime_operator_3']) retrieved from /home/airflow/.local/lib/python3.7/site-packages/airflow/example_dags/example_branch_datetime_operator.py
[2023-05-16T03:10:06.126+0000] {logging_mixin.py:149} INFO - [2023-05-16T03:10:06.126+0000] {dag.py:2726} INFO - Sync 3 DAGs
[2023-05-16T03:10:06.147+0000] {logging_mixin.py:149} INFO - [2023-05-16T03:10:06.147+0000] {dag.py:3490} INFO - Setting next_dagrun for example_branch_datetime_operator to 2023-05-15T00:00:00+00:00, run_after=2023-05-16T00:00:00+00:00
[2023-05-16T03:10:06.151+0000] {logging_mixin.py:149} INFO - [2023-05-16T03:10:06.151+0000] {dag.py:3490} INFO - Setting next_dagrun for example_branch_datetime_operator_2 to 2023-05-15T00:00:00+00:00, run_after=2023-05-16T00:00:00+00:00
[2023-05-16T03:10:06.153+0000] {logging_mixin.py:149} INFO - [2023-05-16T03:10:06.153+0000] {dag.py:3490} INFO - Setting next_dagrun for example_branch_datetime_operator_3 to 2023-05-15T00:00:00+00:00, run_after=2023-05-16T00:00:00+00:00
[2023-05-16T03:10:06.169+0000] {processor.py:178} INFO - Processing /home/airflow/.local/lib/python3.7/site-packages/airflow/example_dags/example_branch_datetime_operator.py took 0.086 seconds
[2023-05-16T03:10:36.581+0000] {processor.py:156} INFO - Started process (PID=396) to work on /home/airflow/.local/lib/python3.7/site-packages/airflow/example_dags/example_branch_datetime_operator.py
[2023-05-16T03:10:36.582+0000] {processor.py:799} INFO - Processing file /home/airflow/.local/lib/python3.7/site-packages/airflow/example_dags/example_branch_datetime_operator.py for tasks to queue
[2023-05-16T03:10:36.583+0000] {logging_mixin.py:149} INFO - [2023-05-16T03:10:36.583+0000] {dagbag.py:541} INFO - Filling up the DagBag from /home/airflow/.local/lib/python3.7/site-packages/airflow/example_dags/example_branch_datetime_operator.py
[2023-05-16T03:10:36.590+0000] {processor.py:809} INFO - DAG(s) dict_keys(['example_branch_datetime_operator_2', 'example_branch_datetime_operator', 'example_branch_datetime_operator_3']) retrieved from /home/airflow/.local/lib/python3.7/site-packages/airflow/example_dags/example_branch_datetime_operator.py
[2023-05-16T03:10:36.614+0000] {logging_mixin.py:149} INFO - [2023-05-16T03:10:36.614+0000] {dag.py:2726} INFO - Sync 3 DAGs
[2023-05-16T03:10:36.631+0000] {logging_mixin.py:149} INFO - [2023-05-16T03:10:36.630+0000] {dag.py:3490} INFO - Setting next_dagrun for example_branch_datetime_operator to 2023-05-15T00:00:00+00:00, run_after=2023-05-16T00:00:00+00:00
[2023-05-16T03:10:36.634+0000] {logging_mixin.py:149} INFO - [2023-05-16T03:10:36.634+0000] {dag.py:3490} INFO - Setting next_dagrun for example_branch_datetime_operator_2 to 2023-05-15T00:00:00+00:00, run_after=2023-05-16T00:00:00+00:00
[2023-05-16T03:10:36.636+0000] {logging_mixin.py:149} INFO - [2023-05-16T03:10:36.636+0000] {dag.py:3490} INFO - Setting next_dagrun for example_branch_datetime_operator_3 to 2023-05-15T00:00:00+00:00, run_after=2023-05-16T00:00:00+00:00
[2023-05-16T03:10:36.648+0000] {processor.py:178} INFO - Processing /home/airflow/.local/lib/python3.7/site-packages/airflow/example_dags/example_branch_datetime_operator.py took 0.070 seconds
