[2023-05-16T02:55:02.315+0000] {processor.py:156} INFO - Started process (PID=64) to work on /home/airflow/.local/lib/python3.7/site-packages/airflow/example_dags/example_sla_dag.py
[2023-05-16T02:55:02.317+0000] {processor.py:799} INFO - Processing file /home/airflow/.local/lib/python3.7/site-packages/airflow/example_dags/example_sla_dag.py for tasks to queue
[2023-05-16T02:55:02.319+0000] {logging_mixin.py:149} INFO - [2023-05-16T02:55:02.319+0000] {dagbag.py:541} INFO - Filling up the DagBag from /home/airflow/.local/lib/python3.7/site-packages/airflow/example_dags/example_sla_dag.py
[2023-05-16T02:55:02.337+0000] {processor.py:809} INFO - DAG(s) dict_keys(['example_sla_dag']) retrieved from /home/airflow/.local/lib/python3.7/site-packages/airflow/example_dags/example_sla_dag.py
[2023-05-16T02:55:02.443+0000] {logging_mixin.py:149} INFO - [2023-05-16T02:55:02.443+0000] {manager.py:504} INFO - Created Permission View: can read on DAG:example_sla_dag
[2023-05-16T02:55:02.451+0000] {logging_mixin.py:149} INFO - [2023-05-16T02:55:02.451+0000] {manager.py:504} INFO - Created Permission View: can delete on DAG:example_sla_dag
[2023-05-16T02:55:02.455+0000] {logging_mixin.py:149} INFO - [2023-05-16T02:55:02.455+0000] {manager.py:504} INFO - Created Permission View: can edit on DAG:example_sla_dag
[2023-05-16T02:55:02.456+0000] {logging_mixin.py:149} INFO - [2023-05-16T02:55:02.456+0000] {dag.py:2726} INFO - Sync 1 DAGs
[2023-05-16T02:55:02.465+0000] {logging_mixin.py:149} INFO - [2023-05-16T02:55:02.465+0000] {dag.py:2747} INFO - Creating ORM DAG for example_sla_dag
[2023-05-16T02:55:02.485+0000] {logging_mixin.py:149} INFO - [2023-05-16T02:55:02.485+0000] {dag.py:3490} INFO - Setting next_dagrun for example_sla_dag to 2023-05-16T02:52:00+00:00, run_after=2023-05-16T02:54:00+00:00
[2023-05-16T02:55:02.504+0000] {processor.py:178} INFO - Processing /home/airflow/.local/lib/python3.7/site-packages/airflow/example_dags/example_sla_dag.py took 0.193 seconds
[2023-05-16T02:55:33.809+0000] {processor.py:156} INFO - Started process (PID=120) to work on /home/airflow/.local/lib/python3.7/site-packages/airflow/example_dags/example_sla_dag.py
[2023-05-16T02:55:33.810+0000] {processor.py:799} INFO - Processing file /home/airflow/.local/lib/python3.7/site-packages/airflow/example_dags/example_sla_dag.py for tasks to queue
[2023-05-16T02:55:33.814+0000] {logging_mixin.py:149} INFO - [2023-05-16T02:55:33.814+0000] {dagbag.py:541} INFO - Filling up the DagBag from /home/airflow/.local/lib/python3.7/site-packages/airflow/example_dags/example_sla_dag.py
[2023-05-16T02:55:33.822+0000] {processor.py:809} INFO - DAG(s) dict_keys(['example_sla_dag']) retrieved from /home/airflow/.local/lib/python3.7/site-packages/airflow/example_dags/example_sla_dag.py
[2023-05-16T02:55:33.846+0000] {logging_mixin.py:149} INFO - [2023-05-16T02:55:33.846+0000] {dag.py:2726} INFO - Sync 1 DAGs
[2023-05-16T02:55:33.876+0000] {logging_mixin.py:149} INFO - [2023-05-16T02:55:33.876+0000] {dag.py:3490} INFO - Setting next_dagrun for example_sla_dag to 2023-05-16T02:52:00+00:00, run_after=2023-05-16T02:54:00+00:00
[2023-05-16T02:55:33.916+0000] {processor.py:178} INFO - Processing /home/airflow/.local/lib/python3.7/site-packages/airflow/example_dags/example_sla_dag.py took 0.111 seconds
[2023-05-16T02:56:04.440+0000] {processor.py:156} INFO - Started process (PID=176) to work on /home/airflow/.local/lib/python3.7/site-packages/airflow/example_dags/example_sla_dag.py
[2023-05-16T02:56:04.441+0000] {processor.py:799} INFO - Processing file /home/airflow/.local/lib/python3.7/site-packages/airflow/example_dags/example_sla_dag.py for tasks to queue
[2023-05-16T02:56:04.442+0000] {logging_mixin.py:149} INFO - [2023-05-16T02:56:04.442+0000] {dagbag.py:541} INFO - Filling up the DagBag from /home/airflow/.local/lib/python3.7/site-packages/airflow/example_dags/example_sla_dag.py
[2023-05-16T02:56:04.448+0000] {processor.py:809} INFO - DAG(s) dict_keys(['example_sla_dag']) retrieved from /home/airflow/.local/lib/python3.7/site-packages/airflow/example_dags/example_sla_dag.py
[2023-05-16T02:56:04.466+0000] {logging_mixin.py:149} INFO - [2023-05-16T02:56:04.466+0000] {dag.py:2726} INFO - Sync 1 DAGs
[2023-05-16T02:56:04.485+0000] {logging_mixin.py:149} INFO - [2023-05-16T02:56:04.485+0000] {dag.py:3490} INFO - Setting next_dagrun for example_sla_dag to 2023-05-16T02:54:00+00:00, run_after=2023-05-16T02:56:00+00:00
[2023-05-16T02:56:04.499+0000] {processor.py:178} INFO - Processing /home/airflow/.local/lib/python3.7/site-packages/airflow/example_dags/example_sla_dag.py took 0.062 seconds
[2023-05-16T02:56:34.965+0000] {processor.py:156} INFO - Started process (PID=232) to work on /home/airflow/.local/lib/python3.7/site-packages/airflow/example_dags/example_sla_dag.py
[2023-05-16T02:56:34.966+0000] {processor.py:799} INFO - Processing file /home/airflow/.local/lib/python3.7/site-packages/airflow/example_dags/example_sla_dag.py for tasks to queue
[2023-05-16T02:56:34.967+0000] {logging_mixin.py:149} INFO - [2023-05-16T02:56:34.967+0000] {dagbag.py:541} INFO - Filling up the DagBag from /home/airflow/.local/lib/python3.7/site-packages/airflow/example_dags/example_sla_dag.py
[2023-05-16T02:56:34.973+0000] {processor.py:809} INFO - DAG(s) dict_keys(['example_sla_dag']) retrieved from /home/airflow/.local/lib/python3.7/site-packages/airflow/example_dags/example_sla_dag.py
[2023-05-16T02:56:34.992+0000] {logging_mixin.py:149} INFO - [2023-05-16T02:56:34.992+0000] {dag.py:2726} INFO - Sync 1 DAGs
[2023-05-16T02:56:35.010+0000] {logging_mixin.py:149} INFO - [2023-05-16T02:56:35.010+0000] {dag.py:3490} INFO - Setting next_dagrun for example_sla_dag to 2023-05-16T02:54:00+00:00, run_after=2023-05-16T02:56:00+00:00
[2023-05-16T02:56:35.022+0000] {processor.py:178} INFO - Processing /home/airflow/.local/lib/python3.7/site-packages/airflow/example_dags/example_sla_dag.py took 0.060 seconds
[2023-05-16T02:57:05.440+0000] {processor.py:156} INFO - Started process (PID=288) to work on /home/airflow/.local/lib/python3.7/site-packages/airflow/example_dags/example_sla_dag.py
[2023-05-16T02:57:05.442+0000] {processor.py:799} INFO - Processing file /home/airflow/.local/lib/python3.7/site-packages/airflow/example_dags/example_sla_dag.py for tasks to queue
[2023-05-16T02:57:05.443+0000] {logging_mixin.py:149} INFO - [2023-05-16T02:57:05.443+0000] {dagbag.py:541} INFO - Filling up the DagBag from /home/airflow/.local/lib/python3.7/site-packages/airflow/example_dags/example_sla_dag.py
[2023-05-16T02:57:05.449+0000] {processor.py:809} INFO - DAG(s) dict_keys(['example_sla_dag']) retrieved from /home/airflow/.local/lib/python3.7/site-packages/airflow/example_dags/example_sla_dag.py
[2023-05-16T02:57:05.471+0000] {logging_mixin.py:149} INFO - [2023-05-16T02:57:05.471+0000] {dag.py:2726} INFO - Sync 1 DAGs
[2023-05-16T02:57:05.490+0000] {logging_mixin.py:149} INFO - [2023-05-16T02:57:05.490+0000] {dag.py:3490} INFO - Setting next_dagrun for example_sla_dag to 2023-05-16T02:54:00+00:00, run_after=2023-05-16T02:56:00+00:00
[2023-05-16T02:57:05.504+0000] {processor.py:178} INFO - Processing /home/airflow/.local/lib/python3.7/site-packages/airflow/example_dags/example_sla_dag.py took 0.067 seconds
[2023-05-16T03:07:33.590+0000] {processor.py:156} INFO - Started process (PID=66) to work on /home/airflow/.local/lib/python3.7/site-packages/airflow/example_dags/example_sla_dag.py
[2023-05-16T03:07:33.592+0000] {processor.py:799} INFO - Processing file /home/airflow/.local/lib/python3.7/site-packages/airflow/example_dags/example_sla_dag.py for tasks to queue
[2023-05-16T03:07:33.598+0000] {logging_mixin.py:149} INFO - [2023-05-16T03:07:33.598+0000] {dagbag.py:541} INFO - Filling up the DagBag from /home/airflow/.local/lib/python3.7/site-packages/airflow/example_dags/example_sla_dag.py
[2023-05-16T03:07:33.611+0000] {processor.py:809} INFO - DAG(s) dict_keys(['example_sla_dag']) retrieved from /home/airflow/.local/lib/python3.7/site-packages/airflow/example_dags/example_sla_dag.py
[2023-05-16T03:07:33.653+0000] {logging_mixin.py:149} INFO - [2023-05-16T03:07:33.653+0000] {dag.py:2726} INFO - Sync 1 DAGs
[2023-05-16T03:07:33.714+0000] {logging_mixin.py:149} INFO - [2023-05-16T03:07:33.714+0000] {dag.py:3490} INFO - Setting next_dagrun for example_sla_dag to 2023-05-16T03:04:00+00:00, run_after=2023-05-16T03:06:00+00:00
[2023-05-16T03:07:33.730+0000] {processor.py:178} INFO - Processing /home/airflow/.local/lib/python3.7/site-packages/airflow/example_dags/example_sla_dag.py took 0.146 seconds
[2023-05-16T03:08:04.289+0000] {processor.py:156} INFO - Started process (PID=121) to work on /home/airflow/.local/lib/python3.7/site-packages/airflow/example_dags/example_sla_dag.py
[2023-05-16T03:08:04.290+0000] {processor.py:799} INFO - Processing file /home/airflow/.local/lib/python3.7/site-packages/airflow/example_dags/example_sla_dag.py for tasks to queue
[2023-05-16T03:08:04.291+0000] {logging_mixin.py:149} INFO - [2023-05-16T03:08:04.291+0000] {dagbag.py:541} INFO - Filling up the DagBag from /home/airflow/.local/lib/python3.7/site-packages/airflow/example_dags/example_sla_dag.py
[2023-05-16T03:08:04.297+0000] {processor.py:809} INFO - DAG(s) dict_keys(['example_sla_dag']) retrieved from /home/airflow/.local/lib/python3.7/site-packages/airflow/example_dags/example_sla_dag.py
[2023-05-16T03:08:04.316+0000] {logging_mixin.py:149} INFO - [2023-05-16T03:08:04.316+0000] {dag.py:2726} INFO - Sync 1 DAGs
[2023-05-16T03:08:04.334+0000] {logging_mixin.py:149} INFO - [2023-05-16T03:08:04.334+0000] {dag.py:3490} INFO - Setting next_dagrun for example_sla_dag to 2023-05-16T03:06:00+00:00, run_after=2023-05-16T03:08:00+00:00
[2023-05-16T03:08:04.345+0000] {processor.py:178} INFO - Processing /home/airflow/.local/lib/python3.7/site-packages/airflow/example_dags/example_sla_dag.py took 0.059 seconds
[2023-05-16T03:08:34.751+0000] {processor.py:156} INFO - Started process (PID=177) to work on /home/airflow/.local/lib/python3.7/site-packages/airflow/example_dags/example_sla_dag.py
[2023-05-16T03:08:34.753+0000] {processor.py:799} INFO - Processing file /home/airflow/.local/lib/python3.7/site-packages/airflow/example_dags/example_sla_dag.py for tasks to queue
[2023-05-16T03:08:34.754+0000] {logging_mixin.py:149} INFO - [2023-05-16T03:08:34.754+0000] {dagbag.py:541} INFO - Filling up the DagBag from /home/airflow/.local/lib/python3.7/site-packages/airflow/example_dags/example_sla_dag.py
[2023-05-16T03:08:34.765+0000] {processor.py:809} INFO - DAG(s) dict_keys(['example_sla_dag']) retrieved from /home/airflow/.local/lib/python3.7/site-packages/airflow/example_dags/example_sla_dag.py
[2023-05-16T03:08:34.790+0000] {logging_mixin.py:149} INFO - [2023-05-16T03:08:34.790+0000] {dag.py:2726} INFO - Sync 1 DAGs
[2023-05-16T03:08:34.809+0000] {logging_mixin.py:149} INFO - [2023-05-16T03:08:34.809+0000] {dag.py:3490} INFO - Setting next_dagrun for example_sla_dag to 2023-05-16T03:06:00+00:00, run_after=2023-05-16T03:08:00+00:00
[2023-05-16T03:08:34.823+0000] {processor.py:178} INFO - Processing /home/airflow/.local/lib/python3.7/site-packages/airflow/example_dags/example_sla_dag.py took 0.074 seconds
[2023-05-16T03:09:05.241+0000] {processor.py:156} INFO - Started process (PID=233) to work on /home/airflow/.local/lib/python3.7/site-packages/airflow/example_dags/example_sla_dag.py
[2023-05-16T03:09:05.242+0000] {processor.py:799} INFO - Processing file /home/airflow/.local/lib/python3.7/site-packages/airflow/example_dags/example_sla_dag.py for tasks to queue
[2023-05-16T03:09:05.243+0000] {logging_mixin.py:149} INFO - [2023-05-16T03:09:05.243+0000] {dagbag.py:541} INFO - Filling up the DagBag from /home/airflow/.local/lib/python3.7/site-packages/airflow/example_dags/example_sla_dag.py
[2023-05-16T03:09:05.250+0000] {processor.py:809} INFO - DAG(s) dict_keys(['example_sla_dag']) retrieved from /home/airflow/.local/lib/python3.7/site-packages/airflow/example_dags/example_sla_dag.py
[2023-05-16T03:09:05.270+0000] {logging_mixin.py:149} INFO - [2023-05-16T03:09:05.270+0000] {dag.py:2726} INFO - Sync 1 DAGs
[2023-05-16T03:09:05.289+0000] {logging_mixin.py:149} INFO - [2023-05-16T03:09:05.289+0000] {dag.py:3490} INFO - Setting next_dagrun for example_sla_dag to 2023-05-16T03:06:00+00:00, run_after=2023-05-16T03:08:00+00:00
[2023-05-16T03:09:05.304+0000] {processor.py:178} INFO - Processing /home/airflow/.local/lib/python3.7/site-packages/airflow/example_dags/example_sla_dag.py took 0.065 seconds
[2023-05-16T03:09:35.757+0000] {processor.py:156} INFO - Started process (PID=289) to work on /home/airflow/.local/lib/python3.7/site-packages/airflow/example_dags/example_sla_dag.py
[2023-05-16T03:09:35.758+0000] {processor.py:799} INFO - Processing file /home/airflow/.local/lib/python3.7/site-packages/airflow/example_dags/example_sla_dag.py for tasks to queue
[2023-05-16T03:09:35.759+0000] {logging_mixin.py:149} INFO - [2023-05-16T03:09:35.759+0000] {dagbag.py:541} INFO - Filling up the DagBag from /home/airflow/.local/lib/python3.7/site-packages/airflow/example_dags/example_sla_dag.py
[2023-05-16T03:09:35.766+0000] {processor.py:809} INFO - DAG(s) dict_keys(['example_sla_dag']) retrieved from /home/airflow/.local/lib/python3.7/site-packages/airflow/example_dags/example_sla_dag.py
[2023-05-16T03:09:35.786+0000] {logging_mixin.py:149} INFO - [2023-05-16T03:09:35.786+0000] {dag.py:2726} INFO - Sync 1 DAGs
[2023-05-16T03:09:35.803+0000] {logging_mixin.py:149} INFO - [2023-05-16T03:09:35.803+0000] {dag.py:3490} INFO - Setting next_dagrun for example_sla_dag to 2023-05-16T03:06:00+00:00, run_after=2023-05-16T03:08:00+00:00
[2023-05-16T03:09:35.815+0000] {processor.py:178} INFO - Processing /home/airflow/.local/lib/python3.7/site-packages/airflow/example_dags/example_sla_dag.py took 0.061 seconds
[2023-05-16T03:10:06.326+0000] {processor.py:156} INFO - Started process (PID=345) to work on /home/airflow/.local/lib/python3.7/site-packages/airflow/example_dags/example_sla_dag.py
[2023-05-16T03:10:06.328+0000] {processor.py:799} INFO - Processing file /home/airflow/.local/lib/python3.7/site-packages/airflow/example_dags/example_sla_dag.py for tasks to queue
[2023-05-16T03:10:06.329+0000] {logging_mixin.py:149} INFO - [2023-05-16T03:10:06.329+0000] {dagbag.py:541} INFO - Filling up the DagBag from /home/airflow/.local/lib/python3.7/site-packages/airflow/example_dags/example_sla_dag.py
[2023-05-16T03:10:06.335+0000] {processor.py:809} INFO - DAG(s) dict_keys(['example_sla_dag']) retrieved from /home/airflow/.local/lib/python3.7/site-packages/airflow/example_dags/example_sla_dag.py
[2023-05-16T03:10:06.357+0000] {logging_mixin.py:149} INFO - [2023-05-16T03:10:06.357+0000] {dag.py:2726} INFO - Sync 1 DAGs
[2023-05-16T03:10:06.379+0000] {logging_mixin.py:149} INFO - [2023-05-16T03:10:06.379+0000] {dag.py:3490} INFO - Setting next_dagrun for example_sla_dag to 2023-05-16T03:08:00+00:00, run_after=2023-05-16T03:10:00+00:00
[2023-05-16T03:10:06.393+0000] {processor.py:178} INFO - Processing /home/airflow/.local/lib/python3.7/site-packages/airflow/example_dags/example_sla_dag.py took 0.069 seconds
[2023-05-16T03:10:36.836+0000] {processor.py:156} INFO - Started process (PID=401) to work on /home/airflow/.local/lib/python3.7/site-packages/airflow/example_dags/example_sla_dag.py
[2023-05-16T03:10:36.837+0000] {processor.py:799} INFO - Processing file /home/airflow/.local/lib/python3.7/site-packages/airflow/example_dags/example_sla_dag.py for tasks to queue
[2023-05-16T03:10:36.838+0000] {logging_mixin.py:149} INFO - [2023-05-16T03:10:36.838+0000] {dagbag.py:541} INFO - Filling up the DagBag from /home/airflow/.local/lib/python3.7/site-packages/airflow/example_dags/example_sla_dag.py
[2023-05-16T03:10:36.845+0000] {processor.py:809} INFO - DAG(s) dict_keys(['example_sla_dag']) retrieved from /home/airflow/.local/lib/python3.7/site-packages/airflow/example_dags/example_sla_dag.py
[2023-05-16T03:10:36.866+0000] {logging_mixin.py:149} INFO - [2023-05-16T03:10:36.866+0000] {dag.py:2726} INFO - Sync 1 DAGs
[2023-05-16T03:10:36.885+0000] {logging_mixin.py:149} INFO - [2023-05-16T03:10:36.885+0000] {dag.py:3490} INFO - Setting next_dagrun for example_sla_dag to 2023-05-16T03:08:00+00:00, run_after=2023-05-16T03:10:00+00:00
[2023-05-16T03:10:36.897+0000] {processor.py:178} INFO - Processing /home/airflow/.local/lib/python3.7/site-packages/airflow/example_dags/example_sla_dag.py took 0.063 seconds
