[2023-05-16T02:54:52.462+0000] {processor.py:156} INFO - Started process (PID=32) to work on /home/airflow/.local/lib/python3.7/site-packages/airflow/example_dags/example_dynamic_task_mapping.py
[2023-05-16T02:54:52.464+0000] {processor.py:799} INFO - Processing file /home/airflow/.local/lib/python3.7/site-packages/airflow/example_dags/example_dynamic_task_mapping.py for tasks to queue
[2023-05-16T02:54:52.465+0000] {logging_mixin.py:149} INFO - [2023-05-16T02:54:52.465+0000] {dagbag.py:541} INFO - Filling up the DagBag from /home/airflow/.local/lib/python3.7/site-packages/airflow/example_dags/example_dynamic_task_mapping.py
[2023-05-16T02:54:52.475+0000] {processor.py:809} INFO - DAG(s) dict_keys(['example_dynamic_task_mapping']) retrieved from /home/airflow/.local/lib/python3.7/site-packages/airflow/example_dags/example_dynamic_task_mapping.py
[2023-05-16T02:54:52.693+0000] {logging_mixin.py:149} INFO - [2023-05-16T02:54:52.693+0000] {manager.py:504} INFO - Created Permission View: can read on DAG:example_dynamic_task_mapping
[2023-05-16T02:54:52.709+0000] {logging_mixin.py:149} INFO - [2023-05-16T02:54:52.709+0000] {manager.py:504} INFO - Created Permission View: can delete on DAG:example_dynamic_task_mapping
[2023-05-16T02:54:52.721+0000] {logging_mixin.py:149} INFO - [2023-05-16T02:54:52.721+0000] {manager.py:504} INFO - Created Permission View: can edit on DAG:example_dynamic_task_mapping
[2023-05-16T02:54:52.723+0000] {logging_mixin.py:149} INFO - [2023-05-16T02:54:52.723+0000] {dag.py:2726} INFO - Sync 1 DAGs
[2023-05-16T02:54:52.741+0000] {logging_mixin.py:149} INFO - [2023-05-16T02:54:52.741+0000] {dag.py:2747} INFO - Creating ORM DAG for example_dynamic_task_mapping
[2023-05-16T02:54:52.756+0000] {logging_mixin.py:149} INFO - [2023-05-16T02:54:52.756+0000] {dag.py:3490} INFO - Setting next_dagrun for example_dynamic_task_mapping to 2022-03-04T00:00:00+00:00, run_after=2022-03-05T00:00:00+00:00
[2023-05-16T02:54:52.770+0000] {processor.py:178} INFO - Processing /home/airflow/.local/lib/python3.7/site-packages/airflow/example_dags/example_dynamic_task_mapping.py took 0.312 seconds
[2023-05-16T02:55:22.934+0000] {processor.py:156} INFO - Started process (PID=88) to work on /home/airflow/.local/lib/python3.7/site-packages/airflow/example_dags/example_dynamic_task_mapping.py
[2023-05-16T02:55:22.936+0000] {processor.py:799} INFO - Processing file /home/airflow/.local/lib/python3.7/site-packages/airflow/example_dags/example_dynamic_task_mapping.py for tasks to queue
[2023-05-16T02:55:22.939+0000] {logging_mixin.py:149} INFO - [2023-05-16T02:55:22.939+0000] {dagbag.py:541} INFO - Filling up the DagBag from /home/airflow/.local/lib/python3.7/site-packages/airflow/example_dags/example_dynamic_task_mapping.py
[2023-05-16T02:55:22.948+0000] {processor.py:809} INFO - DAG(s) dict_keys(['example_dynamic_task_mapping']) retrieved from /home/airflow/.local/lib/python3.7/site-packages/airflow/example_dags/example_dynamic_task_mapping.py
[2023-05-16T02:55:22.993+0000] {logging_mixin.py:149} INFO - [2023-05-16T02:55:22.993+0000] {dag.py:2726} INFO - Sync 1 DAGs
[2023-05-16T02:55:23.033+0000] {logging_mixin.py:149} INFO - [2023-05-16T02:55:23.033+0000] {dag.py:3490} INFO - Setting next_dagrun for example_dynamic_task_mapping to 2022-03-04T00:00:00+00:00, run_after=2022-03-05T00:00:00+00:00
[2023-05-16T02:55:23.066+0000] {processor.py:178} INFO - Processing /home/airflow/.local/lib/python3.7/site-packages/airflow/example_dags/example_dynamic_task_mapping.py took 0.136 seconds
[2023-05-16T02:55:53.625+0000] {processor.py:156} INFO - Started process (PID=144) to work on /home/airflow/.local/lib/python3.7/site-packages/airflow/example_dags/example_dynamic_task_mapping.py
[2023-05-16T02:55:53.633+0000] {processor.py:799} INFO - Processing file /home/airflow/.local/lib/python3.7/site-packages/airflow/example_dags/example_dynamic_task_mapping.py for tasks to queue
[2023-05-16T02:55:53.636+0000] {logging_mixin.py:149} INFO - [2023-05-16T02:55:53.636+0000] {dagbag.py:541} INFO - Filling up the DagBag from /home/airflow/.local/lib/python3.7/site-packages/airflow/example_dags/example_dynamic_task_mapping.py
[2023-05-16T02:55:53.654+0000] {processor.py:809} INFO - DAG(s) dict_keys(['example_dynamic_task_mapping']) retrieved from /home/airflow/.local/lib/python3.7/site-packages/airflow/example_dags/example_dynamic_task_mapping.py
[2023-05-16T02:55:53.703+0000] {logging_mixin.py:149} INFO - [2023-05-16T02:55:53.703+0000] {dag.py:2726} INFO - Sync 1 DAGs
[2023-05-16T02:55:53.732+0000] {logging_mixin.py:149} INFO - [2023-05-16T02:55:53.732+0000] {dag.py:3490} INFO - Setting next_dagrun for example_dynamic_task_mapping to 2022-03-04T00:00:00+00:00, run_after=2022-03-05T00:00:00+00:00
[2023-05-16T02:55:53.809+0000] {processor.py:178} INFO - Processing /home/airflow/.local/lib/python3.7/site-packages/airflow/example_dags/example_dynamic_task_mapping.py took 0.188 seconds
[2023-05-16T02:56:24.149+0000] {processor.py:156} INFO - Started process (PID=200) to work on /home/airflow/.local/lib/python3.7/site-packages/airflow/example_dags/example_dynamic_task_mapping.py
[2023-05-16T02:56:24.150+0000] {processor.py:799} INFO - Processing file /home/airflow/.local/lib/python3.7/site-packages/airflow/example_dags/example_dynamic_task_mapping.py for tasks to queue
[2023-05-16T02:56:24.151+0000] {logging_mixin.py:149} INFO - [2023-05-16T02:56:24.151+0000] {dagbag.py:541} INFO - Filling up the DagBag from /home/airflow/.local/lib/python3.7/site-packages/airflow/example_dags/example_dynamic_task_mapping.py
[2023-05-16T02:56:24.158+0000] {processor.py:809} INFO - DAG(s) dict_keys(['example_dynamic_task_mapping']) retrieved from /home/airflow/.local/lib/python3.7/site-packages/airflow/example_dags/example_dynamic_task_mapping.py
[2023-05-16T02:56:24.178+0000] {logging_mixin.py:149} INFO - [2023-05-16T02:56:24.178+0000] {dag.py:2726} INFO - Sync 1 DAGs
[2023-05-16T02:56:24.195+0000] {logging_mixin.py:149} INFO - [2023-05-16T02:56:24.195+0000] {dag.py:3490} INFO - Setting next_dagrun for example_dynamic_task_mapping to 2022-03-04T00:00:00+00:00, run_after=2022-03-05T00:00:00+00:00
[2023-05-16T02:56:24.207+0000] {processor.py:178} INFO - Processing /home/airflow/.local/lib/python3.7/site-packages/airflow/example_dags/example_dynamic_task_mapping.py took 0.061 seconds
[2023-05-16T02:56:54.653+0000] {processor.py:156} INFO - Started process (PID=256) to work on /home/airflow/.local/lib/python3.7/site-packages/airflow/example_dags/example_dynamic_task_mapping.py
[2023-05-16T02:56:54.655+0000] {processor.py:799} INFO - Processing file /home/airflow/.local/lib/python3.7/site-packages/airflow/example_dags/example_dynamic_task_mapping.py for tasks to queue
[2023-05-16T02:56:54.656+0000] {logging_mixin.py:149} INFO - [2023-05-16T02:56:54.656+0000] {dagbag.py:541} INFO - Filling up the DagBag from /home/airflow/.local/lib/python3.7/site-packages/airflow/example_dags/example_dynamic_task_mapping.py
[2023-05-16T02:56:54.661+0000] {processor.py:809} INFO - DAG(s) dict_keys(['example_dynamic_task_mapping']) retrieved from /home/airflow/.local/lib/python3.7/site-packages/airflow/example_dags/example_dynamic_task_mapping.py
[2023-05-16T02:56:54.685+0000] {logging_mixin.py:149} INFO - [2023-05-16T02:56:54.685+0000] {dag.py:2726} INFO - Sync 1 DAGs
[2023-05-16T02:56:54.704+0000] {logging_mixin.py:149} INFO - [2023-05-16T02:56:54.704+0000] {dag.py:3490} INFO - Setting next_dagrun for example_dynamic_task_mapping to 2022-03-04T00:00:00+00:00, run_after=2022-03-05T00:00:00+00:00
[2023-05-16T02:56:54.716+0000] {processor.py:178} INFO - Processing /home/airflow/.local/lib/python3.7/site-packages/airflow/example_dags/example_dynamic_task_mapping.py took 0.066 seconds
[2023-05-16T02:57:25.158+0000] {processor.py:156} INFO - Started process (PID=312) to work on /home/airflow/.local/lib/python3.7/site-packages/airflow/example_dags/example_dynamic_task_mapping.py
[2023-05-16T02:57:25.159+0000] {processor.py:799} INFO - Processing file /home/airflow/.local/lib/python3.7/site-packages/airflow/example_dags/example_dynamic_task_mapping.py for tasks to queue
[2023-05-16T02:57:25.160+0000] {logging_mixin.py:149} INFO - [2023-05-16T02:57:25.160+0000] {dagbag.py:541} INFO - Filling up the DagBag from /home/airflow/.local/lib/python3.7/site-packages/airflow/example_dags/example_dynamic_task_mapping.py
[2023-05-16T02:57:25.167+0000] {processor.py:809} INFO - DAG(s) dict_keys(['example_dynamic_task_mapping']) retrieved from /home/airflow/.local/lib/python3.7/site-packages/airflow/example_dags/example_dynamic_task_mapping.py
[2023-05-16T02:57:25.186+0000] {logging_mixin.py:149} INFO - [2023-05-16T02:57:25.186+0000] {dag.py:2726} INFO - Sync 1 DAGs
[2023-05-16T02:57:25.204+0000] {logging_mixin.py:149} INFO - [2023-05-16T02:57:25.204+0000] {dag.py:3490} INFO - Setting next_dagrun for example_dynamic_task_mapping to 2022-03-04T00:00:00+00:00, run_after=2022-03-05T00:00:00+00:00
[2023-05-16T02:57:25.216+0000] {processor.py:178} INFO - Processing /home/airflow/.local/lib/python3.7/site-packages/airflow/example_dags/example_dynamic_task_mapping.py took 0.060 seconds
[2023-05-16T03:07:30.319+0000] {processor.py:156} INFO - Started process (PID=34) to work on /home/airflow/.local/lib/python3.7/site-packages/airflow/example_dags/example_dynamic_task_mapping.py
[2023-05-16T03:07:30.321+0000] {processor.py:799} INFO - Processing file /home/airflow/.local/lib/python3.7/site-packages/airflow/example_dags/example_dynamic_task_mapping.py for tasks to queue
[2023-05-16T03:07:30.325+0000] {logging_mixin.py:149} INFO - [2023-05-16T03:07:30.325+0000] {dagbag.py:541} INFO - Filling up the DagBag from /home/airflow/.local/lib/python3.7/site-packages/airflow/example_dags/example_dynamic_task_mapping.py
[2023-05-16T03:07:30.337+0000] {processor.py:809} INFO - DAG(s) dict_keys(['example_dynamic_task_mapping']) retrieved from /home/airflow/.local/lib/python3.7/site-packages/airflow/example_dags/example_dynamic_task_mapping.py
[2023-05-16T03:07:30.360+0000] {logging_mixin.py:149} INFO - [2023-05-16T03:07:30.360+0000] {dag.py:2726} INFO - Sync 1 DAGs
[2023-05-16T03:07:30.384+0000] {logging_mixin.py:149} INFO - [2023-05-16T03:07:30.384+0000] {dag.py:3490} INFO - Setting next_dagrun for example_dynamic_task_mapping to 2022-03-04T00:00:00+00:00, run_after=2022-03-05T00:00:00+00:00
[2023-05-16T03:07:30.398+0000] {processor.py:178} INFO - Processing /home/airflow/.local/lib/python3.7/site-packages/airflow/example_dags/example_dynamic_task_mapping.py took 0.082 seconds
[2023-05-16T03:08:00.625+0000] {processor.py:156} INFO - Started process (PID=89) to work on /home/airflow/.local/lib/python3.7/site-packages/airflow/example_dags/example_dynamic_task_mapping.py
[2023-05-16T03:08:00.627+0000] {processor.py:799} INFO - Processing file /home/airflow/.local/lib/python3.7/site-packages/airflow/example_dags/example_dynamic_task_mapping.py for tasks to queue
[2023-05-16T03:08:00.628+0000] {logging_mixin.py:149} INFO - [2023-05-16T03:08:00.628+0000] {dagbag.py:541} INFO - Filling up the DagBag from /home/airflow/.local/lib/python3.7/site-packages/airflow/example_dags/example_dynamic_task_mapping.py
[2023-05-16T03:08:00.633+0000] {processor.py:809} INFO - DAG(s) dict_keys(['example_dynamic_task_mapping']) retrieved from /home/airflow/.local/lib/python3.7/site-packages/airflow/example_dags/example_dynamic_task_mapping.py
[2023-05-16T03:08:00.653+0000] {logging_mixin.py:149} INFO - [2023-05-16T03:08:00.653+0000] {dag.py:2726} INFO - Sync 1 DAGs
[2023-05-16T03:08:00.670+0000] {logging_mixin.py:149} INFO - [2023-05-16T03:08:00.670+0000] {dag.py:3490} INFO - Setting next_dagrun for example_dynamic_task_mapping to 2022-03-04T00:00:00+00:00, run_after=2022-03-05T00:00:00+00:00
[2023-05-16T03:08:00.681+0000] {processor.py:178} INFO - Processing /home/airflow/.local/lib/python3.7/site-packages/airflow/example_dags/example_dynamic_task_mapping.py took 0.059 seconds
[2023-05-16T03:08:31.114+0000] {processor.py:156} INFO - Started process (PID=145) to work on /home/airflow/.local/lib/python3.7/site-packages/airflow/example_dags/example_dynamic_task_mapping.py
[2023-05-16T03:08:31.115+0000] {processor.py:799} INFO - Processing file /home/airflow/.local/lib/python3.7/site-packages/airflow/example_dags/example_dynamic_task_mapping.py for tasks to queue
[2023-05-16T03:08:31.117+0000] {logging_mixin.py:149} INFO - [2023-05-16T03:08:31.116+0000] {dagbag.py:541} INFO - Filling up the DagBag from /home/airflow/.local/lib/python3.7/site-packages/airflow/example_dags/example_dynamic_task_mapping.py
[2023-05-16T03:08:31.122+0000] {processor.py:809} INFO - DAG(s) dict_keys(['example_dynamic_task_mapping']) retrieved from /home/airflow/.local/lib/python3.7/site-packages/airflow/example_dags/example_dynamic_task_mapping.py
[2023-05-16T03:08:31.141+0000] {logging_mixin.py:149} INFO - [2023-05-16T03:08:31.141+0000] {dag.py:2726} INFO - Sync 1 DAGs
[2023-05-16T03:08:31.158+0000] {logging_mixin.py:149} INFO - [2023-05-16T03:08:31.158+0000] {dag.py:3490} INFO - Setting next_dagrun for example_dynamic_task_mapping to 2022-03-04T00:00:00+00:00, run_after=2022-03-05T00:00:00+00:00
[2023-05-16T03:08:31.170+0000] {processor.py:178} INFO - Processing /home/airflow/.local/lib/python3.7/site-packages/airflow/example_dags/example_dynamic_task_mapping.py took 0.059 seconds
[2023-05-16T03:09:01.590+0000] {processor.py:156} INFO - Started process (PID=201) to work on /home/airflow/.local/lib/python3.7/site-packages/airflow/example_dags/example_dynamic_task_mapping.py
[2023-05-16T03:09:01.592+0000] {processor.py:799} INFO - Processing file /home/airflow/.local/lib/python3.7/site-packages/airflow/example_dags/example_dynamic_task_mapping.py for tasks to queue
[2023-05-16T03:09:01.593+0000] {logging_mixin.py:149} INFO - [2023-05-16T03:09:01.592+0000] {dagbag.py:541} INFO - Filling up the DagBag from /home/airflow/.local/lib/python3.7/site-packages/airflow/example_dags/example_dynamic_task_mapping.py
[2023-05-16T03:09:01.598+0000] {processor.py:809} INFO - DAG(s) dict_keys(['example_dynamic_task_mapping']) retrieved from /home/airflow/.local/lib/python3.7/site-packages/airflow/example_dags/example_dynamic_task_mapping.py
[2023-05-16T03:09:01.617+0000] {logging_mixin.py:149} INFO - [2023-05-16T03:09:01.617+0000] {dag.py:2726} INFO - Sync 1 DAGs
[2023-05-16T03:09:01.636+0000] {logging_mixin.py:149} INFO - [2023-05-16T03:09:01.636+0000] {dag.py:3490} INFO - Setting next_dagrun for example_dynamic_task_mapping to 2022-03-04T00:00:00+00:00, run_after=2022-03-05T00:00:00+00:00
[2023-05-16T03:09:01.648+0000] {processor.py:178} INFO - Processing /home/airflow/.local/lib/python3.7/site-packages/airflow/example_dags/example_dynamic_task_mapping.py took 0.061 seconds
[2023-05-16T03:09:32.059+0000] {processor.py:156} INFO - Started process (PID=257) to work on /home/airflow/.local/lib/python3.7/site-packages/airflow/example_dags/example_dynamic_task_mapping.py
[2023-05-16T03:09:32.060+0000] {processor.py:799} INFO - Processing file /home/airflow/.local/lib/python3.7/site-packages/airflow/example_dags/example_dynamic_task_mapping.py for tasks to queue
[2023-05-16T03:09:32.061+0000] {logging_mixin.py:149} INFO - [2023-05-16T03:09:32.061+0000] {dagbag.py:541} INFO - Filling up the DagBag from /home/airflow/.local/lib/python3.7/site-packages/airflow/example_dags/example_dynamic_task_mapping.py
[2023-05-16T03:09:32.068+0000] {processor.py:809} INFO - DAG(s) dict_keys(['example_dynamic_task_mapping']) retrieved from /home/airflow/.local/lib/python3.7/site-packages/airflow/example_dags/example_dynamic_task_mapping.py
[2023-05-16T03:09:32.088+0000] {logging_mixin.py:149} INFO - [2023-05-16T03:09:32.088+0000] {dag.py:2726} INFO - Sync 1 DAGs
[2023-05-16T03:09:32.106+0000] {logging_mixin.py:149} INFO - [2023-05-16T03:09:32.106+0000] {dag.py:3490} INFO - Setting next_dagrun for example_dynamic_task_mapping to 2022-03-04T00:00:00+00:00, run_after=2022-03-05T00:00:00+00:00
[2023-05-16T03:09:32.118+0000] {processor.py:178} INFO - Processing /home/airflow/.local/lib/python3.7/site-packages/airflow/example_dags/example_dynamic_task_mapping.py took 0.062 seconds
[2023-05-16T03:10:02.588+0000] {processor.py:156} INFO - Started process (PID=313) to work on /home/airflow/.local/lib/python3.7/site-packages/airflow/example_dags/example_dynamic_task_mapping.py
[2023-05-16T03:10:02.590+0000] {processor.py:799} INFO - Processing file /home/airflow/.local/lib/python3.7/site-packages/airflow/example_dags/example_dynamic_task_mapping.py for tasks to queue
[2023-05-16T03:10:02.592+0000] {logging_mixin.py:149} INFO - [2023-05-16T03:10:02.592+0000] {dagbag.py:541} INFO - Filling up the DagBag from /home/airflow/.local/lib/python3.7/site-packages/airflow/example_dags/example_dynamic_task_mapping.py
[2023-05-16T03:10:02.598+0000] {processor.py:809} INFO - DAG(s) dict_keys(['example_dynamic_task_mapping']) retrieved from /home/airflow/.local/lib/python3.7/site-packages/airflow/example_dags/example_dynamic_task_mapping.py
[2023-05-16T03:10:02.619+0000] {logging_mixin.py:149} INFO - [2023-05-16T03:10:02.619+0000] {dag.py:2726} INFO - Sync 1 DAGs
[2023-05-16T03:10:02.637+0000] {logging_mixin.py:149} INFO - [2023-05-16T03:10:02.636+0000] {dag.py:3490} INFO - Setting next_dagrun for example_dynamic_task_mapping to 2022-03-04T00:00:00+00:00, run_after=2022-03-05T00:00:00+00:00
[2023-05-16T03:10:02.650+0000] {processor.py:178} INFO - Processing /home/airflow/.local/lib/python3.7/site-packages/airflow/example_dags/example_dynamic_task_mapping.py took 0.064 seconds
[2023-05-16T03:10:33.225+0000] {processor.py:156} INFO - Started process (PID=369) to work on /home/airflow/.local/lib/python3.7/site-packages/airflow/example_dags/example_dynamic_task_mapping.py
[2023-05-16T03:10:33.226+0000] {processor.py:799} INFO - Processing file /home/airflow/.local/lib/python3.7/site-packages/airflow/example_dags/example_dynamic_task_mapping.py for tasks to queue
[2023-05-16T03:10:33.227+0000] {logging_mixin.py:149} INFO - [2023-05-16T03:10:33.227+0000] {dagbag.py:541} INFO - Filling up the DagBag from /home/airflow/.local/lib/python3.7/site-packages/airflow/example_dags/example_dynamic_task_mapping.py
[2023-05-16T03:10:33.232+0000] {processor.py:809} INFO - DAG(s) dict_keys(['example_dynamic_task_mapping']) retrieved from /home/airflow/.local/lib/python3.7/site-packages/airflow/example_dags/example_dynamic_task_mapping.py
[2023-05-16T03:10:33.252+0000] {logging_mixin.py:149} INFO - [2023-05-16T03:10:33.252+0000] {dag.py:2726} INFO - Sync 1 DAGs
[2023-05-16T03:10:33.268+0000] {logging_mixin.py:149} INFO - [2023-05-16T03:10:33.268+0000] {dag.py:3490} INFO - Setting next_dagrun for example_dynamic_task_mapping to 2022-03-04T00:00:00+00:00, run_after=2022-03-05T00:00:00+00:00
[2023-05-16T03:10:33.280+0000] {processor.py:178} INFO - Processing /home/airflow/.local/lib/python3.7/site-packages/airflow/example_dags/example_dynamic_task_mapping.py took 0.058 seconds
