[2023-05-16T02:55:02.875+0000] {processor.py:156} INFO - Started process (PID=69) to work on /home/airflow/.local/lib/python3.7/site-packages/airflow/example_dags/example_task_group_decorator.py
[2023-05-16T02:55:02.877+0000] {processor.py:799} INFO - Processing file /home/airflow/.local/lib/python3.7/site-packages/airflow/example_dags/example_task_group_decorator.py for tasks to queue
[2023-05-16T02:55:02.878+0000] {logging_mixin.py:149} INFO - [2023-05-16T02:55:02.878+0000] {dagbag.py:541} INFO - Filling up the DagBag from /home/airflow/.local/lib/python3.7/site-packages/airflow/example_dags/example_task_group_decorator.py
[2023-05-16T02:55:02.897+0000] {processor.py:809} INFO - DAG(s) dict_keys(['example_task_group_decorator']) retrieved from /home/airflow/.local/lib/python3.7/site-packages/airflow/example_dags/example_task_group_decorator.py
[2023-05-16T02:55:02.984+0000] {logging_mixin.py:149} INFO - [2023-05-16T02:55:02.984+0000] {manager.py:504} INFO - Created Permission View: can read on DAG:example_task_group_decorator
[2023-05-16T02:55:02.991+0000] {logging_mixin.py:149} INFO - [2023-05-16T02:55:02.991+0000] {manager.py:504} INFO - Created Permission View: can delete on DAG:example_task_group_decorator
[2023-05-16T02:55:02.995+0000] {logging_mixin.py:149} INFO - [2023-05-16T02:55:02.995+0000] {manager.py:504} INFO - Created Permission View: can edit on DAG:example_task_group_decorator
[2023-05-16T02:55:02.996+0000] {logging_mixin.py:149} INFO - [2023-05-16T02:55:02.996+0000] {dag.py:2726} INFO - Sync 1 DAGs
[2023-05-16T02:55:03.005+0000] {logging_mixin.py:149} INFO - [2023-05-16T02:55:03.005+0000] {dag.py:2747} INFO - Creating ORM DAG for example_task_group_decorator
[2023-05-16T02:55:03.017+0000] {logging_mixin.py:149} INFO - [2023-05-16T02:55:03.017+0000] {dag.py:3490} INFO - Setting next_dagrun for example_task_group_decorator to 2023-05-15T02:55:03.016726+00:00, run_after=2023-05-16T02:55:03.016726+00:00
[2023-05-16T02:55:03.031+0000] {processor.py:178} INFO - Processing /home/airflow/.local/lib/python3.7/site-packages/airflow/example_dags/example_task_group_decorator.py took 0.160 seconds
[2023-05-16T02:55:34.260+0000] {processor.py:156} INFO - Started process (PID=125) to work on /home/airflow/.local/lib/python3.7/site-packages/airflow/example_dags/example_task_group_decorator.py
[2023-05-16T02:55:34.263+0000] {processor.py:799} INFO - Processing file /home/airflow/.local/lib/python3.7/site-packages/airflow/example_dags/example_task_group_decorator.py for tasks to queue
[2023-05-16T02:55:34.268+0000] {logging_mixin.py:149} INFO - [2023-05-16T02:55:34.268+0000] {dagbag.py:541} INFO - Filling up the DagBag from /home/airflow/.local/lib/python3.7/site-packages/airflow/example_dags/example_task_group_decorator.py
[2023-05-16T02:55:34.279+0000] {processor.py:809} INFO - DAG(s) dict_keys(['example_task_group_decorator']) retrieved from /home/airflow/.local/lib/python3.7/site-packages/airflow/example_dags/example_task_group_decorator.py
[2023-05-16T02:55:34.317+0000] {logging_mixin.py:149} INFO - [2023-05-16T02:55:34.317+0000] {dag.py:2726} INFO - Sync 1 DAGs
[2023-05-16T02:55:34.339+0000] {logging_mixin.py:149} INFO - [2023-05-16T02:55:34.339+0000] {dag.py:3490} INFO - Setting next_dagrun for example_task_group_decorator to 2023-05-15T02:55:34.339180+00:00, run_after=2023-05-16T02:55:34.339180+00:00
[2023-05-16T02:55:34.381+0000] {processor.py:178} INFO - Processing /home/airflow/.local/lib/python3.7/site-packages/airflow/example_dags/example_task_group_decorator.py took 0.123 seconds
[2023-05-16T02:56:04.638+0000] {processor.py:156} INFO - Started process (PID=181) to work on /home/airflow/.local/lib/python3.7/site-packages/airflow/example_dags/example_task_group_decorator.py
[2023-05-16T02:56:04.639+0000] {processor.py:799} INFO - Processing file /home/airflow/.local/lib/python3.7/site-packages/airflow/example_dags/example_task_group_decorator.py for tasks to queue
[2023-05-16T02:56:04.640+0000] {logging_mixin.py:149} INFO - [2023-05-16T02:56:04.640+0000] {dagbag.py:541} INFO - Filling up the DagBag from /home/airflow/.local/lib/python3.7/site-packages/airflow/example_dags/example_task_group_decorator.py
[2023-05-16T02:56:04.649+0000] {processor.py:809} INFO - DAG(s) dict_keys(['example_task_group_decorator']) retrieved from /home/airflow/.local/lib/python3.7/site-packages/airflow/example_dags/example_task_group_decorator.py
[2023-05-16T02:56:04.671+0000] {logging_mixin.py:149} INFO - [2023-05-16T02:56:04.671+0000] {dag.py:2726} INFO - Sync 1 DAGs
[2023-05-16T02:56:04.687+0000] {logging_mixin.py:149} INFO - [2023-05-16T02:56:04.687+0000] {dag.py:3490} INFO - Setting next_dagrun for example_task_group_decorator to 2023-05-15T02:56:04.687003+00:00, run_after=2023-05-16T02:56:04.687003+00:00
[2023-05-16T02:56:04.698+0000] {processor.py:178} INFO - Processing /home/airflow/.local/lib/python3.7/site-packages/airflow/example_dags/example_task_group_decorator.py took 0.063 seconds
[2023-05-16T02:56:35.164+0000] {processor.py:156} INFO - Started process (PID=237) to work on /home/airflow/.local/lib/python3.7/site-packages/airflow/example_dags/example_task_group_decorator.py
[2023-05-16T02:56:35.165+0000] {processor.py:799} INFO - Processing file /home/airflow/.local/lib/python3.7/site-packages/airflow/example_dags/example_task_group_decorator.py for tasks to queue
[2023-05-16T02:56:35.166+0000] {logging_mixin.py:149} INFO - [2023-05-16T02:56:35.166+0000] {dagbag.py:541} INFO - Filling up the DagBag from /home/airflow/.local/lib/python3.7/site-packages/airflow/example_dags/example_task_group_decorator.py
[2023-05-16T02:56:35.176+0000] {processor.py:809} INFO - DAG(s) dict_keys(['example_task_group_decorator']) retrieved from /home/airflow/.local/lib/python3.7/site-packages/airflow/example_dags/example_task_group_decorator.py
[2023-05-16T02:56:35.199+0000] {logging_mixin.py:149} INFO - [2023-05-16T02:56:35.199+0000] {dag.py:2726} INFO - Sync 1 DAGs
[2023-05-16T02:56:35.215+0000] {logging_mixin.py:149} INFO - [2023-05-16T02:56:35.215+0000] {dag.py:3490} INFO - Setting next_dagrun for example_task_group_decorator to 2023-05-15T02:56:35.215364+00:00, run_after=2023-05-16T02:56:35.215364+00:00
[2023-05-16T02:56:35.227+0000] {processor.py:178} INFO - Processing /home/airflow/.local/lib/python3.7/site-packages/airflow/example_dags/example_task_group_decorator.py took 0.066 seconds
[2023-05-16T02:57:05.655+0000] {processor.py:156} INFO - Started process (PID=293) to work on /home/airflow/.local/lib/python3.7/site-packages/airflow/example_dags/example_task_group_decorator.py
[2023-05-16T02:57:05.656+0000] {processor.py:799} INFO - Processing file /home/airflow/.local/lib/python3.7/site-packages/airflow/example_dags/example_task_group_decorator.py for tasks to queue
[2023-05-16T02:57:05.657+0000] {logging_mixin.py:149} INFO - [2023-05-16T02:57:05.657+0000] {dagbag.py:541} INFO - Filling up the DagBag from /home/airflow/.local/lib/python3.7/site-packages/airflow/example_dags/example_task_group_decorator.py
[2023-05-16T02:57:05.667+0000] {processor.py:809} INFO - DAG(s) dict_keys(['example_task_group_decorator']) retrieved from /home/airflow/.local/lib/python3.7/site-packages/airflow/example_dags/example_task_group_decorator.py
[2023-05-16T02:57:05.689+0000] {logging_mixin.py:149} INFO - [2023-05-16T02:57:05.689+0000] {dag.py:2726} INFO - Sync 1 DAGs
[2023-05-16T02:57:05.706+0000] {logging_mixin.py:149} INFO - [2023-05-16T02:57:05.706+0000] {dag.py:3490} INFO - Setting next_dagrun for example_task_group_decorator to 2023-05-15T02:57:05.706415+00:00, run_after=2023-05-16T02:57:05.706415+00:00
[2023-05-16T02:57:05.719+0000] {processor.py:178} INFO - Processing /home/airflow/.local/lib/python3.7/site-packages/airflow/example_dags/example_task_group_decorator.py took 0.067 seconds
[2023-05-16T03:07:33.980+0000] {processor.py:156} INFO - Started process (PID=71) to work on /home/airflow/.local/lib/python3.7/site-packages/airflow/example_dags/example_task_group_decorator.py
[2023-05-16T03:07:33.982+0000] {processor.py:799} INFO - Processing file /home/airflow/.local/lib/python3.7/site-packages/airflow/example_dags/example_task_group_decorator.py for tasks to queue
[2023-05-16T03:07:33.985+0000] {logging_mixin.py:149} INFO - [2023-05-16T03:07:33.985+0000] {dagbag.py:541} INFO - Filling up the DagBag from /home/airflow/.local/lib/python3.7/site-packages/airflow/example_dags/example_task_group_decorator.py
[2023-05-16T03:07:34.002+0000] {processor.py:809} INFO - DAG(s) dict_keys(['example_task_group_decorator']) retrieved from /home/airflow/.local/lib/python3.7/site-packages/airflow/example_dags/example_task_group_decorator.py
[2023-05-16T03:07:34.022+0000] {logging_mixin.py:149} INFO - [2023-05-16T03:07:34.022+0000] {dag.py:2726} INFO - Sync 1 DAGs
[2023-05-16T03:07:34.042+0000] {logging_mixin.py:149} INFO - [2023-05-16T03:07:34.041+0000] {dag.py:3490} INFO - Setting next_dagrun for example_task_group_decorator to 2023-05-15T03:07:34.041598+00:00, run_after=2023-05-16T03:07:34.041598+00:00
[2023-05-16T03:07:34.057+0000] {processor.py:178} INFO - Processing /home/airflow/.local/lib/python3.7/site-packages/airflow/example_dags/example_task_group_decorator.py took 0.082 seconds
[2023-05-16T03:08:04.484+0000] {processor.py:156} INFO - Started process (PID=126) to work on /home/airflow/.local/lib/python3.7/site-packages/airflow/example_dags/example_task_group_decorator.py
[2023-05-16T03:08:04.486+0000] {processor.py:799} INFO - Processing file /home/airflow/.local/lib/python3.7/site-packages/airflow/example_dags/example_task_group_decorator.py for tasks to queue
[2023-05-16T03:08:04.487+0000] {logging_mixin.py:149} INFO - [2023-05-16T03:08:04.487+0000] {dagbag.py:541} INFO - Filling up the DagBag from /home/airflow/.local/lib/python3.7/site-packages/airflow/example_dags/example_task_group_decorator.py
[2023-05-16T03:08:04.496+0000] {processor.py:809} INFO - DAG(s) dict_keys(['example_task_group_decorator']) retrieved from /home/airflow/.local/lib/python3.7/site-packages/airflow/example_dags/example_task_group_decorator.py
[2023-05-16T03:08:04.517+0000] {logging_mixin.py:149} INFO - [2023-05-16T03:08:04.517+0000] {dag.py:2726} INFO - Sync 1 DAGs
[2023-05-16T03:08:04.533+0000] {logging_mixin.py:149} INFO - [2023-05-16T03:08:04.533+0000] {dag.py:3490} INFO - Setting next_dagrun for example_task_group_decorator to 2023-05-15T03:08:04.533113+00:00, run_after=2023-05-16T03:08:04.533113+00:00
[2023-05-16T03:08:04.563+0000] {processor.py:178} INFO - Processing /home/airflow/.local/lib/python3.7/site-packages/airflow/example_dags/example_task_group_decorator.py took 0.082 seconds
[2023-05-16T03:08:34.959+0000] {processor.py:156} INFO - Started process (PID=182) to work on /home/airflow/.local/lib/python3.7/site-packages/airflow/example_dags/example_task_group_decorator.py
[2023-05-16T03:08:34.960+0000] {processor.py:799} INFO - Processing file /home/airflow/.local/lib/python3.7/site-packages/airflow/example_dags/example_task_group_decorator.py for tasks to queue
[2023-05-16T03:08:34.961+0000] {logging_mixin.py:149} INFO - [2023-05-16T03:08:34.961+0000] {dagbag.py:541} INFO - Filling up the DagBag from /home/airflow/.local/lib/python3.7/site-packages/airflow/example_dags/example_task_group_decorator.py
[2023-05-16T03:08:34.971+0000] {processor.py:809} INFO - DAG(s) dict_keys(['example_task_group_decorator']) retrieved from /home/airflow/.local/lib/python3.7/site-packages/airflow/example_dags/example_task_group_decorator.py
[2023-05-16T03:08:34.993+0000] {logging_mixin.py:149} INFO - [2023-05-16T03:08:34.993+0000] {dag.py:2726} INFO - Sync 1 DAGs
[2023-05-16T03:08:35.010+0000] {logging_mixin.py:149} INFO - [2023-05-16T03:08:35.010+0000] {dag.py:3490} INFO - Setting next_dagrun for example_task_group_decorator to 2023-05-15T03:08:35.010165+00:00, run_after=2023-05-16T03:08:35.010165+00:00
[2023-05-16T03:08:35.022+0000] {processor.py:178} INFO - Processing /home/airflow/.local/lib/python3.7/site-packages/airflow/example_dags/example_task_group_decorator.py took 0.066 seconds
[2023-05-16T03:09:05.448+0000] {processor.py:156} INFO - Started process (PID=238) to work on /home/airflow/.local/lib/python3.7/site-packages/airflow/example_dags/example_task_group_decorator.py
[2023-05-16T03:09:05.449+0000] {processor.py:799} INFO - Processing file /home/airflow/.local/lib/python3.7/site-packages/airflow/example_dags/example_task_group_decorator.py for tasks to queue
[2023-05-16T03:09:05.450+0000] {logging_mixin.py:149} INFO - [2023-05-16T03:09:05.450+0000] {dagbag.py:541} INFO - Filling up the DagBag from /home/airflow/.local/lib/python3.7/site-packages/airflow/example_dags/example_task_group_decorator.py
[2023-05-16T03:09:05.460+0000] {processor.py:809} INFO - DAG(s) dict_keys(['example_task_group_decorator']) retrieved from /home/airflow/.local/lib/python3.7/site-packages/airflow/example_dags/example_task_group_decorator.py
[2023-05-16T03:09:05.484+0000] {logging_mixin.py:149} INFO - [2023-05-16T03:09:05.484+0000] {dag.py:2726} INFO - Sync 1 DAGs
[2023-05-16T03:09:05.500+0000] {logging_mixin.py:149} INFO - [2023-05-16T03:09:05.500+0000] {dag.py:3490} INFO - Setting next_dagrun for example_task_group_decorator to 2023-05-15T03:09:05.500462+00:00, run_after=2023-05-16T03:09:05.500462+00:00
[2023-05-16T03:09:05.512+0000] {processor.py:178} INFO - Processing /home/airflow/.local/lib/python3.7/site-packages/airflow/example_dags/example_task_group_decorator.py took 0.068 seconds
[2023-05-16T03:09:36.009+0000] {processor.py:156} INFO - Started process (PID=294) to work on /home/airflow/.local/lib/python3.7/site-packages/airflow/example_dags/example_task_group_decorator.py
[2023-05-16T03:09:36.011+0000] {processor.py:799} INFO - Processing file /home/airflow/.local/lib/python3.7/site-packages/airflow/example_dags/example_task_group_decorator.py for tasks to queue
[2023-05-16T03:09:36.012+0000] {logging_mixin.py:149} INFO - [2023-05-16T03:09:36.011+0000] {dagbag.py:541} INFO - Filling up the DagBag from /home/airflow/.local/lib/python3.7/site-packages/airflow/example_dags/example_task_group_decorator.py
[2023-05-16T03:09:36.021+0000] {processor.py:809} INFO - DAG(s) dict_keys(['example_task_group_decorator']) retrieved from /home/airflow/.local/lib/python3.7/site-packages/airflow/example_dags/example_task_group_decorator.py
[2023-05-16T03:09:36.043+0000] {logging_mixin.py:149} INFO - [2023-05-16T03:09:36.042+0000] {dag.py:2726} INFO - Sync 1 DAGs
[2023-05-16T03:09:36.060+0000] {logging_mixin.py:149} INFO - [2023-05-16T03:09:36.060+0000] {dag.py:3490} INFO - Setting next_dagrun for example_task_group_decorator to 2023-05-15T03:09:36.060169+00:00, run_after=2023-05-16T03:09:36.060169+00:00
[2023-05-16T03:09:36.073+0000] {processor.py:178} INFO - Processing /home/airflow/.local/lib/python3.7/site-packages/airflow/example_dags/example_task_group_decorator.py took 0.067 seconds
[2023-05-16T03:10:06.566+0000] {processor.py:156} INFO - Started process (PID=350) to work on /home/airflow/.local/lib/python3.7/site-packages/airflow/example_dags/example_task_group_decorator.py
[2023-05-16T03:10:06.568+0000] {processor.py:799} INFO - Processing file /home/airflow/.local/lib/python3.7/site-packages/airflow/example_dags/example_task_group_decorator.py for tasks to queue
[2023-05-16T03:10:06.569+0000] {logging_mixin.py:149} INFO - [2023-05-16T03:10:06.569+0000] {dagbag.py:541} INFO - Filling up the DagBag from /home/airflow/.local/lib/python3.7/site-packages/airflow/example_dags/example_task_group_decorator.py
[2023-05-16T03:10:06.580+0000] {processor.py:809} INFO - DAG(s) dict_keys(['example_task_group_decorator']) retrieved from /home/airflow/.local/lib/python3.7/site-packages/airflow/example_dags/example_task_group_decorator.py
[2023-05-16T03:10:06.609+0000] {logging_mixin.py:149} INFO - [2023-05-16T03:10:06.609+0000] {dag.py:2726} INFO - Sync 1 DAGs
[2023-05-16T03:10:06.642+0000] {logging_mixin.py:149} INFO - [2023-05-16T03:10:06.642+0000] {dag.py:3490} INFO - Setting next_dagrun for example_task_group_decorator to 2023-05-15T03:10:06.642236+00:00, run_after=2023-05-16T03:10:06.642236+00:00
[2023-05-16T03:10:06.660+0000] {processor.py:178} INFO - Processing /home/airflow/.local/lib/python3.7/site-packages/airflow/example_dags/example_task_group_decorator.py took 0.098 seconds
[2023-05-16T03:10:37.032+0000] {processor.py:156} INFO - Started process (PID=406) to work on /home/airflow/.local/lib/python3.7/site-packages/airflow/example_dags/example_task_group_decorator.py
[2023-05-16T03:10:37.034+0000] {processor.py:799} INFO - Processing file /home/airflow/.local/lib/python3.7/site-packages/airflow/example_dags/example_task_group_decorator.py for tasks to queue
[2023-05-16T03:10:37.035+0000] {logging_mixin.py:149} INFO - [2023-05-16T03:10:37.035+0000] {dagbag.py:541} INFO - Filling up the DagBag from /home/airflow/.local/lib/python3.7/site-packages/airflow/example_dags/example_task_group_decorator.py
[2023-05-16T03:10:37.045+0000] {processor.py:809} INFO - DAG(s) dict_keys(['example_task_group_decorator']) retrieved from /home/airflow/.local/lib/python3.7/site-packages/airflow/example_dags/example_task_group_decorator.py
[2023-05-16T03:10:37.068+0000] {logging_mixin.py:149} INFO - [2023-05-16T03:10:37.068+0000] {dag.py:2726} INFO - Sync 1 DAGs
[2023-05-16T03:10:37.086+0000] {logging_mixin.py:149} INFO - [2023-05-16T03:10:37.086+0000] {dag.py:3490} INFO - Setting next_dagrun for example_task_group_decorator to 2023-05-15T03:10:37.086001+00:00, run_after=2023-05-16T03:10:37.086001+00:00
[2023-05-16T03:10:37.099+0000] {processor.py:178} INFO - Processing /home/airflow/.local/lib/python3.7/site-packages/airflow/example_dags/example_task_group_decorator.py took 0.070 seconds
