[2023-05-16T02:55:02.605+0000] {processor.py:156} INFO - Started process (PID=68) to work on /home/airflow/.local/lib/python3.7/site-packages/airflow/example_dags/example_python_operator.py
[2023-05-16T02:55:02.609+0000] {processor.py:799} INFO - Processing file /home/airflow/.local/lib/python3.7/site-packages/airflow/example_dags/example_python_operator.py for tasks to queue
[2023-05-16T02:55:02.610+0000] {logging_mixin.py:149} INFO - [2023-05-16T02:55:02.610+0000] {dagbag.py:541} INFO - Filling up the DagBag from /home/airflow/.local/lib/python3.7/site-packages/airflow/example_dags/example_python_operator.py
[2023-05-16T02:55:02.619+0000] {logging_mixin.py:149} INFO - [2023-05-16T02:55:02.619+0000] {taskmixin.py:211} WARNING - Dependency <Task(_PythonDecoratedOperator): print_the_context>, log_sql_query already registered for DAG: example_python_operator
[2023-05-16T02:55:02.620+0000] {logging_mixin.py:149} INFO - [2023-05-16T02:55:02.620+0000] {taskmixin.py:211} WARNING - Dependency <Task(_PythonDecoratedOperator): log_sql_query>, print_the_context already registered for DAG: example_python_operator
[2023-05-16T02:55:02.621+0000] {logging_mixin.py:149} INFO - [2023-05-16T02:55:02.621+0000] {taskmixin.py:211} WARNING - Dependency <Task(_PythonDecoratedOperator): print_the_context>, log_sql_query already registered for DAG: example_python_operator
[2023-05-16T02:55:02.622+0000] {logging_mixin.py:149} INFO - [2023-05-16T02:55:02.622+0000] {taskmixin.py:211} WARNING - Dependency <Task(_PythonDecoratedOperator): log_sql_query>, print_the_context already registered for DAG: example_python_operator
[2023-05-16T02:55:02.623+0000] {logging_mixin.py:149} INFO - [2023-05-16T02:55:02.623+0000] {taskmixin.py:211} WARNING - Dependency <Task(_PythonDecoratedOperator): print_the_context>, log_sql_query already registered for DAG: example_python_operator
[2023-05-16T02:55:02.624+0000] {logging_mixin.py:149} INFO - [2023-05-16T02:55:02.624+0000] {taskmixin.py:211} WARNING - Dependency <Task(_PythonDecoratedOperator): log_sql_query>, print_the_context already registered for DAG: example_python_operator
[2023-05-16T02:55:02.625+0000] {logging_mixin.py:149} INFO - [2023-05-16T02:55:02.625+0000] {taskmixin.py:211} WARNING - Dependency <Task(_PythonDecoratedOperator): print_the_context>, log_sql_query already registered for DAG: example_python_operator
[2023-05-16T02:55:02.625+0000] {logging_mixin.py:149} INFO - [2023-05-16T02:55:02.625+0000] {taskmixin.py:211} WARNING - Dependency <Task(_PythonDecoratedOperator): log_sql_query>, print_the_context already registered for DAG: example_python_operator
[2023-05-16T02:55:02.628+0000] {processor.py:809} INFO - DAG(s) dict_keys(['example_python_operator']) retrieved from /home/airflow/.local/lib/python3.7/site-packages/airflow/example_dags/example_python_operator.py
[2023-05-16T02:55:02.875+0000] {logging_mixin.py:149} INFO - [2023-05-16T02:55:02.875+0000] {manager.py:504} INFO - Created Permission View: can read on DAG:example_python_operator
[2023-05-16T02:55:02.887+0000] {logging_mixin.py:149} INFO - [2023-05-16T02:55:02.887+0000] {manager.py:504} INFO - Created Permission View: can delete on DAG:example_python_operator
[2023-05-16T02:55:02.897+0000] {logging_mixin.py:149} INFO - [2023-05-16T02:55:02.897+0000] {manager.py:504} INFO - Created Permission View: can edit on DAG:example_python_operator
[2023-05-16T02:55:02.898+0000] {logging_mixin.py:149} INFO - [2023-05-16T02:55:02.898+0000] {dag.py:2726} INFO - Sync 1 DAGs
[2023-05-16T02:55:02.909+0000] {logging_mixin.py:149} INFO - [2023-05-16T02:55:02.909+0000] {dag.py:2747} INFO - Creating ORM DAG for example_python_operator
[2023-05-16T02:55:02.919+0000] {logging_mixin.py:149} INFO - [2023-05-16T02:55:02.918+0000] {dag.py:3490} INFO - Setting next_dagrun for example_python_operator to None, run_after=None
[2023-05-16T02:55:02.932+0000] {processor.py:178} INFO - Processing /home/airflow/.local/lib/python3.7/site-packages/airflow/example_dags/example_python_operator.py took 0.332 seconds
[2023-05-16T02:55:34.050+0000] {processor.py:156} INFO - Started process (PID=124) to work on /home/airflow/.local/lib/python3.7/site-packages/airflow/example_dags/example_python_operator.py
[2023-05-16T02:55:34.053+0000] {processor.py:799} INFO - Processing file /home/airflow/.local/lib/python3.7/site-packages/airflow/example_dags/example_python_operator.py for tasks to queue
[2023-05-16T02:55:34.054+0000] {logging_mixin.py:149} INFO - [2023-05-16T02:55:34.054+0000] {dagbag.py:541} INFO - Filling up the DagBag from /home/airflow/.local/lib/python3.7/site-packages/airflow/example_dags/example_python_operator.py
[2023-05-16T02:55:34.081+0000] {logging_mixin.py:149} INFO - [2023-05-16T02:55:34.081+0000] {taskmixin.py:211} WARNING - Dependency <Task(_PythonDecoratedOperator): print_the_context>, log_sql_query already registered for DAG: example_python_operator
[2023-05-16T02:55:34.085+0000] {logging_mixin.py:149} INFO - [2023-05-16T02:55:34.085+0000] {taskmixin.py:211} WARNING - Dependency <Task(_PythonDecoratedOperator): log_sql_query>, print_the_context already registered for DAG: example_python_operator
[2023-05-16T02:55:34.090+0000] {logging_mixin.py:149} INFO - [2023-05-16T02:55:34.089+0000] {taskmixin.py:211} WARNING - Dependency <Task(_PythonDecoratedOperator): print_the_context>, log_sql_query already registered for DAG: example_python_operator
[2023-05-16T02:55:34.091+0000] {logging_mixin.py:149} INFO - [2023-05-16T02:55:34.091+0000] {taskmixin.py:211} WARNING - Dependency <Task(_PythonDecoratedOperator): log_sql_query>, print_the_context already registered for DAG: example_python_operator
[2023-05-16T02:55:34.093+0000] {logging_mixin.py:149} INFO - [2023-05-16T02:55:34.093+0000] {taskmixin.py:211} WARNING - Dependency <Task(_PythonDecoratedOperator): print_the_context>, log_sql_query already registered for DAG: example_python_operator
[2023-05-16T02:55:34.094+0000] {logging_mixin.py:149} INFO - [2023-05-16T02:55:34.094+0000] {taskmixin.py:211} WARNING - Dependency <Task(_PythonDecoratedOperator): log_sql_query>, print_the_context already registered for DAG: example_python_operator
[2023-05-16T02:55:34.095+0000] {logging_mixin.py:149} INFO - [2023-05-16T02:55:34.095+0000] {taskmixin.py:211} WARNING - Dependency <Task(_PythonDecoratedOperator): print_the_context>, log_sql_query already registered for DAG: example_python_operator
[2023-05-16T02:55:34.097+0000] {logging_mixin.py:149} INFO - [2023-05-16T02:55:34.097+0000] {taskmixin.py:211} WARNING - Dependency <Task(_PythonDecoratedOperator): log_sql_query>, print_the_context already registered for DAG: example_python_operator
[2023-05-16T02:55:34.102+0000] {processor.py:809} INFO - DAG(s) dict_keys(['example_python_operator']) retrieved from /home/airflow/.local/lib/python3.7/site-packages/airflow/example_dags/example_python_operator.py
[2023-05-16T02:55:34.150+0000] {logging_mixin.py:149} INFO - [2023-05-16T02:55:34.150+0000] {dag.py:2726} INFO - Sync 1 DAGs
[2023-05-16T02:55:34.178+0000] {logging_mixin.py:149} INFO - [2023-05-16T02:55:34.177+0000] {dag.py:3490} INFO - Setting next_dagrun for example_python_operator to None, run_after=None
[2023-05-16T02:55:34.217+0000] {processor.py:178} INFO - Processing /home/airflow/.local/lib/python3.7/site-packages/airflow/example_dags/example_python_operator.py took 0.170 seconds
[2023-05-16T02:56:04.579+0000] {processor.py:156} INFO - Started process (PID=180) to work on /home/airflow/.local/lib/python3.7/site-packages/airflow/example_dags/example_python_operator.py
[2023-05-16T02:56:04.580+0000] {processor.py:799} INFO - Processing file /home/airflow/.local/lib/python3.7/site-packages/airflow/example_dags/example_python_operator.py for tasks to queue
[2023-05-16T02:56:04.581+0000] {logging_mixin.py:149} INFO - [2023-05-16T02:56:04.581+0000] {dagbag.py:541} INFO - Filling up the DagBag from /home/airflow/.local/lib/python3.7/site-packages/airflow/example_dags/example_python_operator.py
[2023-05-16T02:56:04.587+0000] {logging_mixin.py:149} INFO - [2023-05-16T02:56:04.587+0000] {taskmixin.py:211} WARNING - Dependency <Task(_PythonDecoratedOperator): print_the_context>, log_sql_query already registered for DAG: example_python_operator
[2023-05-16T02:56:04.588+0000] {logging_mixin.py:149} INFO - [2023-05-16T02:56:04.588+0000] {taskmixin.py:211} WARNING - Dependency <Task(_PythonDecoratedOperator): log_sql_query>, print_the_context already registered for DAG: example_python_operator
[2023-05-16T02:56:04.589+0000] {logging_mixin.py:149} INFO - [2023-05-16T02:56:04.589+0000] {taskmixin.py:211} WARNING - Dependency <Task(_PythonDecoratedOperator): print_the_context>, log_sql_query already registered for DAG: example_python_operator
[2023-05-16T02:56:04.590+0000] {logging_mixin.py:149} INFO - [2023-05-16T02:56:04.590+0000] {taskmixin.py:211} WARNING - Dependency <Task(_PythonDecoratedOperator): log_sql_query>, print_the_context already registered for DAG: example_python_operator
[2023-05-16T02:56:04.591+0000] {logging_mixin.py:149} INFO - [2023-05-16T02:56:04.590+0000] {taskmixin.py:211} WARNING - Dependency <Task(_PythonDecoratedOperator): print_the_context>, log_sql_query already registered for DAG: example_python_operator
[2023-05-16T02:56:04.591+0000] {logging_mixin.py:149} INFO - [2023-05-16T02:56:04.591+0000] {taskmixin.py:211} WARNING - Dependency <Task(_PythonDecoratedOperator): log_sql_query>, print_the_context already registered for DAG: example_python_operator
[2023-05-16T02:56:04.592+0000] {logging_mixin.py:149} INFO - [2023-05-16T02:56:04.592+0000] {taskmixin.py:211} WARNING - Dependency <Task(_PythonDecoratedOperator): print_the_context>, log_sql_query already registered for DAG: example_python_operator
[2023-05-16T02:56:04.592+0000] {logging_mixin.py:149} INFO - [2023-05-16T02:56:04.592+0000] {taskmixin.py:211} WARNING - Dependency <Task(_PythonDecoratedOperator): log_sql_query>, print_the_context already registered for DAG: example_python_operator
[2023-05-16T02:56:04.594+0000] {processor.py:809} INFO - DAG(s) dict_keys(['example_python_operator']) retrieved from /home/airflow/.local/lib/python3.7/site-packages/airflow/example_dags/example_python_operator.py
[2023-05-16T02:56:04.615+0000] {logging_mixin.py:149} INFO - [2023-05-16T02:56:04.615+0000] {dag.py:2726} INFO - Sync 1 DAGs
[2023-05-16T02:56:04.631+0000] {logging_mixin.py:149} INFO - [2023-05-16T02:56:04.631+0000] {dag.py:3490} INFO - Setting next_dagrun for example_python_operator to None, run_after=None
[2023-05-16T02:56:04.644+0000] {processor.py:178} INFO - Processing /home/airflow/.local/lib/python3.7/site-packages/airflow/example_dags/example_python_operator.py took 0.068 seconds
[2023-05-16T02:56:35.109+0000] {processor.py:156} INFO - Started process (PID=236) to work on /home/airflow/.local/lib/python3.7/site-packages/airflow/example_dags/example_python_operator.py
[2023-05-16T02:56:35.110+0000] {processor.py:799} INFO - Processing file /home/airflow/.local/lib/python3.7/site-packages/airflow/example_dags/example_python_operator.py for tasks to queue
[2023-05-16T02:56:35.111+0000] {logging_mixin.py:149} INFO - [2023-05-16T02:56:35.111+0000] {dagbag.py:541} INFO - Filling up the DagBag from /home/airflow/.local/lib/python3.7/site-packages/airflow/example_dags/example_python_operator.py
[2023-05-16T02:56:35.116+0000] {logging_mixin.py:149} INFO - [2023-05-16T02:56:35.116+0000] {taskmixin.py:211} WARNING - Dependency <Task(_PythonDecoratedOperator): print_the_context>, log_sql_query already registered for DAG: example_python_operator
[2023-05-16T02:56:35.117+0000] {logging_mixin.py:149} INFO - [2023-05-16T02:56:35.117+0000] {taskmixin.py:211} WARNING - Dependency <Task(_PythonDecoratedOperator): log_sql_query>, print_the_context already registered for DAG: example_python_operator
[2023-05-16T02:56:35.118+0000] {logging_mixin.py:149} INFO - [2023-05-16T02:56:35.118+0000] {taskmixin.py:211} WARNING - Dependency <Task(_PythonDecoratedOperator): print_the_context>, log_sql_query already registered for DAG: example_python_operator
[2023-05-16T02:56:35.118+0000] {logging_mixin.py:149} INFO - [2023-05-16T02:56:35.118+0000] {taskmixin.py:211} WARNING - Dependency <Task(_PythonDecoratedOperator): log_sql_query>, print_the_context already registered for DAG: example_python_operator
[2023-05-16T02:56:35.120+0000] {logging_mixin.py:149} INFO - [2023-05-16T02:56:35.120+0000] {taskmixin.py:211} WARNING - Dependency <Task(_PythonDecoratedOperator): print_the_context>, log_sql_query already registered for DAG: example_python_operator
[2023-05-16T02:56:35.120+0000] {logging_mixin.py:149} INFO - [2023-05-16T02:56:35.120+0000] {taskmixin.py:211} WARNING - Dependency <Task(_PythonDecoratedOperator): log_sql_query>, print_the_context already registered for DAG: example_python_operator
[2023-05-16T02:56:35.121+0000] {logging_mixin.py:149} INFO - [2023-05-16T02:56:35.121+0000] {taskmixin.py:211} WARNING - Dependency <Task(_PythonDecoratedOperator): print_the_context>, log_sql_query already registered for DAG: example_python_operator
[2023-05-16T02:56:35.122+0000] {logging_mixin.py:149} INFO - [2023-05-16T02:56:35.122+0000] {taskmixin.py:211} WARNING - Dependency <Task(_PythonDecoratedOperator): log_sql_query>, print_the_context already registered for DAG: example_python_operator
[2023-05-16T02:56:35.123+0000] {processor.py:809} INFO - DAG(s) dict_keys(['example_python_operator']) retrieved from /home/airflow/.local/lib/python3.7/site-packages/airflow/example_dags/example_python_operator.py
[2023-05-16T02:56:35.145+0000] {logging_mixin.py:149} INFO - [2023-05-16T02:56:35.145+0000] {dag.py:2726} INFO - Sync 1 DAGs
[2023-05-16T02:56:35.163+0000] {logging_mixin.py:149} INFO - [2023-05-16T02:56:35.163+0000] {dag.py:3490} INFO - Setting next_dagrun for example_python_operator to None, run_after=None
[2023-05-16T02:56:35.176+0000] {processor.py:178} INFO - Processing /home/airflow/.local/lib/python3.7/site-packages/airflow/example_dags/example_python_operator.py took 0.070 seconds
[2023-05-16T02:57:05.588+0000] {processor.py:156} INFO - Started process (PID=292) to work on /home/airflow/.local/lib/python3.7/site-packages/airflow/example_dags/example_python_operator.py
[2023-05-16T02:57:05.589+0000] {processor.py:799} INFO - Processing file /home/airflow/.local/lib/python3.7/site-packages/airflow/example_dags/example_python_operator.py for tasks to queue
[2023-05-16T02:57:05.590+0000] {logging_mixin.py:149} INFO - [2023-05-16T02:57:05.590+0000] {dagbag.py:541} INFO - Filling up the DagBag from /home/airflow/.local/lib/python3.7/site-packages/airflow/example_dags/example_python_operator.py
[2023-05-16T02:57:05.596+0000] {logging_mixin.py:149} INFO - [2023-05-16T02:57:05.596+0000] {taskmixin.py:211} WARNING - Dependency <Task(_PythonDecoratedOperator): print_the_context>, log_sql_query already registered for DAG: example_python_operator
[2023-05-16T02:57:05.597+0000] {logging_mixin.py:149} INFO - [2023-05-16T02:57:05.597+0000] {taskmixin.py:211} WARNING - Dependency <Task(_PythonDecoratedOperator): log_sql_query>, print_the_context already registered for DAG: example_python_operator
[2023-05-16T02:57:05.598+0000] {logging_mixin.py:149} INFO - [2023-05-16T02:57:05.597+0000] {taskmixin.py:211} WARNING - Dependency <Task(_PythonDecoratedOperator): print_the_context>, log_sql_query already registered for DAG: example_python_operator
[2023-05-16T02:57:05.598+0000] {logging_mixin.py:149} INFO - [2023-05-16T02:57:05.598+0000] {taskmixin.py:211} WARNING - Dependency <Task(_PythonDecoratedOperator): log_sql_query>, print_the_context already registered for DAG: example_python_operator
[2023-05-16T02:57:05.599+0000] {logging_mixin.py:149} INFO - [2023-05-16T02:57:05.599+0000] {taskmixin.py:211} WARNING - Dependency <Task(_PythonDecoratedOperator): print_the_context>, log_sql_query already registered for DAG: example_python_operator
[2023-05-16T02:57:05.600+0000] {logging_mixin.py:149} INFO - [2023-05-16T02:57:05.600+0000] {taskmixin.py:211} WARNING - Dependency <Task(_PythonDecoratedOperator): log_sql_query>, print_the_context already registered for DAG: example_python_operator
[2023-05-16T02:57:05.601+0000] {logging_mixin.py:149} INFO - [2023-05-16T02:57:05.601+0000] {taskmixin.py:211} WARNING - Dependency <Task(_PythonDecoratedOperator): print_the_context>, log_sql_query already registered for DAG: example_python_operator
[2023-05-16T02:57:05.602+0000] {logging_mixin.py:149} INFO - [2023-05-16T02:57:05.601+0000] {taskmixin.py:211} WARNING - Dependency <Task(_PythonDecoratedOperator): log_sql_query>, print_the_context already registered for DAG: example_python_operator
[2023-05-16T02:57:05.603+0000] {processor.py:809} INFO - DAG(s) dict_keys(['example_python_operator']) retrieved from /home/airflow/.local/lib/python3.7/site-packages/airflow/example_dags/example_python_operator.py
[2023-05-16T02:57:05.625+0000] {logging_mixin.py:149} INFO - [2023-05-16T02:57:05.625+0000] {dag.py:2726} INFO - Sync 1 DAGs
[2023-05-16T02:57:05.642+0000] {logging_mixin.py:149} INFO - [2023-05-16T02:57:05.642+0000] {dag.py:3490} INFO - Setting next_dagrun for example_python_operator to None, run_after=None
[2023-05-16T02:57:05.656+0000] {processor.py:178} INFO - Processing /home/airflow/.local/lib/python3.7/site-packages/airflow/example_dags/example_python_operator.py took 0.071 seconds
[2023-05-16T03:07:33.928+0000] {processor.py:156} INFO - Started process (PID=70) to work on /home/airflow/.local/lib/python3.7/site-packages/airflow/example_dags/example_python_operator.py
[2023-05-16T03:07:33.929+0000] {processor.py:799} INFO - Processing file /home/airflow/.local/lib/python3.7/site-packages/airflow/example_dags/example_python_operator.py for tasks to queue
[2023-05-16T03:07:33.930+0000] {logging_mixin.py:149} INFO - [2023-05-16T03:07:33.930+0000] {dagbag.py:541} INFO - Filling up the DagBag from /home/airflow/.local/lib/python3.7/site-packages/airflow/example_dags/example_python_operator.py
[2023-05-16T03:07:33.940+0000] {logging_mixin.py:149} INFO - [2023-05-16T03:07:33.940+0000] {taskmixin.py:211} WARNING - Dependency <Task(_PythonDecoratedOperator): print_the_context>, log_sql_query already registered for DAG: example_python_operator
[2023-05-16T03:07:33.941+0000] {logging_mixin.py:149} INFO - [2023-05-16T03:07:33.941+0000] {taskmixin.py:211} WARNING - Dependency <Task(_PythonDecoratedOperator): log_sql_query>, print_the_context already registered for DAG: example_python_operator
[2023-05-16T03:07:33.946+0000] {logging_mixin.py:149} INFO - [2023-05-16T03:07:33.946+0000] {taskmixin.py:211} WARNING - Dependency <Task(_PythonDecoratedOperator): print_the_context>, log_sql_query already registered for DAG: example_python_operator
[2023-05-16T03:07:33.946+0000] {logging_mixin.py:149} INFO - [2023-05-16T03:07:33.946+0000] {taskmixin.py:211} WARNING - Dependency <Task(_PythonDecoratedOperator): log_sql_query>, print_the_context already registered for DAG: example_python_operator
[2023-05-16T03:07:33.947+0000] {logging_mixin.py:149} INFO - [2023-05-16T03:07:33.947+0000] {taskmixin.py:211} WARNING - Dependency <Task(_PythonDecoratedOperator): print_the_context>, log_sql_query already registered for DAG: example_python_operator
[2023-05-16T03:07:33.948+0000] {logging_mixin.py:149} INFO - [2023-05-16T03:07:33.948+0000] {taskmixin.py:211} WARNING - Dependency <Task(_PythonDecoratedOperator): log_sql_query>, print_the_context already registered for DAG: example_python_operator
[2023-05-16T03:07:33.949+0000] {logging_mixin.py:149} INFO - [2023-05-16T03:07:33.949+0000] {taskmixin.py:211} WARNING - Dependency <Task(_PythonDecoratedOperator): print_the_context>, log_sql_query already registered for DAG: example_python_operator
[2023-05-16T03:07:33.950+0000] {logging_mixin.py:149} INFO - [2023-05-16T03:07:33.950+0000] {taskmixin.py:211} WARNING - Dependency <Task(_PythonDecoratedOperator): log_sql_query>, print_the_context already registered for DAG: example_python_operator
[2023-05-16T03:07:33.953+0000] {processor.py:809} INFO - DAG(s) dict_keys(['example_python_operator']) retrieved from /home/airflow/.local/lib/python3.7/site-packages/airflow/example_dags/example_python_operator.py
[2023-05-16T03:07:33.980+0000] {logging_mixin.py:149} INFO - [2023-05-16T03:07:33.980+0000] {dag.py:2726} INFO - Sync 1 DAGs
[2023-05-16T03:07:34.009+0000] {logging_mixin.py:149} INFO - [2023-05-16T03:07:34.008+0000] {dag.py:3490} INFO - Setting next_dagrun for example_python_operator to None, run_after=None
[2023-05-16T03:07:34.026+0000] {processor.py:178} INFO - Processing /home/airflow/.local/lib/python3.7/site-packages/airflow/example_dags/example_python_operator.py took 0.103 seconds
[2023-05-16T03:08:04.429+0000] {processor.py:156} INFO - Started process (PID=125) to work on /home/airflow/.local/lib/python3.7/site-packages/airflow/example_dags/example_python_operator.py
[2023-05-16T03:08:04.431+0000] {processor.py:799} INFO - Processing file /home/airflow/.local/lib/python3.7/site-packages/airflow/example_dags/example_python_operator.py for tasks to queue
[2023-05-16T03:08:04.431+0000] {logging_mixin.py:149} INFO - [2023-05-16T03:08:04.431+0000] {dagbag.py:541} INFO - Filling up the DagBag from /home/airflow/.local/lib/python3.7/site-packages/airflow/example_dags/example_python_operator.py
[2023-05-16T03:08:04.438+0000] {logging_mixin.py:149} INFO - [2023-05-16T03:08:04.438+0000] {taskmixin.py:211} WARNING - Dependency <Task(_PythonDecoratedOperator): print_the_context>, log_sql_query already registered for DAG: example_python_operator
[2023-05-16T03:08:04.438+0000] {logging_mixin.py:149} INFO - [2023-05-16T03:08:04.438+0000] {taskmixin.py:211} WARNING - Dependency <Task(_PythonDecoratedOperator): log_sql_query>, print_the_context already registered for DAG: example_python_operator
[2023-05-16T03:08:04.439+0000] {logging_mixin.py:149} INFO - [2023-05-16T03:08:04.439+0000] {taskmixin.py:211} WARNING - Dependency <Task(_PythonDecoratedOperator): print_the_context>, log_sql_query already registered for DAG: example_python_operator
[2023-05-16T03:08:04.439+0000] {logging_mixin.py:149} INFO - [2023-05-16T03:08:04.439+0000] {taskmixin.py:211} WARNING - Dependency <Task(_PythonDecoratedOperator): log_sql_query>, print_the_context already registered for DAG: example_python_operator
[2023-05-16T03:08:04.440+0000] {logging_mixin.py:149} INFO - [2023-05-16T03:08:04.440+0000] {taskmixin.py:211} WARNING - Dependency <Task(_PythonDecoratedOperator): print_the_context>, log_sql_query already registered for DAG: example_python_operator
[2023-05-16T03:08:04.441+0000] {logging_mixin.py:149} INFO - [2023-05-16T03:08:04.441+0000] {taskmixin.py:211} WARNING - Dependency <Task(_PythonDecoratedOperator): log_sql_query>, print_the_context already registered for DAG: example_python_operator
[2023-05-16T03:08:04.441+0000] {logging_mixin.py:149} INFO - [2023-05-16T03:08:04.441+0000] {taskmixin.py:211} WARNING - Dependency <Task(_PythonDecoratedOperator): print_the_context>, log_sql_query already registered for DAG: example_python_operator
[2023-05-16T03:08:04.442+0000] {logging_mixin.py:149} INFO - [2023-05-16T03:08:04.442+0000] {taskmixin.py:211} WARNING - Dependency <Task(_PythonDecoratedOperator): log_sql_query>, print_the_context already registered for DAG: example_python_operator
[2023-05-16T03:08:04.443+0000] {processor.py:809} INFO - DAG(s) dict_keys(['example_python_operator']) retrieved from /home/airflow/.local/lib/python3.7/site-packages/airflow/example_dags/example_python_operator.py
[2023-05-16T03:08:04.488+0000] {logging_mixin.py:149} INFO - [2023-05-16T03:08:04.487+0000] {dag.py:2726} INFO - Sync 1 DAGs
[2023-05-16T03:08:04.502+0000] {logging_mixin.py:149} INFO - [2023-05-16T03:08:04.502+0000] {dag.py:3490} INFO - Setting next_dagrun for example_python_operator to None, run_after=None
[2023-05-16T03:08:04.515+0000] {processor.py:178} INFO - Processing /home/airflow/.local/lib/python3.7/site-packages/airflow/example_dags/example_python_operator.py took 0.088 seconds
[2023-05-16T03:08:34.891+0000] {processor.py:156} INFO - Started process (PID=181) to work on /home/airflow/.local/lib/python3.7/site-packages/airflow/example_dags/example_python_operator.py
[2023-05-16T03:08:34.892+0000] {processor.py:799} INFO - Processing file /home/airflow/.local/lib/python3.7/site-packages/airflow/example_dags/example_python_operator.py for tasks to queue
[2023-05-16T03:08:34.893+0000] {logging_mixin.py:149} INFO - [2023-05-16T03:08:34.893+0000] {dagbag.py:541} INFO - Filling up the DagBag from /home/airflow/.local/lib/python3.7/site-packages/airflow/example_dags/example_python_operator.py
[2023-05-16T03:08:34.900+0000] {logging_mixin.py:149} INFO - [2023-05-16T03:08:34.900+0000] {taskmixin.py:211} WARNING - Dependency <Task(_PythonDecoratedOperator): print_the_context>, log_sql_query already registered for DAG: example_python_operator
[2023-05-16T03:08:34.901+0000] {logging_mixin.py:149} INFO - [2023-05-16T03:08:34.901+0000] {taskmixin.py:211} WARNING - Dependency <Task(_PythonDecoratedOperator): log_sql_query>, print_the_context already registered for DAG: example_python_operator
[2023-05-16T03:08:34.901+0000] {logging_mixin.py:149} INFO - [2023-05-16T03:08:34.901+0000] {taskmixin.py:211} WARNING - Dependency <Task(_PythonDecoratedOperator): print_the_context>, log_sql_query already registered for DAG: example_python_operator
[2023-05-16T03:08:34.902+0000] {logging_mixin.py:149} INFO - [2023-05-16T03:08:34.902+0000] {taskmixin.py:211} WARNING - Dependency <Task(_PythonDecoratedOperator): log_sql_query>, print_the_context already registered for DAG: example_python_operator
[2023-05-16T03:08:34.902+0000] {logging_mixin.py:149} INFO - [2023-05-16T03:08:34.902+0000] {taskmixin.py:211} WARNING - Dependency <Task(_PythonDecoratedOperator): print_the_context>, log_sql_query already registered for DAG: example_python_operator
[2023-05-16T03:08:34.903+0000] {logging_mixin.py:149} INFO - [2023-05-16T03:08:34.903+0000] {taskmixin.py:211} WARNING - Dependency <Task(_PythonDecoratedOperator): log_sql_query>, print_the_context already registered for DAG: example_python_operator
[2023-05-16T03:08:34.904+0000] {logging_mixin.py:149} INFO - [2023-05-16T03:08:34.903+0000] {taskmixin.py:211} WARNING - Dependency <Task(_PythonDecoratedOperator): print_the_context>, log_sql_query already registered for DAG: example_python_operator
[2023-05-16T03:08:34.904+0000] {logging_mixin.py:149} INFO - [2023-05-16T03:08:34.904+0000] {taskmixin.py:211} WARNING - Dependency <Task(_PythonDecoratedOperator): log_sql_query>, print_the_context already registered for DAG: example_python_operator
[2023-05-16T03:08:34.906+0000] {processor.py:809} INFO - DAG(s) dict_keys(['example_python_operator']) retrieved from /home/airflow/.local/lib/python3.7/site-packages/airflow/example_dags/example_python_operator.py
[2023-05-16T03:08:34.927+0000] {logging_mixin.py:149} INFO - [2023-05-16T03:08:34.927+0000] {dag.py:2726} INFO - Sync 1 DAGs
[2023-05-16T03:08:34.943+0000] {logging_mixin.py:149} INFO - [2023-05-16T03:08:34.943+0000] {dag.py:3490} INFO - Setting next_dagrun for example_python_operator to None, run_after=None
[2023-05-16T03:08:34.955+0000] {processor.py:178} INFO - Processing /home/airflow/.local/lib/python3.7/site-packages/airflow/example_dags/example_python_operator.py took 0.066 seconds
[2023-05-16T03:09:05.386+0000] {processor.py:156} INFO - Started process (PID=237) to work on /home/airflow/.local/lib/python3.7/site-packages/airflow/example_dags/example_python_operator.py
[2023-05-16T03:09:05.387+0000] {processor.py:799} INFO - Processing file /home/airflow/.local/lib/python3.7/site-packages/airflow/example_dags/example_python_operator.py for tasks to queue
[2023-05-16T03:09:05.388+0000] {logging_mixin.py:149} INFO - [2023-05-16T03:09:05.388+0000] {dagbag.py:541} INFO - Filling up the DagBag from /home/airflow/.local/lib/python3.7/site-packages/airflow/example_dags/example_python_operator.py
[2023-05-16T03:09:05.394+0000] {logging_mixin.py:149} INFO - [2023-05-16T03:09:05.394+0000] {taskmixin.py:211} WARNING - Dependency <Task(_PythonDecoratedOperator): print_the_context>, log_sql_query already registered for DAG: example_python_operator
[2023-05-16T03:09:05.394+0000] {logging_mixin.py:149} INFO - [2023-05-16T03:09:05.394+0000] {taskmixin.py:211} WARNING - Dependency <Task(_PythonDecoratedOperator): log_sql_query>, print_the_context already registered for DAG: example_python_operator
[2023-05-16T03:09:05.395+0000] {logging_mixin.py:149} INFO - [2023-05-16T03:09:05.395+0000] {taskmixin.py:211} WARNING - Dependency <Task(_PythonDecoratedOperator): print_the_context>, log_sql_query already registered for DAG: example_python_operator
[2023-05-16T03:09:05.396+0000] {logging_mixin.py:149} INFO - [2023-05-16T03:09:05.396+0000] {taskmixin.py:211} WARNING - Dependency <Task(_PythonDecoratedOperator): log_sql_query>, print_the_context already registered for DAG: example_python_operator
[2023-05-16T03:09:05.397+0000] {logging_mixin.py:149} INFO - [2023-05-16T03:09:05.397+0000] {taskmixin.py:211} WARNING - Dependency <Task(_PythonDecoratedOperator): print_the_context>, log_sql_query already registered for DAG: example_python_operator
[2023-05-16T03:09:05.398+0000] {logging_mixin.py:149} INFO - [2023-05-16T03:09:05.398+0000] {taskmixin.py:211} WARNING - Dependency <Task(_PythonDecoratedOperator): log_sql_query>, print_the_context already registered for DAG: example_python_operator
[2023-05-16T03:09:05.399+0000] {logging_mixin.py:149} INFO - [2023-05-16T03:09:05.399+0000] {taskmixin.py:211} WARNING - Dependency <Task(_PythonDecoratedOperator): print_the_context>, log_sql_query already registered for DAG: example_python_operator
[2023-05-16T03:09:05.399+0000] {logging_mixin.py:149} INFO - [2023-05-16T03:09:05.399+0000] {taskmixin.py:211} WARNING - Dependency <Task(_PythonDecoratedOperator): log_sql_query>, print_the_context already registered for DAG: example_python_operator
[2023-05-16T03:09:05.401+0000] {processor.py:809} INFO - DAG(s) dict_keys(['example_python_operator']) retrieved from /home/airflow/.local/lib/python3.7/site-packages/airflow/example_dags/example_python_operator.py
[2023-05-16T03:09:05.423+0000] {logging_mixin.py:149} INFO - [2023-05-16T03:09:05.423+0000] {dag.py:2726} INFO - Sync 1 DAGs
[2023-05-16T03:09:05.439+0000] {logging_mixin.py:149} INFO - [2023-05-16T03:09:05.439+0000] {dag.py:3490} INFO - Setting next_dagrun for example_python_operator to None, run_after=None
[2023-05-16T03:09:05.453+0000] {processor.py:178} INFO - Processing /home/airflow/.local/lib/python3.7/site-packages/airflow/example_dags/example_python_operator.py took 0.070 seconds
[2023-05-16T03:09:35.961+0000] {processor.py:156} INFO - Started process (PID=293) to work on /home/airflow/.local/lib/python3.7/site-packages/airflow/example_dags/example_python_operator.py
[2023-05-16T03:09:35.962+0000] {processor.py:799} INFO - Processing file /home/airflow/.local/lib/python3.7/site-packages/airflow/example_dags/example_python_operator.py for tasks to queue
[2023-05-16T03:09:35.963+0000] {logging_mixin.py:149} INFO - [2023-05-16T03:09:35.963+0000] {dagbag.py:541} INFO - Filling up the DagBag from /home/airflow/.local/lib/python3.7/site-packages/airflow/example_dags/example_python_operator.py
[2023-05-16T03:09:35.969+0000] {logging_mixin.py:149} INFO - [2023-05-16T03:09:35.969+0000] {taskmixin.py:211} WARNING - Dependency <Task(_PythonDecoratedOperator): print_the_context>, log_sql_query already registered for DAG: example_python_operator
[2023-05-16T03:09:35.970+0000] {logging_mixin.py:149} INFO - [2023-05-16T03:09:35.969+0000] {taskmixin.py:211} WARNING - Dependency <Task(_PythonDecoratedOperator): log_sql_query>, print_the_context already registered for DAG: example_python_operator
[2023-05-16T03:09:35.970+0000] {logging_mixin.py:149} INFO - [2023-05-16T03:09:35.970+0000] {taskmixin.py:211} WARNING - Dependency <Task(_PythonDecoratedOperator): print_the_context>, log_sql_query already registered for DAG: example_python_operator
[2023-05-16T03:09:35.971+0000] {logging_mixin.py:149} INFO - [2023-05-16T03:09:35.971+0000] {taskmixin.py:211} WARNING - Dependency <Task(_PythonDecoratedOperator): log_sql_query>, print_the_context already registered for DAG: example_python_operator
[2023-05-16T03:09:35.972+0000] {logging_mixin.py:149} INFO - [2023-05-16T03:09:35.972+0000] {taskmixin.py:211} WARNING - Dependency <Task(_PythonDecoratedOperator): print_the_context>, log_sql_query already registered for DAG: example_python_operator
[2023-05-16T03:09:35.972+0000] {logging_mixin.py:149} INFO - [2023-05-16T03:09:35.972+0000] {taskmixin.py:211} WARNING - Dependency <Task(_PythonDecoratedOperator): log_sql_query>, print_the_context already registered for DAG: example_python_operator
[2023-05-16T03:09:35.974+0000] {logging_mixin.py:149} INFO - [2023-05-16T03:09:35.974+0000] {taskmixin.py:211} WARNING - Dependency <Task(_PythonDecoratedOperator): print_the_context>, log_sql_query already registered for DAG: example_python_operator
[2023-05-16T03:09:35.974+0000] {logging_mixin.py:149} INFO - [2023-05-16T03:09:35.974+0000] {taskmixin.py:211} WARNING - Dependency <Task(_PythonDecoratedOperator): log_sql_query>, print_the_context already registered for DAG: example_python_operator
[2023-05-16T03:09:35.976+0000] {processor.py:809} INFO - DAG(s) dict_keys(['example_python_operator']) retrieved from /home/airflow/.local/lib/python3.7/site-packages/airflow/example_dags/example_python_operator.py
[2023-05-16T03:09:36.001+0000] {logging_mixin.py:149} INFO - [2023-05-16T03:09:36.001+0000] {dag.py:2726} INFO - Sync 1 DAGs
[2023-05-16T03:09:36.018+0000] {logging_mixin.py:149} INFO - [2023-05-16T03:09:36.018+0000] {dag.py:3490} INFO - Setting next_dagrun for example_python_operator to None, run_after=None
[2023-05-16T03:09:36.030+0000] {processor.py:178} INFO - Processing /home/airflow/.local/lib/python3.7/site-packages/airflow/example_dags/example_python_operator.py took 0.072 seconds
[2023-05-16T03:10:06.484+0000] {processor.py:156} INFO - Started process (PID=349) to work on /home/airflow/.local/lib/python3.7/site-packages/airflow/example_dags/example_python_operator.py
[2023-05-16T03:10:06.485+0000] {processor.py:799} INFO - Processing file /home/airflow/.local/lib/python3.7/site-packages/airflow/example_dags/example_python_operator.py for tasks to queue
[2023-05-16T03:10:06.486+0000] {logging_mixin.py:149} INFO - [2023-05-16T03:10:06.486+0000] {dagbag.py:541} INFO - Filling up the DagBag from /home/airflow/.local/lib/python3.7/site-packages/airflow/example_dags/example_python_operator.py
[2023-05-16T03:10:06.492+0000] {logging_mixin.py:149} INFO - [2023-05-16T03:10:06.492+0000] {taskmixin.py:211} WARNING - Dependency <Task(_PythonDecoratedOperator): print_the_context>, log_sql_query already registered for DAG: example_python_operator
[2023-05-16T03:10:06.494+0000] {logging_mixin.py:149} INFO - [2023-05-16T03:10:06.493+0000] {taskmixin.py:211} WARNING - Dependency <Task(_PythonDecoratedOperator): log_sql_query>, print_the_context already registered for DAG: example_python_operator
[2023-05-16T03:10:06.495+0000] {logging_mixin.py:149} INFO - [2023-05-16T03:10:06.495+0000] {taskmixin.py:211} WARNING - Dependency <Task(_PythonDecoratedOperator): print_the_context>, log_sql_query already registered for DAG: example_python_operator
[2023-05-16T03:10:06.496+0000] {logging_mixin.py:149} INFO - [2023-05-16T03:10:06.496+0000] {taskmixin.py:211} WARNING - Dependency <Task(_PythonDecoratedOperator): log_sql_query>, print_the_context already registered for DAG: example_python_operator
[2023-05-16T03:10:06.497+0000] {logging_mixin.py:149} INFO - [2023-05-16T03:10:06.497+0000] {taskmixin.py:211} WARNING - Dependency <Task(_PythonDecoratedOperator): print_the_context>, log_sql_query already registered for DAG: example_python_operator
[2023-05-16T03:10:06.498+0000] {logging_mixin.py:149} INFO - [2023-05-16T03:10:06.498+0000] {taskmixin.py:211} WARNING - Dependency <Task(_PythonDecoratedOperator): log_sql_query>, print_the_context already registered for DAG: example_python_operator
[2023-05-16T03:10:06.499+0000] {logging_mixin.py:149} INFO - [2023-05-16T03:10:06.499+0000] {taskmixin.py:211} WARNING - Dependency <Task(_PythonDecoratedOperator): print_the_context>, log_sql_query already registered for DAG: example_python_operator
[2023-05-16T03:10:06.500+0000] {logging_mixin.py:149} INFO - [2023-05-16T03:10:06.500+0000] {taskmixin.py:211} WARNING - Dependency <Task(_PythonDecoratedOperator): log_sql_query>, print_the_context already registered for DAG: example_python_operator
[2023-05-16T03:10:06.503+0000] {processor.py:809} INFO - DAG(s) dict_keys(['example_python_operator']) retrieved from /home/airflow/.local/lib/python3.7/site-packages/airflow/example_dags/example_python_operator.py
[2023-05-16T03:10:06.536+0000] {logging_mixin.py:149} INFO - [2023-05-16T03:10:06.536+0000] {dag.py:2726} INFO - Sync 1 DAGs
[2023-05-16T03:10:06.556+0000] {logging_mixin.py:149} INFO - [2023-05-16T03:10:06.556+0000] {dag.py:3490} INFO - Setting next_dagrun for example_python_operator to None, run_after=None
[2023-05-16T03:10:06.572+0000] {processor.py:178} INFO - Processing /home/airflow/.local/lib/python3.7/site-packages/airflow/example_dags/example_python_operator.py took 0.091 seconds
[2023-05-16T03:10:36.964+0000] {processor.py:156} INFO - Started process (PID=405) to work on /home/airflow/.local/lib/python3.7/site-packages/airflow/example_dags/example_python_operator.py
[2023-05-16T03:10:36.966+0000] {processor.py:799} INFO - Processing file /home/airflow/.local/lib/python3.7/site-packages/airflow/example_dags/example_python_operator.py for tasks to queue
[2023-05-16T03:10:36.967+0000] {logging_mixin.py:149} INFO - [2023-05-16T03:10:36.967+0000] {dagbag.py:541} INFO - Filling up the DagBag from /home/airflow/.local/lib/python3.7/site-packages/airflow/example_dags/example_python_operator.py
[2023-05-16T03:10:36.972+0000] {logging_mixin.py:149} INFO - [2023-05-16T03:10:36.972+0000] {taskmixin.py:211} WARNING - Dependency <Task(_PythonDecoratedOperator): print_the_context>, log_sql_query already registered for DAG: example_python_operator
[2023-05-16T03:10:36.973+0000] {logging_mixin.py:149} INFO - [2023-05-16T03:10:36.973+0000] {taskmixin.py:211} WARNING - Dependency <Task(_PythonDecoratedOperator): log_sql_query>, print_the_context already registered for DAG: example_python_operator
[2023-05-16T03:10:36.974+0000] {logging_mixin.py:149} INFO - [2023-05-16T03:10:36.974+0000] {taskmixin.py:211} WARNING - Dependency <Task(_PythonDecoratedOperator): print_the_context>, log_sql_query already registered for DAG: example_python_operator
[2023-05-16T03:10:36.974+0000] {logging_mixin.py:149} INFO - [2023-05-16T03:10:36.974+0000] {taskmixin.py:211} WARNING - Dependency <Task(_PythonDecoratedOperator): log_sql_query>, print_the_context already registered for DAG: example_python_operator
[2023-05-16T03:10:36.975+0000] {logging_mixin.py:149} INFO - [2023-05-16T03:10:36.975+0000] {taskmixin.py:211} WARNING - Dependency <Task(_PythonDecoratedOperator): print_the_context>, log_sql_query already registered for DAG: example_python_operator
[2023-05-16T03:10:36.975+0000] {logging_mixin.py:149} INFO - [2023-05-16T03:10:36.975+0000] {taskmixin.py:211} WARNING - Dependency <Task(_PythonDecoratedOperator): log_sql_query>, print_the_context already registered for DAG: example_python_operator
[2023-05-16T03:10:36.976+0000] {logging_mixin.py:149} INFO - [2023-05-16T03:10:36.976+0000] {taskmixin.py:211} WARNING - Dependency <Task(_PythonDecoratedOperator): print_the_context>, log_sql_query already registered for DAG: example_python_operator
[2023-05-16T03:10:36.977+0000] {logging_mixin.py:149} INFO - [2023-05-16T03:10:36.977+0000] {taskmixin.py:211} WARNING - Dependency <Task(_PythonDecoratedOperator): log_sql_query>, print_the_context already registered for DAG: example_python_operator
[2023-05-16T03:10:36.979+0000] {processor.py:809} INFO - DAG(s) dict_keys(['example_python_operator']) retrieved from /home/airflow/.local/lib/python3.7/site-packages/airflow/example_dags/example_python_operator.py
[2023-05-16T03:10:37.001+0000] {logging_mixin.py:149} INFO - [2023-05-16T03:10:37.001+0000] {dag.py:2726} INFO - Sync 1 DAGs
[2023-05-16T03:10:37.016+0000] {logging_mixin.py:149} INFO - [2023-05-16T03:10:37.016+0000] {dag.py:3490} INFO - Setting next_dagrun for example_python_operator to None, run_after=None
[2023-05-16T03:10:37.032+0000] {processor.py:178} INFO - Processing /home/airflow/.local/lib/python3.7/site-packages/airflow/example_dags/example_python_operator.py took 0.071 seconds
