[2023-05-16T02:54:54.027+0000] {processor.py:156} INFO - Started process (PID=40) to work on /home/airflow/.local/lib/python3.7/site-packages/airflow/example_dags/example_skip_dag.py
[2023-05-16T02:54:54.031+0000] {processor.py:799} INFO - Processing file /home/airflow/.local/lib/python3.7/site-packages/airflow/example_dags/example_skip_dag.py for tasks to queue
[2023-05-16T02:54:54.044+0000] {logging_mixin.py:149} INFO - [2023-05-16T02:54:54.043+0000] {dagbag.py:541} INFO - Filling up the DagBag from /home/airflow/.local/lib/python3.7/site-packages/airflow/example_dags/example_skip_dag.py
[2023-05-16T02:54:54.076+0000] {processor.py:809} INFO - DAG(s) dict_keys(['example_skip_dag']) retrieved from /home/airflow/.local/lib/python3.7/site-packages/airflow/example_dags/example_skip_dag.py
[2023-05-16T02:54:54.398+0000] {logging_mixin.py:149} INFO - [2023-05-16T02:54:54.398+0000] {manager.py:504} INFO - Created Permission View: can read on DAG:example_skip_dag
[2023-05-16T02:54:54.408+0000] {logging_mixin.py:149} INFO - [2023-05-16T02:54:54.408+0000] {manager.py:504} INFO - Created Permission View: can delete on DAG:example_skip_dag
[2023-05-16T02:54:54.414+0000] {logging_mixin.py:149} INFO - [2023-05-16T02:54:54.414+0000] {manager.py:504} INFO - Created Permission View: can edit on DAG:example_skip_dag
[2023-05-16T02:54:54.416+0000] {logging_mixin.py:149} INFO - [2023-05-16T02:54:54.415+0000] {dag.py:2726} INFO - Sync 1 DAGs
[2023-05-16T02:54:54.438+0000] {logging_mixin.py:149} INFO - [2023-05-16T02:54:54.438+0000] {dag.py:2747} INFO - Creating ORM DAG for example_skip_dag
[2023-05-16T02:54:54.467+0000] {logging_mixin.py:149} INFO - [2023-05-16T02:54:54.467+0000] {dag.py:3490} INFO - Setting next_dagrun for example_skip_dag to 2023-05-15T02:54:54.467002+00:00, run_after=2023-05-16T02:54:54.467002+00:00
[2023-05-16T02:54:54.489+0000] {processor.py:178} INFO - Processing /home/airflow/.local/lib/python3.7/site-packages/airflow/example_dags/example_skip_dag.py took 0.491 seconds
[2023-05-16T02:55:24.688+0000] {processor.py:156} INFO - Started process (PID=96) to work on /home/airflow/.local/lib/python3.7/site-packages/airflow/example_dags/example_skip_dag.py
[2023-05-16T02:55:24.690+0000] {processor.py:799} INFO - Processing file /home/airflow/.local/lib/python3.7/site-packages/airflow/example_dags/example_skip_dag.py for tasks to queue
[2023-05-16T02:55:24.692+0000] {logging_mixin.py:149} INFO - [2023-05-16T02:55:24.692+0000] {dagbag.py:541} INFO - Filling up the DagBag from /home/airflow/.local/lib/python3.7/site-packages/airflow/example_dags/example_skip_dag.py
[2023-05-16T02:55:24.702+0000] {processor.py:809} INFO - DAG(s) dict_keys(['example_skip_dag']) retrieved from /home/airflow/.local/lib/python3.7/site-packages/airflow/example_dags/example_skip_dag.py
[2023-05-16T02:55:24.740+0000] {logging_mixin.py:149} INFO - [2023-05-16T02:55:24.740+0000] {dag.py:2726} INFO - Sync 1 DAGs
[2023-05-16T02:55:24.765+0000] {logging_mixin.py:149} INFO - [2023-05-16T02:55:24.765+0000] {dag.py:3490} INFO - Setting next_dagrun for example_skip_dag to 2023-05-15T02:55:24.764758+00:00, run_after=2023-05-16T02:55:24.764758+00:00
[2023-05-16T02:55:24.789+0000] {processor.py:178} INFO - Processing /home/airflow/.local/lib/python3.7/site-packages/airflow/example_dags/example_skip_dag.py took 0.103 seconds
[2023-05-16T02:55:55.502+0000] {processor.py:156} INFO - Started process (PID=152) to work on /home/airflow/.local/lib/python3.7/site-packages/airflow/example_dags/example_skip_dag.py
[2023-05-16T02:55:55.505+0000] {processor.py:799} INFO - Processing file /home/airflow/.local/lib/python3.7/site-packages/airflow/example_dags/example_skip_dag.py for tasks to queue
[2023-05-16T02:55:55.507+0000] {logging_mixin.py:149} INFO - [2023-05-16T02:55:55.507+0000] {dagbag.py:541} INFO - Filling up the DagBag from /home/airflow/.local/lib/python3.7/site-packages/airflow/example_dags/example_skip_dag.py
[2023-05-16T02:55:55.514+0000] {processor.py:809} INFO - DAG(s) dict_keys(['example_skip_dag']) retrieved from /home/airflow/.local/lib/python3.7/site-packages/airflow/example_dags/example_skip_dag.py
[2023-05-16T02:55:55.549+0000] {logging_mixin.py:149} INFO - [2023-05-16T02:55:55.548+0000] {dag.py:2726} INFO - Sync 1 DAGs
[2023-05-16T02:55:55.574+0000] {logging_mixin.py:149} INFO - [2023-05-16T02:55:55.573+0000] {dag.py:3490} INFO - Setting next_dagrun for example_skip_dag to 2023-05-15T02:55:55.573661+00:00, run_after=2023-05-16T02:55:55.573661+00:00
[2023-05-16T02:55:55.596+0000] {processor.py:178} INFO - Processing /home/airflow/.local/lib/python3.7/site-packages/airflow/example_dags/example_skip_dag.py took 0.097 seconds
[2023-05-16T02:56:26.620+0000] {processor.py:156} INFO - Started process (PID=208) to work on /home/airflow/.local/lib/python3.7/site-packages/airflow/example_dags/example_skip_dag.py
[2023-05-16T02:56:26.622+0000] {processor.py:799} INFO - Processing file /home/airflow/.local/lib/python3.7/site-packages/airflow/example_dags/example_skip_dag.py for tasks to queue
[2023-05-16T02:56:26.623+0000] {logging_mixin.py:149} INFO - [2023-05-16T02:56:26.623+0000] {dagbag.py:541} INFO - Filling up the DagBag from /home/airflow/.local/lib/python3.7/site-packages/airflow/example_dags/example_skip_dag.py
[2023-05-16T02:56:26.632+0000] {processor.py:809} INFO - DAG(s) dict_keys(['example_skip_dag']) retrieved from /home/airflow/.local/lib/python3.7/site-packages/airflow/example_dags/example_skip_dag.py
[2023-05-16T02:56:26.660+0000] {logging_mixin.py:149} INFO - [2023-05-16T02:56:26.659+0000] {dag.py:2726} INFO - Sync 1 DAGs
[2023-05-16T02:56:26.677+0000] {logging_mixin.py:149} INFO - [2023-05-16T02:56:26.677+0000] {dag.py:3490} INFO - Setting next_dagrun for example_skip_dag to 2023-05-15T02:56:26.676887+00:00, run_after=2023-05-16T02:56:26.676887+00:00
[2023-05-16T02:56:26.689+0000] {processor.py:178} INFO - Processing /home/airflow/.local/lib/python3.7/site-packages/airflow/example_dags/example_skip_dag.py took 0.075 seconds
[2023-05-16T02:56:57.056+0000] {processor.py:156} INFO - Started process (PID=264) to work on /home/airflow/.local/lib/python3.7/site-packages/airflow/example_dags/example_skip_dag.py
[2023-05-16T02:56:57.058+0000] {processor.py:799} INFO - Processing file /home/airflow/.local/lib/python3.7/site-packages/airflow/example_dags/example_skip_dag.py for tasks to queue
[2023-05-16T02:56:57.059+0000] {logging_mixin.py:149} INFO - [2023-05-16T02:56:57.059+0000] {dagbag.py:541} INFO - Filling up the DagBag from /home/airflow/.local/lib/python3.7/site-packages/airflow/example_dags/example_skip_dag.py
[2023-05-16T02:56:57.065+0000] {processor.py:809} INFO - DAG(s) dict_keys(['example_skip_dag']) retrieved from /home/airflow/.local/lib/python3.7/site-packages/airflow/example_dags/example_skip_dag.py
[2023-05-16T02:56:57.087+0000] {logging_mixin.py:149} INFO - [2023-05-16T02:56:57.087+0000] {dag.py:2726} INFO - Sync 1 DAGs
[2023-05-16T02:56:57.104+0000] {logging_mixin.py:149} INFO - [2023-05-16T02:56:57.104+0000] {dag.py:3490} INFO - Setting next_dagrun for example_skip_dag to 2023-05-15T02:56:57.104464+00:00, run_after=2023-05-16T02:56:57.104464+00:00
[2023-05-16T02:56:57.118+0000] {processor.py:178} INFO - Processing /home/airflow/.local/lib/python3.7/site-packages/airflow/example_dags/example_skip_dag.py took 0.064 seconds
[2023-05-16T02:57:27.573+0000] {processor.py:156} INFO - Started process (PID=320) to work on /home/airflow/.local/lib/python3.7/site-packages/airflow/example_dags/example_skip_dag.py
[2023-05-16T02:57:27.575+0000] {processor.py:799} INFO - Processing file /home/airflow/.local/lib/python3.7/site-packages/airflow/example_dags/example_skip_dag.py for tasks to queue
[2023-05-16T02:57:27.577+0000] {logging_mixin.py:149} INFO - [2023-05-16T02:57:27.577+0000] {dagbag.py:541} INFO - Filling up the DagBag from /home/airflow/.local/lib/python3.7/site-packages/airflow/example_dags/example_skip_dag.py
[2023-05-16T02:57:27.588+0000] {processor.py:809} INFO - DAG(s) dict_keys(['example_skip_dag']) retrieved from /home/airflow/.local/lib/python3.7/site-packages/airflow/example_dags/example_skip_dag.py
[2023-05-16T02:57:27.613+0000] {logging_mixin.py:149} INFO - [2023-05-16T02:57:27.613+0000] {dag.py:2726} INFO - Sync 1 DAGs
[2023-05-16T02:57:27.630+0000] {logging_mixin.py:149} INFO - [2023-05-16T02:57:27.630+0000] {dag.py:3490} INFO - Setting next_dagrun for example_skip_dag to 2023-05-15T02:57:27.629881+00:00, run_after=2023-05-16T02:57:27.629881+00:00
[2023-05-16T02:57:27.641+0000] {processor.py:178} INFO - Processing /home/airflow/.local/lib/python3.7/site-packages/airflow/example_dags/example_skip_dag.py took 0.074 seconds
[2023-05-16T03:07:30.760+0000] {processor.py:156} INFO - Started process (PID=42) to work on /home/airflow/.local/lib/python3.7/site-packages/airflow/example_dags/example_skip_dag.py
[2023-05-16T03:07:30.762+0000] {processor.py:799} INFO - Processing file /home/airflow/.local/lib/python3.7/site-packages/airflow/example_dags/example_skip_dag.py for tasks to queue
[2023-05-16T03:07:30.763+0000] {logging_mixin.py:149} INFO - [2023-05-16T03:07:30.763+0000] {dagbag.py:541} INFO - Filling up the DagBag from /home/airflow/.local/lib/python3.7/site-packages/airflow/example_dags/example_skip_dag.py
[2023-05-16T03:07:30.772+0000] {processor.py:809} INFO - DAG(s) dict_keys(['example_skip_dag']) retrieved from /home/airflow/.local/lib/python3.7/site-packages/airflow/example_dags/example_skip_dag.py
[2023-05-16T03:07:30.786+0000] {logging_mixin.py:149} INFO - [2023-05-16T03:07:30.786+0000] {dag.py:2726} INFO - Sync 1 DAGs
[2023-05-16T03:07:30.807+0000] {logging_mixin.py:149} INFO - [2023-05-16T03:07:30.806+0000] {dag.py:3490} INFO - Setting next_dagrun for example_skip_dag to 2023-05-15T03:07:30.806709+00:00, run_after=2023-05-16T03:07:30.806709+00:00
[2023-05-16T03:07:30.829+0000] {processor.py:178} INFO - Processing /home/airflow/.local/lib/python3.7/site-packages/airflow/example_dags/example_skip_dag.py took 0.072 seconds
[2023-05-16T03:08:00.979+0000] {processor.py:156} INFO - Started process (PID=97) to work on /home/airflow/.local/lib/python3.7/site-packages/airflow/example_dags/example_skip_dag.py
[2023-05-16T03:08:00.980+0000] {processor.py:799} INFO - Processing file /home/airflow/.local/lib/python3.7/site-packages/airflow/example_dags/example_skip_dag.py for tasks to queue
[2023-05-16T03:08:00.981+0000] {logging_mixin.py:149} INFO - [2023-05-16T03:08:00.981+0000] {dagbag.py:541} INFO - Filling up the DagBag from /home/airflow/.local/lib/python3.7/site-packages/airflow/example_dags/example_skip_dag.py
[2023-05-16T03:08:00.987+0000] {processor.py:809} INFO - DAG(s) dict_keys(['example_skip_dag']) retrieved from /home/airflow/.local/lib/python3.7/site-packages/airflow/example_dags/example_skip_dag.py
[2023-05-16T03:08:01.006+0000] {logging_mixin.py:149} INFO - [2023-05-16T03:08:01.006+0000] {dag.py:2726} INFO - Sync 1 DAGs
[2023-05-16T03:08:01.022+0000] {logging_mixin.py:149} INFO - [2023-05-16T03:08:01.022+0000] {dag.py:3490} INFO - Setting next_dagrun for example_skip_dag to 2023-05-15T03:08:01.022555+00:00, run_after=2023-05-16T03:08:01.022555+00:00
[2023-05-16T03:08:01.034+0000] {processor.py:178} INFO - Processing /home/airflow/.local/lib/python3.7/site-packages/airflow/example_dags/example_skip_dag.py took 0.058 seconds
[2023-05-16T03:08:31.466+0000] {processor.py:156} INFO - Started process (PID=153) to work on /home/airflow/.local/lib/python3.7/site-packages/airflow/example_dags/example_skip_dag.py
[2023-05-16T03:08:31.468+0000] {processor.py:799} INFO - Processing file /home/airflow/.local/lib/python3.7/site-packages/airflow/example_dags/example_skip_dag.py for tasks to queue
[2023-05-16T03:08:31.468+0000] {logging_mixin.py:149} INFO - [2023-05-16T03:08:31.468+0000] {dagbag.py:541} INFO - Filling up the DagBag from /home/airflow/.local/lib/python3.7/site-packages/airflow/example_dags/example_skip_dag.py
[2023-05-16T03:08:31.475+0000] {processor.py:809} INFO - DAG(s) dict_keys(['example_skip_dag']) retrieved from /home/airflow/.local/lib/python3.7/site-packages/airflow/example_dags/example_skip_dag.py
[2023-05-16T03:08:31.494+0000] {logging_mixin.py:149} INFO - [2023-05-16T03:08:31.494+0000] {dag.py:2726} INFO - Sync 1 DAGs
[2023-05-16T03:08:31.512+0000] {logging_mixin.py:149} INFO - [2023-05-16T03:08:31.512+0000] {dag.py:3490} INFO - Setting next_dagrun for example_skip_dag to 2023-05-15T03:08:31.512459+00:00, run_after=2023-05-16T03:08:31.512459+00:00
[2023-05-16T03:08:31.533+0000] {processor.py:178} INFO - Processing /home/airflow/.local/lib/python3.7/site-packages/airflow/example_dags/example_skip_dag.py took 0.069 seconds
[2023-05-16T03:09:01.951+0000] {processor.py:156} INFO - Started process (PID=209) to work on /home/airflow/.local/lib/python3.7/site-packages/airflow/example_dags/example_skip_dag.py
[2023-05-16T03:09:01.953+0000] {processor.py:799} INFO - Processing file /home/airflow/.local/lib/python3.7/site-packages/airflow/example_dags/example_skip_dag.py for tasks to queue
[2023-05-16T03:09:01.953+0000] {logging_mixin.py:149} INFO - [2023-05-16T03:09:01.953+0000] {dagbag.py:541} INFO - Filling up the DagBag from /home/airflow/.local/lib/python3.7/site-packages/airflow/example_dags/example_skip_dag.py
[2023-05-16T03:09:01.959+0000] {processor.py:809} INFO - DAG(s) dict_keys(['example_skip_dag']) retrieved from /home/airflow/.local/lib/python3.7/site-packages/airflow/example_dags/example_skip_dag.py
[2023-05-16T03:09:01.980+0000] {logging_mixin.py:149} INFO - [2023-05-16T03:09:01.980+0000] {dag.py:2726} INFO - Sync 1 DAGs
[2023-05-16T03:09:01.996+0000] {logging_mixin.py:149} INFO - [2023-05-16T03:09:01.996+0000] {dag.py:3490} INFO - Setting next_dagrun for example_skip_dag to 2023-05-15T03:09:01.996323+00:00, run_after=2023-05-16T03:09:01.996323+00:00
[2023-05-16T03:09:02.008+0000] {processor.py:178} INFO - Processing /home/airflow/.local/lib/python3.7/site-packages/airflow/example_dags/example_skip_dag.py took 0.060 seconds
[2023-05-16T03:09:32.432+0000] {processor.py:156} INFO - Started process (PID=265) to work on /home/airflow/.local/lib/python3.7/site-packages/airflow/example_dags/example_skip_dag.py
[2023-05-16T03:09:32.434+0000] {processor.py:799} INFO - Processing file /home/airflow/.local/lib/python3.7/site-packages/airflow/example_dags/example_skip_dag.py for tasks to queue
[2023-05-16T03:09:32.434+0000] {logging_mixin.py:149} INFO - [2023-05-16T03:09:32.434+0000] {dagbag.py:541} INFO - Filling up the DagBag from /home/airflow/.local/lib/python3.7/site-packages/airflow/example_dags/example_skip_dag.py
[2023-05-16T03:09:32.440+0000] {processor.py:809} INFO - DAG(s) dict_keys(['example_skip_dag']) retrieved from /home/airflow/.local/lib/python3.7/site-packages/airflow/example_dags/example_skip_dag.py
[2023-05-16T03:09:32.461+0000] {logging_mixin.py:149} INFO - [2023-05-16T03:09:32.461+0000] {dag.py:2726} INFO - Sync 1 DAGs
[2023-05-16T03:09:32.477+0000] {logging_mixin.py:149} INFO - [2023-05-16T03:09:32.477+0000] {dag.py:3490} INFO - Setting next_dagrun for example_skip_dag to 2023-05-15T03:09:32.477547+00:00, run_after=2023-05-16T03:09:32.477547+00:00
[2023-05-16T03:09:32.490+0000] {processor.py:178} INFO - Processing /home/airflow/.local/lib/python3.7/site-packages/airflow/example_dags/example_skip_dag.py took 0.061 seconds
[2023-05-16T03:10:02.971+0000] {processor.py:156} INFO - Started process (PID=321) to work on /home/airflow/.local/lib/python3.7/site-packages/airflow/example_dags/example_skip_dag.py
[2023-05-16T03:10:02.972+0000] {processor.py:799} INFO - Processing file /home/airflow/.local/lib/python3.7/site-packages/airflow/example_dags/example_skip_dag.py for tasks to queue
[2023-05-16T03:10:02.973+0000] {logging_mixin.py:149} INFO - [2023-05-16T03:10:02.973+0000] {dagbag.py:541} INFO - Filling up the DagBag from /home/airflow/.local/lib/python3.7/site-packages/airflow/example_dags/example_skip_dag.py
[2023-05-16T03:10:02.979+0000] {processor.py:809} INFO - DAG(s) dict_keys(['example_skip_dag']) retrieved from /home/airflow/.local/lib/python3.7/site-packages/airflow/example_dags/example_skip_dag.py
[2023-05-16T03:10:03.000+0000] {logging_mixin.py:149} INFO - [2023-05-16T03:10:03.000+0000] {dag.py:2726} INFO - Sync 1 DAGs
[2023-05-16T03:10:03.017+0000] {logging_mixin.py:149} INFO - [2023-05-16T03:10:03.016+0000] {dag.py:3490} INFO - Setting next_dagrun for example_skip_dag to 2023-05-15T03:10:03.016767+00:00, run_after=2023-05-16T03:10:03.016767+00:00
[2023-05-16T03:10:03.031+0000] {processor.py:178} INFO - Processing /home/airflow/.local/lib/python3.7/site-packages/airflow/example_dags/example_skip_dag.py took 0.063 seconds
[2023-05-16T03:10:33.589+0000] {processor.py:156} INFO - Started process (PID=377) to work on /home/airflow/.local/lib/python3.7/site-packages/airflow/example_dags/example_skip_dag.py
[2023-05-16T03:10:33.590+0000] {processor.py:799} INFO - Processing file /home/airflow/.local/lib/python3.7/site-packages/airflow/example_dags/example_skip_dag.py for tasks to queue
[2023-05-16T03:10:33.591+0000] {logging_mixin.py:149} INFO - [2023-05-16T03:10:33.591+0000] {dagbag.py:541} INFO - Filling up the DagBag from /home/airflow/.local/lib/python3.7/site-packages/airflow/example_dags/example_skip_dag.py
[2023-05-16T03:10:33.598+0000] {processor.py:809} INFO - DAG(s) dict_keys(['example_skip_dag']) retrieved from /home/airflow/.local/lib/python3.7/site-packages/airflow/example_dags/example_skip_dag.py
[2023-05-16T03:10:33.619+0000] {logging_mixin.py:149} INFO - [2023-05-16T03:10:33.618+0000] {dag.py:2726} INFO - Sync 1 DAGs
[2023-05-16T03:10:33.633+0000] {logging_mixin.py:149} INFO - [2023-05-16T03:10:33.633+0000] {dag.py:3490} INFO - Setting next_dagrun for example_skip_dag to 2023-05-15T03:10:33.633395+00:00, run_after=2023-05-16T03:10:33.633395+00:00
[2023-05-16T03:10:33.645+0000] {processor.py:178} INFO - Processing /home/airflow/.local/lib/python3.7/site-packages/airflow/example_dags/example_skip_dag.py took 0.059 seconds
