[2023-05-16T02:55:02.085+0000] {processor.py:156} INFO - Started process (PID=63) to work on /home/airflow/.local/lib/python3.7/site-packages/airflow/example_dags/example_nested_branch_dag.py
[2023-05-16T02:55:02.092+0000] {processor.py:799} INFO - Processing file /home/airflow/.local/lib/python3.7/site-packages/airflow/example_dags/example_nested_branch_dag.py for tasks to queue
[2023-05-16T02:55:02.096+0000] {logging_mixin.py:149} INFO - [2023-05-16T02:55:02.095+0000] {dagbag.py:541} INFO - Filling up the DagBag from /home/airflow/.local/lib/python3.7/site-packages/airflow/example_dags/example_nested_branch_dag.py
[2023-05-16T02:55:02.117+0000] {processor.py:809} INFO - DAG(s) dict_keys(['example_nested_branch_dag']) retrieved from /home/airflow/.local/lib/python3.7/site-packages/airflow/example_dags/example_nested_branch_dag.py
[2023-05-16T02:55:02.235+0000] {logging_mixin.py:149} INFO - [2023-05-16T02:55:02.234+0000] {manager.py:504} INFO - Created Permission View: can read on DAG:example_nested_branch_dag
[2023-05-16T02:55:02.255+0000] {logging_mixin.py:149} INFO - [2023-05-16T02:55:02.255+0000] {manager.py:504} INFO - Created Permission View: can delete on DAG:example_nested_branch_dag
[2023-05-16T02:55:02.265+0000] {logging_mixin.py:149} INFO - [2023-05-16T02:55:02.265+0000] {manager.py:504} INFO - Created Permission View: can edit on DAG:example_nested_branch_dag
[2023-05-16T02:55:02.267+0000] {logging_mixin.py:149} INFO - [2023-05-16T02:55:02.266+0000] {dag.py:2726} INFO - Sync 1 DAGs
[2023-05-16T02:55:02.276+0000] {logging_mixin.py:149} INFO - [2023-05-16T02:55:02.276+0000] {dag.py:2747} INFO - Creating ORM DAG for example_nested_branch_dag
[2023-05-16T02:55:02.288+0000] {logging_mixin.py:149} INFO - [2023-05-16T02:55:02.288+0000] {dag.py:3490} INFO - Setting next_dagrun for example_nested_branch_dag to 2023-05-15T00:00:00+00:00, run_after=2023-05-16T00:00:00+00:00
[2023-05-16T02:55:02.302+0000] {processor.py:178} INFO - Processing /home/airflow/.local/lib/python3.7/site-packages/airflow/example_dags/example_nested_branch_dag.py took 0.224 seconds
[2023-05-16T02:55:33.737+0000] {processor.py:156} INFO - Started process (PID=119) to work on /home/airflow/.local/lib/python3.7/site-packages/airflow/example_dags/example_nested_branch_dag.py
[2023-05-16T02:55:33.739+0000] {processor.py:799} INFO - Processing file /home/airflow/.local/lib/python3.7/site-packages/airflow/example_dags/example_nested_branch_dag.py for tasks to queue
[2023-05-16T02:55:33.740+0000] {logging_mixin.py:149} INFO - [2023-05-16T02:55:33.740+0000] {dagbag.py:541} INFO - Filling up the DagBag from /home/airflow/.local/lib/python3.7/site-packages/airflow/example_dags/example_nested_branch_dag.py
[2023-05-16T02:55:33.749+0000] {processor.py:809} INFO - DAG(s) dict_keys(['example_nested_branch_dag']) retrieved from /home/airflow/.local/lib/python3.7/site-packages/airflow/example_dags/example_nested_branch_dag.py
[2023-05-16T02:55:33.774+0000] {logging_mixin.py:149} INFO - [2023-05-16T02:55:33.774+0000] {dag.py:2726} INFO - Sync 1 DAGs
[2023-05-16T02:55:33.795+0000] {logging_mixin.py:149} INFO - [2023-05-16T02:55:33.795+0000] {dag.py:3490} INFO - Setting next_dagrun for example_nested_branch_dag to 2023-05-15T00:00:00+00:00, run_after=2023-05-16T00:00:00+00:00
[2023-05-16T02:55:33.810+0000] {processor.py:178} INFO - Processing /home/airflow/.local/lib/python3.7/site-packages/airflow/example_dags/example_nested_branch_dag.py took 0.077 seconds
[2023-05-16T02:56:04.409+0000] {processor.py:156} INFO - Started process (PID=175) to work on /home/airflow/.local/lib/python3.7/site-packages/airflow/example_dags/example_nested_branch_dag.py
[2023-05-16T02:56:04.410+0000] {processor.py:799} INFO - Processing file /home/airflow/.local/lib/python3.7/site-packages/airflow/example_dags/example_nested_branch_dag.py for tasks to queue
[2023-05-16T02:56:04.411+0000] {logging_mixin.py:149} INFO - [2023-05-16T02:56:04.411+0000] {dagbag.py:541} INFO - Filling up the DagBag from /home/airflow/.local/lib/python3.7/site-packages/airflow/example_dags/example_nested_branch_dag.py
[2023-05-16T02:56:04.419+0000] {processor.py:809} INFO - DAG(s) dict_keys(['example_nested_branch_dag']) retrieved from /home/airflow/.local/lib/python3.7/site-packages/airflow/example_dags/example_nested_branch_dag.py
[2023-05-16T02:56:04.440+0000] {logging_mixin.py:149} INFO - [2023-05-16T02:56:04.440+0000] {dag.py:2726} INFO - Sync 1 DAGs
[2023-05-16T02:56:04.457+0000] {logging_mixin.py:149} INFO - [2023-05-16T02:56:04.457+0000] {dag.py:3490} INFO - Setting next_dagrun for example_nested_branch_dag to 2023-05-15T00:00:00+00:00, run_after=2023-05-16T00:00:00+00:00
[2023-05-16T02:56:04.468+0000] {processor.py:178} INFO - Processing /home/airflow/.local/lib/python3.7/site-packages/airflow/example_dags/example_nested_branch_dag.py took 0.061 seconds
[2023-05-16T02:56:34.933+0000] {processor.py:156} INFO - Started process (PID=231) to work on /home/airflow/.local/lib/python3.7/site-packages/airflow/example_dags/example_nested_branch_dag.py
[2023-05-16T02:56:34.934+0000] {processor.py:799} INFO - Processing file /home/airflow/.local/lib/python3.7/site-packages/airflow/example_dags/example_nested_branch_dag.py for tasks to queue
[2023-05-16T02:56:34.935+0000] {logging_mixin.py:149} INFO - [2023-05-16T02:56:34.935+0000] {dagbag.py:541} INFO - Filling up the DagBag from /home/airflow/.local/lib/python3.7/site-packages/airflow/example_dags/example_nested_branch_dag.py
[2023-05-16T02:56:34.943+0000] {processor.py:809} INFO - DAG(s) dict_keys(['example_nested_branch_dag']) retrieved from /home/airflow/.local/lib/python3.7/site-packages/airflow/example_dags/example_nested_branch_dag.py
[2023-05-16T02:56:34.964+0000] {logging_mixin.py:149} INFO - [2023-05-16T02:56:34.964+0000] {dag.py:2726} INFO - Sync 1 DAGs
[2023-05-16T02:56:34.981+0000] {logging_mixin.py:149} INFO - [2023-05-16T02:56:34.981+0000] {dag.py:3490} INFO - Setting next_dagrun for example_nested_branch_dag to 2023-05-15T00:00:00+00:00, run_after=2023-05-16T00:00:00+00:00
[2023-05-16T02:56:34.992+0000] {processor.py:178} INFO - Processing /home/airflow/.local/lib/python3.7/site-packages/airflow/example_dags/example_nested_branch_dag.py took 0.062 seconds
[2023-05-16T02:57:05.410+0000] {processor.py:156} INFO - Started process (PID=287) to work on /home/airflow/.local/lib/python3.7/site-packages/airflow/example_dags/example_nested_branch_dag.py
[2023-05-16T02:57:05.412+0000] {processor.py:799} INFO - Processing file /home/airflow/.local/lib/python3.7/site-packages/airflow/example_dags/example_nested_branch_dag.py for tasks to queue
[2023-05-16T02:57:05.413+0000] {logging_mixin.py:149} INFO - [2023-05-16T02:57:05.413+0000] {dagbag.py:541} INFO - Filling up the DagBag from /home/airflow/.local/lib/python3.7/site-packages/airflow/example_dags/example_nested_branch_dag.py
[2023-05-16T02:57:05.420+0000] {processor.py:809} INFO - DAG(s) dict_keys(['example_nested_branch_dag']) retrieved from /home/airflow/.local/lib/python3.7/site-packages/airflow/example_dags/example_nested_branch_dag.py
[2023-05-16T02:57:05.443+0000] {logging_mixin.py:149} INFO - [2023-05-16T02:57:05.443+0000] {dag.py:2726} INFO - Sync 1 DAGs
[2023-05-16T02:57:05.459+0000] {logging_mixin.py:149} INFO - [2023-05-16T02:57:05.459+0000] {dag.py:3490} INFO - Setting next_dagrun for example_nested_branch_dag to 2023-05-15T00:00:00+00:00, run_after=2023-05-16T00:00:00+00:00
[2023-05-16T02:57:05.472+0000] {processor.py:178} INFO - Processing /home/airflow/.local/lib/python3.7/site-packages/airflow/example_dags/example_nested_branch_dag.py took 0.065 seconds
[2023-05-16T03:07:33.564+0000] {processor.py:156} INFO - Started process (PID=65) to work on /home/airflow/.local/lib/python3.7/site-packages/airflow/example_dags/example_nested_branch_dag.py
[2023-05-16T03:07:33.565+0000] {processor.py:799} INFO - Processing file /home/airflow/.local/lib/python3.7/site-packages/airflow/example_dags/example_nested_branch_dag.py for tasks to queue
[2023-05-16T03:07:33.566+0000] {logging_mixin.py:149} INFO - [2023-05-16T03:07:33.566+0000] {dagbag.py:541} INFO - Filling up the DagBag from /home/airflow/.local/lib/python3.7/site-packages/airflow/example_dags/example_nested_branch_dag.py
[2023-05-16T03:07:33.592+0000] {processor.py:809} INFO - DAG(s) dict_keys(['example_nested_branch_dag']) retrieved from /home/airflow/.local/lib/python3.7/site-packages/airflow/example_dags/example_nested_branch_dag.py
[2023-05-16T03:07:33.630+0000] {logging_mixin.py:149} INFO - [2023-05-16T03:07:33.630+0000] {dag.py:2726} INFO - Sync 1 DAGs
[2023-05-16T03:07:33.672+0000] {logging_mixin.py:149} INFO - [2023-05-16T03:07:33.672+0000] {dag.py:3490} INFO - Setting next_dagrun for example_nested_branch_dag to 2023-05-15T00:00:00+00:00, run_after=2023-05-16T00:00:00+00:00
[2023-05-16T03:07:33.726+0000] {processor.py:178} INFO - Processing /home/airflow/.local/lib/python3.7/site-packages/airflow/example_dags/example_nested_branch_dag.py took 0.166 seconds
[2023-05-16T03:08:04.261+0000] {processor.py:156} INFO - Started process (PID=120) to work on /home/airflow/.local/lib/python3.7/site-packages/airflow/example_dags/example_nested_branch_dag.py
[2023-05-16T03:08:04.263+0000] {processor.py:799} INFO - Processing file /home/airflow/.local/lib/python3.7/site-packages/airflow/example_dags/example_nested_branch_dag.py for tasks to queue
[2023-05-16T03:08:04.264+0000] {logging_mixin.py:149} INFO - [2023-05-16T03:08:04.263+0000] {dagbag.py:541} INFO - Filling up the DagBag from /home/airflow/.local/lib/python3.7/site-packages/airflow/example_dags/example_nested_branch_dag.py
[2023-05-16T03:08:04.271+0000] {processor.py:809} INFO - DAG(s) dict_keys(['example_nested_branch_dag']) retrieved from /home/airflow/.local/lib/python3.7/site-packages/airflow/example_dags/example_nested_branch_dag.py
[2023-05-16T03:08:04.293+0000] {logging_mixin.py:149} INFO - [2023-05-16T03:08:04.293+0000] {dag.py:2726} INFO - Sync 1 DAGs
[2023-05-16T03:08:04.310+0000] {logging_mixin.py:149} INFO - [2023-05-16T03:08:04.310+0000] {dag.py:3490} INFO - Setting next_dagrun for example_nested_branch_dag to 2023-05-15T00:00:00+00:00, run_after=2023-05-16T00:00:00+00:00
[2023-05-16T03:08:04.321+0000] {processor.py:178} INFO - Processing /home/airflow/.local/lib/python3.7/site-packages/airflow/example_dags/example_nested_branch_dag.py took 0.062 seconds
[2023-05-16T03:08:34.666+0000] {processor.py:156} INFO - Started process (PID=176) to work on /home/airflow/.local/lib/python3.7/site-packages/airflow/example_dags/example_nested_branch_dag.py
[2023-05-16T03:08:34.668+0000] {processor.py:799} INFO - Processing file /home/airflow/.local/lib/python3.7/site-packages/airflow/example_dags/example_nested_branch_dag.py for tasks to queue
[2023-05-16T03:08:34.669+0000] {logging_mixin.py:149} INFO - [2023-05-16T03:08:34.669+0000] {dagbag.py:541} INFO - Filling up the DagBag from /home/airflow/.local/lib/python3.7/site-packages/airflow/example_dags/example_nested_branch_dag.py
[2023-05-16T03:08:34.676+0000] {processor.py:809} INFO - DAG(s) dict_keys(['example_nested_branch_dag']) retrieved from /home/airflow/.local/lib/python3.7/site-packages/airflow/example_dags/example_nested_branch_dag.py
[2023-05-16T03:08:34.716+0000] {logging_mixin.py:149} INFO - [2023-05-16T03:08:34.716+0000] {dag.py:2726} INFO - Sync 1 DAGs
[2023-05-16T03:08:34.754+0000] {logging_mixin.py:149} INFO - [2023-05-16T03:08:34.754+0000] {dag.py:3490} INFO - Setting next_dagrun for example_nested_branch_dag to 2023-05-15T00:00:00+00:00, run_after=2023-05-16T00:00:00+00:00
[2023-05-16T03:08:34.773+0000] {processor.py:178} INFO - Processing /home/airflow/.local/lib/python3.7/site-packages/airflow/example_dags/example_nested_branch_dag.py took 0.109 seconds
[2023-05-16T03:09:05.209+0000] {processor.py:156} INFO - Started process (PID=232) to work on /home/airflow/.local/lib/python3.7/site-packages/airflow/example_dags/example_nested_branch_dag.py
[2023-05-16T03:09:05.210+0000] {processor.py:799} INFO - Processing file /home/airflow/.local/lib/python3.7/site-packages/airflow/example_dags/example_nested_branch_dag.py for tasks to queue
[2023-05-16T03:09:05.211+0000] {logging_mixin.py:149} INFO - [2023-05-16T03:09:05.211+0000] {dagbag.py:541} INFO - Filling up the DagBag from /home/airflow/.local/lib/python3.7/site-packages/airflow/example_dags/example_nested_branch_dag.py
[2023-05-16T03:09:05.219+0000] {processor.py:809} INFO - DAG(s) dict_keys(['example_nested_branch_dag']) retrieved from /home/airflow/.local/lib/python3.7/site-packages/airflow/example_dags/example_nested_branch_dag.py
[2023-05-16T03:09:05.241+0000] {logging_mixin.py:149} INFO - [2023-05-16T03:09:05.241+0000] {dag.py:2726} INFO - Sync 1 DAGs
[2023-05-16T03:09:05.259+0000] {logging_mixin.py:149} INFO - [2023-05-16T03:09:05.259+0000] {dag.py:3490} INFO - Setting next_dagrun for example_nested_branch_dag to 2023-05-15T00:00:00+00:00, run_after=2023-05-16T00:00:00+00:00
[2023-05-16T03:09:05.273+0000] {processor.py:178} INFO - Processing /home/airflow/.local/lib/python3.7/site-packages/airflow/example_dags/example_nested_branch_dag.py took 0.067 seconds
[2023-05-16T03:09:35.750+0000] {processor.py:156} INFO - Started process (PID=288) to work on /home/airflow/.local/lib/python3.7/site-packages/airflow/example_dags/example_nested_branch_dag.py
[2023-05-16T03:09:35.751+0000] {processor.py:799} INFO - Processing file /home/airflow/.local/lib/python3.7/site-packages/airflow/example_dags/example_nested_branch_dag.py for tasks to queue
[2023-05-16T03:09:35.752+0000] {logging_mixin.py:149} INFO - [2023-05-16T03:09:35.752+0000] {dagbag.py:541} INFO - Filling up the DagBag from /home/airflow/.local/lib/python3.7/site-packages/airflow/example_dags/example_nested_branch_dag.py
[2023-05-16T03:09:35.760+0000] {processor.py:809} INFO - DAG(s) dict_keys(['example_nested_branch_dag']) retrieved from /home/airflow/.local/lib/python3.7/site-packages/airflow/example_dags/example_nested_branch_dag.py
[2023-05-16T03:09:35.781+0000] {logging_mixin.py:149} INFO - [2023-05-16T03:09:35.781+0000] {dag.py:2726} INFO - Sync 1 DAGs
[2023-05-16T03:09:35.798+0000] {logging_mixin.py:149} INFO - [2023-05-16T03:09:35.798+0000] {dag.py:3490} INFO - Setting next_dagrun for example_nested_branch_dag to 2023-05-15T00:00:00+00:00, run_after=2023-05-16T00:00:00+00:00
[2023-05-16T03:09:35.813+0000] {processor.py:178} INFO - Processing /home/airflow/.local/lib/python3.7/site-packages/airflow/example_dags/example_nested_branch_dag.py took 0.066 seconds
[2023-05-16T03:10:06.284+0000] {processor.py:156} INFO - Started process (PID=344) to work on /home/airflow/.local/lib/python3.7/site-packages/airflow/example_dags/example_nested_branch_dag.py
[2023-05-16T03:10:06.285+0000] {processor.py:799} INFO - Processing file /home/airflow/.local/lib/python3.7/site-packages/airflow/example_dags/example_nested_branch_dag.py for tasks to queue
[2023-05-16T03:10:06.287+0000] {logging_mixin.py:149} INFO - [2023-05-16T03:10:06.286+0000] {dagbag.py:541} INFO - Filling up the DagBag from /home/airflow/.local/lib/python3.7/site-packages/airflow/example_dags/example_nested_branch_dag.py
[2023-05-16T03:10:06.294+0000] {processor.py:809} INFO - DAG(s) dict_keys(['example_nested_branch_dag']) retrieved from /home/airflow/.local/lib/python3.7/site-packages/airflow/example_dags/example_nested_branch_dag.py
[2023-05-16T03:10:06.319+0000] {logging_mixin.py:149} INFO - [2023-05-16T03:10:06.319+0000] {dag.py:2726} INFO - Sync 1 DAGs
[2023-05-16T03:10:06.338+0000] {logging_mixin.py:149} INFO - [2023-05-16T03:10:06.338+0000] {dag.py:3490} INFO - Setting next_dagrun for example_nested_branch_dag to 2023-05-15T00:00:00+00:00, run_after=2023-05-16T00:00:00+00:00
[2023-05-16T03:10:06.352+0000] {processor.py:178} INFO - Processing /home/airflow/.local/lib/python3.7/site-packages/airflow/example_dags/example_nested_branch_dag.py took 0.072 seconds
[2023-05-16T03:10:36.781+0000] {processor.py:156} INFO - Started process (PID=400) to work on /home/airflow/.local/lib/python3.7/site-packages/airflow/example_dags/example_nested_branch_dag.py
[2023-05-16T03:10:36.783+0000] {processor.py:799} INFO - Processing file /home/airflow/.local/lib/python3.7/site-packages/airflow/example_dags/example_nested_branch_dag.py for tasks to queue
[2023-05-16T03:10:36.784+0000] {logging_mixin.py:149} INFO - [2023-05-16T03:10:36.784+0000] {dagbag.py:541} INFO - Filling up the DagBag from /home/airflow/.local/lib/python3.7/site-packages/airflow/example_dags/example_nested_branch_dag.py
[2023-05-16T03:10:36.791+0000] {processor.py:809} INFO - DAG(s) dict_keys(['example_nested_branch_dag']) retrieved from /home/airflow/.local/lib/python3.7/site-packages/airflow/example_dags/example_nested_branch_dag.py
[2023-05-16T03:10:36.813+0000] {logging_mixin.py:149} INFO - [2023-05-16T03:10:36.813+0000] {dag.py:2726} INFO - Sync 1 DAGs
[2023-05-16T03:10:36.830+0000] {logging_mixin.py:149} INFO - [2023-05-16T03:10:36.830+0000] {dag.py:3490} INFO - Setting next_dagrun for example_nested_branch_dag to 2023-05-15T00:00:00+00:00, run_after=2023-05-16T00:00:00+00:00
[2023-05-16T03:10:36.843+0000] {processor.py:178} INFO - Processing /home/airflow/.local/lib/python3.7/site-packages/airflow/example_dags/example_nested_branch_dag.py took 0.065 seconds
