[2023-05-16T02:54:54.668+0000] {processor.py:156} INFO - Started process (PID=42) to work on /home/airflow/.local/lib/python3.7/site-packages/airflow/example_dags/example_branch_operator.py
[2023-05-16T02:54:54.679+0000] {processor.py:799} INFO - Processing file /home/airflow/.local/lib/python3.7/site-packages/airflow/example_dags/example_branch_operator.py for tasks to queue
[2023-05-16T02:54:54.684+0000] {logging_mixin.py:149} INFO - [2023-05-16T02:54:54.684+0000] {dagbag.py:541} INFO - Filling up the DagBag from /home/airflow/.local/lib/python3.7/site-packages/airflow/example_dags/example_branch_operator.py
[2023-05-16T02:54:54.771+0000] {processor.py:809} INFO - DAG(s) dict_keys(['example_branch_operator']) retrieved from /home/airflow/.local/lib/python3.7/site-packages/airflow/example_dags/example_branch_operator.py
[2023-05-16T02:54:55.197+0000] {logging_mixin.py:149} INFO - [2023-05-16T02:54:55.197+0000] {manager.py:504} INFO - Created Permission View: can read on DAG:example_branch_operator
[2023-05-16T02:54:55.205+0000] {logging_mixin.py:149} INFO - [2023-05-16T02:54:55.204+0000] {manager.py:504} INFO - Created Permission View: can delete on DAG:example_branch_operator
[2023-05-16T02:54:55.219+0000] {logging_mixin.py:149} INFO - [2023-05-16T02:54:55.219+0000] {manager.py:504} INFO - Created Permission View: can edit on DAG:example_branch_operator
[2023-05-16T02:54:55.221+0000] {logging_mixin.py:149} INFO - [2023-05-16T02:54:55.221+0000] {dag.py:2726} INFO - Sync 1 DAGs
[2023-05-16T02:54:55.239+0000] {logging_mixin.py:149} INFO - [2023-05-16T02:54:55.238+0000] {dag.py:2747} INFO - Creating ORM DAG for example_branch_operator
[2023-05-16T02:54:55.262+0000] {logging_mixin.py:149} INFO - [2023-05-16T02:54:55.261+0000] {dag.py:3490} INFO - Setting next_dagrun for example_branch_operator to 2023-05-15T00:00:00+00:00, run_after=2023-05-16T00:00:00+00:00
[2023-05-16T02:54:55.298+0000] {processor.py:178} INFO - Processing /home/airflow/.local/lib/python3.7/site-packages/airflow/example_dags/example_branch_operator.py took 0.699 seconds
[2023-05-16T02:55:25.782+0000] {processor.py:156} INFO - Started process (PID=98) to work on /home/airflow/.local/lib/python3.7/site-packages/airflow/example_dags/example_branch_operator.py
[2023-05-16T02:55:25.785+0000] {processor.py:799} INFO - Processing file /home/airflow/.local/lib/python3.7/site-packages/airflow/example_dags/example_branch_operator.py for tasks to queue
[2023-05-16T02:55:25.788+0000] {logging_mixin.py:149} INFO - [2023-05-16T02:55:25.788+0000] {dagbag.py:541} INFO - Filling up the DagBag from /home/airflow/.local/lib/python3.7/site-packages/airflow/example_dags/example_branch_operator.py
[2023-05-16T02:55:25.801+0000] {processor.py:809} INFO - DAG(s) dict_keys(['example_branch_operator']) retrieved from /home/airflow/.local/lib/python3.7/site-packages/airflow/example_dags/example_branch_operator.py
[2023-05-16T02:55:25.855+0000] {logging_mixin.py:149} INFO - [2023-05-16T02:55:25.855+0000] {dag.py:2726} INFO - Sync 1 DAGs
[2023-05-16T02:55:25.884+0000] {logging_mixin.py:149} INFO - [2023-05-16T02:55:25.884+0000] {dag.py:3490} INFO - Setting next_dagrun for example_branch_operator to 2023-05-15T00:00:00+00:00, run_after=2023-05-16T00:00:00+00:00
[2023-05-16T02:55:25.909+0000] {processor.py:178} INFO - Processing /home/airflow/.local/lib/python3.7/site-packages/airflow/example_dags/example_branch_operator.py took 0.134 seconds
[2023-05-16T02:55:56.750+0000] {processor.py:156} INFO - Started process (PID=154) to work on /home/airflow/.local/lib/python3.7/site-packages/airflow/example_dags/example_branch_operator.py
[2023-05-16T02:55:56.754+0000] {processor.py:799} INFO - Processing file /home/airflow/.local/lib/python3.7/site-packages/airflow/example_dags/example_branch_operator.py for tasks to queue
[2023-05-16T02:55:56.757+0000] {logging_mixin.py:149} INFO - [2023-05-16T02:55:56.757+0000] {dagbag.py:541} INFO - Filling up the DagBag from /home/airflow/.local/lib/python3.7/site-packages/airflow/example_dags/example_branch_operator.py
[2023-05-16T02:55:56.781+0000] {processor.py:809} INFO - DAG(s) dict_keys(['example_branch_operator']) retrieved from /home/airflow/.local/lib/python3.7/site-packages/airflow/example_dags/example_branch_operator.py
[2023-05-16T02:55:56.867+0000] {logging_mixin.py:149} INFO - [2023-05-16T02:55:56.867+0000] {dag.py:2726} INFO - Sync 1 DAGs
[2023-05-16T02:55:56.901+0000] {logging_mixin.py:149} INFO - [2023-05-16T02:55:56.901+0000] {dag.py:3490} INFO - Setting next_dagrun for example_branch_operator to 2023-05-15T00:00:00+00:00, run_after=2023-05-16T00:00:00+00:00
[2023-05-16T02:55:56.934+0000] {processor.py:178} INFO - Processing /home/airflow/.local/lib/python3.7/site-packages/airflow/example_dags/example_branch_operator.py took 0.204 seconds
[2023-05-16T02:56:27.753+0000] {processor.py:156} INFO - Started process (PID=210) to work on /home/airflow/.local/lib/python3.7/site-packages/airflow/example_dags/example_branch_operator.py
[2023-05-16T02:56:27.754+0000] {processor.py:799} INFO - Processing file /home/airflow/.local/lib/python3.7/site-packages/airflow/example_dags/example_branch_operator.py for tasks to queue
[2023-05-16T02:56:27.756+0000] {logging_mixin.py:149} INFO - [2023-05-16T02:56:27.756+0000] {dagbag.py:541} INFO - Filling up the DagBag from /home/airflow/.local/lib/python3.7/site-packages/airflow/example_dags/example_branch_operator.py
[2023-05-16T02:56:27.767+0000] {processor.py:809} INFO - DAG(s) dict_keys(['example_branch_operator']) retrieved from /home/airflow/.local/lib/python3.7/site-packages/airflow/example_dags/example_branch_operator.py
[2023-05-16T02:56:27.790+0000] {logging_mixin.py:149} INFO - [2023-05-16T02:56:27.790+0000] {dag.py:2726} INFO - Sync 1 DAGs
[2023-05-16T02:56:27.806+0000] {logging_mixin.py:149} INFO - [2023-05-16T02:56:27.806+0000] {dag.py:3490} INFO - Setting next_dagrun for example_branch_operator to 2023-05-15T00:00:00+00:00, run_after=2023-05-16T00:00:00+00:00
[2023-05-16T02:56:27.817+0000] {processor.py:178} INFO - Processing /home/airflow/.local/lib/python3.7/site-packages/airflow/example_dags/example_branch_operator.py took 0.069 seconds
[2023-05-16T02:56:58.120+0000] {processor.py:156} INFO - Started process (PID=266) to work on /home/airflow/.local/lib/python3.7/site-packages/airflow/example_dags/example_branch_operator.py
[2023-05-16T02:56:58.123+0000] {processor.py:799} INFO - Processing file /home/airflow/.local/lib/python3.7/site-packages/airflow/example_dags/example_branch_operator.py for tasks to queue
[2023-05-16T02:56:58.124+0000] {logging_mixin.py:149} INFO - [2023-05-16T02:56:58.124+0000] {dagbag.py:541} INFO - Filling up the DagBag from /home/airflow/.local/lib/python3.7/site-packages/airflow/example_dags/example_branch_operator.py
[2023-05-16T02:56:58.141+0000] {processor.py:809} INFO - DAG(s) dict_keys(['example_branch_operator']) retrieved from /home/airflow/.local/lib/python3.7/site-packages/airflow/example_dags/example_branch_operator.py
[2023-05-16T02:56:58.188+0000] {logging_mixin.py:149} INFO - [2023-05-16T02:56:58.187+0000] {dag.py:2726} INFO - Sync 1 DAGs
[2023-05-16T02:56:58.205+0000] {logging_mixin.py:149} INFO - [2023-05-16T02:56:58.205+0000] {dag.py:3490} INFO - Setting next_dagrun for example_branch_operator to 2023-05-15T00:00:00+00:00, run_after=2023-05-16T00:00:00+00:00
[2023-05-16T02:56:58.218+0000] {processor.py:178} INFO - Processing /home/airflow/.local/lib/python3.7/site-packages/airflow/example_dags/example_branch_operator.py took 0.104 seconds
[2023-05-16T02:57:28.622+0000] {processor.py:156} INFO - Started process (PID=322) to work on /home/airflow/.local/lib/python3.7/site-packages/airflow/example_dags/example_branch_operator.py
[2023-05-16T02:57:28.623+0000] {processor.py:799} INFO - Processing file /home/airflow/.local/lib/python3.7/site-packages/airflow/example_dags/example_branch_operator.py for tasks to queue
[2023-05-16T02:57:28.624+0000] {logging_mixin.py:149} INFO - [2023-05-16T02:57:28.624+0000] {dagbag.py:541} INFO - Filling up the DagBag from /home/airflow/.local/lib/python3.7/site-packages/airflow/example_dags/example_branch_operator.py
[2023-05-16T02:57:28.634+0000] {processor.py:809} INFO - DAG(s) dict_keys(['example_branch_operator']) retrieved from /home/airflow/.local/lib/python3.7/site-packages/airflow/example_dags/example_branch_operator.py
[2023-05-16T02:57:28.657+0000] {logging_mixin.py:149} INFO - [2023-05-16T02:57:28.657+0000] {dag.py:2726} INFO - Sync 1 DAGs
[2023-05-16T02:57:28.674+0000] {logging_mixin.py:149} INFO - [2023-05-16T02:57:28.674+0000] {dag.py:3490} INFO - Setting next_dagrun for example_branch_operator to 2023-05-15T00:00:00+00:00, run_after=2023-05-16T00:00:00+00:00
[2023-05-16T02:57:28.686+0000] {processor.py:178} INFO - Processing /home/airflow/.local/lib/python3.7/site-packages/airflow/example_dags/example_branch_operator.py took 0.068 seconds
[2023-05-16T03:07:30.864+0000] {processor.py:156} INFO - Started process (PID=44) to work on /home/airflow/.local/lib/python3.7/site-packages/airflow/example_dags/example_branch_operator.py
[2023-05-16T03:07:30.866+0000] {processor.py:799} INFO - Processing file /home/airflow/.local/lib/python3.7/site-packages/airflow/example_dags/example_branch_operator.py for tasks to queue
[2023-05-16T03:07:30.866+0000] {logging_mixin.py:149} INFO - [2023-05-16T03:07:30.866+0000] {dagbag.py:541} INFO - Filling up the DagBag from /home/airflow/.local/lib/python3.7/site-packages/airflow/example_dags/example_branch_operator.py
[2023-05-16T03:07:30.880+0000] {processor.py:809} INFO - DAG(s) dict_keys(['example_branch_operator']) retrieved from /home/airflow/.local/lib/python3.7/site-packages/airflow/example_dags/example_branch_operator.py
[2023-05-16T03:07:30.895+0000] {logging_mixin.py:149} INFO - [2023-05-16T03:07:30.894+0000] {dag.py:2726} INFO - Sync 1 DAGs
[2023-05-16T03:07:30.933+0000] {logging_mixin.py:149} INFO - [2023-05-16T03:07:30.933+0000] {dag.py:3490} INFO - Setting next_dagrun for example_branch_operator to 2023-05-15T00:00:00+00:00, run_after=2023-05-16T00:00:00+00:00
[2023-05-16T03:07:30.957+0000] {processor.py:178} INFO - Processing /home/airflow/.local/lib/python3.7/site-packages/airflow/example_dags/example_branch_operator.py took 0.096 seconds
[2023-05-16T03:08:01.058+0000] {processor.py:156} INFO - Started process (PID=99) to work on /home/airflow/.local/lib/python3.7/site-packages/airflow/example_dags/example_branch_operator.py
[2023-05-16T03:08:01.060+0000] {processor.py:799} INFO - Processing file /home/airflow/.local/lib/python3.7/site-packages/airflow/example_dags/example_branch_operator.py for tasks to queue
[2023-05-16T03:08:01.061+0000] {logging_mixin.py:149} INFO - [2023-05-16T03:08:01.060+0000] {dagbag.py:541} INFO - Filling up the DagBag from /home/airflow/.local/lib/python3.7/site-packages/airflow/example_dags/example_branch_operator.py
[2023-05-16T03:08:01.068+0000] {processor.py:809} INFO - DAG(s) dict_keys(['example_branch_operator']) retrieved from /home/airflow/.local/lib/python3.7/site-packages/airflow/example_dags/example_branch_operator.py
[2023-05-16T03:08:01.089+0000] {logging_mixin.py:149} INFO - [2023-05-16T03:08:01.089+0000] {dag.py:2726} INFO - Sync 1 DAGs
[2023-05-16T03:08:01.105+0000] {logging_mixin.py:149} INFO - [2023-05-16T03:08:01.105+0000] {dag.py:3490} INFO - Setting next_dagrun for example_branch_operator to 2023-05-15T00:00:00+00:00, run_after=2023-05-16T00:00:00+00:00
[2023-05-16T03:08:01.117+0000] {processor.py:178} INFO - Processing /home/airflow/.local/lib/python3.7/site-packages/airflow/example_dags/example_branch_operator.py took 0.061 seconds
[2023-05-16T03:08:31.559+0000] {processor.py:156} INFO - Started process (PID=155) to work on /home/airflow/.local/lib/python3.7/site-packages/airflow/example_dags/example_branch_operator.py
[2023-05-16T03:08:31.560+0000] {processor.py:799} INFO - Processing file /home/airflow/.local/lib/python3.7/site-packages/airflow/example_dags/example_branch_operator.py for tasks to queue
[2023-05-16T03:08:31.561+0000] {logging_mixin.py:149} INFO - [2023-05-16T03:08:31.561+0000] {dagbag.py:541} INFO - Filling up the DagBag from /home/airflow/.local/lib/python3.7/site-packages/airflow/example_dags/example_branch_operator.py
[2023-05-16T03:08:31.569+0000] {processor.py:809} INFO - DAG(s) dict_keys(['example_branch_operator']) retrieved from /home/airflow/.local/lib/python3.7/site-packages/airflow/example_dags/example_branch_operator.py
[2023-05-16T03:08:31.590+0000] {logging_mixin.py:149} INFO - [2023-05-16T03:08:31.590+0000] {dag.py:2726} INFO - Sync 1 DAGs
[2023-05-16T03:08:31.606+0000] {logging_mixin.py:149} INFO - [2023-05-16T03:08:31.606+0000] {dag.py:3490} INFO - Setting next_dagrun for example_branch_operator to 2023-05-15T00:00:00+00:00, run_after=2023-05-16T00:00:00+00:00
[2023-05-16T03:08:31.618+0000] {processor.py:178} INFO - Processing /home/airflow/.local/lib/python3.7/site-packages/airflow/example_dags/example_branch_operator.py took 0.062 seconds
[2023-05-16T03:09:02.032+0000] {processor.py:156} INFO - Started process (PID=211) to work on /home/airflow/.local/lib/python3.7/site-packages/airflow/example_dags/example_branch_operator.py
[2023-05-16T03:09:02.033+0000] {processor.py:799} INFO - Processing file /home/airflow/.local/lib/python3.7/site-packages/airflow/example_dags/example_branch_operator.py for tasks to queue
[2023-05-16T03:09:02.034+0000] {logging_mixin.py:149} INFO - [2023-05-16T03:09:02.034+0000] {dagbag.py:541} INFO - Filling up the DagBag from /home/airflow/.local/lib/python3.7/site-packages/airflow/example_dags/example_branch_operator.py
[2023-05-16T03:09:02.041+0000] {processor.py:809} INFO - DAG(s) dict_keys(['example_branch_operator']) retrieved from /home/airflow/.local/lib/python3.7/site-packages/airflow/example_dags/example_branch_operator.py
[2023-05-16T03:09:02.063+0000] {logging_mixin.py:149} INFO - [2023-05-16T03:09:02.062+0000] {dag.py:2726} INFO - Sync 1 DAGs
[2023-05-16T03:09:02.082+0000] {logging_mixin.py:149} INFO - [2023-05-16T03:09:02.082+0000] {dag.py:3490} INFO - Setting next_dagrun for example_branch_operator to 2023-05-15T00:00:00+00:00, run_after=2023-05-16T00:00:00+00:00
[2023-05-16T03:09:02.094+0000] {processor.py:178} INFO - Processing /home/airflow/.local/lib/python3.7/site-packages/airflow/example_dags/example_branch_operator.py took 0.065 seconds
[2023-05-16T03:09:32.514+0000] {processor.py:156} INFO - Started process (PID=267) to work on /home/airflow/.local/lib/python3.7/site-packages/airflow/example_dags/example_branch_operator.py
[2023-05-16T03:09:32.516+0000] {processor.py:799} INFO - Processing file /home/airflow/.local/lib/python3.7/site-packages/airflow/example_dags/example_branch_operator.py for tasks to queue
[2023-05-16T03:09:32.517+0000] {logging_mixin.py:149} INFO - [2023-05-16T03:09:32.517+0000] {dagbag.py:541} INFO - Filling up the DagBag from /home/airflow/.local/lib/python3.7/site-packages/airflow/example_dags/example_branch_operator.py
[2023-05-16T03:09:32.524+0000] {processor.py:809} INFO - DAG(s) dict_keys(['example_branch_operator']) retrieved from /home/airflow/.local/lib/python3.7/site-packages/airflow/example_dags/example_branch_operator.py
[2023-05-16T03:09:32.546+0000] {logging_mixin.py:149} INFO - [2023-05-16T03:09:32.546+0000] {dag.py:2726} INFO - Sync 1 DAGs
[2023-05-16T03:09:32.563+0000] {logging_mixin.py:149} INFO - [2023-05-16T03:09:32.563+0000] {dag.py:3490} INFO - Setting next_dagrun for example_branch_operator to 2023-05-15T00:00:00+00:00, run_after=2023-05-16T00:00:00+00:00
[2023-05-16T03:09:32.574+0000] {processor.py:178} INFO - Processing /home/airflow/.local/lib/python3.7/site-packages/airflow/example_dags/example_branch_operator.py took 0.063 seconds
[2023-05-16T03:10:03.055+0000] {processor.py:156} INFO - Started process (PID=323) to work on /home/airflow/.local/lib/python3.7/site-packages/airflow/example_dags/example_branch_operator.py
[2023-05-16T03:10:03.057+0000] {processor.py:799} INFO - Processing file /home/airflow/.local/lib/python3.7/site-packages/airflow/example_dags/example_branch_operator.py for tasks to queue
[2023-05-16T03:10:03.058+0000] {logging_mixin.py:149} INFO - [2023-05-16T03:10:03.058+0000] {dagbag.py:541} INFO - Filling up the DagBag from /home/airflow/.local/lib/python3.7/site-packages/airflow/example_dags/example_branch_operator.py
[2023-05-16T03:10:03.066+0000] {processor.py:809} INFO - DAG(s) dict_keys(['example_branch_operator']) retrieved from /home/airflow/.local/lib/python3.7/site-packages/airflow/example_dags/example_branch_operator.py
[2023-05-16T03:10:03.089+0000] {logging_mixin.py:149} INFO - [2023-05-16T03:10:03.089+0000] {dag.py:2726} INFO - Sync 1 DAGs
[2023-05-16T03:10:03.107+0000] {logging_mixin.py:149} INFO - [2023-05-16T03:10:03.106+0000] {dag.py:3490} INFO - Setting next_dagrun for example_branch_operator to 2023-05-15T00:00:00+00:00, run_after=2023-05-16T00:00:00+00:00
[2023-05-16T03:10:03.119+0000] {processor.py:178} INFO - Processing /home/airflow/.local/lib/python3.7/site-packages/airflow/example_dags/example_branch_operator.py took 0.067 seconds
[2023-05-16T03:10:33.670+0000] {processor.py:156} INFO - Started process (PID=379) to work on /home/airflow/.local/lib/python3.7/site-packages/airflow/example_dags/example_branch_operator.py
[2023-05-16T03:10:33.671+0000] {processor.py:799} INFO - Processing file /home/airflow/.local/lib/python3.7/site-packages/airflow/example_dags/example_branch_operator.py for tasks to queue
[2023-05-16T03:10:33.672+0000] {logging_mixin.py:149} INFO - [2023-05-16T03:10:33.672+0000] {dagbag.py:541} INFO - Filling up the DagBag from /home/airflow/.local/lib/python3.7/site-packages/airflow/example_dags/example_branch_operator.py
[2023-05-16T03:10:33.679+0000] {processor.py:809} INFO - DAG(s) dict_keys(['example_branch_operator']) retrieved from /home/airflow/.local/lib/python3.7/site-packages/airflow/example_dags/example_branch_operator.py
[2023-05-16T03:10:33.700+0000] {logging_mixin.py:149} INFO - [2023-05-16T03:10:33.700+0000] {dag.py:2726} INFO - Sync 1 DAGs
[2023-05-16T03:10:33.717+0000] {logging_mixin.py:149} INFO - [2023-05-16T03:10:33.716+0000] {dag.py:3490} INFO - Setting next_dagrun for example_branch_operator to 2023-05-15T00:00:00+00:00, run_after=2023-05-16T00:00:00+00:00
[2023-05-16T03:10:33.729+0000] {processor.py:178} INFO - Processing /home/airflow/.local/lib/python3.7/site-packages/airflow/example_dags/example_branch_operator.py took 0.061 seconds
