[2023-05-16T02:54:53.347+0000] {processor.py:156} INFO - Started process (PID=38) to work on /home/airflow/.local/lib/python3.7/site-packages/airflow/example_dags/example_dag_decorator.py
[2023-05-16T02:54:53.348+0000] {processor.py:799} INFO - Processing file /home/airflow/.local/lib/python3.7/site-packages/airflow/example_dags/example_dag_decorator.py for tasks to queue
[2023-05-16T02:54:53.352+0000] {logging_mixin.py:149} INFO - [2023-05-16T02:54:53.352+0000] {dagbag.py:541} INFO - Filling up the DagBag from /home/airflow/.local/lib/python3.7/site-packages/airflow/example_dags/example_dag_decorator.py
[2023-05-16T02:54:53.361+0000] {logging_mixin.py:149} INFO - [2023-05-16T02:54:53.361+0000] {taskmixin.py:211} WARNING - Dependency <Task(_PythonDecoratedOperator): prepare_email>, send_email already registered for DAG: example_dag_decorator
[2023-05-16T02:54:53.362+0000] {logging_mixin.py:149} INFO - [2023-05-16T02:54:53.362+0000] {taskmixin.py:211} WARNING - Dependency <Task(EmailOperator): send_email>, prepare_email already registered for DAG: example_dag_decorator
[2023-05-16T02:54:53.371+0000] {processor.py:809} INFO - DAG(s) dict_keys(['example_dag_decorator']) retrieved from /home/airflow/.local/lib/python3.7/site-packages/airflow/example_dags/example_dag_decorator.py
[2023-05-16T02:54:53.505+0000] {logging_mixin.py:149} INFO - [2023-05-16T02:54:53.505+0000] {manager.py:504} INFO - Created Permission View: can read on DAG:example_dag_decorator
[2023-05-16T02:54:53.527+0000] {logging_mixin.py:149} INFO - [2023-05-16T02:54:53.527+0000] {manager.py:504} INFO - Created Permission View: can delete on DAG:example_dag_decorator
[2023-05-16T02:54:53.538+0000] {logging_mixin.py:149} INFO - [2023-05-16T02:54:53.538+0000] {manager.py:504} INFO - Created Permission View: can edit on DAG:example_dag_decorator
[2023-05-16T02:54:53.539+0000] {logging_mixin.py:149} INFO - [2023-05-16T02:54:53.539+0000] {dag.py:2726} INFO - Sync 1 DAGs
[2023-05-16T02:54:53.637+0000] {logging_mixin.py:149} INFO - [2023-05-16T02:54:53.637+0000] {dag.py:2747} INFO - Creating ORM DAG for example_dag_decorator
[2023-05-16T02:54:53.731+0000] {logging_mixin.py:149} INFO - [2023-05-16T02:54:53.730+0000] {dag.py:3490} INFO - Setting next_dagrun for example_dag_decorator to None, run_after=None
[2023-05-16T02:54:53.854+0000] {processor.py:178} INFO - Processing /home/airflow/.local/lib/python3.7/site-packages/airflow/example_dags/example_dag_decorator.py took 0.513 seconds
[2023-05-16T02:55:24.540+0000] {processor.py:156} INFO - Started process (PID=94) to work on /home/airflow/.local/lib/python3.7/site-packages/airflow/example_dags/example_dag_decorator.py
[2023-05-16T02:55:24.546+0000] {processor.py:799} INFO - Processing file /home/airflow/.local/lib/python3.7/site-packages/airflow/example_dags/example_dag_decorator.py for tasks to queue
[2023-05-16T02:55:24.549+0000] {logging_mixin.py:149} INFO - [2023-05-16T02:55:24.548+0000] {dagbag.py:541} INFO - Filling up the DagBag from /home/airflow/.local/lib/python3.7/site-packages/airflow/example_dags/example_dag_decorator.py
[2023-05-16T02:55:24.558+0000] {logging_mixin.py:149} INFO - [2023-05-16T02:55:24.558+0000] {taskmixin.py:211} WARNING - Dependency <Task(_PythonDecoratedOperator): prepare_email>, send_email already registered for DAG: example_dag_decorator
[2023-05-16T02:55:24.565+0000] {logging_mixin.py:149} INFO - [2023-05-16T02:55:24.565+0000] {taskmixin.py:211} WARNING - Dependency <Task(EmailOperator): send_email>, prepare_email already registered for DAG: example_dag_decorator
[2023-05-16T02:55:24.579+0000] {processor.py:809} INFO - DAG(s) dict_keys(['example_dag_decorator']) retrieved from /home/airflow/.local/lib/python3.7/site-packages/airflow/example_dags/example_dag_decorator.py
[2023-05-16T02:55:24.656+0000] {logging_mixin.py:149} INFO - [2023-05-16T02:55:24.656+0000] {dag.py:2726} INFO - Sync 1 DAGs
[2023-05-16T02:55:24.678+0000] {logging_mixin.py:149} INFO - [2023-05-16T02:55:24.678+0000] {dag.py:3490} INFO - Setting next_dagrun for example_dag_decorator to None, run_after=None
[2023-05-16T02:55:24.705+0000] {processor.py:178} INFO - Processing /home/airflow/.local/lib/python3.7/site-packages/airflow/example_dags/example_dag_decorator.py took 0.168 seconds
[2023-05-16T02:55:55.359+0000] {processor.py:156} INFO - Started process (PID=150) to work on /home/airflow/.local/lib/python3.7/site-packages/airflow/example_dags/example_dag_decorator.py
[2023-05-16T02:55:55.364+0000] {processor.py:799} INFO - Processing file /home/airflow/.local/lib/python3.7/site-packages/airflow/example_dags/example_dag_decorator.py for tasks to queue
[2023-05-16T02:55:55.366+0000] {logging_mixin.py:149} INFO - [2023-05-16T02:55:55.366+0000] {dagbag.py:541} INFO - Filling up the DagBag from /home/airflow/.local/lib/python3.7/site-packages/airflow/example_dags/example_dag_decorator.py
[2023-05-16T02:55:55.380+0000] {logging_mixin.py:149} INFO - [2023-05-16T02:55:55.380+0000] {taskmixin.py:211} WARNING - Dependency <Task(_PythonDecoratedOperator): prepare_email>, send_email already registered for DAG: example_dag_decorator
[2023-05-16T02:55:55.388+0000] {logging_mixin.py:149} INFO - [2023-05-16T02:55:55.388+0000] {taskmixin.py:211} WARNING - Dependency <Task(EmailOperator): send_email>, prepare_email already registered for DAG: example_dag_decorator
[2023-05-16T02:55:55.397+0000] {processor.py:809} INFO - DAG(s) dict_keys(['example_dag_decorator']) retrieved from /home/airflow/.local/lib/python3.7/site-packages/airflow/example_dags/example_dag_decorator.py
[2023-05-16T02:55:55.431+0000] {logging_mixin.py:149} INFO - [2023-05-16T02:55:55.431+0000] {dag.py:2726} INFO - Sync 1 DAGs
[2023-05-16T02:55:55.452+0000] {logging_mixin.py:149} INFO - [2023-05-16T02:55:55.452+0000] {dag.py:3490} INFO - Setting next_dagrun for example_dag_decorator to None, run_after=None
[2023-05-16T02:55:55.485+0000] {processor.py:178} INFO - Processing /home/airflow/.local/lib/python3.7/site-packages/airflow/example_dags/example_dag_decorator.py took 0.129 seconds
[2023-05-16T02:56:25.602+0000] {processor.py:156} INFO - Started process (PID=207) to work on /home/airflow/.local/lib/python3.7/site-packages/airflow/example_dags/example_dag_decorator.py
[2023-05-16T02:56:25.603+0000] {processor.py:799} INFO - Processing file /home/airflow/.local/lib/python3.7/site-packages/airflow/example_dags/example_dag_decorator.py for tasks to queue
[2023-05-16T02:56:25.604+0000] {logging_mixin.py:149} INFO - [2023-05-16T02:56:25.604+0000] {dagbag.py:541} INFO - Filling up the DagBag from /home/airflow/.local/lib/python3.7/site-packages/airflow/example_dags/example_dag_decorator.py
[2023-05-16T02:56:25.610+0000] {logging_mixin.py:149} INFO - [2023-05-16T02:56:25.610+0000] {taskmixin.py:211} WARNING - Dependency <Task(_PythonDecoratedOperator): prepare_email>, send_email already registered for DAG: example_dag_decorator
[2023-05-16T02:56:25.611+0000] {logging_mixin.py:149} INFO - [2023-05-16T02:56:25.611+0000] {taskmixin.py:211} WARNING - Dependency <Task(EmailOperator): send_email>, prepare_email already registered for DAG: example_dag_decorator
[2023-05-16T02:56:25.617+0000] {processor.py:809} INFO - DAG(s) dict_keys(['example_dag_decorator']) retrieved from /home/airflow/.local/lib/python3.7/site-packages/airflow/example_dags/example_dag_decorator.py
[2023-05-16T02:56:25.639+0000] {logging_mixin.py:149} INFO - [2023-05-16T02:56:25.639+0000] {dag.py:2726} INFO - Sync 1 DAGs
[2023-05-16T02:56:25.656+0000] {logging_mixin.py:149} INFO - [2023-05-16T02:56:25.656+0000] {dag.py:3490} INFO - Setting next_dagrun for example_dag_decorator to None, run_after=None
[2023-05-16T02:56:25.668+0000] {processor.py:178} INFO - Processing /home/airflow/.local/lib/python3.7/site-packages/airflow/example_dags/example_dag_decorator.py took 0.069 seconds
[2023-05-16T02:56:55.938+0000] {processor.py:156} INFO - Started process (PID=262) to work on /home/airflow/.local/lib/python3.7/site-packages/airflow/example_dags/example_dag_decorator.py
[2023-05-16T02:56:55.939+0000] {processor.py:799} INFO - Processing file /home/airflow/.local/lib/python3.7/site-packages/airflow/example_dags/example_dag_decorator.py for tasks to queue
[2023-05-16T02:56:55.940+0000] {logging_mixin.py:149} INFO - [2023-05-16T02:56:55.940+0000] {dagbag.py:541} INFO - Filling up the DagBag from /home/airflow/.local/lib/python3.7/site-packages/airflow/example_dags/example_dag_decorator.py
[2023-05-16T02:56:55.947+0000] {logging_mixin.py:149} INFO - [2023-05-16T02:56:55.947+0000] {taskmixin.py:211} WARNING - Dependency <Task(_PythonDecoratedOperator): prepare_email>, send_email already registered for DAG: example_dag_decorator
[2023-05-16T02:56:55.948+0000] {logging_mixin.py:149} INFO - [2023-05-16T02:56:55.948+0000] {taskmixin.py:211} WARNING - Dependency <Task(EmailOperator): send_email>, prepare_email already registered for DAG: example_dag_decorator
[2023-05-16T02:56:55.956+0000] {processor.py:809} INFO - DAG(s) dict_keys(['example_dag_decorator']) retrieved from /home/airflow/.local/lib/python3.7/site-packages/airflow/example_dags/example_dag_decorator.py
[2023-05-16T02:56:56.007+0000] {logging_mixin.py:149} INFO - [2023-05-16T02:56:56.007+0000] {dag.py:2726} INFO - Sync 1 DAGs
[2023-05-16T02:56:56.023+0000] {logging_mixin.py:149} INFO - [2023-05-16T02:56:56.022+0000] {dag.py:3490} INFO - Setting next_dagrun for example_dag_decorator to None, run_after=None
[2023-05-16T02:56:56.035+0000] {processor.py:178} INFO - Processing /home/airflow/.local/lib/python3.7/site-packages/airflow/example_dags/example_dag_decorator.py took 0.101 seconds
[2023-05-16T02:57:26.441+0000] {processor.py:156} INFO - Started process (PID=318) to work on /home/airflow/.local/lib/python3.7/site-packages/airflow/example_dags/example_dag_decorator.py
[2023-05-16T02:57:26.443+0000] {processor.py:799} INFO - Processing file /home/airflow/.local/lib/python3.7/site-packages/airflow/example_dags/example_dag_decorator.py for tasks to queue
[2023-05-16T02:57:26.444+0000] {logging_mixin.py:149} INFO - [2023-05-16T02:57:26.444+0000] {dagbag.py:541} INFO - Filling up the DagBag from /home/airflow/.local/lib/python3.7/site-packages/airflow/example_dags/example_dag_decorator.py
[2023-05-16T02:57:26.453+0000] {logging_mixin.py:149} INFO - [2023-05-16T02:57:26.453+0000] {taskmixin.py:211} WARNING - Dependency <Task(_PythonDecoratedOperator): prepare_email>, send_email already registered for DAG: example_dag_decorator
[2023-05-16T02:57:26.454+0000] {logging_mixin.py:149} INFO - [2023-05-16T02:57:26.454+0000] {taskmixin.py:211} WARNING - Dependency <Task(EmailOperator): send_email>, prepare_email already registered for DAG: example_dag_decorator
[2023-05-16T02:57:26.464+0000] {processor.py:809} INFO - DAG(s) dict_keys(['example_dag_decorator']) retrieved from /home/airflow/.local/lib/python3.7/site-packages/airflow/example_dags/example_dag_decorator.py
[2023-05-16T02:57:26.513+0000] {logging_mixin.py:149} INFO - [2023-05-16T02:57:26.513+0000] {dag.py:2726} INFO - Sync 1 DAGs
[2023-05-16T02:57:26.527+0000] {logging_mixin.py:149} INFO - [2023-05-16T02:57:26.527+0000] {dag.py:3490} INFO - Setting next_dagrun for example_dag_decorator to None, run_after=None
[2023-05-16T02:57:26.540+0000] {processor.py:178} INFO - Processing /home/airflow/.local/lib/python3.7/site-packages/airflow/example_dags/example_dag_decorator.py took 0.104 seconds
[2023-05-16T03:07:30.655+0000] {processor.py:156} INFO - Started process (PID=40) to work on /home/airflow/.local/lib/python3.7/site-packages/airflow/example_dags/example_dag_decorator.py
[2023-05-16T03:07:30.656+0000] {processor.py:799} INFO - Processing file /home/airflow/.local/lib/python3.7/site-packages/airflow/example_dags/example_dag_decorator.py for tasks to queue
[2023-05-16T03:07:30.657+0000] {logging_mixin.py:149} INFO - [2023-05-16T03:07:30.657+0000] {dagbag.py:541} INFO - Filling up the DagBag from /home/airflow/.local/lib/python3.7/site-packages/airflow/example_dags/example_dag_decorator.py
[2023-05-16T03:07:30.664+0000] {logging_mixin.py:149} INFO - [2023-05-16T03:07:30.664+0000] {taskmixin.py:211} WARNING - Dependency <Task(_PythonDecoratedOperator): prepare_email>, send_email already registered for DAG: example_dag_decorator
[2023-05-16T03:07:30.665+0000] {logging_mixin.py:149} INFO - [2023-05-16T03:07:30.665+0000] {taskmixin.py:211} WARNING - Dependency <Task(EmailOperator): send_email>, prepare_email already registered for DAG: example_dag_decorator
[2023-05-16T03:07:30.673+0000] {processor.py:809} INFO - DAG(s) dict_keys(['example_dag_decorator']) retrieved from /home/airflow/.local/lib/python3.7/site-packages/airflow/example_dags/example_dag_decorator.py
[2023-05-16T03:07:30.694+0000] {logging_mixin.py:149} INFO - [2023-05-16T03:07:30.694+0000] {dag.py:2726} INFO - Sync 1 DAGs
[2023-05-16T03:07:30.717+0000] {logging_mixin.py:149} INFO - [2023-05-16T03:07:30.716+0000] {dag.py:3490} INFO - Setting next_dagrun for example_dag_decorator to None, run_after=None
[2023-05-16T03:07:30.731+0000] {processor.py:178} INFO - Processing /home/airflow/.local/lib/python3.7/site-packages/airflow/example_dags/example_dag_decorator.py took 0.079 seconds
[2023-05-16T03:08:00.871+0000] {processor.py:156} INFO - Started process (PID=95) to work on /home/airflow/.local/lib/python3.7/site-packages/airflow/example_dags/example_dag_decorator.py
[2023-05-16T03:08:00.872+0000] {processor.py:799} INFO - Processing file /home/airflow/.local/lib/python3.7/site-packages/airflow/example_dags/example_dag_decorator.py for tasks to queue
[2023-05-16T03:08:00.873+0000] {logging_mixin.py:149} INFO - [2023-05-16T03:08:00.873+0000] {dagbag.py:541} INFO - Filling up the DagBag from /home/airflow/.local/lib/python3.7/site-packages/airflow/example_dags/example_dag_decorator.py
[2023-05-16T03:08:00.878+0000] {logging_mixin.py:149} INFO - [2023-05-16T03:08:00.878+0000] {taskmixin.py:211} WARNING - Dependency <Task(_PythonDecoratedOperator): prepare_email>, send_email already registered for DAG: example_dag_decorator
[2023-05-16T03:08:00.879+0000] {logging_mixin.py:149} INFO - [2023-05-16T03:08:00.879+0000] {taskmixin.py:211} WARNING - Dependency <Task(EmailOperator): send_email>, prepare_email already registered for DAG: example_dag_decorator
[2023-05-16T03:08:00.884+0000] {processor.py:809} INFO - DAG(s) dict_keys(['example_dag_decorator']) retrieved from /home/airflow/.local/lib/python3.7/site-packages/airflow/example_dags/example_dag_decorator.py
[2023-05-16T03:08:00.930+0000] {logging_mixin.py:149} INFO - [2023-05-16T03:08:00.929+0000] {dag.py:2726} INFO - Sync 1 DAGs
[2023-05-16T03:08:00.943+0000] {logging_mixin.py:149} INFO - [2023-05-16T03:08:00.943+0000] {dag.py:3490} INFO - Setting next_dagrun for example_dag_decorator to None, run_after=None
[2023-05-16T03:08:00.955+0000] {processor.py:178} INFO - Processing /home/airflow/.local/lib/python3.7/site-packages/airflow/example_dags/example_dag_decorator.py took 0.087 seconds
[2023-05-16T03:08:31.358+0000] {processor.py:156} INFO - Started process (PID=151) to work on /home/airflow/.local/lib/python3.7/site-packages/airflow/example_dags/example_dag_decorator.py
[2023-05-16T03:08:31.359+0000] {processor.py:799} INFO - Processing file /home/airflow/.local/lib/python3.7/site-packages/airflow/example_dags/example_dag_decorator.py for tasks to queue
[2023-05-16T03:08:31.360+0000] {logging_mixin.py:149} INFO - [2023-05-16T03:08:31.360+0000] {dagbag.py:541} INFO - Filling up the DagBag from /home/airflow/.local/lib/python3.7/site-packages/airflow/example_dags/example_dag_decorator.py
[2023-05-16T03:08:31.366+0000] {logging_mixin.py:149} INFO - [2023-05-16T03:08:31.366+0000] {taskmixin.py:211} WARNING - Dependency <Task(_PythonDecoratedOperator): prepare_email>, send_email already registered for DAG: example_dag_decorator
[2023-05-16T03:08:31.366+0000] {logging_mixin.py:149} INFO - [2023-05-16T03:08:31.366+0000] {taskmixin.py:211} WARNING - Dependency <Task(EmailOperator): send_email>, prepare_email already registered for DAG: example_dag_decorator
[2023-05-16T03:08:31.373+0000] {processor.py:809} INFO - DAG(s) dict_keys(['example_dag_decorator']) retrieved from /home/airflow/.local/lib/python3.7/site-packages/airflow/example_dags/example_dag_decorator.py
[2023-05-16T03:08:31.416+0000] {logging_mixin.py:149} INFO - [2023-05-16T03:08:31.416+0000] {dag.py:2726} INFO - Sync 1 DAGs
[2023-05-16T03:08:31.429+0000] {logging_mixin.py:149} INFO - [2023-05-16T03:08:31.429+0000] {dag.py:3490} INFO - Setting next_dagrun for example_dag_decorator to None, run_after=None
[2023-05-16T03:08:31.442+0000] {processor.py:178} INFO - Processing /home/airflow/.local/lib/python3.7/site-packages/airflow/example_dags/example_dag_decorator.py took 0.087 seconds
[2023-05-16T03:09:01.839+0000] {processor.py:156} INFO - Started process (PID=207) to work on /home/airflow/.local/lib/python3.7/site-packages/airflow/example_dags/example_dag_decorator.py
[2023-05-16T03:09:01.840+0000] {processor.py:799} INFO - Processing file /home/airflow/.local/lib/python3.7/site-packages/airflow/example_dags/example_dag_decorator.py for tasks to queue
[2023-05-16T03:09:01.841+0000] {logging_mixin.py:149} INFO - [2023-05-16T03:09:01.841+0000] {dagbag.py:541} INFO - Filling up the DagBag from /home/airflow/.local/lib/python3.7/site-packages/airflow/example_dags/example_dag_decorator.py
[2023-05-16T03:09:01.847+0000] {logging_mixin.py:149} INFO - [2023-05-16T03:09:01.847+0000] {taskmixin.py:211} WARNING - Dependency <Task(_PythonDecoratedOperator): prepare_email>, send_email already registered for DAG: example_dag_decorator
[2023-05-16T03:09:01.848+0000] {logging_mixin.py:149} INFO - [2023-05-16T03:09:01.848+0000] {taskmixin.py:211} WARNING - Dependency <Task(EmailOperator): send_email>, prepare_email already registered for DAG: example_dag_decorator
[2023-05-16T03:09:01.855+0000] {processor.py:809} INFO - DAG(s) dict_keys(['example_dag_decorator']) retrieved from /home/airflow/.local/lib/python3.7/site-packages/airflow/example_dags/example_dag_decorator.py
[2023-05-16T03:09:01.899+0000] {logging_mixin.py:149} INFO - [2023-05-16T03:09:01.899+0000] {dag.py:2726} INFO - Sync 1 DAGs
[2023-05-16T03:09:01.914+0000] {logging_mixin.py:149} INFO - [2023-05-16T03:09:01.914+0000] {dag.py:3490} INFO - Setting next_dagrun for example_dag_decorator to None, run_after=None
[2023-05-16T03:09:01.927+0000] {processor.py:178} INFO - Processing /home/airflow/.local/lib/python3.7/site-packages/airflow/example_dags/example_dag_decorator.py took 0.091 seconds
[2023-05-16T03:09:32.316+0000] {processor.py:156} INFO - Started process (PID=263) to work on /home/airflow/.local/lib/python3.7/site-packages/airflow/example_dags/example_dag_decorator.py
[2023-05-16T03:09:32.317+0000] {processor.py:799} INFO - Processing file /home/airflow/.local/lib/python3.7/site-packages/airflow/example_dags/example_dag_decorator.py for tasks to queue
[2023-05-16T03:09:32.318+0000] {logging_mixin.py:149} INFO - [2023-05-16T03:09:32.318+0000] {dagbag.py:541} INFO - Filling up the DagBag from /home/airflow/.local/lib/python3.7/site-packages/airflow/example_dags/example_dag_decorator.py
[2023-05-16T03:09:32.324+0000] {logging_mixin.py:149} INFO - [2023-05-16T03:09:32.324+0000] {taskmixin.py:211} WARNING - Dependency <Task(_PythonDecoratedOperator): prepare_email>, send_email already registered for DAG: example_dag_decorator
[2023-05-16T03:09:32.325+0000] {logging_mixin.py:149} INFO - [2023-05-16T03:09:32.325+0000] {taskmixin.py:211} WARNING - Dependency <Task(EmailOperator): send_email>, prepare_email already registered for DAG: example_dag_decorator
[2023-05-16T03:09:32.331+0000] {processor.py:809} INFO - DAG(s) dict_keys(['example_dag_decorator']) retrieved from /home/airflow/.local/lib/python3.7/site-packages/airflow/example_dags/example_dag_decorator.py
[2023-05-16T03:09:32.379+0000] {logging_mixin.py:149} INFO - [2023-05-16T03:09:32.379+0000] {dag.py:2726} INFO - Sync 1 DAGs
[2023-05-16T03:09:32.394+0000] {logging_mixin.py:149} INFO - [2023-05-16T03:09:32.394+0000] {dag.py:3490} INFO - Setting next_dagrun for example_dag_decorator to None, run_after=None
[2023-05-16T03:09:32.407+0000] {processor.py:178} INFO - Processing /home/airflow/.local/lib/python3.7/site-packages/airflow/example_dags/example_dag_decorator.py took 0.094 seconds
[2023-05-16T03:10:02.852+0000] {processor.py:156} INFO - Started process (PID=319) to work on /home/airflow/.local/lib/python3.7/site-packages/airflow/example_dags/example_dag_decorator.py
[2023-05-16T03:10:02.854+0000] {processor.py:799} INFO - Processing file /home/airflow/.local/lib/python3.7/site-packages/airflow/example_dags/example_dag_decorator.py for tasks to queue
[2023-05-16T03:10:02.854+0000] {logging_mixin.py:149} INFO - [2023-05-16T03:10:02.854+0000] {dagbag.py:541} INFO - Filling up the DagBag from /home/airflow/.local/lib/python3.7/site-packages/airflow/example_dags/example_dag_decorator.py
[2023-05-16T03:10:02.860+0000] {logging_mixin.py:149} INFO - [2023-05-16T03:10:02.860+0000] {taskmixin.py:211} WARNING - Dependency <Task(_PythonDecoratedOperator): prepare_email>, send_email already registered for DAG: example_dag_decorator
[2023-05-16T03:10:02.861+0000] {logging_mixin.py:149} INFO - [2023-05-16T03:10:02.861+0000] {taskmixin.py:211} WARNING - Dependency <Task(EmailOperator): send_email>, prepare_email already registered for DAG: example_dag_decorator
[2023-05-16T03:10:02.867+0000] {processor.py:809} INFO - DAG(s) dict_keys(['example_dag_decorator']) retrieved from /home/airflow/.local/lib/python3.7/site-packages/airflow/example_dags/example_dag_decorator.py
[2023-05-16T03:10:02.912+0000] {logging_mixin.py:149} INFO - [2023-05-16T03:10:02.912+0000] {dag.py:2726} INFO - Sync 1 DAGs
[2023-05-16T03:10:02.928+0000] {logging_mixin.py:149} INFO - [2023-05-16T03:10:02.927+0000] {dag.py:3490} INFO - Setting next_dagrun for example_dag_decorator to None, run_after=None
[2023-05-16T03:10:02.941+0000] {processor.py:178} INFO - Processing /home/airflow/.local/lib/python3.7/site-packages/airflow/example_dags/example_dag_decorator.py took 0.092 seconds
[2023-05-16T03:10:33.477+0000] {processor.py:156} INFO - Started process (PID=375) to work on /home/airflow/.local/lib/python3.7/site-packages/airflow/example_dags/example_dag_decorator.py
[2023-05-16T03:10:33.478+0000] {processor.py:799} INFO - Processing file /home/airflow/.local/lib/python3.7/site-packages/airflow/example_dags/example_dag_decorator.py for tasks to queue
[2023-05-16T03:10:33.479+0000] {logging_mixin.py:149} INFO - [2023-05-16T03:10:33.479+0000] {dagbag.py:541} INFO - Filling up the DagBag from /home/airflow/.local/lib/python3.7/site-packages/airflow/example_dags/example_dag_decorator.py
[2023-05-16T03:10:33.484+0000] {logging_mixin.py:149} INFO - [2023-05-16T03:10:33.484+0000] {taskmixin.py:211} WARNING - Dependency <Task(_PythonDecoratedOperator): prepare_email>, send_email already registered for DAG: example_dag_decorator
[2023-05-16T03:10:33.485+0000] {logging_mixin.py:149} INFO - [2023-05-16T03:10:33.484+0000] {taskmixin.py:211} WARNING - Dependency <Task(EmailOperator): send_email>, prepare_email already registered for DAG: example_dag_decorator
[2023-05-16T03:10:33.491+0000] {processor.py:809} INFO - DAG(s) dict_keys(['example_dag_decorator']) retrieved from /home/airflow/.local/lib/python3.7/site-packages/airflow/example_dags/example_dag_decorator.py
[2023-05-16T03:10:33.535+0000] {logging_mixin.py:149} INFO - [2023-05-16T03:10:33.535+0000] {dag.py:2726} INFO - Sync 1 DAGs
[2023-05-16T03:10:33.549+0000] {logging_mixin.py:149} INFO - [2023-05-16T03:10:33.549+0000] {dag.py:3490} INFO - Setting next_dagrun for example_dag_decorator to None, run_after=None
[2023-05-16T03:10:33.563+0000] {processor.py:178} INFO - Processing /home/airflow/.local/lib/python3.7/site-packages/airflow/example_dags/example_dag_decorator.py took 0.089 seconds
