[2023-05-16T02:54:55.360+0000] {processor.py:156} INFO - Started process (PID=44) to work on /home/airflow/.local/lib/python3.7/site-packages/airflow/example_dags/example_complex.py
[2023-05-16T02:54:55.364+0000] {processor.py:799} INFO - Processing file /home/airflow/.local/lib/python3.7/site-packages/airflow/example_dags/example_complex.py for tasks to queue
[2023-05-16T02:54:55.368+0000] {logging_mixin.py:149} INFO - [2023-05-16T02:54:55.368+0000] {dagbag.py:541} INFO - Filling up the DagBag from /home/airflow/.local/lib/python3.7/site-packages/airflow/example_dags/example_complex.py
[2023-05-16T02:54:55.395+0000] {logging_mixin.py:149} INFO - [2023-05-16T02:54:55.393+0000] {taskmixin.py:211} WARNING - Dependency <Task(BashOperator): create_entry_group>, delete_entry_group already registered for DAG: example_complex
[2023-05-16T02:54:55.397+0000] {logging_mixin.py:149} INFO - [2023-05-16T02:54:55.396+0000] {taskmixin.py:211} WARNING - Dependency <Task(BashOperator): delete_entry_group>, create_entry_group already registered for DAG: example_complex
[2023-05-16T02:54:55.398+0000] {logging_mixin.py:149} INFO - [2023-05-16T02:54:55.398+0000] {taskmixin.py:211} WARNING - Dependency <Task(BashOperator): create_entry_gcs>, delete_entry already registered for DAG: example_complex
[2023-05-16T02:54:55.401+0000] {logging_mixin.py:149} INFO - [2023-05-16T02:54:55.400+0000] {taskmixin.py:211} WARNING - Dependency <Task(BashOperator): delete_entry>, create_entry_gcs already registered for DAG: example_complex
[2023-05-16T02:54:55.403+0000] {logging_mixin.py:149} INFO - [2023-05-16T02:54:55.403+0000] {taskmixin.py:211} WARNING - Dependency <Task(BashOperator): create_tag>, delete_tag already registered for DAG: example_complex
[2023-05-16T02:54:55.404+0000] {logging_mixin.py:149} INFO - [2023-05-16T02:54:55.404+0000] {taskmixin.py:211} WARNING - Dependency <Task(BashOperator): delete_tag>, create_tag already registered for DAG: example_complex
[2023-05-16T02:54:55.408+0000] {processor.py:809} INFO - DAG(s) dict_keys(['example_complex']) retrieved from /home/airflow/.local/lib/python3.7/site-packages/airflow/example_dags/example_complex.py
[2023-05-16T02:54:55.573+0000] {logging_mixin.py:149} INFO - [2023-05-16T02:54:55.573+0000] {manager.py:504} INFO - Created Permission View: can read on DAG:example_complex
[2023-05-16T02:54:55.598+0000] {logging_mixin.py:149} INFO - [2023-05-16T02:54:55.598+0000] {manager.py:504} INFO - Created Permission View: can delete on DAG:example_complex
[2023-05-16T02:54:55.604+0000] {logging_mixin.py:149} INFO - [2023-05-16T02:54:55.604+0000] {manager.py:504} INFO - Created Permission View: can edit on DAG:example_complex
[2023-05-16T02:54:55.605+0000] {logging_mixin.py:149} INFO - [2023-05-16T02:54:55.605+0000] {dag.py:2726} INFO - Sync 1 DAGs
[2023-05-16T02:54:55.616+0000] {logging_mixin.py:149} INFO - [2023-05-16T02:54:55.616+0000] {dag.py:2747} INFO - Creating ORM DAG for example_complex
[2023-05-16T02:54:55.627+0000] {logging_mixin.py:149} INFO - [2023-05-16T02:54:55.627+0000] {dag.py:3490} INFO - Setting next_dagrun for example_complex to None, run_after=None
[2023-05-16T02:54:55.648+0000] {processor.py:178} INFO - Processing /home/airflow/.local/lib/python3.7/site-packages/airflow/example_dags/example_complex.py took 0.291 seconds
[2023-05-16T02:55:26.082+0000] {processor.py:156} INFO - Started process (PID=100) to work on /home/airflow/.local/lib/python3.7/site-packages/airflow/example_dags/example_complex.py
[2023-05-16T02:55:26.086+0000] {processor.py:799} INFO - Processing file /home/airflow/.local/lib/python3.7/site-packages/airflow/example_dags/example_complex.py for tasks to queue
[2023-05-16T02:55:26.089+0000] {logging_mixin.py:149} INFO - [2023-05-16T02:55:26.089+0000] {dagbag.py:541} INFO - Filling up the DagBag from /home/airflow/.local/lib/python3.7/site-packages/airflow/example_dags/example_complex.py
[2023-05-16T02:55:26.101+0000] {logging_mixin.py:149} INFO - [2023-05-16T02:55:26.100+0000] {taskmixin.py:211} WARNING - Dependency <Task(BashOperator): create_entry_group>, delete_entry_group already registered for DAG: example_complex
[2023-05-16T02:55:26.109+0000] {logging_mixin.py:149} INFO - [2023-05-16T02:55:26.108+0000] {taskmixin.py:211} WARNING - Dependency <Task(BashOperator): delete_entry_group>, create_entry_group already registered for DAG: example_complex
[2023-05-16T02:55:26.112+0000] {logging_mixin.py:149} INFO - [2023-05-16T02:55:26.112+0000] {taskmixin.py:211} WARNING - Dependency <Task(BashOperator): create_entry_gcs>, delete_entry already registered for DAG: example_complex
[2023-05-16T02:55:26.116+0000] {logging_mixin.py:149} INFO - [2023-05-16T02:55:26.116+0000] {taskmixin.py:211} WARNING - Dependency <Task(BashOperator): delete_entry>, create_entry_gcs already registered for DAG: example_complex
[2023-05-16T02:55:26.117+0000] {logging_mixin.py:149} INFO - [2023-05-16T02:55:26.117+0000] {taskmixin.py:211} WARNING - Dependency <Task(BashOperator): create_tag>, delete_tag already registered for DAG: example_complex
[2023-05-16T02:55:26.118+0000] {logging_mixin.py:149} INFO - [2023-05-16T02:55:26.118+0000] {taskmixin.py:211} WARNING - Dependency <Task(BashOperator): delete_tag>, create_tag already registered for DAG: example_complex
[2023-05-16T02:55:26.120+0000] {processor.py:809} INFO - DAG(s) dict_keys(['example_complex']) retrieved from /home/airflow/.local/lib/python3.7/site-packages/airflow/example_dags/example_complex.py
[2023-05-16T02:55:26.171+0000] {logging_mixin.py:149} INFO - [2023-05-16T02:55:26.170+0000] {dag.py:2726} INFO - Sync 1 DAGs
[2023-05-16T02:55:26.198+0000] {logging_mixin.py:149} INFO - [2023-05-16T02:55:26.198+0000] {dag.py:3490} INFO - Setting next_dagrun for example_complex to None, run_after=None
[2023-05-16T02:55:26.218+0000] {processor.py:178} INFO - Processing /home/airflow/.local/lib/python3.7/site-packages/airflow/example_dags/example_complex.py took 0.138 seconds
[2023-05-16T02:55:57.093+0000] {processor.py:156} INFO - Started process (PID=156) to work on /home/airflow/.local/lib/python3.7/site-packages/airflow/example_dags/example_complex.py
[2023-05-16T02:55:57.095+0000] {processor.py:799} INFO - Processing file /home/airflow/.local/lib/python3.7/site-packages/airflow/example_dags/example_complex.py for tasks to queue
[2023-05-16T02:55:57.097+0000] {logging_mixin.py:149} INFO - [2023-05-16T02:55:57.097+0000] {dagbag.py:541} INFO - Filling up the DagBag from /home/airflow/.local/lib/python3.7/site-packages/airflow/example_dags/example_complex.py
[2023-05-16T02:55:57.106+0000] {logging_mixin.py:149} INFO - [2023-05-16T02:55:57.106+0000] {taskmixin.py:211} WARNING - Dependency <Task(BashOperator): create_entry_group>, delete_entry_group already registered for DAG: example_complex
[2023-05-16T02:55:57.111+0000] {logging_mixin.py:149} INFO - [2023-05-16T02:55:57.110+0000] {taskmixin.py:211} WARNING - Dependency <Task(BashOperator): delete_entry_group>, create_entry_group already registered for DAG: example_complex
[2023-05-16T02:55:57.117+0000] {logging_mixin.py:149} INFO - [2023-05-16T02:55:57.117+0000] {taskmixin.py:211} WARNING - Dependency <Task(BashOperator): create_entry_gcs>, delete_entry already registered for DAG: example_complex
[2023-05-16T02:55:57.121+0000] {logging_mixin.py:149} INFO - [2023-05-16T02:55:57.121+0000] {taskmixin.py:211} WARNING - Dependency <Task(BashOperator): delete_entry>, create_entry_gcs already registered for DAG: example_complex
[2023-05-16T02:55:57.128+0000] {logging_mixin.py:149} INFO - [2023-05-16T02:55:57.128+0000] {taskmixin.py:211} WARNING - Dependency <Task(BashOperator): create_tag>, delete_tag already registered for DAG: example_complex
[2023-05-16T02:55:57.133+0000] {logging_mixin.py:149} INFO - [2023-05-16T02:55:57.132+0000] {taskmixin.py:211} WARNING - Dependency <Task(BashOperator): delete_tag>, create_tag already registered for DAG: example_complex
[2023-05-16T02:55:57.137+0000] {processor.py:809} INFO - DAG(s) dict_keys(['example_complex']) retrieved from /home/airflow/.local/lib/python3.7/site-packages/airflow/example_dags/example_complex.py
[2023-05-16T02:55:57.203+0000] {logging_mixin.py:149} INFO - [2023-05-16T02:55:57.203+0000] {dag.py:2726} INFO - Sync 1 DAGs
[2023-05-16T02:55:57.241+0000] {logging_mixin.py:149} INFO - [2023-05-16T02:55:57.241+0000] {dag.py:3490} INFO - Setting next_dagrun for example_complex to None, run_after=None
[2023-05-16T02:55:57.280+0000] {processor.py:178} INFO - Processing /home/airflow/.local/lib/python3.7/site-packages/airflow/example_dags/example_complex.py took 0.190 seconds
[2023-05-16T02:56:27.919+0000] {processor.py:156} INFO - Started process (PID=212) to work on /home/airflow/.local/lib/python3.7/site-packages/airflow/example_dags/example_complex.py
[2023-05-16T02:56:27.920+0000] {processor.py:799} INFO - Processing file /home/airflow/.local/lib/python3.7/site-packages/airflow/example_dags/example_complex.py for tasks to queue
[2023-05-16T02:56:27.921+0000] {logging_mixin.py:149} INFO - [2023-05-16T02:56:27.921+0000] {dagbag.py:541} INFO - Filling up the DagBag from /home/airflow/.local/lib/python3.7/site-packages/airflow/example_dags/example_complex.py
[2023-05-16T02:56:27.928+0000] {logging_mixin.py:149} INFO - [2023-05-16T02:56:27.927+0000] {taskmixin.py:211} WARNING - Dependency <Task(BashOperator): create_entry_group>, delete_entry_group already registered for DAG: example_complex
[2023-05-16T02:56:27.928+0000] {logging_mixin.py:149} INFO - [2023-05-16T02:56:27.928+0000] {taskmixin.py:211} WARNING - Dependency <Task(BashOperator): delete_entry_group>, create_entry_group already registered for DAG: example_complex
[2023-05-16T02:56:27.929+0000] {logging_mixin.py:149} INFO - [2023-05-16T02:56:27.929+0000] {taskmixin.py:211} WARNING - Dependency <Task(BashOperator): create_entry_gcs>, delete_entry already registered for DAG: example_complex
[2023-05-16T02:56:27.929+0000] {logging_mixin.py:149} INFO - [2023-05-16T02:56:27.929+0000] {taskmixin.py:211} WARNING - Dependency <Task(BashOperator): delete_entry>, create_entry_gcs already registered for DAG: example_complex
[2023-05-16T02:56:27.930+0000] {logging_mixin.py:149} INFO - [2023-05-16T02:56:27.930+0000] {taskmixin.py:211} WARNING - Dependency <Task(BashOperator): create_tag>, delete_tag already registered for DAG: example_complex
[2023-05-16T02:56:27.930+0000] {logging_mixin.py:149} INFO - [2023-05-16T02:56:27.930+0000] {taskmixin.py:211} WARNING - Dependency <Task(BashOperator): delete_tag>, create_tag already registered for DAG: example_complex
[2023-05-16T02:56:27.932+0000] {processor.py:809} INFO - DAG(s) dict_keys(['example_complex']) retrieved from /home/airflow/.local/lib/python3.7/site-packages/airflow/example_dags/example_complex.py
[2023-05-16T02:56:27.957+0000] {logging_mixin.py:149} INFO - [2023-05-16T02:56:27.957+0000] {dag.py:2726} INFO - Sync 1 DAGs
[2023-05-16T02:56:27.972+0000] {logging_mixin.py:149} INFO - [2023-05-16T02:56:27.972+0000] {dag.py:3490} INFO - Setting next_dagrun for example_complex to None, run_after=None
[2023-05-16T02:56:27.984+0000] {processor.py:178} INFO - Processing /home/airflow/.local/lib/python3.7/site-packages/airflow/example_dags/example_complex.py took 0.068 seconds
[2023-05-16T02:56:58.324+0000] {processor.py:156} INFO - Started process (PID=268) to work on /home/airflow/.local/lib/python3.7/site-packages/airflow/example_dags/example_complex.py
[2023-05-16T02:56:58.326+0000] {processor.py:799} INFO - Processing file /home/airflow/.local/lib/python3.7/site-packages/airflow/example_dags/example_complex.py for tasks to queue
[2023-05-16T02:56:58.327+0000] {logging_mixin.py:149} INFO - [2023-05-16T02:56:58.327+0000] {dagbag.py:541} INFO - Filling up the DagBag from /home/airflow/.local/lib/python3.7/site-packages/airflow/example_dags/example_complex.py
[2023-05-16T02:56:58.334+0000] {logging_mixin.py:149} INFO - [2023-05-16T02:56:58.334+0000] {taskmixin.py:211} WARNING - Dependency <Task(BashOperator): create_entry_group>, delete_entry_group already registered for DAG: example_complex
[2023-05-16T02:56:58.335+0000] {logging_mixin.py:149} INFO - [2023-05-16T02:56:58.335+0000] {taskmixin.py:211} WARNING - Dependency <Task(BashOperator): delete_entry_group>, create_entry_group already registered for DAG: example_complex
[2023-05-16T02:56:58.336+0000] {logging_mixin.py:149} INFO - [2023-05-16T02:56:58.336+0000] {taskmixin.py:211} WARNING - Dependency <Task(BashOperator): create_entry_gcs>, delete_entry already registered for DAG: example_complex
[2023-05-16T02:56:58.337+0000] {logging_mixin.py:149} INFO - [2023-05-16T02:56:58.337+0000] {taskmixin.py:211} WARNING - Dependency <Task(BashOperator): delete_entry>, create_entry_gcs already registered for DAG: example_complex
[2023-05-16T02:56:58.337+0000] {logging_mixin.py:149} INFO - [2023-05-16T02:56:58.337+0000] {taskmixin.py:211} WARNING - Dependency <Task(BashOperator): create_tag>, delete_tag already registered for DAG: example_complex
[2023-05-16T02:56:58.338+0000] {logging_mixin.py:149} INFO - [2023-05-16T02:56:58.338+0000] {taskmixin.py:211} WARNING - Dependency <Task(BashOperator): delete_tag>, create_tag already registered for DAG: example_complex
[2023-05-16T02:56:58.339+0000] {processor.py:809} INFO - DAG(s) dict_keys(['example_complex']) retrieved from /home/airflow/.local/lib/python3.7/site-packages/airflow/example_dags/example_complex.py
[2023-05-16T02:56:58.365+0000] {logging_mixin.py:149} INFO - [2023-05-16T02:56:58.365+0000] {dag.py:2726} INFO - Sync 1 DAGs
[2023-05-16T02:56:58.381+0000] {logging_mixin.py:149} INFO - [2023-05-16T02:56:58.381+0000] {dag.py:3490} INFO - Setting next_dagrun for example_complex to None, run_after=None
[2023-05-16T02:56:58.397+0000] {processor.py:178} INFO - Processing /home/airflow/.local/lib/python3.7/site-packages/airflow/example_dags/example_complex.py took 0.075 seconds
[2023-05-16T02:57:28.781+0000] {processor.py:156} INFO - Started process (PID=324) to work on /home/airflow/.local/lib/python3.7/site-packages/airflow/example_dags/example_complex.py
[2023-05-16T02:57:28.782+0000] {processor.py:799} INFO - Processing file /home/airflow/.local/lib/python3.7/site-packages/airflow/example_dags/example_complex.py for tasks to queue
[2023-05-16T02:57:28.783+0000] {logging_mixin.py:149} INFO - [2023-05-16T02:57:28.783+0000] {dagbag.py:541} INFO - Filling up the DagBag from /home/airflow/.local/lib/python3.7/site-packages/airflow/example_dags/example_complex.py
[2023-05-16T02:57:28.790+0000] {logging_mixin.py:149} INFO - [2023-05-16T02:57:28.790+0000] {taskmixin.py:211} WARNING - Dependency <Task(BashOperator): create_entry_group>, delete_entry_group already registered for DAG: example_complex
[2023-05-16T02:57:28.791+0000] {logging_mixin.py:149} INFO - [2023-05-16T02:57:28.791+0000] {taskmixin.py:211} WARNING - Dependency <Task(BashOperator): delete_entry_group>, create_entry_group already registered for DAG: example_complex
[2023-05-16T02:57:28.791+0000] {logging_mixin.py:149} INFO - [2023-05-16T02:57:28.791+0000] {taskmixin.py:211} WARNING - Dependency <Task(BashOperator): create_entry_gcs>, delete_entry already registered for DAG: example_complex
[2023-05-16T02:57:28.792+0000] {logging_mixin.py:149} INFO - [2023-05-16T02:57:28.792+0000] {taskmixin.py:211} WARNING - Dependency <Task(BashOperator): delete_entry>, create_entry_gcs already registered for DAG: example_complex
[2023-05-16T02:57:28.793+0000] {logging_mixin.py:149} INFO - [2023-05-16T02:57:28.792+0000] {taskmixin.py:211} WARNING - Dependency <Task(BashOperator): create_tag>, delete_tag already registered for DAG: example_complex
[2023-05-16T02:57:28.793+0000] {logging_mixin.py:149} INFO - [2023-05-16T02:57:28.793+0000] {taskmixin.py:211} WARNING - Dependency <Task(BashOperator): delete_tag>, create_tag already registered for DAG: example_complex
[2023-05-16T02:57:28.794+0000] {processor.py:809} INFO - DAG(s) dict_keys(['example_complex']) retrieved from /home/airflow/.local/lib/python3.7/site-packages/airflow/example_dags/example_complex.py
[2023-05-16T02:57:28.819+0000] {logging_mixin.py:149} INFO - [2023-05-16T02:57:28.819+0000] {dag.py:2726} INFO - Sync 1 DAGs
[2023-05-16T02:57:28.835+0000] {logging_mixin.py:149} INFO - [2023-05-16T02:57:28.834+0000] {dag.py:3490} INFO - Setting next_dagrun for example_complex to None, run_after=None
[2023-05-16T02:57:28.846+0000] {processor.py:178} INFO - Processing /home/airflow/.local/lib/python3.7/site-packages/airflow/example_dags/example_complex.py took 0.068 seconds
[2023-05-16T03:07:30.995+0000] {processor.py:156} INFO - Started process (PID=46) to work on /home/airflow/.local/lib/python3.7/site-packages/airflow/example_dags/example_complex.py
[2023-05-16T03:07:30.997+0000] {processor.py:799} INFO - Processing file /home/airflow/.local/lib/python3.7/site-packages/airflow/example_dags/example_complex.py for tasks to queue
[2023-05-16T03:07:31.000+0000] {logging_mixin.py:149} INFO - [2023-05-16T03:07:30.999+0000] {dagbag.py:541} INFO - Filling up the DagBag from /home/airflow/.local/lib/python3.7/site-packages/airflow/example_dags/example_complex.py
[2023-05-16T03:07:31.011+0000] {logging_mixin.py:149} INFO - [2023-05-16T03:07:31.011+0000] {taskmixin.py:211} WARNING - Dependency <Task(BashOperator): create_entry_group>, delete_entry_group already registered for DAG: example_complex
[2023-05-16T03:07:31.013+0000] {logging_mixin.py:149} INFO - [2023-05-16T03:07:31.012+0000] {taskmixin.py:211} WARNING - Dependency <Task(BashOperator): delete_entry_group>, create_entry_group already registered for DAG: example_complex
[2023-05-16T03:07:31.014+0000] {logging_mixin.py:149} INFO - [2023-05-16T03:07:31.014+0000] {taskmixin.py:211} WARNING - Dependency <Task(BashOperator): create_entry_gcs>, delete_entry already registered for DAG: example_complex
[2023-05-16T03:07:31.017+0000] {logging_mixin.py:149} INFO - [2023-05-16T03:07:31.016+0000] {taskmixin.py:211} WARNING - Dependency <Task(BashOperator): delete_entry>, create_entry_gcs already registered for DAG: example_complex
[2023-05-16T03:07:31.019+0000] {logging_mixin.py:149} INFO - [2023-05-16T03:07:31.019+0000] {taskmixin.py:211} WARNING - Dependency <Task(BashOperator): create_tag>, delete_tag already registered for DAG: example_complex
[2023-05-16T03:07:31.019+0000] {logging_mixin.py:149} INFO - [2023-05-16T03:07:31.019+0000] {taskmixin.py:211} WARNING - Dependency <Task(BashOperator): delete_tag>, create_tag already registered for DAG: example_complex
[2023-05-16T03:07:31.028+0000] {processor.py:809} INFO - DAG(s) dict_keys(['example_complex']) retrieved from /home/airflow/.local/lib/python3.7/site-packages/airflow/example_dags/example_complex.py
[2023-05-16T03:07:31.071+0000] {logging_mixin.py:149} INFO - [2023-05-16T03:07:31.071+0000] {dag.py:2726} INFO - Sync 1 DAGs
[2023-05-16T03:07:31.108+0000] {logging_mixin.py:149} INFO - [2023-05-16T03:07:31.108+0000] {dag.py:3490} INFO - Setting next_dagrun for example_complex to None, run_after=None
[2023-05-16T03:07:31.126+0000] {processor.py:178} INFO - Processing /home/airflow/.local/lib/python3.7/site-packages/airflow/example_dags/example_complex.py took 0.136 seconds
[2023-05-16T03:08:01.160+0000] {processor.py:156} INFO - Started process (PID=101) to work on /home/airflow/.local/lib/python3.7/site-packages/airflow/example_dags/example_complex.py
[2023-05-16T03:08:01.161+0000] {processor.py:799} INFO - Processing file /home/airflow/.local/lib/python3.7/site-packages/airflow/example_dags/example_complex.py for tasks to queue
[2023-05-16T03:08:01.162+0000] {logging_mixin.py:149} INFO - [2023-05-16T03:08:01.162+0000] {dagbag.py:541} INFO - Filling up the DagBag from /home/airflow/.local/lib/python3.7/site-packages/airflow/example_dags/example_complex.py
[2023-05-16T03:08:01.169+0000] {logging_mixin.py:149} INFO - [2023-05-16T03:08:01.169+0000] {taskmixin.py:211} WARNING - Dependency <Task(BashOperator): create_entry_group>, delete_entry_group already registered for DAG: example_complex
[2023-05-16T03:08:01.170+0000] {logging_mixin.py:149} INFO - [2023-05-16T03:08:01.170+0000] {taskmixin.py:211} WARNING - Dependency <Task(BashOperator): delete_entry_group>, create_entry_group already registered for DAG: example_complex
[2023-05-16T03:08:01.170+0000] {logging_mixin.py:149} INFO - [2023-05-16T03:08:01.170+0000] {taskmixin.py:211} WARNING - Dependency <Task(BashOperator): create_entry_gcs>, delete_entry already registered for DAG: example_complex
[2023-05-16T03:08:01.171+0000] {logging_mixin.py:149} INFO - [2023-05-16T03:08:01.171+0000] {taskmixin.py:211} WARNING - Dependency <Task(BashOperator): delete_entry>, create_entry_gcs already registered for DAG: example_complex
[2023-05-16T03:08:01.171+0000] {logging_mixin.py:149} INFO - [2023-05-16T03:08:01.171+0000] {taskmixin.py:211} WARNING - Dependency <Task(BashOperator): create_tag>, delete_tag already registered for DAG: example_complex
[2023-05-16T03:08:01.172+0000] {logging_mixin.py:149} INFO - [2023-05-16T03:08:01.172+0000] {taskmixin.py:211} WARNING - Dependency <Task(BashOperator): delete_tag>, create_tag already registered for DAG: example_complex
[2023-05-16T03:08:01.173+0000] {processor.py:809} INFO - DAG(s) dict_keys(['example_complex']) retrieved from /home/airflow/.local/lib/python3.7/site-packages/airflow/example_dags/example_complex.py
[2023-05-16T03:08:01.198+0000] {logging_mixin.py:149} INFO - [2023-05-16T03:08:01.198+0000] {dag.py:2726} INFO - Sync 1 DAGs
[2023-05-16T03:08:01.213+0000] {logging_mixin.py:149} INFO - [2023-05-16T03:08:01.213+0000] {dag.py:3490} INFO - Setting next_dagrun for example_complex to None, run_after=None
[2023-05-16T03:08:01.224+0000] {processor.py:178} INFO - Processing /home/airflow/.local/lib/python3.7/site-packages/airflow/example_dags/example_complex.py took 0.067 seconds
[2023-05-16T03:08:31.642+0000] {processor.py:156} INFO - Started process (PID=157) to work on /home/airflow/.local/lib/python3.7/site-packages/airflow/example_dags/example_complex.py
[2023-05-16T03:08:31.643+0000] {processor.py:799} INFO - Processing file /home/airflow/.local/lib/python3.7/site-packages/airflow/example_dags/example_complex.py for tasks to queue
[2023-05-16T03:08:31.644+0000] {logging_mixin.py:149} INFO - [2023-05-16T03:08:31.644+0000] {dagbag.py:541} INFO - Filling up the DagBag from /home/airflow/.local/lib/python3.7/site-packages/airflow/example_dags/example_complex.py
[2023-05-16T03:08:31.651+0000] {logging_mixin.py:149} INFO - [2023-05-16T03:08:31.651+0000] {taskmixin.py:211} WARNING - Dependency <Task(BashOperator): create_entry_group>, delete_entry_group already registered for DAG: example_complex
[2023-05-16T03:08:31.652+0000] {logging_mixin.py:149} INFO - [2023-05-16T03:08:31.652+0000] {taskmixin.py:211} WARNING - Dependency <Task(BashOperator): delete_entry_group>, create_entry_group already registered for DAG: example_complex
[2023-05-16T03:08:31.652+0000] {logging_mixin.py:149} INFO - [2023-05-16T03:08:31.652+0000] {taskmixin.py:211} WARNING - Dependency <Task(BashOperator): create_entry_gcs>, delete_entry already registered for DAG: example_complex
[2023-05-16T03:08:31.653+0000] {logging_mixin.py:149} INFO - [2023-05-16T03:08:31.653+0000] {taskmixin.py:211} WARNING - Dependency <Task(BashOperator): delete_entry>, create_entry_gcs already registered for DAG: example_complex
[2023-05-16T03:08:31.653+0000] {logging_mixin.py:149} INFO - [2023-05-16T03:08:31.653+0000] {taskmixin.py:211} WARNING - Dependency <Task(BashOperator): create_tag>, delete_tag already registered for DAG: example_complex
[2023-05-16T03:08:31.654+0000] {logging_mixin.py:149} INFO - [2023-05-16T03:08:31.654+0000] {taskmixin.py:211} WARNING - Dependency <Task(BashOperator): delete_tag>, create_tag already registered for DAG: example_complex
[2023-05-16T03:08:31.655+0000] {processor.py:809} INFO - DAG(s) dict_keys(['example_complex']) retrieved from /home/airflow/.local/lib/python3.7/site-packages/airflow/example_dags/example_complex.py
[2023-05-16T03:08:31.686+0000] {logging_mixin.py:149} INFO - [2023-05-16T03:08:31.686+0000] {dag.py:2726} INFO - Sync 1 DAGs
[2023-05-16T03:08:31.701+0000] {logging_mixin.py:149} INFO - [2023-05-16T03:08:31.701+0000] {dag.py:3490} INFO - Setting next_dagrun for example_complex to None, run_after=None
[2023-05-16T03:08:31.713+0000] {processor.py:178} INFO - Processing /home/airflow/.local/lib/python3.7/site-packages/airflow/example_dags/example_complex.py took 0.073 seconds
[2023-05-16T03:09:02.118+0000] {processor.py:156} INFO - Started process (PID=213) to work on /home/airflow/.local/lib/python3.7/site-packages/airflow/example_dags/example_complex.py
[2023-05-16T03:09:02.120+0000] {processor.py:799} INFO - Processing file /home/airflow/.local/lib/python3.7/site-packages/airflow/example_dags/example_complex.py for tasks to queue
[2023-05-16T03:09:02.121+0000] {logging_mixin.py:149} INFO - [2023-05-16T03:09:02.121+0000] {dagbag.py:541} INFO - Filling up the DagBag from /home/airflow/.local/lib/python3.7/site-packages/airflow/example_dags/example_complex.py
[2023-05-16T03:09:02.129+0000] {logging_mixin.py:149} INFO - [2023-05-16T03:09:02.129+0000] {taskmixin.py:211} WARNING - Dependency <Task(BashOperator): create_entry_group>, delete_entry_group already registered for DAG: example_complex
[2023-05-16T03:09:02.130+0000] {logging_mixin.py:149} INFO - [2023-05-16T03:09:02.129+0000] {taskmixin.py:211} WARNING - Dependency <Task(BashOperator): delete_entry_group>, create_entry_group already registered for DAG: example_complex
[2023-05-16T03:09:02.130+0000] {logging_mixin.py:149} INFO - [2023-05-16T03:09:02.130+0000] {taskmixin.py:211} WARNING - Dependency <Task(BashOperator): create_entry_gcs>, delete_entry already registered for DAG: example_complex
[2023-05-16T03:09:02.131+0000] {logging_mixin.py:149} INFO - [2023-05-16T03:09:02.131+0000] {taskmixin.py:211} WARNING - Dependency <Task(BashOperator): delete_entry>, create_entry_gcs already registered for DAG: example_complex
[2023-05-16T03:09:02.131+0000] {logging_mixin.py:149} INFO - [2023-05-16T03:09:02.131+0000] {taskmixin.py:211} WARNING - Dependency <Task(BashOperator): create_tag>, delete_tag already registered for DAG: example_complex
[2023-05-16T03:09:02.132+0000] {logging_mixin.py:149} INFO - [2023-05-16T03:09:02.132+0000] {taskmixin.py:211} WARNING - Dependency <Task(BashOperator): delete_tag>, create_tag already registered for DAG: example_complex
[2023-05-16T03:09:02.133+0000] {processor.py:809} INFO - DAG(s) dict_keys(['example_complex']) retrieved from /home/airflow/.local/lib/python3.7/site-packages/airflow/example_dags/example_complex.py
[2023-05-16T03:09:02.159+0000] {logging_mixin.py:149} INFO - [2023-05-16T03:09:02.159+0000] {dag.py:2726} INFO - Sync 1 DAGs
[2023-05-16T03:09:02.175+0000] {logging_mixin.py:149} INFO - [2023-05-16T03:09:02.175+0000] {dag.py:3490} INFO - Setting next_dagrun for example_complex to None, run_after=None
[2023-05-16T03:09:02.186+0000] {processor.py:178} INFO - Processing /home/airflow/.local/lib/python3.7/site-packages/airflow/example_dags/example_complex.py took 0.071 seconds
[2023-05-16T03:09:32.599+0000] {processor.py:156} INFO - Started process (PID=269) to work on /home/airflow/.local/lib/python3.7/site-packages/airflow/example_dags/example_complex.py
[2023-05-16T03:09:32.601+0000] {processor.py:799} INFO - Processing file /home/airflow/.local/lib/python3.7/site-packages/airflow/example_dags/example_complex.py for tasks to queue
[2023-05-16T03:09:32.602+0000] {logging_mixin.py:149} INFO - [2023-05-16T03:09:32.602+0000] {dagbag.py:541} INFO - Filling up the DagBag from /home/airflow/.local/lib/python3.7/site-packages/airflow/example_dags/example_complex.py
[2023-05-16T03:09:32.609+0000] {logging_mixin.py:149} INFO - [2023-05-16T03:09:32.609+0000] {taskmixin.py:211} WARNING - Dependency <Task(BashOperator): create_entry_group>, delete_entry_group already registered for DAG: example_complex
[2023-05-16T03:09:32.610+0000] {logging_mixin.py:149} INFO - [2023-05-16T03:09:32.610+0000] {taskmixin.py:211} WARNING - Dependency <Task(BashOperator): delete_entry_group>, create_entry_group already registered for DAG: example_complex
[2023-05-16T03:09:32.611+0000] {logging_mixin.py:149} INFO - [2023-05-16T03:09:32.611+0000] {taskmixin.py:211} WARNING - Dependency <Task(BashOperator): create_entry_gcs>, delete_entry already registered for DAG: example_complex
[2023-05-16T03:09:32.611+0000] {logging_mixin.py:149} INFO - [2023-05-16T03:09:32.611+0000] {taskmixin.py:211} WARNING - Dependency <Task(BashOperator): delete_entry>, create_entry_gcs already registered for DAG: example_complex
[2023-05-16T03:09:32.612+0000] {logging_mixin.py:149} INFO - [2023-05-16T03:09:32.612+0000] {taskmixin.py:211} WARNING - Dependency <Task(BashOperator): create_tag>, delete_tag already registered for DAG: example_complex
[2023-05-16T03:09:32.613+0000] {logging_mixin.py:149} INFO - [2023-05-16T03:09:32.612+0000] {taskmixin.py:211} WARNING - Dependency <Task(BashOperator): delete_tag>, create_tag already registered for DAG: example_complex
[2023-05-16T03:09:32.614+0000] {processor.py:809} INFO - DAG(s) dict_keys(['example_complex']) retrieved from /home/airflow/.local/lib/python3.7/site-packages/airflow/example_dags/example_complex.py
[2023-05-16T03:09:32.640+0000] {logging_mixin.py:149} INFO - [2023-05-16T03:09:32.640+0000] {dag.py:2726} INFO - Sync 1 DAGs
[2023-05-16T03:09:32.657+0000] {logging_mixin.py:149} INFO - [2023-05-16T03:09:32.657+0000] {dag.py:3490} INFO - Setting next_dagrun for example_complex to None, run_after=None
[2023-05-16T03:09:32.669+0000] {processor.py:178} INFO - Processing /home/airflow/.local/lib/python3.7/site-packages/airflow/example_dags/example_complex.py took 0.072 seconds
[2023-05-16T03:10:03.147+0000] {processor.py:156} INFO - Started process (PID=325) to work on /home/airflow/.local/lib/python3.7/site-packages/airflow/example_dags/example_complex.py
[2023-05-16T03:10:03.148+0000] {processor.py:799} INFO - Processing file /home/airflow/.local/lib/python3.7/site-packages/airflow/example_dags/example_complex.py for tasks to queue
[2023-05-16T03:10:03.150+0000] {logging_mixin.py:149} INFO - [2023-05-16T03:10:03.149+0000] {dagbag.py:541} INFO - Filling up the DagBag from /home/airflow/.local/lib/python3.7/site-packages/airflow/example_dags/example_complex.py
[2023-05-16T03:10:03.157+0000] {logging_mixin.py:149} INFO - [2023-05-16T03:10:03.157+0000] {taskmixin.py:211} WARNING - Dependency <Task(BashOperator): create_entry_group>, delete_entry_group already registered for DAG: example_complex
[2023-05-16T03:10:03.158+0000] {logging_mixin.py:149} INFO - [2023-05-16T03:10:03.158+0000] {taskmixin.py:211} WARNING - Dependency <Task(BashOperator): delete_entry_group>, create_entry_group already registered for DAG: example_complex
[2023-05-16T03:10:03.159+0000] {logging_mixin.py:149} INFO - [2023-05-16T03:10:03.159+0000] {taskmixin.py:211} WARNING - Dependency <Task(BashOperator): create_entry_gcs>, delete_entry already registered for DAG: example_complex
[2023-05-16T03:10:03.159+0000] {logging_mixin.py:149} INFO - [2023-05-16T03:10:03.159+0000] {taskmixin.py:211} WARNING - Dependency <Task(BashOperator): delete_entry>, create_entry_gcs already registered for DAG: example_complex
[2023-05-16T03:10:03.160+0000] {logging_mixin.py:149} INFO - [2023-05-16T03:10:03.160+0000] {taskmixin.py:211} WARNING - Dependency <Task(BashOperator): create_tag>, delete_tag already registered for DAG: example_complex
[2023-05-16T03:10:03.160+0000] {logging_mixin.py:149} INFO - [2023-05-16T03:10:03.160+0000] {taskmixin.py:211} WARNING - Dependency <Task(BashOperator): delete_tag>, create_tag already registered for DAG: example_complex
[2023-05-16T03:10:03.162+0000] {processor.py:809} INFO - DAG(s) dict_keys(['example_complex']) retrieved from /home/airflow/.local/lib/python3.7/site-packages/airflow/example_dags/example_complex.py
[2023-05-16T03:10:03.189+0000] {logging_mixin.py:149} INFO - [2023-05-16T03:10:03.188+0000] {dag.py:2726} INFO - Sync 1 DAGs
[2023-05-16T03:10:03.205+0000] {logging_mixin.py:149} INFO - [2023-05-16T03:10:03.205+0000] {dag.py:3490} INFO - Setting next_dagrun for example_complex to None, run_after=None
[2023-05-16T03:10:03.218+0000] {processor.py:178} INFO - Processing /home/airflow/.local/lib/python3.7/site-packages/airflow/example_dags/example_complex.py took 0.075 seconds
[2023-05-16T03:10:33.753+0000] {processor.py:156} INFO - Started process (PID=381) to work on /home/airflow/.local/lib/python3.7/site-packages/airflow/example_dags/example_complex.py
[2023-05-16T03:10:33.754+0000] {processor.py:799} INFO - Processing file /home/airflow/.local/lib/python3.7/site-packages/airflow/example_dags/example_complex.py for tasks to queue
[2023-05-16T03:10:33.756+0000] {logging_mixin.py:149} INFO - [2023-05-16T03:10:33.755+0000] {dagbag.py:541} INFO - Filling up the DagBag from /home/airflow/.local/lib/python3.7/site-packages/airflow/example_dags/example_complex.py
[2023-05-16T03:10:33.763+0000] {logging_mixin.py:149} INFO - [2023-05-16T03:10:33.763+0000] {taskmixin.py:211} WARNING - Dependency <Task(BashOperator): create_entry_group>, delete_entry_group already registered for DAG: example_complex
[2023-05-16T03:10:33.763+0000] {logging_mixin.py:149} INFO - [2023-05-16T03:10:33.763+0000] {taskmixin.py:211} WARNING - Dependency <Task(BashOperator): delete_entry_group>, create_entry_group already registered for DAG: example_complex
[2023-05-16T03:10:33.764+0000] {logging_mixin.py:149} INFO - [2023-05-16T03:10:33.764+0000] {taskmixin.py:211} WARNING - Dependency <Task(BashOperator): create_entry_gcs>, delete_entry already registered for DAG: example_complex
[2023-05-16T03:10:33.765+0000] {logging_mixin.py:149} INFO - [2023-05-16T03:10:33.764+0000] {taskmixin.py:211} WARNING - Dependency <Task(BashOperator): delete_entry>, create_entry_gcs already registered for DAG: example_complex
[2023-05-16T03:10:33.765+0000] {logging_mixin.py:149} INFO - [2023-05-16T03:10:33.765+0000] {taskmixin.py:211} WARNING - Dependency <Task(BashOperator): create_tag>, delete_tag already registered for DAG: example_complex
[2023-05-16T03:10:33.765+0000] {logging_mixin.py:149} INFO - [2023-05-16T03:10:33.765+0000] {taskmixin.py:211} WARNING - Dependency <Task(BashOperator): delete_tag>, create_tag already registered for DAG: example_complex
[2023-05-16T03:10:33.767+0000] {processor.py:809} INFO - DAG(s) dict_keys(['example_complex']) retrieved from /home/airflow/.local/lib/python3.7/site-packages/airflow/example_dags/example_complex.py
[2023-05-16T03:10:33.792+0000] {logging_mixin.py:149} INFO - [2023-05-16T03:10:33.792+0000] {dag.py:2726} INFO - Sync 1 DAGs
[2023-05-16T03:10:33.808+0000] {logging_mixin.py:149} INFO - [2023-05-16T03:10:33.808+0000] {dag.py:3490} INFO - Setting next_dagrun for example_complex to None, run_after=None
[2023-05-16T03:10:33.820+0000] {processor.py:178} INFO - Processing /home/airflow/.local/lib/python3.7/site-packages/airflow/example_dags/example_complex.py took 0.069 seconds
