[2023-05-16T02:54:52.811+0000] {processor.py:156} INFO - Started process (PID=34) to work on /home/airflow/.local/lib/python3.7/site-packages/airflow/example_dags/example_external_task_marker_dag.py
[2023-05-16T02:54:52.813+0000] {processor.py:799} INFO - Processing file /home/airflow/.local/lib/python3.7/site-packages/airflow/example_dags/example_external_task_marker_dag.py for tasks to queue
[2023-05-16T02:54:52.814+0000] {logging_mixin.py:149} INFO - [2023-05-16T02:54:52.814+0000] {dagbag.py:541} INFO - Filling up the DagBag from /home/airflow/.local/lib/python3.7/site-packages/airflow/example_dags/example_external_task_marker_dag.py
[2023-05-16T02:54:52.829+0000] {processor.py:809} INFO - DAG(s) dict_keys(['example_external_task_marker_parent', 'example_external_task_marker_child']) retrieved from /home/airflow/.local/lib/python3.7/site-packages/airflow/example_dags/example_external_task_marker_dag.py
[2023-05-16T02:54:52.940+0000] {logging_mixin.py:149} INFO - [2023-05-16T02:54:52.940+0000] {manager.py:504} INFO - Created Permission View: can read on DAG:example_external_task_marker_parent
[2023-05-16T02:54:52.956+0000] {logging_mixin.py:149} INFO - [2023-05-16T02:54:52.956+0000] {manager.py:504} INFO - Created Permission View: can delete on DAG:example_external_task_marker_parent
[2023-05-16T02:54:52.966+0000] {logging_mixin.py:149} INFO - [2023-05-16T02:54:52.966+0000] {manager.py:504} INFO - Created Permission View: can edit on DAG:example_external_task_marker_parent
[2023-05-16T02:54:52.980+0000] {logging_mixin.py:149} INFO - [2023-05-16T02:54:52.980+0000] {manager.py:504} INFO - Created Permission View: can read on DAG:example_external_task_marker_child
[2023-05-16T02:54:52.989+0000] {logging_mixin.py:149} INFO - [2023-05-16T02:54:52.988+0000] {manager.py:504} INFO - Created Permission View: can delete on DAG:example_external_task_marker_child
[2023-05-16T02:54:52.994+0000] {logging_mixin.py:149} INFO - [2023-05-16T02:54:52.993+0000] {manager.py:504} INFO - Created Permission View: can edit on DAG:example_external_task_marker_child
[2023-05-16T02:54:52.996+0000] {logging_mixin.py:149} INFO - [2023-05-16T02:54:52.995+0000] {dag.py:2726} INFO - Sync 2 DAGs
[2023-05-16T02:54:53.007+0000] {logging_mixin.py:149} INFO - [2023-05-16T02:54:53.007+0000] {dag.py:2747} INFO - Creating ORM DAG for example_external_task_marker_child
[2023-05-16T02:54:53.010+0000] {logging_mixin.py:149} INFO - [2023-05-16T02:54:53.010+0000] {dag.py:2747} INFO - Creating ORM DAG for example_external_task_marker_parent
[2023-05-16T02:54:53.019+0000] {logging_mixin.py:149} INFO - [2023-05-16T02:54:53.019+0000] {dag.py:3490} INFO - Setting next_dagrun for example_external_task_marker_child to None, run_after=None
[2023-05-16T02:54:53.020+0000] {logging_mixin.py:149} INFO - [2023-05-16T02:54:53.020+0000] {dag.py:3490} INFO - Setting next_dagrun for example_external_task_marker_parent to None, run_after=None
[2023-05-16T02:54:53.035+0000] {processor.py:178} INFO - Processing /home/airflow/.local/lib/python3.7/site-packages/airflow/example_dags/example_external_task_marker_dag.py took 0.226 seconds
[2023-05-16T02:55:23.134+0000] {processor.py:156} INFO - Started process (PID=90) to work on /home/airflow/.local/lib/python3.7/site-packages/airflow/example_dags/example_external_task_marker_dag.py
[2023-05-16T02:55:23.138+0000] {processor.py:799} INFO - Processing file /home/airflow/.local/lib/python3.7/site-packages/airflow/example_dags/example_external_task_marker_dag.py for tasks to queue
[2023-05-16T02:55:23.142+0000] {logging_mixin.py:149} INFO - [2023-05-16T02:55:23.142+0000] {dagbag.py:541} INFO - Filling up the DagBag from /home/airflow/.local/lib/python3.7/site-packages/airflow/example_dags/example_external_task_marker_dag.py
[2023-05-16T02:55:23.150+0000] {processor.py:809} INFO - DAG(s) dict_keys(['example_external_task_marker_parent', 'example_external_task_marker_child']) retrieved from /home/airflow/.local/lib/python3.7/site-packages/airflow/example_dags/example_external_task_marker_dag.py
[2023-05-16T02:55:23.207+0000] {logging_mixin.py:149} INFO - [2023-05-16T02:55:23.207+0000] {dag.py:2726} INFO - Sync 2 DAGs
[2023-05-16T02:55:23.263+0000] {logging_mixin.py:149} INFO - [2023-05-16T02:55:23.263+0000] {dag.py:3490} INFO - Setting next_dagrun for example_external_task_marker_child to None, run_after=None
[2023-05-16T02:55:23.268+0000] {logging_mixin.py:149} INFO - [2023-05-16T02:55:23.268+0000] {dag.py:3490} INFO - Setting next_dagrun for example_external_task_marker_parent to None, run_after=None
[2023-05-16T02:55:23.297+0000] {processor.py:178} INFO - Processing /home/airflow/.local/lib/python3.7/site-packages/airflow/example_dags/example_external_task_marker_dag.py took 0.168 seconds
[2023-05-16T02:55:53.910+0000] {processor.py:156} INFO - Started process (PID=146) to work on /home/airflow/.local/lib/python3.7/site-packages/airflow/example_dags/example_external_task_marker_dag.py
[2023-05-16T02:55:53.916+0000] {processor.py:799} INFO - Processing file /home/airflow/.local/lib/python3.7/site-packages/airflow/example_dags/example_external_task_marker_dag.py for tasks to queue
[2023-05-16T02:55:53.920+0000] {logging_mixin.py:149} INFO - [2023-05-16T02:55:53.920+0000] {dagbag.py:541} INFO - Filling up the DagBag from /home/airflow/.local/lib/python3.7/site-packages/airflow/example_dags/example_external_task_marker_dag.py
[2023-05-16T02:55:53.931+0000] {processor.py:809} INFO - DAG(s) dict_keys(['example_external_task_marker_child', 'example_external_task_marker_parent']) retrieved from /home/airflow/.local/lib/python3.7/site-packages/airflow/example_dags/example_external_task_marker_dag.py
[2023-05-16T02:55:54.003+0000] {logging_mixin.py:149} INFO - [2023-05-16T02:55:54.003+0000] {dag.py:2726} INFO - Sync 2 DAGs
[2023-05-16T02:55:54.031+0000] {logging_mixin.py:149} INFO - [2023-05-16T02:55:54.031+0000] {dag.py:3490} INFO - Setting next_dagrun for example_external_task_marker_child to None, run_after=None
[2023-05-16T02:55:54.039+0000] {logging_mixin.py:149} INFO - [2023-05-16T02:55:54.039+0000] {dag.py:3490} INFO - Setting next_dagrun for example_external_task_marker_parent to None, run_after=None
[2023-05-16T02:55:54.068+0000] {processor.py:178} INFO - Processing /home/airflow/.local/lib/python3.7/site-packages/airflow/example_dags/example_external_task_marker_dag.py took 0.163 seconds
[2023-05-16T02:56:24.235+0000] {processor.py:156} INFO - Started process (PID=202) to work on /home/airflow/.local/lib/python3.7/site-packages/airflow/example_dags/example_external_task_marker_dag.py
[2023-05-16T02:56:24.236+0000] {processor.py:799} INFO - Processing file /home/airflow/.local/lib/python3.7/site-packages/airflow/example_dags/example_external_task_marker_dag.py for tasks to queue
[2023-05-16T02:56:24.237+0000] {logging_mixin.py:149} INFO - [2023-05-16T02:56:24.237+0000] {dagbag.py:541} INFO - Filling up the DagBag from /home/airflow/.local/lib/python3.7/site-packages/airflow/example_dags/example_external_task_marker_dag.py
[2023-05-16T02:56:24.242+0000] {processor.py:809} INFO - DAG(s) dict_keys(['example_external_task_marker_child', 'example_external_task_marker_parent']) retrieved from /home/airflow/.local/lib/python3.7/site-packages/airflow/example_dags/example_external_task_marker_dag.py
[2023-05-16T02:56:24.268+0000] {logging_mixin.py:149} INFO - [2023-05-16T02:56:24.268+0000] {dag.py:2726} INFO - Sync 2 DAGs
[2023-05-16T02:56:24.286+0000] {logging_mixin.py:149} INFO - [2023-05-16T02:56:24.286+0000] {dag.py:3490} INFO - Setting next_dagrun for example_external_task_marker_child to None, run_after=None
[2023-05-16T02:56:24.289+0000] {logging_mixin.py:149} INFO - [2023-05-16T02:56:24.289+0000] {dag.py:3490} INFO - Setting next_dagrun for example_external_task_marker_parent to None, run_after=None
[2023-05-16T02:56:24.300+0000] {processor.py:178} INFO - Processing /home/airflow/.local/lib/python3.7/site-packages/airflow/example_dags/example_external_task_marker_dag.py took 0.068 seconds
[2023-05-16T02:56:54.740+0000] {processor.py:156} INFO - Started process (PID=258) to work on /home/airflow/.local/lib/python3.7/site-packages/airflow/example_dags/example_external_task_marker_dag.py
[2023-05-16T02:56:54.742+0000] {processor.py:799} INFO - Processing file /home/airflow/.local/lib/python3.7/site-packages/airflow/example_dags/example_external_task_marker_dag.py for tasks to queue
[2023-05-16T02:56:54.743+0000] {logging_mixin.py:149} INFO - [2023-05-16T02:56:54.743+0000] {dagbag.py:541} INFO - Filling up the DagBag from /home/airflow/.local/lib/python3.7/site-packages/airflow/example_dags/example_external_task_marker_dag.py
[2023-05-16T02:56:54.748+0000] {processor.py:809} INFO - DAG(s) dict_keys(['example_external_task_marker_child', 'example_external_task_marker_parent']) retrieved from /home/airflow/.local/lib/python3.7/site-packages/airflow/example_dags/example_external_task_marker_dag.py
[2023-05-16T02:56:54.774+0000] {logging_mixin.py:149} INFO - [2023-05-16T02:56:54.774+0000] {dag.py:2726} INFO - Sync 2 DAGs
[2023-05-16T02:56:54.792+0000] {logging_mixin.py:149} INFO - [2023-05-16T02:56:54.792+0000] {dag.py:3490} INFO - Setting next_dagrun for example_external_task_marker_child to None, run_after=None
[2023-05-16T02:56:54.795+0000] {logging_mixin.py:149} INFO - [2023-05-16T02:56:54.795+0000] {dag.py:3490} INFO - Setting next_dagrun for example_external_task_marker_parent to None, run_after=None
[2023-05-16T02:56:54.806+0000] {processor.py:178} INFO - Processing /home/airflow/.local/lib/python3.7/site-packages/airflow/example_dags/example_external_task_marker_dag.py took 0.068 seconds
[2023-05-16T02:57:25.239+0000] {processor.py:156} INFO - Started process (PID=314) to work on /home/airflow/.local/lib/python3.7/site-packages/airflow/example_dags/example_external_task_marker_dag.py
[2023-05-16T02:57:25.240+0000] {processor.py:799} INFO - Processing file /home/airflow/.local/lib/python3.7/site-packages/airflow/example_dags/example_external_task_marker_dag.py for tasks to queue
[2023-05-16T02:57:25.241+0000] {logging_mixin.py:149} INFO - [2023-05-16T02:57:25.241+0000] {dagbag.py:541} INFO - Filling up the DagBag from /home/airflow/.local/lib/python3.7/site-packages/airflow/example_dags/example_external_task_marker_dag.py
[2023-05-16T02:57:25.246+0000] {processor.py:809} INFO - DAG(s) dict_keys(['example_external_task_marker_child', 'example_external_task_marker_parent']) retrieved from /home/airflow/.local/lib/python3.7/site-packages/airflow/example_dags/example_external_task_marker_dag.py
[2023-05-16T02:57:25.270+0000] {logging_mixin.py:149} INFO - [2023-05-16T02:57:25.270+0000] {dag.py:2726} INFO - Sync 2 DAGs
[2023-05-16T02:57:25.288+0000] {logging_mixin.py:149} INFO - [2023-05-16T02:57:25.288+0000] {dag.py:3490} INFO - Setting next_dagrun for example_external_task_marker_child to None, run_after=None
[2023-05-16T02:57:25.291+0000] {logging_mixin.py:149} INFO - [2023-05-16T02:57:25.291+0000] {dag.py:3490} INFO - Setting next_dagrun for example_external_task_marker_parent to None, run_after=None
[2023-05-16T02:57:25.303+0000] {processor.py:178} INFO - Processing /home/airflow/.local/lib/python3.7/site-packages/airflow/example_dags/example_external_task_marker_dag.py took 0.067 seconds
[2023-05-16T03:07:30.433+0000] {processor.py:156} INFO - Started process (PID=36) to work on /home/airflow/.local/lib/python3.7/site-packages/airflow/example_dags/example_external_task_marker_dag.py
[2023-05-16T03:07:30.434+0000] {processor.py:799} INFO - Processing file /home/airflow/.local/lib/python3.7/site-packages/airflow/example_dags/example_external_task_marker_dag.py for tasks to queue
[2023-05-16T03:07:30.435+0000] {logging_mixin.py:149} INFO - [2023-05-16T03:07:30.435+0000] {dagbag.py:541} INFO - Filling up the DagBag from /home/airflow/.local/lib/python3.7/site-packages/airflow/example_dags/example_external_task_marker_dag.py
[2023-05-16T03:07:30.442+0000] {processor.py:809} INFO - DAG(s) dict_keys(['example_external_task_marker_parent', 'example_external_task_marker_child']) retrieved from /home/airflow/.local/lib/python3.7/site-packages/airflow/example_dags/example_external_task_marker_dag.py
[2023-05-16T03:07:30.468+0000] {logging_mixin.py:149} INFO - [2023-05-16T03:07:30.467+0000] {dag.py:2726} INFO - Sync 2 DAGs
[2023-05-16T03:07:30.489+0000] {logging_mixin.py:149} INFO - [2023-05-16T03:07:30.489+0000] {dag.py:3490} INFO - Setting next_dagrun for example_external_task_marker_child to None, run_after=None
[2023-05-16T03:07:30.493+0000] {logging_mixin.py:149} INFO - [2023-05-16T03:07:30.493+0000] {dag.py:3490} INFO - Setting next_dagrun for example_external_task_marker_parent to None, run_after=None
[2023-05-16T03:07:30.528+0000] {processor.py:178} INFO - Processing /home/airflow/.local/lib/python3.7/site-packages/airflow/example_dags/example_external_task_marker_dag.py took 0.099 seconds
[2023-05-16T03:08:00.707+0000] {processor.py:156} INFO - Started process (PID=91) to work on /home/airflow/.local/lib/python3.7/site-packages/airflow/example_dags/example_external_task_marker_dag.py
[2023-05-16T03:08:00.708+0000] {processor.py:799} INFO - Processing file /home/airflow/.local/lib/python3.7/site-packages/airflow/example_dags/example_external_task_marker_dag.py for tasks to queue
[2023-05-16T03:08:00.709+0000] {logging_mixin.py:149} INFO - [2023-05-16T03:08:00.709+0000] {dagbag.py:541} INFO - Filling up the DagBag from /home/airflow/.local/lib/python3.7/site-packages/airflow/example_dags/example_external_task_marker_dag.py
[2023-05-16T03:08:00.714+0000] {processor.py:809} INFO - DAG(s) dict_keys(['example_external_task_marker_child', 'example_external_task_marker_parent']) retrieved from /home/airflow/.local/lib/python3.7/site-packages/airflow/example_dags/example_external_task_marker_dag.py
[2023-05-16T03:08:00.737+0000] {logging_mixin.py:149} INFO - [2023-05-16T03:08:00.737+0000] {dag.py:2726} INFO - Sync 2 DAGs
[2023-05-16T03:08:00.754+0000] {logging_mixin.py:149} INFO - [2023-05-16T03:08:00.754+0000] {dag.py:3490} INFO - Setting next_dagrun for example_external_task_marker_child to None, run_after=None
[2023-05-16T03:08:00.756+0000] {logging_mixin.py:149} INFO - [2023-05-16T03:08:00.756+0000] {dag.py:3490} INFO - Setting next_dagrun for example_external_task_marker_parent to None, run_after=None
[2023-05-16T03:08:00.767+0000] {processor.py:178} INFO - Processing /home/airflow/.local/lib/python3.7/site-packages/airflow/example_dags/example_external_task_marker_dag.py took 0.063 seconds
[2023-05-16T03:08:31.193+0000] {processor.py:156} INFO - Started process (PID=147) to work on /home/airflow/.local/lib/python3.7/site-packages/airflow/example_dags/example_external_task_marker_dag.py
[2023-05-16T03:08:31.195+0000] {processor.py:799} INFO - Processing file /home/airflow/.local/lib/python3.7/site-packages/airflow/example_dags/example_external_task_marker_dag.py for tasks to queue
[2023-05-16T03:08:31.195+0000] {logging_mixin.py:149} INFO - [2023-05-16T03:08:31.195+0000] {dagbag.py:541} INFO - Filling up the DagBag from /home/airflow/.local/lib/python3.7/site-packages/airflow/example_dags/example_external_task_marker_dag.py
[2023-05-16T03:08:31.200+0000] {processor.py:809} INFO - DAG(s) dict_keys(['example_external_task_marker_child', 'example_external_task_marker_parent']) retrieved from /home/airflow/.local/lib/python3.7/site-packages/airflow/example_dags/example_external_task_marker_dag.py
[2023-05-16T03:08:31.222+0000] {logging_mixin.py:149} INFO - [2023-05-16T03:08:31.222+0000] {dag.py:2726} INFO - Sync 2 DAGs
[2023-05-16T03:08:31.239+0000] {logging_mixin.py:149} INFO - [2023-05-16T03:08:31.239+0000] {dag.py:3490} INFO - Setting next_dagrun for example_external_task_marker_child to None, run_after=None
[2023-05-16T03:08:31.242+0000] {logging_mixin.py:149} INFO - [2023-05-16T03:08:31.242+0000] {dag.py:3490} INFO - Setting next_dagrun for example_external_task_marker_parent to None, run_after=None
[2023-05-16T03:08:31.253+0000] {processor.py:178} INFO - Processing /home/airflow/.local/lib/python3.7/site-packages/airflow/example_dags/example_external_task_marker_dag.py took 0.062 seconds
[2023-05-16T03:09:01.672+0000] {processor.py:156} INFO - Started process (PID=203) to work on /home/airflow/.local/lib/python3.7/site-packages/airflow/example_dags/example_external_task_marker_dag.py
[2023-05-16T03:09:01.674+0000] {processor.py:799} INFO - Processing file /home/airflow/.local/lib/python3.7/site-packages/airflow/example_dags/example_external_task_marker_dag.py for tasks to queue
[2023-05-16T03:09:01.675+0000] {logging_mixin.py:149} INFO - [2023-05-16T03:09:01.675+0000] {dagbag.py:541} INFO - Filling up the DagBag from /home/airflow/.local/lib/python3.7/site-packages/airflow/example_dags/example_external_task_marker_dag.py
[2023-05-16T03:09:01.680+0000] {processor.py:809} INFO - DAG(s) dict_keys(['example_external_task_marker_parent', 'example_external_task_marker_child']) retrieved from /home/airflow/.local/lib/python3.7/site-packages/airflow/example_dags/example_external_task_marker_dag.py
[2023-05-16T03:09:01.703+0000] {logging_mixin.py:149} INFO - [2023-05-16T03:09:01.702+0000] {dag.py:2726} INFO - Sync 2 DAGs
[2023-05-16T03:09:01.719+0000] {logging_mixin.py:149} INFO - [2023-05-16T03:09:01.719+0000] {dag.py:3490} INFO - Setting next_dagrun for example_external_task_marker_child to None, run_after=None
[2023-05-16T03:09:01.722+0000] {logging_mixin.py:149} INFO - [2023-05-16T03:09:01.722+0000] {dag.py:3490} INFO - Setting next_dagrun for example_external_task_marker_parent to None, run_after=None
[2023-05-16T03:09:01.733+0000] {processor.py:178} INFO - Processing /home/airflow/.local/lib/python3.7/site-packages/airflow/example_dags/example_external_task_marker_dag.py took 0.064 seconds
[2023-05-16T03:09:32.143+0000] {processor.py:156} INFO - Started process (PID=259) to work on /home/airflow/.local/lib/python3.7/site-packages/airflow/example_dags/example_external_task_marker_dag.py
[2023-05-16T03:09:32.145+0000] {processor.py:799} INFO - Processing file /home/airflow/.local/lib/python3.7/site-packages/airflow/example_dags/example_external_task_marker_dag.py for tasks to queue
[2023-05-16T03:09:32.145+0000] {logging_mixin.py:149} INFO - [2023-05-16T03:09:32.145+0000] {dagbag.py:541} INFO - Filling up the DagBag from /home/airflow/.local/lib/python3.7/site-packages/airflow/example_dags/example_external_task_marker_dag.py
[2023-05-16T03:09:32.150+0000] {processor.py:809} INFO - DAG(s) dict_keys(['example_external_task_marker_child', 'example_external_task_marker_parent']) retrieved from /home/airflow/.local/lib/python3.7/site-packages/airflow/example_dags/example_external_task_marker_dag.py
[2023-05-16T03:09:32.174+0000] {logging_mixin.py:149} INFO - [2023-05-16T03:09:32.174+0000] {dag.py:2726} INFO - Sync 2 DAGs
[2023-05-16T03:09:32.192+0000] {logging_mixin.py:149} INFO - [2023-05-16T03:09:32.192+0000] {dag.py:3490} INFO - Setting next_dagrun for example_external_task_marker_child to None, run_after=None
[2023-05-16T03:09:32.195+0000] {logging_mixin.py:149} INFO - [2023-05-16T03:09:32.195+0000] {dag.py:3490} INFO - Setting next_dagrun for example_external_task_marker_parent to None, run_after=None
[2023-05-16T03:09:32.206+0000] {processor.py:178} INFO - Processing /home/airflow/.local/lib/python3.7/site-packages/airflow/example_dags/example_external_task_marker_dag.py took 0.066 seconds
[2023-05-16T03:10:02.677+0000] {processor.py:156} INFO - Started process (PID=315) to work on /home/airflow/.local/lib/python3.7/site-packages/airflow/example_dags/example_external_task_marker_dag.py
[2023-05-16T03:10:02.678+0000] {processor.py:799} INFO - Processing file /home/airflow/.local/lib/python3.7/site-packages/airflow/example_dags/example_external_task_marker_dag.py for tasks to queue
[2023-05-16T03:10:02.679+0000] {logging_mixin.py:149} INFO - [2023-05-16T03:10:02.679+0000] {dagbag.py:541} INFO - Filling up the DagBag from /home/airflow/.local/lib/python3.7/site-packages/airflow/example_dags/example_external_task_marker_dag.py
[2023-05-16T03:10:02.684+0000] {processor.py:809} INFO - DAG(s) dict_keys(['example_external_task_marker_parent', 'example_external_task_marker_child']) retrieved from /home/airflow/.local/lib/python3.7/site-packages/airflow/example_dags/example_external_task_marker_dag.py
[2023-05-16T03:10:02.707+0000] {logging_mixin.py:149} INFO - [2023-05-16T03:10:02.707+0000] {dag.py:2726} INFO - Sync 2 DAGs
[2023-05-16T03:10:02.725+0000] {logging_mixin.py:149} INFO - [2023-05-16T03:10:02.725+0000] {dag.py:3490} INFO - Setting next_dagrun for example_external_task_marker_child to None, run_after=None
[2023-05-16T03:10:02.728+0000] {logging_mixin.py:149} INFO - [2023-05-16T03:10:02.728+0000] {dag.py:3490} INFO - Setting next_dagrun for example_external_task_marker_parent to None, run_after=None
[2023-05-16T03:10:02.741+0000] {processor.py:178} INFO - Processing /home/airflow/.local/lib/python3.7/site-packages/airflow/example_dags/example_external_task_marker_dag.py took 0.067 seconds
[2023-05-16T03:10:33.304+0000] {processor.py:156} INFO - Started process (PID=371) to work on /home/airflow/.local/lib/python3.7/site-packages/airflow/example_dags/example_external_task_marker_dag.py
[2023-05-16T03:10:33.306+0000] {processor.py:799} INFO - Processing file /home/airflow/.local/lib/python3.7/site-packages/airflow/example_dags/example_external_task_marker_dag.py for tasks to queue
[2023-05-16T03:10:33.306+0000] {logging_mixin.py:149} INFO - [2023-05-16T03:10:33.306+0000] {dagbag.py:541} INFO - Filling up the DagBag from /home/airflow/.local/lib/python3.7/site-packages/airflow/example_dags/example_external_task_marker_dag.py
[2023-05-16T03:10:33.311+0000] {processor.py:809} INFO - DAG(s) dict_keys(['example_external_task_marker_child', 'example_external_task_marker_parent']) retrieved from /home/airflow/.local/lib/python3.7/site-packages/airflow/example_dags/example_external_task_marker_dag.py
[2023-05-16T03:10:33.333+0000] {logging_mixin.py:149} INFO - [2023-05-16T03:10:33.333+0000] {dag.py:2726} INFO - Sync 2 DAGs
[2023-05-16T03:10:33.359+0000] {logging_mixin.py:149} INFO - [2023-05-16T03:10:33.359+0000] {dag.py:3490} INFO - Setting next_dagrun for example_external_task_marker_child to None, run_after=None
[2023-05-16T03:10:33.361+0000] {logging_mixin.py:149} INFO - [2023-05-16T03:10:33.361+0000] {dag.py:3490} INFO - Setting next_dagrun for example_external_task_marker_parent to None, run_after=None
[2023-05-16T03:10:33.372+0000] {processor.py:178} INFO - Processing /home/airflow/.local/lib/python3.7/site-packages/airflow/example_dags/example_external_task_marker_dag.py took 0.071 seconds
