[2023-05-16T02:55:02.962+0000] {processor.py:156} INFO - Started process (PID=70) to work on /home/airflow/.local/lib/python3.7/site-packages/airflow/example_dags/example_branch_operator_decorator.py
[2023-05-16T02:55:02.964+0000] {processor.py:799} INFO - Processing file /home/airflow/.local/lib/python3.7/site-packages/airflow/example_dags/example_branch_operator_decorator.py for tasks to queue
[2023-05-16T02:55:02.964+0000] {logging_mixin.py:149} INFO - [2023-05-16T02:55:02.964+0000] {dagbag.py:541} INFO - Filling up the DagBag from /home/airflow/.local/lib/python3.7/site-packages/airflow/example_dags/example_branch_operator_decorator.py
[2023-05-16T02:55:02.973+0000] {processor.py:809} INFO - DAG(s) dict_keys(['example_branch_python_operator_decorator']) retrieved from /home/airflow/.local/lib/python3.7/site-packages/airflow/example_dags/example_branch_operator_decorator.py
[2023-05-16T02:55:03.088+0000] {logging_mixin.py:149} INFO - [2023-05-16T02:55:03.088+0000] {manager.py:504} INFO - Created Permission View: can read on DAG:example_branch_python_operator_decorator
[2023-05-16T02:55:03.097+0000] {logging_mixin.py:149} INFO - [2023-05-16T02:55:03.097+0000] {manager.py:504} INFO - Created Permission View: can delete on DAG:example_branch_python_operator_decorator
[2023-05-16T02:55:03.103+0000] {logging_mixin.py:149} INFO - [2023-05-16T02:55:03.103+0000] {manager.py:504} INFO - Created Permission View: can edit on DAG:example_branch_python_operator_decorator
[2023-05-16T02:55:03.104+0000] {logging_mixin.py:149} INFO - [2023-05-16T02:55:03.104+0000] {dag.py:2726} INFO - Sync 1 DAGs
[2023-05-16T02:55:03.114+0000] {logging_mixin.py:149} INFO - [2023-05-16T02:55:03.114+0000] {dag.py:2747} INFO - Creating ORM DAG for example_branch_python_operator_decorator
[2023-05-16T02:55:03.126+0000] {logging_mixin.py:149} INFO - [2023-05-16T02:55:03.126+0000] {dag.py:3490} INFO - Setting next_dagrun for example_branch_python_operator_decorator to 2023-05-15T00:00:00+00:00, run_after=2023-05-16T00:00:00+00:00
[2023-05-16T02:55:03.142+0000] {processor.py:178} INFO - Processing /home/airflow/.local/lib/python3.7/site-packages/airflow/example_dags/example_branch_operator_decorator.py took 0.183 seconds
[2023-05-16T02:55:34.460+0000] {processor.py:156} INFO - Started process (PID=126) to work on /home/airflow/.local/lib/python3.7/site-packages/airflow/example_dags/example_branch_operator_decorator.py
[2023-05-16T02:55:34.466+0000] {processor.py:799} INFO - Processing file /home/airflow/.local/lib/python3.7/site-packages/airflow/example_dags/example_branch_operator_decorator.py for tasks to queue
[2023-05-16T02:55:34.468+0000] {logging_mixin.py:149} INFO - [2023-05-16T02:55:34.468+0000] {dagbag.py:541} INFO - Filling up the DagBag from /home/airflow/.local/lib/python3.7/site-packages/airflow/example_dags/example_branch_operator_decorator.py
[2023-05-16T02:55:34.479+0000] {processor.py:809} INFO - DAG(s) dict_keys(['example_branch_python_operator_decorator']) retrieved from /home/airflow/.local/lib/python3.7/site-packages/airflow/example_dags/example_branch_operator_decorator.py
[2023-05-16T02:55:34.522+0000] {logging_mixin.py:149} INFO - [2023-05-16T02:55:34.522+0000] {dag.py:2726} INFO - Sync 1 DAGs
[2023-05-16T02:55:34.544+0000] {logging_mixin.py:149} INFO - [2023-05-16T02:55:34.544+0000] {dag.py:3490} INFO - Setting next_dagrun for example_branch_python_operator_decorator to 2023-05-15T00:00:00+00:00, run_after=2023-05-16T00:00:00+00:00
[2023-05-16T02:55:34.563+0000] {processor.py:178} INFO - Processing /home/airflow/.local/lib/python3.7/site-packages/airflow/example_dags/example_branch_operator_decorator.py took 0.106 seconds
[2023-05-16T02:56:04.666+0000] {processor.py:156} INFO - Started process (PID=182) to work on /home/airflow/.local/lib/python3.7/site-packages/airflow/example_dags/example_branch_operator_decorator.py
[2023-05-16T02:56:04.668+0000] {processor.py:799} INFO - Processing file /home/airflow/.local/lib/python3.7/site-packages/airflow/example_dags/example_branch_operator_decorator.py for tasks to queue
[2023-05-16T02:56:04.669+0000] {logging_mixin.py:149} INFO - [2023-05-16T02:56:04.669+0000] {dagbag.py:541} INFO - Filling up the DagBag from /home/airflow/.local/lib/python3.7/site-packages/airflow/example_dags/example_branch_operator_decorator.py
[2023-05-16T02:56:04.677+0000] {processor.py:809} INFO - DAG(s) dict_keys(['example_branch_python_operator_decorator']) retrieved from /home/airflow/.local/lib/python3.7/site-packages/airflow/example_dags/example_branch_operator_decorator.py
[2023-05-16T02:56:04.698+0000] {logging_mixin.py:149} INFO - [2023-05-16T02:56:04.698+0000] {dag.py:2726} INFO - Sync 1 DAGs
[2023-05-16T02:56:04.715+0000] {logging_mixin.py:149} INFO - [2023-05-16T02:56:04.715+0000] {dag.py:3490} INFO - Setting next_dagrun for example_branch_python_operator_decorator to 2023-05-15T00:00:00+00:00, run_after=2023-05-16T00:00:00+00:00
[2023-05-16T02:56:04.728+0000] {processor.py:178} INFO - Processing /home/airflow/.local/lib/python3.7/site-packages/airflow/example_dags/example_branch_operator_decorator.py took 0.064 seconds
[2023-05-16T02:56:35.199+0000] {processor.py:156} INFO - Started process (PID=238) to work on /home/airflow/.local/lib/python3.7/site-packages/airflow/example_dags/example_branch_operator_decorator.py
[2023-05-16T02:56:35.200+0000] {processor.py:799} INFO - Processing file /home/airflow/.local/lib/python3.7/site-packages/airflow/example_dags/example_branch_operator_decorator.py for tasks to queue
[2023-05-16T02:56:35.201+0000] {logging_mixin.py:149} INFO - [2023-05-16T02:56:35.201+0000] {dagbag.py:541} INFO - Filling up the DagBag from /home/airflow/.local/lib/python3.7/site-packages/airflow/example_dags/example_branch_operator_decorator.py
[2023-05-16T02:56:35.208+0000] {processor.py:809} INFO - DAG(s) dict_keys(['example_branch_python_operator_decorator']) retrieved from /home/airflow/.local/lib/python3.7/site-packages/airflow/example_dags/example_branch_operator_decorator.py
[2023-05-16T02:56:35.230+0000] {logging_mixin.py:149} INFO - [2023-05-16T02:56:35.230+0000] {dag.py:2726} INFO - Sync 1 DAGs
[2023-05-16T02:56:35.247+0000] {logging_mixin.py:149} INFO - [2023-05-16T02:56:35.247+0000] {dag.py:3490} INFO - Setting next_dagrun for example_branch_python_operator_decorator to 2023-05-15T00:00:00+00:00, run_after=2023-05-16T00:00:00+00:00
[2023-05-16T02:56:35.261+0000] {processor.py:178} INFO - Processing /home/airflow/.local/lib/python3.7/site-packages/airflow/example_dags/example_branch_operator_decorator.py took 0.064 seconds
[2023-05-16T02:57:05.681+0000] {processor.py:156} INFO - Started process (PID=294) to work on /home/airflow/.local/lib/python3.7/site-packages/airflow/example_dags/example_branch_operator_decorator.py
[2023-05-16T02:57:05.682+0000] {processor.py:799} INFO - Processing file /home/airflow/.local/lib/python3.7/site-packages/airflow/example_dags/example_branch_operator_decorator.py for tasks to queue
[2023-05-16T02:57:05.683+0000] {logging_mixin.py:149} INFO - [2023-05-16T02:57:05.683+0000] {dagbag.py:541} INFO - Filling up the DagBag from /home/airflow/.local/lib/python3.7/site-packages/airflow/example_dags/example_branch_operator_decorator.py
[2023-05-16T02:57:05.691+0000] {processor.py:809} INFO - DAG(s) dict_keys(['example_branch_python_operator_decorator']) retrieved from /home/airflow/.local/lib/python3.7/site-packages/airflow/example_dags/example_branch_operator_decorator.py
[2023-05-16T02:57:05.713+0000] {logging_mixin.py:149} INFO - [2023-05-16T02:57:05.713+0000] {dag.py:2726} INFO - Sync 1 DAGs
[2023-05-16T02:57:05.731+0000] {logging_mixin.py:149} INFO - [2023-05-16T02:57:05.731+0000] {dag.py:3490} INFO - Setting next_dagrun for example_branch_python_operator_decorator to 2023-05-15T00:00:00+00:00, run_after=2023-05-16T00:00:00+00:00
[2023-05-16T02:57:05.744+0000] {processor.py:178} INFO - Processing /home/airflow/.local/lib/python3.7/site-packages/airflow/example_dags/example_branch_operator_decorator.py took 0.066 seconds
[2023-05-16T03:07:34.054+0000] {processor.py:156} INFO - Started process (PID=72) to work on /home/airflow/.local/lib/python3.7/site-packages/airflow/example_dags/example_branch_operator_decorator.py
[2023-05-16T03:07:34.056+0000] {processor.py:799} INFO - Processing file /home/airflow/.local/lib/python3.7/site-packages/airflow/example_dags/example_branch_operator_decorator.py for tasks to queue
[2023-05-16T03:07:34.057+0000] {logging_mixin.py:149} INFO - [2023-05-16T03:07:34.057+0000] {dagbag.py:541} INFO - Filling up the DagBag from /home/airflow/.local/lib/python3.7/site-packages/airflow/example_dags/example_branch_operator_decorator.py
[2023-05-16T03:07:34.066+0000] {processor.py:809} INFO - DAG(s) dict_keys(['example_branch_python_operator_decorator']) retrieved from /home/airflow/.local/lib/python3.7/site-packages/airflow/example_dags/example_branch_operator_decorator.py
[2023-05-16T03:07:34.080+0000] {logging_mixin.py:149} INFO - [2023-05-16T03:07:34.080+0000] {dag.py:2726} INFO - Sync 1 DAGs
[2023-05-16T03:07:34.101+0000] {logging_mixin.py:149} INFO - [2023-05-16T03:07:34.101+0000] {dag.py:3490} INFO - Setting next_dagrun for example_branch_python_operator_decorator to 2023-05-15T00:00:00+00:00, run_after=2023-05-16T00:00:00+00:00
[2023-05-16T03:07:34.117+0000] {processor.py:178} INFO - Processing /home/airflow/.local/lib/python3.7/site-packages/airflow/example_dags/example_branch_operator_decorator.py took 0.066 seconds
[2023-05-16T03:08:04.538+0000] {processor.py:156} INFO - Started process (PID=127) to work on /home/airflow/.local/lib/python3.7/site-packages/airflow/example_dags/example_branch_operator_decorator.py
[2023-05-16T03:08:04.541+0000] {processor.py:799} INFO - Processing file /home/airflow/.local/lib/python3.7/site-packages/airflow/example_dags/example_branch_operator_decorator.py for tasks to queue
[2023-05-16T03:08:04.546+0000] {logging_mixin.py:149} INFO - [2023-05-16T03:08:04.546+0000] {dagbag.py:541} INFO - Filling up the DagBag from /home/airflow/.local/lib/python3.7/site-packages/airflow/example_dags/example_branch_operator_decorator.py
[2023-05-16T03:08:04.561+0000] {processor.py:809} INFO - DAG(s) dict_keys(['example_branch_python_operator_decorator']) retrieved from /home/airflow/.local/lib/python3.7/site-packages/airflow/example_dags/example_branch_operator_decorator.py
[2023-05-16T03:08:04.583+0000] {logging_mixin.py:149} INFO - [2023-05-16T03:08:04.583+0000] {dag.py:2726} INFO - Sync 1 DAGs
[2023-05-16T03:08:04.599+0000] {logging_mixin.py:149} INFO - [2023-05-16T03:08:04.598+0000] {dag.py:3490} INFO - Setting next_dagrun for example_branch_python_operator_decorator to 2023-05-15T00:00:00+00:00, run_after=2023-05-16T00:00:00+00:00
[2023-05-16T03:08:04.610+0000] {processor.py:178} INFO - Processing /home/airflow/.local/lib/python3.7/site-packages/airflow/example_dags/example_branch_operator_decorator.py took 0.075 seconds
[2023-05-16T03:08:34.980+0000] {processor.py:156} INFO - Started process (PID=183) to work on /home/airflow/.local/lib/python3.7/site-packages/airflow/example_dags/example_branch_operator_decorator.py
[2023-05-16T03:08:34.981+0000] {processor.py:799} INFO - Processing file /home/airflow/.local/lib/python3.7/site-packages/airflow/example_dags/example_branch_operator_decorator.py for tasks to queue
[2023-05-16T03:08:34.982+0000] {logging_mixin.py:149} INFO - [2023-05-16T03:08:34.982+0000] {dagbag.py:541} INFO - Filling up the DagBag from /home/airflow/.local/lib/python3.7/site-packages/airflow/example_dags/example_branch_operator_decorator.py
[2023-05-16T03:08:34.990+0000] {processor.py:809} INFO - DAG(s) dict_keys(['example_branch_python_operator_decorator']) retrieved from /home/airflow/.local/lib/python3.7/site-packages/airflow/example_dags/example_branch_operator_decorator.py
[2023-05-16T03:08:35.012+0000] {logging_mixin.py:149} INFO - [2023-05-16T03:08:35.012+0000] {dag.py:2726} INFO - Sync 1 DAGs
[2023-05-16T03:08:35.028+0000] {logging_mixin.py:149} INFO - [2023-05-16T03:08:35.028+0000] {dag.py:3490} INFO - Setting next_dagrun for example_branch_python_operator_decorator to 2023-05-15T00:00:00+00:00, run_after=2023-05-16T00:00:00+00:00
[2023-05-16T03:08:35.040+0000] {processor.py:178} INFO - Processing /home/airflow/.local/lib/python3.7/site-packages/airflow/example_dags/example_branch_operator_decorator.py took 0.063 seconds
[2023-05-16T03:09:05.479+0000] {processor.py:156} INFO - Started process (PID=239) to work on /home/airflow/.local/lib/python3.7/site-packages/airflow/example_dags/example_branch_operator_decorator.py
[2023-05-16T03:09:05.480+0000] {processor.py:799} INFO - Processing file /home/airflow/.local/lib/python3.7/site-packages/airflow/example_dags/example_branch_operator_decorator.py for tasks to queue
[2023-05-16T03:09:05.481+0000] {logging_mixin.py:149} INFO - [2023-05-16T03:09:05.481+0000] {dagbag.py:541} INFO - Filling up the DagBag from /home/airflow/.local/lib/python3.7/site-packages/airflow/example_dags/example_branch_operator_decorator.py
[2023-05-16T03:09:05.489+0000] {processor.py:809} INFO - DAG(s) dict_keys(['example_branch_python_operator_decorator']) retrieved from /home/airflow/.local/lib/python3.7/site-packages/airflow/example_dags/example_branch_operator_decorator.py
[2023-05-16T03:09:05.510+0000] {logging_mixin.py:149} INFO - [2023-05-16T03:09:05.510+0000] {dag.py:2726} INFO - Sync 1 DAGs
[2023-05-16T03:09:05.528+0000] {logging_mixin.py:149} INFO - [2023-05-16T03:09:05.528+0000] {dag.py:3490} INFO - Setting next_dagrun for example_branch_python_operator_decorator to 2023-05-15T00:00:00+00:00, run_after=2023-05-16T00:00:00+00:00
[2023-05-16T03:09:05.542+0000] {processor.py:178} INFO - Processing /home/airflow/.local/lib/python3.7/site-packages/airflow/example_dags/example_branch_operator_decorator.py took 0.066 seconds
[2023-05-16T03:09:36.057+0000] {processor.py:156} INFO - Started process (PID=295) to work on /home/airflow/.local/lib/python3.7/site-packages/airflow/example_dags/example_branch_operator_decorator.py
[2023-05-16T03:09:36.058+0000] {processor.py:799} INFO - Processing file /home/airflow/.local/lib/python3.7/site-packages/airflow/example_dags/example_branch_operator_decorator.py for tasks to queue
[2023-05-16T03:09:36.060+0000] {logging_mixin.py:149} INFO - [2023-05-16T03:09:36.059+0000] {dagbag.py:541} INFO - Filling up the DagBag from /home/airflow/.local/lib/python3.7/site-packages/airflow/example_dags/example_branch_operator_decorator.py
[2023-05-16T03:09:36.067+0000] {processor.py:809} INFO - DAG(s) dict_keys(['example_branch_python_operator_decorator']) retrieved from /home/airflow/.local/lib/python3.7/site-packages/airflow/example_dags/example_branch_operator_decorator.py
[2023-05-16T03:09:36.090+0000] {logging_mixin.py:149} INFO - [2023-05-16T03:09:36.090+0000] {dag.py:2726} INFO - Sync 1 DAGs
[2023-05-16T03:09:36.109+0000] {logging_mixin.py:149} INFO - [2023-05-16T03:09:36.109+0000] {dag.py:3490} INFO - Setting next_dagrun for example_branch_python_operator_decorator to 2023-05-15T00:00:00+00:00, run_after=2023-05-16T00:00:00+00:00
[2023-05-16T03:09:36.121+0000] {processor.py:178} INFO - Processing /home/airflow/.local/lib/python3.7/site-packages/airflow/example_dags/example_branch_operator_decorator.py took 0.067 seconds
[2023-05-16T03:10:06.605+0000] {processor.py:156} INFO - Started process (PID=351) to work on /home/airflow/.local/lib/python3.7/site-packages/airflow/example_dags/example_branch_operator_decorator.py
[2023-05-16T03:10:06.608+0000] {processor.py:799} INFO - Processing file /home/airflow/.local/lib/python3.7/site-packages/airflow/example_dags/example_branch_operator_decorator.py for tasks to queue
[2023-05-16T03:10:06.610+0000] {logging_mixin.py:149} INFO - [2023-05-16T03:10:06.610+0000] {dagbag.py:541} INFO - Filling up the DagBag from /home/airflow/.local/lib/python3.7/site-packages/airflow/example_dags/example_branch_operator_decorator.py
[2023-05-16T03:10:06.629+0000] {processor.py:809} INFO - DAG(s) dict_keys(['example_branch_python_operator_decorator']) retrieved from /home/airflow/.local/lib/python3.7/site-packages/airflow/example_dags/example_branch_operator_decorator.py
[2023-05-16T03:10:06.659+0000] {logging_mixin.py:149} INFO - [2023-05-16T03:10:06.659+0000] {dag.py:2726} INFO - Sync 1 DAGs
[2023-05-16T03:10:06.681+0000] {logging_mixin.py:149} INFO - [2023-05-16T03:10:06.681+0000] {dag.py:3490} INFO - Setting next_dagrun for example_branch_python_operator_decorator to 2023-05-15T00:00:00+00:00, run_after=2023-05-16T00:00:00+00:00
[2023-05-16T03:10:06.697+0000] {processor.py:178} INFO - Processing /home/airflow/.local/lib/python3.7/site-packages/airflow/example_dags/example_branch_operator_decorator.py took 0.096 seconds
[2023-05-16T03:10:37.060+0000] {processor.py:156} INFO - Started process (PID=407) to work on /home/airflow/.local/lib/python3.7/site-packages/airflow/example_dags/example_branch_operator_decorator.py
[2023-05-16T03:10:37.061+0000] {processor.py:799} INFO - Processing file /home/airflow/.local/lib/python3.7/site-packages/airflow/example_dags/example_branch_operator_decorator.py for tasks to queue
[2023-05-16T03:10:37.062+0000] {logging_mixin.py:149} INFO - [2023-05-16T03:10:37.062+0000] {dagbag.py:541} INFO - Filling up the DagBag from /home/airflow/.local/lib/python3.7/site-packages/airflow/example_dags/example_branch_operator_decorator.py
[2023-05-16T03:10:37.070+0000] {processor.py:809} INFO - DAG(s) dict_keys(['example_branch_python_operator_decorator']) retrieved from /home/airflow/.local/lib/python3.7/site-packages/airflow/example_dags/example_branch_operator_decorator.py
[2023-05-16T03:10:37.092+0000] {logging_mixin.py:149} INFO - [2023-05-16T03:10:37.092+0000] {dag.py:2726} INFO - Sync 1 DAGs
[2023-05-16T03:10:37.111+0000] {logging_mixin.py:149} INFO - [2023-05-16T03:10:37.111+0000] {dag.py:3490} INFO - Setting next_dagrun for example_branch_python_operator_decorator to 2023-05-15T00:00:00+00:00, run_after=2023-05-16T00:00:00+00:00
[2023-05-16T03:10:37.131+0000] {processor.py:178} INFO - Processing /home/airflow/.local/lib/python3.7/site-packages/airflow/example_dags/example_branch_operator_decorator.py took 0.075 seconds
