[2023-05-16T02:54:58.910+0000] {processor.py:156} INFO - Started process (PID=53) to work on /home/airflow/.local/lib/python3.7/site-packages/airflow/example_dags/example_kubernetes_executor.py
[2023-05-16T02:54:58.913+0000] {processor.py:799} INFO - Processing file /home/airflow/.local/lib/python3.7/site-packages/airflow/example_dags/example_kubernetes_executor.py for tasks to queue
[2023-05-16T02:54:58.916+0000] {logging_mixin.py:149} INFO - [2023-05-16T02:54:58.916+0000] {dagbag.py:541} INFO - Filling up the DagBag from /home/airflow/.local/lib/python3.7/site-packages/airflow/example_dags/example_kubernetes_executor.py
[2023-05-16T02:55:00.996+0000] {processor.py:809} INFO - DAG(s) dict_keys(['example_kubernetes_executor']) retrieved from /home/airflow/.local/lib/python3.7/site-packages/airflow/example_dags/example_kubernetes_executor.py
[2023-05-16T02:55:01.110+0000] {logging_mixin.py:149} INFO - [2023-05-16T02:55:01.110+0000] {manager.py:504} INFO - Created Permission View: can read on DAG:example_kubernetes_executor
[2023-05-16T02:55:01.127+0000] {logging_mixin.py:149} INFO - [2023-05-16T02:55:01.127+0000] {manager.py:504} INFO - Created Permission View: can delete on DAG:example_kubernetes_executor
[2023-05-16T02:55:01.134+0000] {logging_mixin.py:149} INFO - [2023-05-16T02:55:01.134+0000] {manager.py:504} INFO - Created Permission View: can edit on DAG:example_kubernetes_executor
[2023-05-16T02:55:01.136+0000] {logging_mixin.py:149} INFO - [2023-05-16T02:55:01.136+0000] {dag.py:2726} INFO - Sync 1 DAGs
[2023-05-16T02:55:01.154+0000] {logging_mixin.py:149} INFO - [2023-05-16T02:55:01.153+0000] {dag.py:2747} INFO - Creating ORM DAG for example_kubernetes_executor
[2023-05-16T02:55:01.241+0000] {logging_mixin.py:149} INFO - [2023-05-16T02:55:01.241+0000] {dag.py:3490} INFO - Setting next_dagrun for example_kubernetes_executor to None, run_after=None
[2023-05-16T02:55:01.268+0000] {processor.py:178} INFO - Processing /home/airflow/.local/lib/python3.7/site-packages/airflow/example_dags/example_kubernetes_executor.py took 2.367 seconds
[2023-05-16T02:55:32.253+0000] {processor.py:156} INFO - Started process (PID=111) to work on /home/airflow/.local/lib/python3.7/site-packages/airflow/example_dags/example_kubernetes_executor.py
[2023-05-16T02:55:32.276+0000] {processor.py:799} INFO - Processing file /home/airflow/.local/lib/python3.7/site-packages/airflow/example_dags/example_kubernetes_executor.py for tasks to queue
[2023-05-16T02:55:32.287+0000] {logging_mixin.py:149} INFO - [2023-05-16T02:55:32.287+0000] {dagbag.py:541} INFO - Filling up the DagBag from /home/airflow/.local/lib/python3.7/site-packages/airflow/example_dags/example_kubernetes_executor.py
[2023-05-16T02:55:32.819+0000] {processor.py:809} INFO - DAG(s) dict_keys(['example_kubernetes_executor']) retrieved from /home/airflow/.local/lib/python3.7/site-packages/airflow/example_dags/example_kubernetes_executor.py
[2023-05-16T02:55:32.933+0000] {logging_mixin.py:149} INFO - [2023-05-16T02:55:32.932+0000] {dag.py:2726} INFO - Sync 1 DAGs
[2023-05-16T02:55:32.981+0000] {logging_mixin.py:149} INFO - [2023-05-16T02:55:32.981+0000] {dag.py:3490} INFO - Setting next_dagrun for example_kubernetes_executor to None, run_after=None
[2023-05-16T02:55:33.026+0000] {processor.py:178} INFO - Processing /home/airflow/.local/lib/python3.7/site-packages/airflow/example_dags/example_kubernetes_executor.py took 0.812 seconds
[2023-05-16T02:56:03.839+0000] {processor.py:156} INFO - Started process (PID=168) to work on /home/airflow/.local/lib/python3.7/site-packages/airflow/example_dags/example_kubernetes_executor.py
[2023-05-16T02:56:03.841+0000] {processor.py:799} INFO - Processing file /home/airflow/.local/lib/python3.7/site-packages/airflow/example_dags/example_kubernetes_executor.py for tasks to queue
[2023-05-16T02:56:03.845+0000] {logging_mixin.py:149} INFO - [2023-05-16T02:56:03.845+0000] {dagbag.py:541} INFO - Filling up the DagBag from /home/airflow/.local/lib/python3.7/site-packages/airflow/example_dags/example_kubernetes_executor.py
[2023-05-16T02:56:04.050+0000] {processor.py:809} INFO - DAG(s) dict_keys(['example_kubernetes_executor']) retrieved from /home/airflow/.local/lib/python3.7/site-packages/airflow/example_dags/example_kubernetes_executor.py
[2023-05-16T02:56:04.092+0000] {logging_mixin.py:149} INFO - [2023-05-16T02:56:04.092+0000] {dag.py:2726} INFO - Sync 1 DAGs
[2023-05-16T02:56:04.112+0000] {logging_mixin.py:149} INFO - [2023-05-16T02:56:04.112+0000] {dag.py:3490} INFO - Setting next_dagrun for example_kubernetes_executor to None, run_after=None
[2023-05-16T02:56:04.126+0000] {processor.py:178} INFO - Processing /home/airflow/.local/lib/python3.7/site-packages/airflow/example_dags/example_kubernetes_executor.py took 0.292 seconds
[2023-05-16T02:56:34.480+0000] {processor.py:156} INFO - Started process (PID=224) to work on /home/airflow/.local/lib/python3.7/site-packages/airflow/example_dags/example_kubernetes_executor.py
[2023-05-16T02:56:34.481+0000] {processor.py:799} INFO - Processing file /home/airflow/.local/lib/python3.7/site-packages/airflow/example_dags/example_kubernetes_executor.py for tasks to queue
[2023-05-16T02:56:34.482+0000] {logging_mixin.py:149} INFO - [2023-05-16T02:56:34.482+0000] {dagbag.py:541} INFO - Filling up the DagBag from /home/airflow/.local/lib/python3.7/site-packages/airflow/example_dags/example_kubernetes_executor.py
[2023-05-16T02:56:34.597+0000] {processor.py:809} INFO - DAG(s) dict_keys(['example_kubernetes_executor']) retrieved from /home/airflow/.local/lib/python3.7/site-packages/airflow/example_dags/example_kubernetes_executor.py
[2023-05-16T02:56:34.624+0000] {logging_mixin.py:149} INFO - [2023-05-16T02:56:34.624+0000] {dag.py:2726} INFO - Sync 1 DAGs
[2023-05-16T02:56:34.643+0000] {logging_mixin.py:149} INFO - [2023-05-16T02:56:34.643+0000] {dag.py:3490} INFO - Setting next_dagrun for example_kubernetes_executor to None, run_after=None
[2023-05-16T02:56:34.655+0000] {processor.py:178} INFO - Processing /home/airflow/.local/lib/python3.7/site-packages/airflow/example_dags/example_kubernetes_executor.py took 0.178 seconds
[2023-05-16T02:57:04.936+0000] {processor.py:156} INFO - Started process (PID=280) to work on /home/airflow/.local/lib/python3.7/site-packages/airflow/example_dags/example_kubernetes_executor.py
[2023-05-16T02:57:04.939+0000] {processor.py:799} INFO - Processing file /home/airflow/.local/lib/python3.7/site-packages/airflow/example_dags/example_kubernetes_executor.py for tasks to queue
[2023-05-16T02:57:04.941+0000] {logging_mixin.py:149} INFO - [2023-05-16T02:57:04.940+0000] {dagbag.py:541} INFO - Filling up the DagBag from /home/airflow/.local/lib/python3.7/site-packages/airflow/example_dags/example_kubernetes_executor.py
[2023-05-16T02:57:05.063+0000] {processor.py:809} INFO - DAG(s) dict_keys(['example_kubernetes_executor']) retrieved from /home/airflow/.local/lib/python3.7/site-packages/airflow/example_dags/example_kubernetes_executor.py
[2023-05-16T02:57:05.095+0000] {logging_mixin.py:149} INFO - [2023-05-16T02:57:05.094+0000] {dag.py:2726} INFO - Sync 1 DAGs
[2023-05-16T02:57:05.110+0000] {logging_mixin.py:149} INFO - [2023-05-16T02:57:05.110+0000] {dag.py:3490} INFO - Setting next_dagrun for example_kubernetes_executor to None, run_after=None
[2023-05-16T02:57:05.122+0000] {processor.py:178} INFO - Processing /home/airflow/.local/lib/python3.7/site-packages/airflow/example_dags/example_kubernetes_executor.py took 0.192 seconds
[2023-05-16T03:07:31.789+0000] {processor.py:156} INFO - Started process (PID=55) to work on /home/airflow/.local/lib/python3.7/site-packages/airflow/example_dags/example_kubernetes_executor.py
[2023-05-16T03:07:31.795+0000] {processor.py:799} INFO - Processing file /home/airflow/.local/lib/python3.7/site-packages/airflow/example_dags/example_kubernetes_executor.py for tasks to queue
[2023-05-16T03:07:31.796+0000] {logging_mixin.py:149} INFO - [2023-05-16T03:07:31.796+0000] {dagbag.py:541} INFO - Filling up the DagBag from /home/airflow/.local/lib/python3.7/site-packages/airflow/example_dags/example_kubernetes_executor.py
[2023-05-16T03:07:32.790+0000] {processor.py:809} INFO - DAG(s) dict_keys(['example_kubernetes_executor']) retrieved from /home/airflow/.local/lib/python3.7/site-packages/airflow/example_dags/example_kubernetes_executor.py
[2023-05-16T03:07:32.820+0000] {logging_mixin.py:149} INFO - [2023-05-16T03:07:32.819+0000] {dag.py:2726} INFO - Sync 1 DAGs
[2023-05-16T03:07:32.878+0000] {logging_mixin.py:149} INFO - [2023-05-16T03:07:32.878+0000] {dag.py:3490} INFO - Setting next_dagrun for example_kubernetes_executor to None, run_after=None
[2023-05-16T03:07:32.895+0000] {processor.py:178} INFO - Processing /home/airflow/.local/lib/python3.7/site-packages/airflow/example_dags/example_kubernetes_executor.py took 1.111 seconds
[2023-05-16T03:08:03.790+0000] {processor.py:156} INFO - Started process (PID=113) to work on /home/airflow/.local/lib/python3.7/site-packages/airflow/example_dags/example_kubernetes_executor.py
[2023-05-16T03:08:03.792+0000] {processor.py:799} INFO - Processing file /home/airflow/.local/lib/python3.7/site-packages/airflow/example_dags/example_kubernetes_executor.py for tasks to queue
[2023-05-16T03:08:03.794+0000] {logging_mixin.py:149} INFO - [2023-05-16T03:08:03.794+0000] {dagbag.py:541} INFO - Filling up the DagBag from /home/airflow/.local/lib/python3.7/site-packages/airflow/example_dags/example_kubernetes_executor.py
[2023-05-16T03:08:03.927+0000] {processor.py:809} INFO - DAG(s) dict_keys(['example_kubernetes_executor']) retrieved from /home/airflow/.local/lib/python3.7/site-packages/airflow/example_dags/example_kubernetes_executor.py
[2023-05-16T03:08:03.958+0000] {logging_mixin.py:149} INFO - [2023-05-16T03:08:03.958+0000] {dag.py:2726} INFO - Sync 1 DAGs
[2023-05-16T03:08:03.972+0000] {logging_mixin.py:149} INFO - [2023-05-16T03:08:03.972+0000] {dag.py:3490} INFO - Setting next_dagrun for example_kubernetes_executor to None, run_after=None
[2023-05-16T03:08:03.982+0000] {processor.py:178} INFO - Processing /home/airflow/.local/lib/python3.7/site-packages/airflow/example_dags/example_kubernetes_executor.py took 0.198 seconds
[2023-05-16T03:08:34.255+0000] {processor.py:156} INFO - Started process (PID=169) to work on /home/airflow/.local/lib/python3.7/site-packages/airflow/example_dags/example_kubernetes_executor.py
[2023-05-16T03:08:34.258+0000] {processor.py:799} INFO - Processing file /home/airflow/.local/lib/python3.7/site-packages/airflow/example_dags/example_kubernetes_executor.py for tasks to queue
[2023-05-16T03:08:34.260+0000] {logging_mixin.py:149} INFO - [2023-05-16T03:08:34.260+0000] {dagbag.py:541} INFO - Filling up the DagBag from /home/airflow/.local/lib/python3.7/site-packages/airflow/example_dags/example_kubernetes_executor.py
[2023-05-16T03:08:34.385+0000] {processor.py:809} INFO - DAG(s) dict_keys(['example_kubernetes_executor']) retrieved from /home/airflow/.local/lib/python3.7/site-packages/airflow/example_dags/example_kubernetes_executor.py
[2023-05-16T03:08:34.412+0000] {logging_mixin.py:149} INFO - [2023-05-16T03:08:34.411+0000] {dag.py:2726} INFO - Sync 1 DAGs
[2023-05-16T03:08:34.426+0000] {logging_mixin.py:149} INFO - [2023-05-16T03:08:34.426+0000] {dag.py:3490} INFO - Setting next_dagrun for example_kubernetes_executor to None, run_after=None
[2023-05-16T03:08:34.438+0000] {processor.py:178} INFO - Processing /home/airflow/.local/lib/python3.7/site-packages/airflow/example_dags/example_kubernetes_executor.py took 0.190 seconds
[2023-05-16T03:09:04.724+0000] {processor.py:156} INFO - Started process (PID=225) to work on /home/airflow/.local/lib/python3.7/site-packages/airflow/example_dags/example_kubernetes_executor.py
[2023-05-16T03:09:04.726+0000] {processor.py:799} INFO - Processing file /home/airflow/.local/lib/python3.7/site-packages/airflow/example_dags/example_kubernetes_executor.py for tasks to queue
[2023-05-16T03:09:04.727+0000] {logging_mixin.py:149} INFO - [2023-05-16T03:09:04.727+0000] {dagbag.py:541} INFO - Filling up the DagBag from /home/airflow/.local/lib/python3.7/site-packages/airflow/example_dags/example_kubernetes_executor.py
[2023-05-16T03:09:04.864+0000] {processor.py:809} INFO - DAG(s) dict_keys(['example_kubernetes_executor']) retrieved from /home/airflow/.local/lib/python3.7/site-packages/airflow/example_dags/example_kubernetes_executor.py
[2023-05-16T03:09:04.895+0000] {logging_mixin.py:149} INFO - [2023-05-16T03:09:04.895+0000] {dag.py:2726} INFO - Sync 1 DAGs
[2023-05-16T03:09:04.911+0000] {logging_mixin.py:149} INFO - [2023-05-16T03:09:04.911+0000] {dag.py:3490} INFO - Setting next_dagrun for example_kubernetes_executor to None, run_after=None
[2023-05-16T03:09:04.923+0000] {processor.py:178} INFO - Processing /home/airflow/.local/lib/python3.7/site-packages/airflow/example_dags/example_kubernetes_executor.py took 0.203 seconds
[2023-05-16T03:09:35.225+0000] {processor.py:156} INFO - Started process (PID=281) to work on /home/airflow/.local/lib/python3.7/site-packages/airflow/example_dags/example_kubernetes_executor.py
[2023-05-16T03:09:35.228+0000] {processor.py:799} INFO - Processing file /home/airflow/.local/lib/python3.7/site-packages/airflow/example_dags/example_kubernetes_executor.py for tasks to queue
[2023-05-16T03:09:35.229+0000] {logging_mixin.py:149} INFO - [2023-05-16T03:09:35.229+0000] {dagbag.py:541} INFO - Filling up the DagBag from /home/airflow/.local/lib/python3.7/site-packages/airflow/example_dags/example_kubernetes_executor.py
[2023-05-16T03:09:35.375+0000] {processor.py:809} INFO - DAG(s) dict_keys(['example_kubernetes_executor']) retrieved from /home/airflow/.local/lib/python3.7/site-packages/airflow/example_dags/example_kubernetes_executor.py
[2023-05-16T03:09:35.405+0000] {logging_mixin.py:149} INFO - [2023-05-16T03:09:35.405+0000] {dag.py:2726} INFO - Sync 1 DAGs
[2023-05-16T03:09:35.421+0000] {logging_mixin.py:149} INFO - [2023-05-16T03:09:35.421+0000] {dag.py:3490} INFO - Setting next_dagrun for example_kubernetes_executor to None, run_after=None
[2023-05-16T03:09:35.434+0000] {processor.py:178} INFO - Processing /home/airflow/.local/lib/python3.7/site-packages/airflow/example_dags/example_kubernetes_executor.py took 0.215 seconds
[2023-05-16T03:10:05.769+0000] {processor.py:156} INFO - Started process (PID=337) to work on /home/airflow/.local/lib/python3.7/site-packages/airflow/example_dags/example_kubernetes_executor.py
[2023-05-16T03:10:05.771+0000] {processor.py:799} INFO - Processing file /home/airflow/.local/lib/python3.7/site-packages/airflow/example_dags/example_kubernetes_executor.py for tasks to queue
[2023-05-16T03:10:05.773+0000] {logging_mixin.py:149} INFO - [2023-05-16T03:10:05.773+0000] {dagbag.py:541} INFO - Filling up the DagBag from /home/airflow/.local/lib/python3.7/site-packages/airflow/example_dags/example_kubernetes_executor.py
[2023-05-16T03:10:05.906+0000] {processor.py:809} INFO - DAG(s) dict_keys(['example_kubernetes_executor']) retrieved from /home/airflow/.local/lib/python3.7/site-packages/airflow/example_dags/example_kubernetes_executor.py
[2023-05-16T03:10:05.934+0000] {logging_mixin.py:149} INFO - [2023-05-16T03:10:05.934+0000] {dag.py:2726} INFO - Sync 1 DAGs
[2023-05-16T03:10:05.952+0000] {logging_mixin.py:149} INFO - [2023-05-16T03:10:05.952+0000] {dag.py:3490} INFO - Setting next_dagrun for example_kubernetes_executor to None, run_after=None
[2023-05-16T03:10:05.965+0000] {processor.py:178} INFO - Processing /home/airflow/.local/lib/python3.7/site-packages/airflow/example_dags/example_kubernetes_executor.py took 0.201 seconds
[2023-05-16T03:10:36.345+0000] {processor.py:156} INFO - Started process (PID=393) to work on /home/airflow/.local/lib/python3.7/site-packages/airflow/example_dags/example_kubernetes_executor.py
[2023-05-16T03:10:36.347+0000] {processor.py:799} INFO - Processing file /home/airflow/.local/lib/python3.7/site-packages/airflow/example_dags/example_kubernetes_executor.py for tasks to queue
[2023-05-16T03:10:36.349+0000] {logging_mixin.py:149} INFO - [2023-05-16T03:10:36.348+0000] {dagbag.py:541} INFO - Filling up the DagBag from /home/airflow/.local/lib/python3.7/site-packages/airflow/example_dags/example_kubernetes_executor.py
[2023-05-16T03:10:36.478+0000] {processor.py:809} INFO - DAG(s) dict_keys(['example_kubernetes_executor']) retrieved from /home/airflow/.local/lib/python3.7/site-packages/airflow/example_dags/example_kubernetes_executor.py
[2023-05-16T03:10:36.507+0000] {logging_mixin.py:149} INFO - [2023-05-16T03:10:36.507+0000] {dag.py:2726} INFO - Sync 1 DAGs
[2023-05-16T03:10:36.523+0000] {logging_mixin.py:149} INFO - [2023-05-16T03:10:36.523+0000] {dag.py:3490} INFO - Setting next_dagrun for example_kubernetes_executor to None, run_after=None
[2023-05-16T03:10:36.546+0000] {processor.py:178} INFO - Processing /home/airflow/.local/lib/python3.7/site-packages/airflow/example_dags/example_kubernetes_executor.py took 0.205 seconds
