[2023-05-16T02:54:52.849+0000] {processor.py:156} INFO - Started process (PID=35) to work on /home/airflow/.local/lib/python3.7/site-packages/airflow/example_dags/example_branch_python_dop_operator_3.py
[2023-05-16T02:54:52.851+0000] {processor.py:799} INFO - Processing file /home/airflow/.local/lib/python3.7/site-packages/airflow/example_dags/example_branch_python_dop_operator_3.py for tasks to queue
[2023-05-16T02:54:52.853+0000] {logging_mixin.py:149} INFO - [2023-05-16T02:54:52.852+0000] {dagbag.py:541} INFO - Filling up the DagBag from /home/airflow/.local/lib/python3.7/site-packages/airflow/example_dags/example_branch_python_dop_operator_3.py
[2023-05-16T02:54:52.862+0000] {processor.py:809} INFO - DAG(s) dict_keys(['example_branch_dop_operator_v3']) retrieved from /home/airflow/.local/lib/python3.7/site-packages/airflow/example_dags/example_branch_python_dop_operator_3.py
[2023-05-16T02:54:52.980+0000] {logging_mixin.py:149} INFO - [2023-05-16T02:54:52.980+0000] {manager.py:504} INFO - Created Permission View: can read on DAG:example_branch_dop_operator_v3
[2023-05-16T02:54:52.998+0000] {logging_mixin.py:149} INFO - [2023-05-16T02:54:52.998+0000] {manager.py:504} INFO - Created Permission View: can delete on DAG:example_branch_dop_operator_v3
[2023-05-16T02:54:53.011+0000] {logging_mixin.py:149} INFO - [2023-05-16T02:54:53.011+0000] {manager.py:504} INFO - Created Permission View: can edit on DAG:example_branch_dop_operator_v3
[2023-05-16T02:54:53.012+0000] {logging_mixin.py:149} INFO - [2023-05-16T02:54:53.012+0000] {dag.py:2726} INFO - Sync 1 DAGs
[2023-05-16T02:54:53.024+0000] {logging_mixin.py:149} INFO - [2023-05-16T02:54:53.024+0000] {dag.py:2747} INFO - Creating ORM DAG for example_branch_dop_operator_v3
[2023-05-16T02:54:53.036+0000] {logging_mixin.py:149} INFO - [2023-05-16T02:54:53.036+0000] {dag.py:3490} INFO - Setting next_dagrun for example_branch_dop_operator_v3 to 2023-05-16T02:53:00+00:00, run_after=2023-05-16T02:54:00+00:00
[2023-05-16T02:54:53.050+0000] {processor.py:178} INFO - Processing /home/airflow/.local/lib/python3.7/site-packages/airflow/example_dags/example_branch_python_dop_operator_3.py took 0.204 seconds
[2023-05-16T02:55:23.319+0000] {processor.py:156} INFO - Started process (PID=91) to work on /home/airflow/.local/lib/python3.7/site-packages/airflow/example_dags/example_branch_python_dop_operator_3.py
[2023-05-16T02:55:23.323+0000] {processor.py:799} INFO - Processing file /home/airflow/.local/lib/python3.7/site-packages/airflow/example_dags/example_branch_python_dop_operator_3.py for tasks to queue
[2023-05-16T02:55:23.326+0000] {logging_mixin.py:149} INFO - [2023-05-16T02:55:23.326+0000] {dagbag.py:541} INFO - Filling up the DagBag from /home/airflow/.local/lib/python3.7/site-packages/airflow/example_dags/example_branch_python_dop_operator_3.py
[2023-05-16T02:55:23.337+0000] {processor.py:809} INFO - DAG(s) dict_keys(['example_branch_dop_operator_v3']) retrieved from /home/airflow/.local/lib/python3.7/site-packages/airflow/example_dags/example_branch_python_dop_operator_3.py
[2023-05-16T02:55:23.393+0000] {logging_mixin.py:149} INFO - [2023-05-16T02:55:23.392+0000] {dag.py:2726} INFO - Sync 1 DAGs
[2023-05-16T02:55:23.433+0000] {logging_mixin.py:149} INFO - [2023-05-16T02:55:23.433+0000] {dag.py:3490} INFO - Setting next_dagrun for example_branch_dop_operator_v3 to 2023-05-16T02:54:00+00:00, run_after=2023-05-16T02:55:00+00:00
[2023-05-16T02:55:23.464+0000] {processor.py:178} INFO - Processing /home/airflow/.local/lib/python3.7/site-packages/airflow/example_dags/example_branch_python_dop_operator_3.py took 0.153 seconds
[2023-05-16T02:55:53.987+0000] {processor.py:156} INFO - Started process (PID=147) to work on /home/airflow/.local/lib/python3.7/site-packages/airflow/example_dags/example_branch_python_dop_operator_3.py
[2023-05-16T02:55:53.997+0000] {processor.py:799} INFO - Processing file /home/airflow/.local/lib/python3.7/site-packages/airflow/example_dags/example_branch_python_dop_operator_3.py for tasks to queue
[2023-05-16T02:55:54.003+0000] {logging_mixin.py:149} INFO - [2023-05-16T02:55:54.003+0000] {dagbag.py:541} INFO - Filling up the DagBag from /home/airflow/.local/lib/python3.7/site-packages/airflow/example_dags/example_branch_python_dop_operator_3.py
[2023-05-16T02:55:54.046+0000] {processor.py:809} INFO - DAG(s) dict_keys(['example_branch_dop_operator_v3']) retrieved from /home/airflow/.local/lib/python3.7/site-packages/airflow/example_dags/example_branch_python_dop_operator_3.py
[2023-05-16T02:55:54.083+0000] {logging_mixin.py:149} INFO - [2023-05-16T02:55:54.083+0000] {dag.py:2726} INFO - Sync 1 DAGs
[2023-05-16T02:55:54.111+0000] {logging_mixin.py:149} INFO - [2023-05-16T02:55:54.111+0000] {dag.py:3490} INFO - Setting next_dagrun for example_branch_dop_operator_v3 to 2023-05-16T02:54:00+00:00, run_after=2023-05-16T02:55:00+00:00
[2023-05-16T02:55:54.208+0000] {processor.py:178} INFO - Processing /home/airflow/.local/lib/python3.7/site-packages/airflow/example_dags/example_branch_python_dop_operator_3.py took 0.225 seconds
[2023-05-16T02:56:24.291+0000] {processor.py:156} INFO - Started process (PID=203) to work on /home/airflow/.local/lib/python3.7/site-packages/airflow/example_dags/example_branch_python_dop_operator_3.py
[2023-05-16T02:56:24.293+0000] {processor.py:799} INFO - Processing file /home/airflow/.local/lib/python3.7/site-packages/airflow/example_dags/example_branch_python_dop_operator_3.py for tasks to queue
[2023-05-16T02:56:24.293+0000] {logging_mixin.py:149} INFO - [2023-05-16T02:56:24.293+0000] {dagbag.py:541} INFO - Filling up the DagBag from /home/airflow/.local/lib/python3.7/site-packages/airflow/example_dags/example_branch_python_dop_operator_3.py
[2023-05-16T02:56:24.300+0000] {processor.py:809} INFO - DAG(s) dict_keys(['example_branch_dop_operator_v3']) retrieved from /home/airflow/.local/lib/python3.7/site-packages/airflow/example_dags/example_branch_python_dop_operator_3.py
[2023-05-16T02:56:24.322+0000] {logging_mixin.py:149} INFO - [2023-05-16T02:56:24.321+0000] {dag.py:2726} INFO - Sync 1 DAGs
[2023-05-16T02:56:24.340+0000] {logging_mixin.py:149} INFO - [2023-05-16T02:56:24.340+0000] {dag.py:3490} INFO - Setting next_dagrun for example_branch_dop_operator_v3 to 2023-05-16T02:55:00+00:00, run_after=2023-05-16T02:56:00+00:00
[2023-05-16T02:56:24.352+0000] {processor.py:178} INFO - Processing /home/airflow/.local/lib/python3.7/site-packages/airflow/example_dags/example_branch_python_dop_operator_3.py took 0.064 seconds
[2023-05-16T02:56:54.785+0000] {processor.py:156} INFO - Started process (PID=259) to work on /home/airflow/.local/lib/python3.7/site-packages/airflow/example_dags/example_branch_python_dop_operator_3.py
[2023-05-16T02:56:54.787+0000] {processor.py:799} INFO - Processing file /home/airflow/.local/lib/python3.7/site-packages/airflow/example_dags/example_branch_python_dop_operator_3.py for tasks to queue
[2023-05-16T02:56:54.788+0000] {logging_mixin.py:149} INFO - [2023-05-16T02:56:54.788+0000] {dagbag.py:541} INFO - Filling up the DagBag from /home/airflow/.local/lib/python3.7/site-packages/airflow/example_dags/example_branch_python_dop_operator_3.py
[2023-05-16T02:56:54.795+0000] {processor.py:809} INFO - DAG(s) dict_keys(['example_branch_dop_operator_v3']) retrieved from /home/airflow/.local/lib/python3.7/site-packages/airflow/example_dags/example_branch_python_dop_operator_3.py
[2023-05-16T02:56:54.817+0000] {logging_mixin.py:149} INFO - [2023-05-16T02:56:54.817+0000] {dag.py:2726} INFO - Sync 1 DAGs
[2023-05-16T02:56:54.837+0000] {logging_mixin.py:149} INFO - [2023-05-16T02:56:54.837+0000] {dag.py:3490} INFO - Setting next_dagrun for example_branch_dop_operator_v3 to 2023-05-16T02:55:00+00:00, run_after=2023-05-16T02:56:00+00:00
[2023-05-16T02:56:54.850+0000] {processor.py:178} INFO - Processing /home/airflow/.local/lib/python3.7/site-packages/airflow/example_dags/example_branch_python_dop_operator_3.py took 0.068 seconds
[2023-05-16T02:57:25.291+0000] {processor.py:156} INFO - Started process (PID=315) to work on /home/airflow/.local/lib/python3.7/site-packages/airflow/example_dags/example_branch_python_dop_operator_3.py
[2023-05-16T02:57:25.293+0000] {processor.py:799} INFO - Processing file /home/airflow/.local/lib/python3.7/site-packages/airflow/example_dags/example_branch_python_dop_operator_3.py for tasks to queue
[2023-05-16T02:57:25.294+0000] {logging_mixin.py:149} INFO - [2023-05-16T02:57:25.294+0000] {dagbag.py:541} INFO - Filling up the DagBag from /home/airflow/.local/lib/python3.7/site-packages/airflow/example_dags/example_branch_python_dop_operator_3.py
[2023-05-16T02:57:25.300+0000] {processor.py:809} INFO - DAG(s) dict_keys(['example_branch_dop_operator_v3']) retrieved from /home/airflow/.local/lib/python3.7/site-packages/airflow/example_dags/example_branch_python_dop_operator_3.py
[2023-05-16T02:57:25.322+0000] {logging_mixin.py:149} INFO - [2023-05-16T02:57:25.322+0000] {dag.py:2726} INFO - Sync 1 DAGs
[2023-05-16T02:57:25.341+0000] {logging_mixin.py:149} INFO - [2023-05-16T02:57:25.341+0000] {dag.py:3490} INFO - Setting next_dagrun for example_branch_dop_operator_v3 to 2023-05-16T02:56:00+00:00, run_after=2023-05-16T02:57:00+00:00
[2023-05-16T02:57:25.353+0000] {processor.py:178} INFO - Processing /home/airflow/.local/lib/python3.7/site-packages/airflow/example_dags/example_branch_python_dop_operator_3.py took 0.064 seconds
[2023-05-16T03:07:30.473+0000] {processor.py:156} INFO - Started process (PID=37) to work on /home/airflow/.local/lib/python3.7/site-packages/airflow/example_dags/example_branch_python_dop_operator_3.py
[2023-05-16T03:07:30.475+0000] {processor.py:799} INFO - Processing file /home/airflow/.local/lib/python3.7/site-packages/airflow/example_dags/example_branch_python_dop_operator_3.py for tasks to queue
[2023-05-16T03:07:30.476+0000] {logging_mixin.py:149} INFO - [2023-05-16T03:07:30.476+0000] {dagbag.py:541} INFO - Filling up the DagBag from /home/airflow/.local/lib/python3.7/site-packages/airflow/example_dags/example_branch_python_dop_operator_3.py
[2023-05-16T03:07:30.485+0000] {processor.py:809} INFO - DAG(s) dict_keys(['example_branch_dop_operator_v3']) retrieved from /home/airflow/.local/lib/python3.7/site-packages/airflow/example_dags/example_branch_python_dop_operator_3.py
[2023-05-16T03:07:30.508+0000] {logging_mixin.py:149} INFO - [2023-05-16T03:07:30.507+0000] {dag.py:2726} INFO - Sync 1 DAGs
[2023-05-16T03:07:30.539+0000] {logging_mixin.py:149} INFO - [2023-05-16T03:07:30.539+0000] {dag.py:3490} INFO - Setting next_dagrun for example_branch_dop_operator_v3 to 2023-05-16T03:06:00+00:00, run_after=2023-05-16T03:07:00+00:00
[2023-05-16T03:07:30.565+0000] {processor.py:178} INFO - Processing /home/airflow/.local/lib/python3.7/site-packages/airflow/example_dags/example_branch_python_dop_operator_3.py took 0.095 seconds
[2023-05-16T03:08:00.752+0000] {processor.py:156} INFO - Started process (PID=92) to work on /home/airflow/.local/lib/python3.7/site-packages/airflow/example_dags/example_branch_python_dop_operator_3.py
[2023-05-16T03:08:00.753+0000] {processor.py:799} INFO - Processing file /home/airflow/.local/lib/python3.7/site-packages/airflow/example_dags/example_branch_python_dop_operator_3.py for tasks to queue
[2023-05-16T03:08:00.754+0000] {logging_mixin.py:149} INFO - [2023-05-16T03:08:00.754+0000] {dagbag.py:541} INFO - Filling up the DagBag from /home/airflow/.local/lib/python3.7/site-packages/airflow/example_dags/example_branch_python_dop_operator_3.py
[2023-05-16T03:08:00.760+0000] {processor.py:809} INFO - DAG(s) dict_keys(['example_branch_dop_operator_v3']) retrieved from /home/airflow/.local/lib/python3.7/site-packages/airflow/example_dags/example_branch_python_dop_operator_3.py
[2023-05-16T03:08:00.781+0000] {logging_mixin.py:149} INFO - [2023-05-16T03:08:00.781+0000] {dag.py:2726} INFO - Sync 1 DAGs
[2023-05-16T03:08:00.800+0000] {logging_mixin.py:149} INFO - [2023-05-16T03:08:00.800+0000] {dag.py:3490} INFO - Setting next_dagrun for example_branch_dop_operator_v3 to 2023-05-16T03:07:00+00:00, run_after=2023-05-16T03:08:00+00:00
[2023-05-16T03:08:00.812+0000] {processor.py:178} INFO - Processing /home/airflow/.local/lib/python3.7/site-packages/airflow/example_dags/example_branch_python_dop_operator_3.py took 0.063 seconds
[2023-05-16T03:08:31.239+0000] {processor.py:156} INFO - Started process (PID=148) to work on /home/airflow/.local/lib/python3.7/site-packages/airflow/example_dags/example_branch_python_dop_operator_3.py
[2023-05-16T03:08:31.240+0000] {processor.py:799} INFO - Processing file /home/airflow/.local/lib/python3.7/site-packages/airflow/example_dags/example_branch_python_dop_operator_3.py for tasks to queue
[2023-05-16T03:08:31.241+0000] {logging_mixin.py:149} INFO - [2023-05-16T03:08:31.241+0000] {dagbag.py:541} INFO - Filling up the DagBag from /home/airflow/.local/lib/python3.7/site-packages/airflow/example_dags/example_branch_python_dop_operator_3.py
[2023-05-16T03:08:31.247+0000] {processor.py:809} INFO - DAG(s) dict_keys(['example_branch_dop_operator_v3']) retrieved from /home/airflow/.local/lib/python3.7/site-packages/airflow/example_dags/example_branch_python_dop_operator_3.py
[2023-05-16T03:08:31.269+0000] {logging_mixin.py:149} INFO - [2023-05-16T03:08:31.269+0000] {dag.py:2726} INFO - Sync 1 DAGs
[2023-05-16T03:08:31.288+0000] {logging_mixin.py:149} INFO - [2023-05-16T03:08:31.288+0000] {dag.py:3490} INFO - Setting next_dagrun for example_branch_dop_operator_v3 to 2023-05-16T03:07:00+00:00, run_after=2023-05-16T03:08:00+00:00
[2023-05-16T03:08:31.300+0000] {processor.py:178} INFO - Processing /home/airflow/.local/lib/python3.7/site-packages/airflow/example_dags/example_branch_python_dop_operator_3.py took 0.064 seconds
[2023-05-16T03:09:01.724+0000] {processor.py:156} INFO - Started process (PID=204) to work on /home/airflow/.local/lib/python3.7/site-packages/airflow/example_dags/example_branch_python_dop_operator_3.py
[2023-05-16T03:09:01.725+0000] {processor.py:799} INFO - Processing file /home/airflow/.local/lib/python3.7/site-packages/airflow/example_dags/example_branch_python_dop_operator_3.py for tasks to queue
[2023-05-16T03:09:01.726+0000] {logging_mixin.py:149} INFO - [2023-05-16T03:09:01.726+0000] {dagbag.py:541} INFO - Filling up the DagBag from /home/airflow/.local/lib/python3.7/site-packages/airflow/example_dags/example_branch_python_dop_operator_3.py
[2023-05-16T03:09:01.732+0000] {processor.py:809} INFO - DAG(s) dict_keys(['example_branch_dop_operator_v3']) retrieved from /home/airflow/.local/lib/python3.7/site-packages/airflow/example_dags/example_branch_python_dop_operator_3.py
[2023-05-16T03:09:01.755+0000] {logging_mixin.py:149} INFO - [2023-05-16T03:09:01.755+0000] {dag.py:2726} INFO - Sync 1 DAGs
[2023-05-16T03:09:01.774+0000] {logging_mixin.py:149} INFO - [2023-05-16T03:09:01.774+0000] {dag.py:3490} INFO - Setting next_dagrun for example_branch_dop_operator_v3 to 2023-05-16T03:08:00+00:00, run_after=2023-05-16T03:09:00+00:00
[2023-05-16T03:09:01.786+0000] {processor.py:178} INFO - Processing /home/airflow/.local/lib/python3.7/site-packages/airflow/example_dags/example_branch_python_dop_operator_3.py took 0.065 seconds
[2023-05-16T03:09:32.189+0000] {processor.py:156} INFO - Started process (PID=260) to work on /home/airflow/.local/lib/python3.7/site-packages/airflow/example_dags/example_branch_python_dop_operator_3.py
[2023-05-16T03:09:32.191+0000] {processor.py:799} INFO - Processing file /home/airflow/.local/lib/python3.7/site-packages/airflow/example_dags/example_branch_python_dop_operator_3.py for tasks to queue
[2023-05-16T03:09:32.191+0000] {logging_mixin.py:149} INFO - [2023-05-16T03:09:32.191+0000] {dagbag.py:541} INFO - Filling up the DagBag from /home/airflow/.local/lib/python3.7/site-packages/airflow/example_dags/example_branch_python_dop_operator_3.py
[2023-05-16T03:09:32.198+0000] {processor.py:809} INFO - DAG(s) dict_keys(['example_branch_dop_operator_v3']) retrieved from /home/airflow/.local/lib/python3.7/site-packages/airflow/example_dags/example_branch_python_dop_operator_3.py
[2023-05-16T03:09:32.220+0000] {logging_mixin.py:149} INFO - [2023-05-16T03:09:32.219+0000] {dag.py:2726} INFO - Sync 1 DAGs
[2023-05-16T03:09:32.240+0000] {logging_mixin.py:149} INFO - [2023-05-16T03:09:32.240+0000] {dag.py:3490} INFO - Setting next_dagrun for example_branch_dop_operator_v3 to 2023-05-16T03:08:00+00:00, run_after=2023-05-16T03:09:00+00:00
[2023-05-16T03:09:32.252+0000] {processor.py:178} INFO - Processing /home/airflow/.local/lib/python3.7/site-packages/airflow/example_dags/example_branch_python_dop_operator_3.py took 0.066 seconds
[2023-05-16T03:10:02.725+0000] {processor.py:156} INFO - Started process (PID=316) to work on /home/airflow/.local/lib/python3.7/site-packages/airflow/example_dags/example_branch_python_dop_operator_3.py
[2023-05-16T03:10:02.726+0000] {processor.py:799} INFO - Processing file /home/airflow/.local/lib/python3.7/site-packages/airflow/example_dags/example_branch_python_dop_operator_3.py for tasks to queue
[2023-05-16T03:10:02.727+0000] {logging_mixin.py:149} INFO - [2023-05-16T03:10:02.727+0000] {dagbag.py:541} INFO - Filling up the DagBag from /home/airflow/.local/lib/python3.7/site-packages/airflow/example_dags/example_branch_python_dop_operator_3.py
[2023-05-16T03:10:02.734+0000] {processor.py:809} INFO - DAG(s) dict_keys(['example_branch_dop_operator_v3']) retrieved from /home/airflow/.local/lib/python3.7/site-packages/airflow/example_dags/example_branch_python_dop_operator_3.py
[2023-05-16T03:10:02.758+0000] {logging_mixin.py:149} INFO - [2023-05-16T03:10:02.758+0000] {dag.py:2726} INFO - Sync 1 DAGs
[2023-05-16T03:10:02.779+0000] {logging_mixin.py:149} INFO - [2023-05-16T03:10:02.779+0000] {dag.py:3490} INFO - Setting next_dagrun for example_branch_dop_operator_v3 to 2023-05-16T03:09:00+00:00, run_after=2023-05-16T03:10:00+00:00
[2023-05-16T03:10:02.793+0000] {processor.py:178} INFO - Processing /home/airflow/.local/lib/python3.7/site-packages/airflow/example_dags/example_branch_python_dop_operator_3.py took 0.071 seconds
[2023-05-16T03:10:33.358+0000] {processor.py:156} INFO - Started process (PID=372) to work on /home/airflow/.local/lib/python3.7/site-packages/airflow/example_dags/example_branch_python_dop_operator_3.py
[2023-05-16T03:10:33.359+0000] {processor.py:799} INFO - Processing file /home/airflow/.local/lib/python3.7/site-packages/airflow/example_dags/example_branch_python_dop_operator_3.py for tasks to queue
[2023-05-16T03:10:33.360+0000] {logging_mixin.py:149} INFO - [2023-05-16T03:10:33.360+0000] {dagbag.py:541} INFO - Filling up the DagBag from /home/airflow/.local/lib/python3.7/site-packages/airflow/example_dags/example_branch_python_dop_operator_3.py
[2023-05-16T03:10:33.366+0000] {processor.py:809} INFO - DAG(s) dict_keys(['example_branch_dop_operator_v3']) retrieved from /home/airflow/.local/lib/python3.7/site-packages/airflow/example_dags/example_branch_python_dop_operator_3.py
[2023-05-16T03:10:33.388+0000] {logging_mixin.py:149} INFO - [2023-05-16T03:10:33.388+0000] {dag.py:2726} INFO - Sync 1 DAGs
[2023-05-16T03:10:33.407+0000] {logging_mixin.py:149} INFO - [2023-05-16T03:10:33.407+0000] {dag.py:3490} INFO - Setting next_dagrun for example_branch_dop_operator_v3 to 2023-05-16T03:09:00+00:00, run_after=2023-05-16T03:10:00+00:00
[2023-05-16T03:10:33.419+0000] {processor.py:178} INFO - Processing /home/airflow/.local/lib/python3.7/site-packages/airflow/example_dags/example_branch_python_dop_operator_3.py took 0.064 seconds
