[2023-05-16T02:54:58.052+0000] {processor.py:156} INFO - Started process (PID=50) to work on /home/airflow/.local/lib/python3.7/site-packages/airflow/example_dags/example_trigger_target_dag.py
[2023-05-16T02:54:58.055+0000] {processor.py:799} INFO - Processing file /home/airflow/.local/lib/python3.7/site-packages/airflow/example_dags/example_trigger_target_dag.py for tasks to queue
[2023-05-16T02:54:58.058+0000] {logging_mixin.py:149} INFO - [2023-05-16T02:54:58.057+0000] {dagbag.py:541} INFO - Filling up the DagBag from /home/airflow/.local/lib/python3.7/site-packages/airflow/example_dags/example_trigger_target_dag.py
[2023-05-16T02:54:58.082+0000] {processor.py:809} INFO - DAG(s) dict_keys(['example_trigger_target_dag']) retrieved from /home/airflow/.local/lib/python3.7/site-packages/airflow/example_dags/example_trigger_target_dag.py
[2023-05-16T02:54:58.629+0000] {logging_mixin.py:149} INFO - [2023-05-16T02:54:58.629+0000] {manager.py:504} INFO - Created Permission View: can read on DAG:example_trigger_target_dag
[2023-05-16T02:54:58.663+0000] {logging_mixin.py:149} INFO - [2023-05-16T02:54:58.663+0000] {manager.py:504} INFO - Created Permission View: can delete on DAG:example_trigger_target_dag
[2023-05-16T02:54:58.701+0000] {logging_mixin.py:149} INFO - [2023-05-16T02:54:58.701+0000] {manager.py:504} INFO - Created Permission View: can edit on DAG:example_trigger_target_dag
[2023-05-16T02:54:58.704+0000] {logging_mixin.py:149} INFO - [2023-05-16T02:54:58.704+0000] {dag.py:2726} INFO - Sync 1 DAGs
[2023-05-16T02:54:58.734+0000] {logging_mixin.py:149} INFO - [2023-05-16T02:54:58.734+0000] {dag.py:2747} INFO - Creating ORM DAG for example_trigger_target_dag
[2023-05-16T02:54:58.753+0000] {logging_mixin.py:149} INFO - [2023-05-16T02:54:58.753+0000] {dag.py:3490} INFO - Setting next_dagrun for example_trigger_target_dag to None, run_after=None
[2023-05-16T02:54:58.782+0000] {processor.py:178} INFO - Processing /home/airflow/.local/lib/python3.7/site-packages/airflow/example_dags/example_trigger_target_dag.py took 0.741 seconds
[2023-05-16T02:55:29.680+0000] {processor.py:156} INFO - Started process (PID=106) to work on /home/airflow/.local/lib/python3.7/site-packages/airflow/example_dags/example_trigger_target_dag.py
[2023-05-16T02:55:29.686+0000] {processor.py:799} INFO - Processing file /home/airflow/.local/lib/python3.7/site-packages/airflow/example_dags/example_trigger_target_dag.py for tasks to queue
[2023-05-16T02:55:29.693+0000] {logging_mixin.py:149} INFO - [2023-05-16T02:55:29.692+0000] {dagbag.py:541} INFO - Filling up the DagBag from /home/airflow/.local/lib/python3.7/site-packages/airflow/example_dags/example_trigger_target_dag.py
[2023-05-16T02:55:29.702+0000] {processor.py:809} INFO - DAG(s) dict_keys(['example_trigger_target_dag']) retrieved from /home/airflow/.local/lib/python3.7/site-packages/airflow/example_dags/example_trigger_target_dag.py
[2023-05-16T02:55:29.740+0000] {logging_mixin.py:149} INFO - [2023-05-16T02:55:29.740+0000] {dag.py:2726} INFO - Sync 1 DAGs
[2023-05-16T02:55:29.765+0000] {logging_mixin.py:149} INFO - [2023-05-16T02:55:29.765+0000] {dag.py:3490} INFO - Setting next_dagrun for example_trigger_target_dag to None, run_after=None
[2023-05-16T02:55:29.795+0000] {processor.py:178} INFO - Processing /home/airflow/.local/lib/python3.7/site-packages/airflow/example_dags/example_trigger_target_dag.py took 0.119 seconds
[2023-05-16T02:56:00.474+0000] {processor.py:156} INFO - Started process (PID=162) to work on /home/airflow/.local/lib/python3.7/site-packages/airflow/example_dags/example_trigger_target_dag.py
[2023-05-16T02:56:00.476+0000] {processor.py:799} INFO - Processing file /home/airflow/.local/lib/python3.7/site-packages/airflow/example_dags/example_trigger_target_dag.py for tasks to queue
[2023-05-16T02:56:00.477+0000] {logging_mixin.py:149} INFO - [2023-05-16T02:56:00.477+0000] {dagbag.py:541} INFO - Filling up the DagBag from /home/airflow/.local/lib/python3.7/site-packages/airflow/example_dags/example_trigger_target_dag.py
[2023-05-16T02:56:00.485+0000] {processor.py:809} INFO - DAG(s) dict_keys(['example_trigger_target_dag']) retrieved from /home/airflow/.local/lib/python3.7/site-packages/airflow/example_dags/example_trigger_target_dag.py
[2023-05-16T02:56:00.521+0000] {logging_mixin.py:149} INFO - [2023-05-16T02:56:00.521+0000] {dag.py:2726} INFO - Sync 1 DAGs
[2023-05-16T02:56:00.549+0000] {logging_mixin.py:149} INFO - [2023-05-16T02:56:00.549+0000] {dag.py:3490} INFO - Setting next_dagrun for example_trigger_target_dag to None, run_after=None
[2023-05-16T02:56:00.568+0000] {processor.py:178} INFO - Processing /home/airflow/.local/lib/python3.7/site-packages/airflow/example_dags/example_trigger_target_dag.py took 0.098 seconds
[2023-05-16T02:56:31.200+0000] {processor.py:156} INFO - Started process (PID=218) to work on /home/airflow/.local/lib/python3.7/site-packages/airflow/example_dags/example_trigger_target_dag.py
[2023-05-16T02:56:31.202+0000] {processor.py:799} INFO - Processing file /home/airflow/.local/lib/python3.7/site-packages/airflow/example_dags/example_trigger_target_dag.py for tasks to queue
[2023-05-16T02:56:31.203+0000] {logging_mixin.py:149} INFO - [2023-05-16T02:56:31.203+0000] {dagbag.py:541} INFO - Filling up the DagBag from /home/airflow/.local/lib/python3.7/site-packages/airflow/example_dags/example_trigger_target_dag.py
[2023-05-16T02:56:31.211+0000] {processor.py:809} INFO - DAG(s) dict_keys(['example_trigger_target_dag']) retrieved from /home/airflow/.local/lib/python3.7/site-packages/airflow/example_dags/example_trigger_target_dag.py
[2023-05-16T02:56:31.237+0000] {logging_mixin.py:149} INFO - [2023-05-16T02:56:31.237+0000] {dag.py:2726} INFO - Sync 1 DAGs
[2023-05-16T02:56:31.254+0000] {logging_mixin.py:149} INFO - [2023-05-16T02:56:31.253+0000] {dag.py:3490} INFO - Setting next_dagrun for example_trigger_target_dag to None, run_after=None
[2023-05-16T02:56:31.267+0000] {processor.py:178} INFO - Processing /home/airflow/.local/lib/python3.7/site-packages/airflow/example_dags/example_trigger_target_dag.py took 0.074 seconds
[2023-05-16T02:57:01.615+0000] {processor.py:156} INFO - Started process (PID=274) to work on /home/airflow/.local/lib/python3.7/site-packages/airflow/example_dags/example_trigger_target_dag.py
[2023-05-16T02:57:01.617+0000] {processor.py:799} INFO - Processing file /home/airflow/.local/lib/python3.7/site-packages/airflow/example_dags/example_trigger_target_dag.py for tasks to queue
[2023-05-16T02:57:01.618+0000] {logging_mixin.py:149} INFO - [2023-05-16T02:57:01.618+0000] {dagbag.py:541} INFO - Filling up the DagBag from /home/airflow/.local/lib/python3.7/site-packages/airflow/example_dags/example_trigger_target_dag.py
[2023-05-16T02:57:01.623+0000] {processor.py:809} INFO - DAG(s) dict_keys(['example_trigger_target_dag']) retrieved from /home/airflow/.local/lib/python3.7/site-packages/airflow/example_dags/example_trigger_target_dag.py
[2023-05-16T02:57:01.648+0000] {logging_mixin.py:149} INFO - [2023-05-16T02:57:01.647+0000] {dag.py:2726} INFO - Sync 1 DAGs
[2023-05-16T02:57:01.666+0000] {logging_mixin.py:149} INFO - [2023-05-16T02:57:01.666+0000] {dag.py:3490} INFO - Setting next_dagrun for example_trigger_target_dag to None, run_after=None
[2023-05-16T02:57:01.680+0000] {processor.py:178} INFO - Processing /home/airflow/.local/lib/python3.7/site-packages/airflow/example_dags/example_trigger_target_dag.py took 0.068 seconds
[2023-05-16T03:07:31.562+0000] {processor.py:156} INFO - Started process (PID=52) to work on /home/airflow/.local/lib/python3.7/site-packages/airflow/example_dags/example_trigger_target_dag.py
[2023-05-16T03:07:31.568+0000] {processor.py:799} INFO - Processing file /home/airflow/.local/lib/python3.7/site-packages/airflow/example_dags/example_trigger_target_dag.py for tasks to queue
[2023-05-16T03:07:31.576+0000] {logging_mixin.py:149} INFO - [2023-05-16T03:07:31.576+0000] {dagbag.py:541} INFO - Filling up the DagBag from /home/airflow/.local/lib/python3.7/site-packages/airflow/example_dags/example_trigger_target_dag.py
[2023-05-16T03:07:31.586+0000] {processor.py:809} INFO - DAG(s) dict_keys(['example_trigger_target_dag']) retrieved from /home/airflow/.local/lib/python3.7/site-packages/airflow/example_dags/example_trigger_target_dag.py
[2023-05-16T03:07:31.607+0000] {logging_mixin.py:149} INFO - [2023-05-16T03:07:31.607+0000] {dag.py:2726} INFO - Sync 1 DAGs
[2023-05-16T03:07:31.669+0000] {logging_mixin.py:149} INFO - [2023-05-16T03:07:31.669+0000] {dag.py:3490} INFO - Setting next_dagrun for example_trigger_target_dag to None, run_after=None
[2023-05-16T03:07:31.714+0000] {processor.py:178} INFO - Processing /home/airflow/.local/lib/python3.7/site-packages/airflow/example_dags/example_trigger_target_dag.py took 0.155 seconds
[2023-05-16T03:08:02.493+0000] {processor.py:156} INFO - Started process (PID=107) to work on /home/airflow/.local/lib/python3.7/site-packages/airflow/example_dags/example_trigger_target_dag.py
[2023-05-16T03:08:02.494+0000] {processor.py:799} INFO - Processing file /home/airflow/.local/lib/python3.7/site-packages/airflow/example_dags/example_trigger_target_dag.py for tasks to queue
[2023-05-16T03:08:02.495+0000] {logging_mixin.py:149} INFO - [2023-05-16T03:08:02.495+0000] {dagbag.py:541} INFO - Filling up the DagBag from /home/airflow/.local/lib/python3.7/site-packages/airflow/example_dags/example_trigger_target_dag.py
[2023-05-16T03:08:02.500+0000] {processor.py:809} INFO - DAG(s) dict_keys(['example_trigger_target_dag']) retrieved from /home/airflow/.local/lib/python3.7/site-packages/airflow/example_dags/example_trigger_target_dag.py
[2023-05-16T03:08:02.521+0000] {logging_mixin.py:149} INFO - [2023-05-16T03:08:02.521+0000] {dag.py:2726} INFO - Sync 1 DAGs
[2023-05-16T03:08:02.536+0000] {logging_mixin.py:149} INFO - [2023-05-16T03:08:02.536+0000] {dag.py:3490} INFO - Setting next_dagrun for example_trigger_target_dag to None, run_after=None
[2023-05-16T03:08:02.547+0000] {processor.py:178} INFO - Processing /home/airflow/.local/lib/python3.7/site-packages/airflow/example_dags/example_trigger_target_dag.py took 0.058 seconds
[2023-05-16T03:08:32.954+0000] {processor.py:156} INFO - Started process (PID=163) to work on /home/airflow/.local/lib/python3.7/site-packages/airflow/example_dags/example_trigger_target_dag.py
[2023-05-16T03:08:32.955+0000] {processor.py:799} INFO - Processing file /home/airflow/.local/lib/python3.7/site-packages/airflow/example_dags/example_trigger_target_dag.py for tasks to queue
[2023-05-16T03:08:32.956+0000] {logging_mixin.py:149} INFO - [2023-05-16T03:08:32.956+0000] {dagbag.py:541} INFO - Filling up the DagBag from /home/airflow/.local/lib/python3.7/site-packages/airflow/example_dags/example_trigger_target_dag.py
[2023-05-16T03:08:32.961+0000] {processor.py:809} INFO - DAG(s) dict_keys(['example_trigger_target_dag']) retrieved from /home/airflow/.local/lib/python3.7/site-packages/airflow/example_dags/example_trigger_target_dag.py
[2023-05-16T03:08:32.982+0000] {logging_mixin.py:149} INFO - [2023-05-16T03:08:32.981+0000] {dag.py:2726} INFO - Sync 1 DAGs
[2023-05-16T03:08:32.997+0000] {logging_mixin.py:149} INFO - [2023-05-16T03:08:32.997+0000] {dag.py:3490} INFO - Setting next_dagrun for example_trigger_target_dag to None, run_after=None
[2023-05-16T03:08:33.009+0000] {processor.py:178} INFO - Processing /home/airflow/.local/lib/python3.7/site-packages/airflow/example_dags/example_trigger_target_dag.py took 0.059 seconds
[2023-05-16T03:09:03.435+0000] {processor.py:156} INFO - Started process (PID=219) to work on /home/airflow/.local/lib/python3.7/site-packages/airflow/example_dags/example_trigger_target_dag.py
[2023-05-16T03:09:03.437+0000] {processor.py:799} INFO - Processing file /home/airflow/.local/lib/python3.7/site-packages/airflow/example_dags/example_trigger_target_dag.py for tasks to queue
[2023-05-16T03:09:03.437+0000] {logging_mixin.py:149} INFO - [2023-05-16T03:09:03.437+0000] {dagbag.py:541} INFO - Filling up the DagBag from /home/airflow/.local/lib/python3.7/site-packages/airflow/example_dags/example_trigger_target_dag.py
[2023-05-16T03:09:03.443+0000] {processor.py:809} INFO - DAG(s) dict_keys(['example_trigger_target_dag']) retrieved from /home/airflow/.local/lib/python3.7/site-packages/airflow/example_dags/example_trigger_target_dag.py
[2023-05-16T03:09:03.467+0000] {logging_mixin.py:149} INFO - [2023-05-16T03:09:03.466+0000] {dag.py:2726} INFO - Sync 1 DAGs
[2023-05-16T03:09:03.483+0000] {logging_mixin.py:149} INFO - [2023-05-16T03:09:03.482+0000] {dag.py:3490} INFO - Setting next_dagrun for example_trigger_target_dag to None, run_after=None
[2023-05-16T03:09:03.494+0000] {processor.py:178} INFO - Processing /home/airflow/.local/lib/python3.7/site-packages/airflow/example_dags/example_trigger_target_dag.py took 0.062 seconds
[2023-05-16T03:09:33.852+0000] {processor.py:156} INFO - Started process (PID=275) to work on /home/airflow/.local/lib/python3.7/site-packages/airflow/example_dags/example_trigger_target_dag.py
[2023-05-16T03:09:33.854+0000] {processor.py:799} INFO - Processing file /home/airflow/.local/lib/python3.7/site-packages/airflow/example_dags/example_trigger_target_dag.py for tasks to queue
[2023-05-16T03:09:33.854+0000] {logging_mixin.py:149} INFO - [2023-05-16T03:09:33.854+0000] {dagbag.py:541} INFO - Filling up the DagBag from /home/airflow/.local/lib/python3.7/site-packages/airflow/example_dags/example_trigger_target_dag.py
[2023-05-16T03:09:33.859+0000] {processor.py:809} INFO - DAG(s) dict_keys(['example_trigger_target_dag']) retrieved from /home/airflow/.local/lib/python3.7/site-packages/airflow/example_dags/example_trigger_target_dag.py
[2023-05-16T03:09:33.881+0000] {logging_mixin.py:149} INFO - [2023-05-16T03:09:33.881+0000] {dag.py:2726} INFO - Sync 1 DAGs
[2023-05-16T03:09:33.897+0000] {logging_mixin.py:149} INFO - [2023-05-16T03:09:33.897+0000] {dag.py:3490} INFO - Setting next_dagrun for example_trigger_target_dag to None, run_after=None
[2023-05-16T03:09:33.909+0000] {processor.py:178} INFO - Processing /home/airflow/.local/lib/python3.7/site-packages/airflow/example_dags/example_trigger_target_dag.py took 0.060 seconds
[2023-05-16T03:10:04.478+0000] {processor.py:156} INFO - Started process (PID=331) to work on /home/airflow/.local/lib/python3.7/site-packages/airflow/example_dags/example_trigger_target_dag.py
[2023-05-16T03:10:04.480+0000] {processor.py:799} INFO - Processing file /home/airflow/.local/lib/python3.7/site-packages/airflow/example_dags/example_trigger_target_dag.py for tasks to queue
[2023-05-16T03:10:04.481+0000] {logging_mixin.py:149} INFO - [2023-05-16T03:10:04.481+0000] {dagbag.py:541} INFO - Filling up the DagBag from /home/airflow/.local/lib/python3.7/site-packages/airflow/example_dags/example_trigger_target_dag.py
[2023-05-16T03:10:04.486+0000] {processor.py:809} INFO - DAG(s) dict_keys(['example_trigger_target_dag']) retrieved from /home/airflow/.local/lib/python3.7/site-packages/airflow/example_dags/example_trigger_target_dag.py
[2023-05-16T03:10:04.506+0000] {logging_mixin.py:149} INFO - [2023-05-16T03:10:04.506+0000] {dag.py:2726} INFO - Sync 1 DAGs
[2023-05-16T03:10:04.522+0000] {logging_mixin.py:149} INFO - [2023-05-16T03:10:04.521+0000] {dag.py:3490} INFO - Setting next_dagrun for example_trigger_target_dag to None, run_after=None
[2023-05-16T03:10:04.535+0000] {processor.py:178} INFO - Processing /home/airflow/.local/lib/python3.7/site-packages/airflow/example_dags/example_trigger_target_dag.py took 0.059 seconds
[2023-05-16T03:10:34.995+0000] {processor.py:156} INFO - Started process (PID=387) to work on /home/airflow/.local/lib/python3.7/site-packages/airflow/example_dags/example_trigger_target_dag.py
[2023-05-16T03:10:34.996+0000] {processor.py:799} INFO - Processing file /home/airflow/.local/lib/python3.7/site-packages/airflow/example_dags/example_trigger_target_dag.py for tasks to queue
[2023-05-16T03:10:34.997+0000] {logging_mixin.py:149} INFO - [2023-05-16T03:10:34.997+0000] {dagbag.py:541} INFO - Filling up the DagBag from /home/airflow/.local/lib/python3.7/site-packages/airflow/example_dags/example_trigger_target_dag.py
[2023-05-16T03:10:35.002+0000] {processor.py:809} INFO - DAG(s) dict_keys(['example_trigger_target_dag']) retrieved from /home/airflow/.local/lib/python3.7/site-packages/airflow/example_dags/example_trigger_target_dag.py
[2023-05-16T03:10:35.022+0000] {logging_mixin.py:149} INFO - [2023-05-16T03:10:35.022+0000] {dag.py:2726} INFO - Sync 1 DAGs
[2023-05-16T03:10:35.037+0000] {logging_mixin.py:149} INFO - [2023-05-16T03:10:35.037+0000] {dag.py:3490} INFO - Setting next_dagrun for example_trigger_target_dag to None, run_after=None
[2023-05-16T03:10:35.048+0000] {processor.py:178} INFO - Processing /home/airflow/.local/lib/python3.7/site-packages/airflow/example_dags/example_trigger_target_dag.py took 0.056 seconds
