[2023-05-16T02:55:01.750+0000] {processor.py:156} INFO - Started process (PID=60) to work on /home/airflow/.local/lib/python3.7/site-packages/airflow/example_dags/example_params_trigger_ui.py
[2023-05-16T02:55:01.751+0000] {processor.py:799} INFO - Processing file /home/airflow/.local/lib/python3.7/site-packages/airflow/example_dags/example_params_trigger_ui.py for tasks to queue
[2023-05-16T02:55:01.752+0000] {logging_mixin.py:149} INFO - [2023-05-16T02:55:01.752+0000] {dagbag.py:541} INFO - Filling up the DagBag from /home/airflow/.local/lib/python3.7/site-packages/airflow/example_dags/example_params_trigger_ui.py
[2023-05-16T02:55:01.770+0000] {processor.py:809} INFO - DAG(s) dict_keys(['example_params_trigger_ui']) retrieved from /home/airflow/.local/lib/python3.7/site-packages/airflow/example_dags/example_params_trigger_ui.py
[2023-05-16T02:55:01.923+0000] {logging_mixin.py:149} INFO - [2023-05-16T02:55:01.923+0000] {manager.py:504} INFO - Created Permission View: can read on DAG:example_params_trigger_ui
[2023-05-16T02:55:01.930+0000] {logging_mixin.py:149} INFO - [2023-05-16T02:55:01.930+0000] {manager.py:504} INFO - Created Permission View: can delete on DAG:example_params_trigger_ui
[2023-05-16T02:55:01.934+0000] {logging_mixin.py:149} INFO - [2023-05-16T02:55:01.934+0000] {manager.py:504} INFO - Created Permission View: can edit on DAG:example_params_trigger_ui
[2023-05-16T02:55:01.935+0000] {logging_mixin.py:149} INFO - [2023-05-16T02:55:01.935+0000] {dag.py:2726} INFO - Sync 1 DAGs
[2023-05-16T02:55:01.946+0000] {logging_mixin.py:149} INFO - [2023-05-16T02:55:01.946+0000] {dag.py:2747} INFO - Creating ORM DAG for example_params_trigger_ui
[2023-05-16T02:55:01.969+0000] {logging_mixin.py:149} INFO - [2023-05-16T02:55:01.969+0000] {dag.py:3490} INFO - Setting next_dagrun for example_params_trigger_ui to None, run_after=None
[2023-05-16T02:55:01.998+0000] {processor.py:178} INFO - Processing /home/airflow/.local/lib/python3.7/site-packages/airflow/example_dags/example_params_trigger_ui.py took 0.251 seconds
[2023-05-16T02:55:33.423+0000] {processor.py:156} INFO - Started process (PID=116) to work on /home/airflow/.local/lib/python3.7/site-packages/airflow/example_dags/example_params_trigger_ui.py
[2023-05-16T02:55:33.432+0000] {processor.py:799} INFO - Processing file /home/airflow/.local/lib/python3.7/site-packages/airflow/example_dags/example_params_trigger_ui.py for tasks to queue
[2023-05-16T02:55:33.437+0000] {logging_mixin.py:149} INFO - [2023-05-16T02:55:33.437+0000] {dagbag.py:541} INFO - Filling up the DagBag from /home/airflow/.local/lib/python3.7/site-packages/airflow/example_dags/example_params_trigger_ui.py
[2023-05-16T02:55:33.460+0000] {processor.py:809} INFO - DAG(s) dict_keys(['example_params_trigger_ui']) retrieved from /home/airflow/.local/lib/python3.7/site-packages/airflow/example_dags/example_params_trigger_ui.py
[2023-05-16T02:55:33.540+0000] {logging_mixin.py:149} INFO - [2023-05-16T02:55:33.540+0000] {dag.py:2726} INFO - Sync 1 DAGs
[2023-05-16T02:55:33.557+0000] {logging_mixin.py:149} INFO - [2023-05-16T02:55:33.557+0000] {dag.py:3490} INFO - Setting next_dagrun for example_params_trigger_ui to None, run_after=None
[2023-05-16T02:55:33.646+0000] {processor.py:178} INFO - Processing /home/airflow/.local/lib/python3.7/site-packages/airflow/example_dags/example_params_trigger_ui.py took 0.229 seconds
[2023-05-16T02:56:04.239+0000] {processor.py:156} INFO - Started process (PID=172) to work on /home/airflow/.local/lib/python3.7/site-packages/airflow/example_dags/example_params_trigger_ui.py
[2023-05-16T02:56:04.240+0000] {processor.py:799} INFO - Processing file /home/airflow/.local/lib/python3.7/site-packages/airflow/example_dags/example_params_trigger_ui.py for tasks to queue
[2023-05-16T02:56:04.241+0000] {logging_mixin.py:149} INFO - [2023-05-16T02:56:04.241+0000] {dagbag.py:541} INFO - Filling up the DagBag from /home/airflow/.local/lib/python3.7/site-packages/airflow/example_dags/example_params_trigger_ui.py
[2023-05-16T02:56:04.257+0000] {processor.py:809} INFO - DAG(s) dict_keys(['example_params_trigger_ui']) retrieved from /home/airflow/.local/lib/python3.7/site-packages/airflow/example_dags/example_params_trigger_ui.py
[2023-05-16T02:56:04.305+0000] {logging_mixin.py:149} INFO - [2023-05-16T02:56:04.305+0000] {dag.py:2726} INFO - Sync 1 DAGs
[2023-05-16T02:56:04.323+0000] {logging_mixin.py:149} INFO - [2023-05-16T02:56:04.323+0000] {dag.py:3490} INFO - Setting next_dagrun for example_params_trigger_ui to None, run_after=None
[2023-05-16T02:56:04.334+0000] {processor.py:178} INFO - Processing /home/airflow/.local/lib/python3.7/site-packages/airflow/example_dags/example_params_trigger_ui.py took 0.098 seconds
[2023-05-16T02:56:34.766+0000] {processor.py:156} INFO - Started process (PID=228) to work on /home/airflow/.local/lib/python3.7/site-packages/airflow/example_dags/example_params_trigger_ui.py
[2023-05-16T02:56:34.767+0000] {processor.py:799} INFO - Processing file /home/airflow/.local/lib/python3.7/site-packages/airflow/example_dags/example_params_trigger_ui.py for tasks to queue
[2023-05-16T02:56:34.768+0000] {logging_mixin.py:149} INFO - [2023-05-16T02:56:34.768+0000] {dagbag.py:541} INFO - Filling up the DagBag from /home/airflow/.local/lib/python3.7/site-packages/airflow/example_dags/example_params_trigger_ui.py
[2023-05-16T02:56:34.783+0000] {processor.py:809} INFO - DAG(s) dict_keys(['example_params_trigger_ui']) retrieved from /home/airflow/.local/lib/python3.7/site-packages/airflow/example_dags/example_params_trigger_ui.py
[2023-05-16T02:56:34.829+0000] {logging_mixin.py:149} INFO - [2023-05-16T02:56:34.829+0000] {dag.py:2726} INFO - Sync 1 DAGs
[2023-05-16T02:56:34.846+0000] {logging_mixin.py:149} INFO - [2023-05-16T02:56:34.846+0000] {dag.py:3490} INFO - Setting next_dagrun for example_params_trigger_ui to None, run_after=None
[2023-05-16T02:56:34.859+0000] {processor.py:178} INFO - Processing /home/airflow/.local/lib/python3.7/site-packages/airflow/example_dags/example_params_trigger_ui.py took 0.095 seconds
[2023-05-16T02:57:05.238+0000] {processor.py:156} INFO - Started process (PID=284) to work on /home/airflow/.local/lib/python3.7/site-packages/airflow/example_dags/example_params_trigger_ui.py
[2023-05-16T02:57:05.239+0000] {processor.py:799} INFO - Processing file /home/airflow/.local/lib/python3.7/site-packages/airflow/example_dags/example_params_trigger_ui.py for tasks to queue
[2023-05-16T02:57:05.240+0000] {logging_mixin.py:149} INFO - [2023-05-16T02:57:05.240+0000] {dagbag.py:541} INFO - Filling up the DagBag from /home/airflow/.local/lib/python3.7/site-packages/airflow/example_dags/example_params_trigger_ui.py
[2023-05-16T02:57:05.256+0000] {processor.py:809} INFO - DAG(s) dict_keys(['example_params_trigger_ui']) retrieved from /home/airflow/.local/lib/python3.7/site-packages/airflow/example_dags/example_params_trigger_ui.py
[2023-05-16T02:57:05.303+0000] {logging_mixin.py:149} INFO - [2023-05-16T02:57:05.303+0000] {dag.py:2726} INFO - Sync 1 DAGs
[2023-05-16T02:57:05.320+0000] {logging_mixin.py:149} INFO - [2023-05-16T02:57:05.320+0000] {dag.py:3490} INFO - Setting next_dagrun for example_params_trigger_ui to None, run_after=None
[2023-05-16T02:57:05.335+0000] {processor.py:178} INFO - Processing /home/airflow/.local/lib/python3.7/site-packages/airflow/example_dags/example_params_trigger_ui.py took 0.099 seconds
[2023-05-16T03:07:33.100+0000] {processor.py:156} INFO - Started process (PID=62) to work on /home/airflow/.local/lib/python3.7/site-packages/airflow/example_dags/example_params_trigger_ui.py
[2023-05-16T03:07:33.103+0000] {processor.py:799} INFO - Processing file /home/airflow/.local/lib/python3.7/site-packages/airflow/example_dags/example_params_trigger_ui.py for tasks to queue
[2023-05-16T03:07:33.104+0000] {logging_mixin.py:149} INFO - [2023-05-16T03:07:33.104+0000] {dagbag.py:541} INFO - Filling up the DagBag from /home/airflow/.local/lib/python3.7/site-packages/airflow/example_dags/example_params_trigger_ui.py
[2023-05-16T03:07:33.134+0000] {processor.py:809} INFO - DAG(s) dict_keys(['example_params_trigger_ui']) retrieved from /home/airflow/.local/lib/python3.7/site-packages/airflow/example_dags/example_params_trigger_ui.py
[2023-05-16T03:07:33.151+0000] {logging_mixin.py:149} INFO - [2023-05-16T03:07:33.151+0000] {dag.py:2726} INFO - Sync 1 DAGs
[2023-05-16T03:07:33.238+0000] {logging_mixin.py:149} INFO - [2023-05-16T03:07:33.238+0000] {dag.py:3490} INFO - Setting next_dagrun for example_params_trigger_ui to None, run_after=None
[2023-05-16T03:07:33.267+0000] {processor.py:178} INFO - Processing /home/airflow/.local/lib/python3.7/site-packages/airflow/example_dags/example_params_trigger_ui.py took 0.171 seconds
[2023-05-16T03:08:04.093+0000] {processor.py:156} INFO - Started process (PID=117) to work on /home/airflow/.local/lib/python3.7/site-packages/airflow/example_dags/example_params_trigger_ui.py
[2023-05-16T03:08:04.094+0000] {processor.py:799} INFO - Processing file /home/airflow/.local/lib/python3.7/site-packages/airflow/example_dags/example_params_trigger_ui.py for tasks to queue
[2023-05-16T03:08:04.095+0000] {logging_mixin.py:149} INFO - [2023-05-16T03:08:04.095+0000] {dagbag.py:541} INFO - Filling up the DagBag from /home/airflow/.local/lib/python3.7/site-packages/airflow/example_dags/example_params_trigger_ui.py
[2023-05-16T03:08:04.110+0000] {processor.py:809} INFO - DAG(s) dict_keys(['example_params_trigger_ui']) retrieved from /home/airflow/.local/lib/python3.7/site-packages/airflow/example_dags/example_params_trigger_ui.py
[2023-05-16T03:08:04.156+0000] {logging_mixin.py:149} INFO - [2023-05-16T03:08:04.155+0000] {dag.py:2726} INFO - Sync 1 DAGs
[2023-05-16T03:08:04.171+0000] {logging_mixin.py:149} INFO - [2023-05-16T03:08:04.171+0000] {dag.py:3490} INFO - Setting next_dagrun for example_params_trigger_ui to None, run_after=None
[2023-05-16T03:08:04.184+0000] {processor.py:178} INFO - Processing /home/airflow/.local/lib/python3.7/site-packages/airflow/example_dags/example_params_trigger_ui.py took 0.094 seconds
[2023-05-16T03:08:34.547+0000] {processor.py:156} INFO - Started process (PID=173) to work on /home/airflow/.local/lib/python3.7/site-packages/airflow/example_dags/example_params_trigger_ui.py
[2023-05-16T03:08:34.548+0000] {processor.py:799} INFO - Processing file /home/airflow/.local/lib/python3.7/site-packages/airflow/example_dags/example_params_trigger_ui.py for tasks to queue
[2023-05-16T03:08:34.549+0000] {logging_mixin.py:149} INFO - [2023-05-16T03:08:34.549+0000] {dagbag.py:541} INFO - Filling up the DagBag from /home/airflow/.local/lib/python3.7/site-packages/airflow/example_dags/example_params_trigger_ui.py
[2023-05-16T03:08:34.564+0000] {processor.py:809} INFO - DAG(s) dict_keys(['example_params_trigger_ui']) retrieved from /home/airflow/.local/lib/python3.7/site-packages/airflow/example_dags/example_params_trigger_ui.py
[2023-05-16T03:08:34.614+0000] {logging_mixin.py:149} INFO - [2023-05-16T03:08:34.614+0000] {dag.py:2726} INFO - Sync 1 DAGs
[2023-05-16T03:08:34.630+0000] {logging_mixin.py:149} INFO - [2023-05-16T03:08:34.629+0000] {dag.py:3490} INFO - Setting next_dagrun for example_params_trigger_ui to None, run_after=None
[2023-05-16T03:08:34.642+0000] {processor.py:178} INFO - Processing /home/airflow/.local/lib/python3.7/site-packages/airflow/example_dags/example_params_trigger_ui.py took 0.098 seconds
[2023-05-16T03:09:05.039+0000] {processor.py:156} INFO - Started process (PID=229) to work on /home/airflow/.local/lib/python3.7/site-packages/airflow/example_dags/example_params_trigger_ui.py
[2023-05-16T03:09:05.040+0000] {processor.py:799} INFO - Processing file /home/airflow/.local/lib/python3.7/site-packages/airflow/example_dags/example_params_trigger_ui.py for tasks to queue
[2023-05-16T03:09:05.041+0000] {logging_mixin.py:149} INFO - [2023-05-16T03:09:05.041+0000] {dagbag.py:541} INFO - Filling up the DagBag from /home/airflow/.local/lib/python3.7/site-packages/airflow/example_dags/example_params_trigger_ui.py
[2023-05-16T03:09:05.056+0000] {processor.py:809} INFO - DAG(s) dict_keys(['example_params_trigger_ui']) retrieved from /home/airflow/.local/lib/python3.7/site-packages/airflow/example_dags/example_params_trigger_ui.py
[2023-05-16T03:09:05.104+0000] {logging_mixin.py:149} INFO - [2023-05-16T03:09:05.104+0000] {dag.py:2726} INFO - Sync 1 DAGs
[2023-05-16T03:09:05.121+0000] {logging_mixin.py:149} INFO - [2023-05-16T03:09:05.121+0000] {dag.py:3490} INFO - Setting next_dagrun for example_params_trigger_ui to None, run_after=None
[2023-05-16T03:09:05.133+0000] {processor.py:178} INFO - Processing /home/airflow/.local/lib/python3.7/site-packages/airflow/example_dags/example_params_trigger_ui.py took 0.098 seconds
[2023-05-16T03:09:35.551+0000] {processor.py:156} INFO - Started process (PID=285) to work on /home/airflow/.local/lib/python3.7/site-packages/airflow/example_dags/example_params_trigger_ui.py
[2023-05-16T03:09:35.552+0000] {processor.py:799} INFO - Processing file /home/airflow/.local/lib/python3.7/site-packages/airflow/example_dags/example_params_trigger_ui.py for tasks to queue
[2023-05-16T03:09:35.553+0000] {logging_mixin.py:149} INFO - [2023-05-16T03:09:35.553+0000] {dagbag.py:541} INFO - Filling up the DagBag from /home/airflow/.local/lib/python3.7/site-packages/airflow/example_dags/example_params_trigger_ui.py
[2023-05-16T03:09:35.568+0000] {processor.py:809} INFO - DAG(s) dict_keys(['example_params_trigger_ui']) retrieved from /home/airflow/.local/lib/python3.7/site-packages/airflow/example_dags/example_params_trigger_ui.py
[2023-05-16T03:09:35.616+0000] {logging_mixin.py:149} INFO - [2023-05-16T03:09:35.616+0000] {dag.py:2726} INFO - Sync 1 DAGs
[2023-05-16T03:09:35.632+0000] {logging_mixin.py:149} INFO - [2023-05-16T03:09:35.632+0000] {dag.py:3490} INFO - Setting next_dagrun for example_params_trigger_ui to None, run_after=None
[2023-05-16T03:09:35.644+0000] {processor.py:178} INFO - Processing /home/airflow/.local/lib/python3.7/site-packages/airflow/example_dags/example_params_trigger_ui.py took 0.096 seconds
[2023-05-16T03:10:06.092+0000] {processor.py:156} INFO - Started process (PID=341) to work on /home/airflow/.local/lib/python3.7/site-packages/airflow/example_dags/example_params_trigger_ui.py
[2023-05-16T03:10:06.095+0000] {processor.py:799} INFO - Processing file /home/airflow/.local/lib/python3.7/site-packages/airflow/example_dags/example_params_trigger_ui.py for tasks to queue
[2023-05-16T03:10:06.097+0000] {logging_mixin.py:149} INFO - [2023-05-16T03:10:06.096+0000] {dagbag.py:541} INFO - Filling up the DagBag from /home/airflow/.local/lib/python3.7/site-packages/airflow/example_dags/example_params_trigger_ui.py
[2023-05-16T03:10:06.112+0000] {processor.py:809} INFO - DAG(s) dict_keys(['example_params_trigger_ui']) retrieved from /home/airflow/.local/lib/python3.7/site-packages/airflow/example_dags/example_params_trigger_ui.py
[2023-05-16T03:10:06.164+0000] {logging_mixin.py:149} INFO - [2023-05-16T03:10:06.164+0000] {dag.py:2726} INFO - Sync 1 DAGs
[2023-05-16T03:10:06.182+0000] {logging_mixin.py:149} INFO - [2023-05-16T03:10:06.182+0000] {dag.py:3490} INFO - Setting next_dagrun for example_params_trigger_ui to None, run_after=None
[2023-05-16T03:10:06.197+0000] {processor.py:178} INFO - Processing /home/airflow/.local/lib/python3.7/site-packages/airflow/example_dags/example_params_trigger_ui.py took 0.108 seconds
[2023-05-16T03:10:36.665+0000] {processor.py:156} INFO - Started process (PID=397) to work on /home/airflow/.local/lib/python3.7/site-packages/airflow/example_dags/example_params_trigger_ui.py
[2023-05-16T03:10:36.666+0000] {processor.py:799} INFO - Processing file /home/airflow/.local/lib/python3.7/site-packages/airflow/example_dags/example_params_trigger_ui.py for tasks to queue
[2023-05-16T03:10:36.667+0000] {logging_mixin.py:149} INFO - [2023-05-16T03:10:36.667+0000] {dagbag.py:541} INFO - Filling up the DagBag from /home/airflow/.local/lib/python3.7/site-packages/airflow/example_dags/example_params_trigger_ui.py
[2023-05-16T03:10:36.682+0000] {processor.py:809} INFO - DAG(s) dict_keys(['example_params_trigger_ui']) retrieved from /home/airflow/.local/lib/python3.7/site-packages/airflow/example_dags/example_params_trigger_ui.py
[2023-05-16T03:10:36.728+0000] {logging_mixin.py:149} INFO - [2023-05-16T03:10:36.728+0000] {dag.py:2726} INFO - Sync 1 DAGs
[2023-05-16T03:10:36.744+0000] {logging_mixin.py:149} INFO - [2023-05-16T03:10:36.744+0000] {dag.py:3490} INFO - Setting next_dagrun for example_params_trigger_ui to None, run_after=None
[2023-05-16T03:10:36.756+0000] {processor.py:178} INFO - Processing /home/airflow/.local/lib/python3.7/site-packages/airflow/example_dags/example_params_trigger_ui.py took 0.094 seconds
