[2023-05-16T02:54:54.975+0000] {processor.py:156} INFO - Started process (PID=43) to work on /home/airflow/.local/lib/python3.7/site-packages/airflow/example_dags/example_latest_only_with_trigger.py
[2023-05-16T02:54:54.986+0000] {processor.py:799} INFO - Processing file /home/airflow/.local/lib/python3.7/site-packages/airflow/example_dags/example_latest_only_with_trigger.py for tasks to queue
[2023-05-16T02:54:54.989+0000] {logging_mixin.py:149} INFO - [2023-05-16T02:54:54.989+0000] {dagbag.py:541} INFO - Filling up the DagBag from /home/airflow/.local/lib/python3.7/site-packages/airflow/example_dags/example_latest_only_with_trigger.py
[2023-05-16T02:54:55.062+0000] {processor.py:809} INFO - DAG(s) dict_keys(['latest_only_with_trigger']) retrieved from /home/airflow/.local/lib/python3.7/site-packages/airflow/example_dags/example_latest_only_with_trigger.py
[2023-05-16T02:54:55.209+0000] {logging_mixin.py:149} INFO - [2023-05-16T02:54:55.209+0000] {manager.py:504} INFO - Created Permission View: can read on DAG:latest_only_with_trigger
[2023-05-16T02:54:55.217+0000] {logging_mixin.py:149} INFO - [2023-05-16T02:54:55.216+0000] {manager.py:504} INFO - Created Permission View: can delete on DAG:latest_only_with_trigger
[2023-05-16T02:54:55.226+0000] {logging_mixin.py:149} INFO - [2023-05-16T02:54:55.226+0000] {manager.py:504} INFO - Created Permission View: can edit on DAG:latest_only_with_trigger
[2023-05-16T02:54:55.227+0000] {logging_mixin.py:149} INFO - [2023-05-16T02:54:55.227+0000] {dag.py:2726} INFO - Sync 1 DAGs
[2023-05-16T02:54:55.257+0000] {logging_mixin.py:149} INFO - [2023-05-16T02:54:55.257+0000] {dag.py:2747} INFO - Creating ORM DAG for latest_only_with_trigger
[2023-05-16T02:54:55.281+0000] {logging_mixin.py:149} INFO - [2023-05-16T02:54:55.281+0000] {dag.py:3490} INFO - Setting next_dagrun for latest_only_with_trigger to 2023-05-15T22:54:55.280194+00:00, run_after=2023-05-16T02:54:55.280194+00:00
[2023-05-16T02:54:55.314+0000] {processor.py:178} INFO - Processing /home/airflow/.local/lib/python3.7/site-packages/airflow/example_dags/example_latest_only_with_trigger.py took 0.417 seconds
[2023-05-16T02:55:25.957+0000] {processor.py:156} INFO - Started process (PID=99) to work on /home/airflow/.local/lib/python3.7/site-packages/airflow/example_dags/example_latest_only_with_trigger.py
[2023-05-16T02:55:25.959+0000] {processor.py:799} INFO - Processing file /home/airflow/.local/lib/python3.7/site-packages/airflow/example_dags/example_latest_only_with_trigger.py for tasks to queue
[2023-05-16T02:55:25.960+0000] {logging_mixin.py:149} INFO - [2023-05-16T02:55:25.960+0000] {dagbag.py:541} INFO - Filling up the DagBag from /home/airflow/.local/lib/python3.7/site-packages/airflow/example_dags/example_latest_only_with_trigger.py
[2023-05-16T02:55:25.966+0000] {processor.py:809} INFO - DAG(s) dict_keys(['latest_only_with_trigger']) retrieved from /home/airflow/.local/lib/python3.7/site-packages/airflow/example_dags/example_latest_only_with_trigger.py
[2023-05-16T02:55:26.003+0000] {logging_mixin.py:149} INFO - [2023-05-16T02:55:26.003+0000] {dag.py:2726} INFO - Sync 1 DAGs
[2023-05-16T02:55:26.022+0000] {logging_mixin.py:149} INFO - [2023-05-16T02:55:26.022+0000] {dag.py:3490} INFO - Setting next_dagrun for latest_only_with_trigger to 2023-05-15T22:55:26.022420+00:00, run_after=2023-05-16T02:55:26.022420+00:00
[2023-05-16T02:55:26.047+0000] {processor.py:178} INFO - Processing /home/airflow/.local/lib/python3.7/site-packages/airflow/example_dags/example_latest_only_with_trigger.py took 0.096 seconds
[2023-05-16T02:55:56.972+0000] {processor.py:156} INFO - Started process (PID=155) to work on /home/airflow/.local/lib/python3.7/site-packages/airflow/example_dags/example_latest_only_with_trigger.py
[2023-05-16T02:55:56.974+0000] {processor.py:799} INFO - Processing file /home/airflow/.local/lib/python3.7/site-packages/airflow/example_dags/example_latest_only_with_trigger.py for tasks to queue
[2023-05-16T02:55:56.976+0000] {logging_mixin.py:149} INFO - [2023-05-16T02:55:56.976+0000] {dagbag.py:541} INFO - Filling up the DagBag from /home/airflow/.local/lib/python3.7/site-packages/airflow/example_dags/example_latest_only_with_trigger.py
[2023-05-16T02:55:56.984+0000] {processor.py:809} INFO - DAG(s) dict_keys(['latest_only_with_trigger']) retrieved from /home/airflow/.local/lib/python3.7/site-packages/airflow/example_dags/example_latest_only_with_trigger.py
[2023-05-16T02:55:57.008+0000] {logging_mixin.py:149} INFO - [2023-05-16T02:55:57.008+0000] {dag.py:2726} INFO - Sync 1 DAGs
[2023-05-16T02:55:57.029+0000] {logging_mixin.py:149} INFO - [2023-05-16T02:55:57.029+0000] {dag.py:3490} INFO - Setting next_dagrun for latest_only_with_trigger to 2023-05-15T22:55:57.028793+00:00, run_after=2023-05-16T02:55:57.028793+00:00
[2023-05-16T02:55:57.053+0000] {processor.py:178} INFO - Processing /home/airflow/.local/lib/python3.7/site-packages/airflow/example_dags/example_latest_only_with_trigger.py took 0.084 seconds
[2023-05-16T02:56:27.839+0000] {processor.py:156} INFO - Started process (PID=211) to work on /home/airflow/.local/lib/python3.7/site-packages/airflow/example_dags/example_latest_only_with_trigger.py
[2023-05-16T02:56:27.840+0000] {processor.py:799} INFO - Processing file /home/airflow/.local/lib/python3.7/site-packages/airflow/example_dags/example_latest_only_with_trigger.py for tasks to queue
[2023-05-16T02:56:27.841+0000] {logging_mixin.py:149} INFO - [2023-05-16T02:56:27.841+0000] {dagbag.py:541} INFO - Filling up the DagBag from /home/airflow/.local/lib/python3.7/site-packages/airflow/example_dags/example_latest_only_with_trigger.py
[2023-05-16T02:56:27.847+0000] {processor.py:809} INFO - DAG(s) dict_keys(['latest_only_with_trigger']) retrieved from /home/airflow/.local/lib/python3.7/site-packages/airflow/example_dags/example_latest_only_with_trigger.py
[2023-05-16T02:56:27.867+0000] {logging_mixin.py:149} INFO - [2023-05-16T02:56:27.867+0000] {dag.py:2726} INFO - Sync 1 DAGs
[2023-05-16T02:56:27.883+0000] {logging_mixin.py:149} INFO - [2023-05-16T02:56:27.883+0000] {dag.py:3490} INFO - Setting next_dagrun for latest_only_with_trigger to 2023-05-15T22:56:27.882931+00:00, run_after=2023-05-16T02:56:27.882931+00:00
[2023-05-16T02:56:27.895+0000] {processor.py:178} INFO - Processing /home/airflow/.local/lib/python3.7/site-packages/airflow/example_dags/example_latest_only_with_trigger.py took 0.059 seconds
[2023-05-16T02:56:58.242+0000] {processor.py:156} INFO - Started process (PID=267) to work on /home/airflow/.local/lib/python3.7/site-packages/airflow/example_dags/example_latest_only_with_trigger.py
[2023-05-16T02:56:58.243+0000] {processor.py:799} INFO - Processing file /home/airflow/.local/lib/python3.7/site-packages/airflow/example_dags/example_latest_only_with_trigger.py for tasks to queue
[2023-05-16T02:56:58.244+0000] {logging_mixin.py:149} INFO - [2023-05-16T02:56:58.244+0000] {dagbag.py:541} INFO - Filling up the DagBag from /home/airflow/.local/lib/python3.7/site-packages/airflow/example_dags/example_latest_only_with_trigger.py
[2023-05-16T02:56:58.250+0000] {processor.py:809} INFO - DAG(s) dict_keys(['latest_only_with_trigger']) retrieved from /home/airflow/.local/lib/python3.7/site-packages/airflow/example_dags/example_latest_only_with_trigger.py
[2023-05-16T02:56:58.271+0000] {logging_mixin.py:149} INFO - [2023-05-16T02:56:58.271+0000] {dag.py:2726} INFO - Sync 1 DAGs
[2023-05-16T02:56:58.288+0000] {logging_mixin.py:149} INFO - [2023-05-16T02:56:58.288+0000] {dag.py:3490} INFO - Setting next_dagrun for latest_only_with_trigger to 2023-05-15T22:56:58.288126+00:00, run_after=2023-05-16T02:56:58.288126+00:00
[2023-05-16T02:56:58.301+0000] {processor.py:178} INFO - Processing /home/airflow/.local/lib/python3.7/site-packages/airflow/example_dags/example_latest_only_with_trigger.py took 0.062 seconds
[2023-05-16T02:57:28.703+0000] {processor.py:156} INFO - Started process (PID=323) to work on /home/airflow/.local/lib/python3.7/site-packages/airflow/example_dags/example_latest_only_with_trigger.py
[2023-05-16T02:57:28.704+0000] {processor.py:799} INFO - Processing file /home/airflow/.local/lib/python3.7/site-packages/airflow/example_dags/example_latest_only_with_trigger.py for tasks to queue
[2023-05-16T02:57:28.705+0000] {logging_mixin.py:149} INFO - [2023-05-16T02:57:28.705+0000] {dagbag.py:541} INFO - Filling up the DagBag from /home/airflow/.local/lib/python3.7/site-packages/airflow/example_dags/example_latest_only_with_trigger.py
[2023-05-16T02:57:28.711+0000] {processor.py:809} INFO - DAG(s) dict_keys(['latest_only_with_trigger']) retrieved from /home/airflow/.local/lib/python3.7/site-packages/airflow/example_dags/example_latest_only_with_trigger.py
[2023-05-16T02:57:28.730+0000] {logging_mixin.py:149} INFO - [2023-05-16T02:57:28.730+0000] {dag.py:2726} INFO - Sync 1 DAGs
[2023-05-16T02:57:28.746+0000] {logging_mixin.py:149} INFO - [2023-05-16T02:57:28.745+0000] {dag.py:3490} INFO - Setting next_dagrun for latest_only_with_trigger to 2023-05-15T22:57:28.745715+00:00, run_after=2023-05-16T02:57:28.745715+00:00
[2023-05-16T02:57:28.758+0000] {processor.py:178} INFO - Processing /home/airflow/.local/lib/python3.7/site-packages/airflow/example_dags/example_latest_only_with_trigger.py took 0.058 seconds
[2023-05-16T03:07:30.905+0000] {processor.py:156} INFO - Started process (PID=45) to work on /home/airflow/.local/lib/python3.7/site-packages/airflow/example_dags/example_latest_only_with_trigger.py
[2023-05-16T03:07:30.909+0000] {processor.py:799} INFO - Processing file /home/airflow/.local/lib/python3.7/site-packages/airflow/example_dags/example_latest_only_with_trigger.py for tasks to queue
[2023-05-16T03:07:30.911+0000] {logging_mixin.py:149} INFO - [2023-05-16T03:07:30.910+0000] {dagbag.py:541} INFO - Filling up the DagBag from /home/airflow/.local/lib/python3.7/site-packages/airflow/example_dags/example_latest_only_with_trigger.py
[2023-05-16T03:07:30.924+0000] {processor.py:809} INFO - DAG(s) dict_keys(['latest_only_with_trigger']) retrieved from /home/airflow/.local/lib/python3.7/site-packages/airflow/example_dags/example_latest_only_with_trigger.py
[2023-05-16T03:07:30.951+0000] {logging_mixin.py:149} INFO - [2023-05-16T03:07:30.951+0000] {dag.py:2726} INFO - Sync 1 DAGs
[2023-05-16T03:07:30.981+0000] {logging_mixin.py:149} INFO - [2023-05-16T03:07:30.981+0000] {dag.py:3490} INFO - Setting next_dagrun for latest_only_with_trigger to 2023-05-15T23:07:30.981276+00:00, run_after=2023-05-16T03:07:30.981276+00:00
[2023-05-16T03:07:31.003+0000] {processor.py:178} INFO - Processing /home/airflow/.local/lib/python3.7/site-packages/airflow/example_dags/example_latest_only_with_trigger.py took 0.101 seconds
[2023-05-16T03:08:01.084+0000] {processor.py:156} INFO - Started process (PID=100) to work on /home/airflow/.local/lib/python3.7/site-packages/airflow/example_dags/example_latest_only_with_trigger.py
[2023-05-16T03:08:01.085+0000] {processor.py:799} INFO - Processing file /home/airflow/.local/lib/python3.7/site-packages/airflow/example_dags/example_latest_only_with_trigger.py for tasks to queue
[2023-05-16T03:08:01.086+0000] {logging_mixin.py:149} INFO - [2023-05-16T03:08:01.086+0000] {dagbag.py:541} INFO - Filling up the DagBag from /home/airflow/.local/lib/python3.7/site-packages/airflow/example_dags/example_latest_only_with_trigger.py
[2023-05-16T03:08:01.092+0000] {processor.py:809} INFO - DAG(s) dict_keys(['latest_only_with_trigger']) retrieved from /home/airflow/.local/lib/python3.7/site-packages/airflow/example_dags/example_latest_only_with_trigger.py
[2023-05-16T03:08:01.111+0000] {logging_mixin.py:149} INFO - [2023-05-16T03:08:01.111+0000] {dag.py:2726} INFO - Sync 1 DAGs
[2023-05-16T03:08:01.127+0000] {logging_mixin.py:149} INFO - [2023-05-16T03:08:01.126+0000] {dag.py:3490} INFO - Setting next_dagrun for latest_only_with_trigger to 2023-05-15T23:08:01.126691+00:00, run_after=2023-05-16T03:08:01.126691+00:00
[2023-05-16T03:08:01.137+0000] {processor.py:178} INFO - Processing /home/airflow/.local/lib/python3.7/site-packages/airflow/example_dags/example_latest_only_with_trigger.py took 0.056 seconds
[2023-05-16T03:08:31.581+0000] {processor.py:156} INFO - Started process (PID=156) to work on /home/airflow/.local/lib/python3.7/site-packages/airflow/example_dags/example_latest_only_with_trigger.py
[2023-05-16T03:08:31.583+0000] {processor.py:799} INFO - Processing file /home/airflow/.local/lib/python3.7/site-packages/airflow/example_dags/example_latest_only_with_trigger.py for tasks to queue
[2023-05-16T03:08:31.584+0000] {logging_mixin.py:149} INFO - [2023-05-16T03:08:31.584+0000] {dagbag.py:541} INFO - Filling up the DagBag from /home/airflow/.local/lib/python3.7/site-packages/airflow/example_dags/example_latest_only_with_trigger.py
[2023-05-16T03:08:31.589+0000] {processor.py:809} INFO - DAG(s) dict_keys(['latest_only_with_trigger']) retrieved from /home/airflow/.local/lib/python3.7/site-packages/airflow/example_dags/example_latest_only_with_trigger.py
[2023-05-16T03:08:31.609+0000] {logging_mixin.py:149} INFO - [2023-05-16T03:08:31.609+0000] {dag.py:2726} INFO - Sync 1 DAGs
[2023-05-16T03:08:31.625+0000] {logging_mixin.py:149} INFO - [2023-05-16T03:08:31.624+0000] {dag.py:3490} INFO - Setting next_dagrun for latest_only_with_trigger to 2023-05-15T23:08:31.624704+00:00, run_after=2023-05-16T03:08:31.624704+00:00
[2023-05-16T03:08:31.638+0000] {processor.py:178} INFO - Processing /home/airflow/.local/lib/python3.7/site-packages/airflow/example_dags/example_latest_only_with_trigger.py took 0.060 seconds
[2023-05-16T03:09:02.062+0000] {processor.py:156} INFO - Started process (PID=212) to work on /home/airflow/.local/lib/python3.7/site-packages/airflow/example_dags/example_latest_only_with_trigger.py
[2023-05-16T03:09:02.065+0000] {processor.py:799} INFO - Processing file /home/airflow/.local/lib/python3.7/site-packages/airflow/example_dags/example_latest_only_with_trigger.py for tasks to queue
[2023-05-16T03:09:02.066+0000] {logging_mixin.py:149} INFO - [2023-05-16T03:09:02.066+0000] {dagbag.py:541} INFO - Filling up the DagBag from /home/airflow/.local/lib/python3.7/site-packages/airflow/example_dags/example_latest_only_with_trigger.py
[2023-05-16T03:09:02.072+0000] {processor.py:809} INFO - DAG(s) dict_keys(['latest_only_with_trigger']) retrieved from /home/airflow/.local/lib/python3.7/site-packages/airflow/example_dags/example_latest_only_with_trigger.py
[2023-05-16T03:09:02.092+0000] {logging_mixin.py:149} INFO - [2023-05-16T03:09:02.092+0000] {dag.py:2726} INFO - Sync 1 DAGs
[2023-05-16T03:09:02.109+0000] {logging_mixin.py:149} INFO - [2023-05-16T03:09:02.109+0000] {dag.py:3490} INFO - Setting next_dagrun for latest_only_with_trigger to 2023-05-15T23:09:02.108767+00:00, run_after=2023-05-16T03:09:02.108767+00:00
[2023-05-16T03:09:02.122+0000] {processor.py:178} INFO - Processing /home/airflow/.local/lib/python3.7/site-packages/airflow/example_dags/example_latest_only_with_trigger.py took 0.063 seconds
[2023-05-16T03:09:32.539+0000] {processor.py:156} INFO - Started process (PID=268) to work on /home/airflow/.local/lib/python3.7/site-packages/airflow/example_dags/example_latest_only_with_trigger.py
[2023-05-16T03:09:32.540+0000] {processor.py:799} INFO - Processing file /home/airflow/.local/lib/python3.7/site-packages/airflow/example_dags/example_latest_only_with_trigger.py for tasks to queue
[2023-05-16T03:09:32.541+0000] {logging_mixin.py:149} INFO - [2023-05-16T03:09:32.541+0000] {dagbag.py:541} INFO - Filling up the DagBag from /home/airflow/.local/lib/python3.7/site-packages/airflow/example_dags/example_latest_only_with_trigger.py
[2023-05-16T03:09:32.546+0000] {processor.py:809} INFO - DAG(s) dict_keys(['latest_only_with_trigger']) retrieved from /home/airflow/.local/lib/python3.7/site-packages/airflow/example_dags/example_latest_only_with_trigger.py
[2023-05-16T03:09:32.566+0000] {logging_mixin.py:149} INFO - [2023-05-16T03:09:32.566+0000] {dag.py:2726} INFO - Sync 1 DAGs
[2023-05-16T03:09:32.583+0000] {logging_mixin.py:149} INFO - [2023-05-16T03:09:32.583+0000] {dag.py:3490} INFO - Setting next_dagrun for latest_only_with_trigger to 2023-05-15T23:09:32.583580+00:00, run_after=2023-05-16T03:09:32.583580+00:00
[2023-05-16T03:09:32.597+0000] {processor.py:178} INFO - Processing /home/airflow/.local/lib/python3.7/site-packages/airflow/example_dags/example_latest_only_with_trigger.py took 0.061 seconds
[2023-05-16T03:10:03.084+0000] {processor.py:156} INFO - Started process (PID=324) to work on /home/airflow/.local/lib/python3.7/site-packages/airflow/example_dags/example_latest_only_with_trigger.py
[2023-05-16T03:10:03.085+0000] {processor.py:799} INFO - Processing file /home/airflow/.local/lib/python3.7/site-packages/airflow/example_dags/example_latest_only_with_trigger.py for tasks to queue
[2023-05-16T03:10:03.086+0000] {logging_mixin.py:149} INFO - [2023-05-16T03:10:03.086+0000] {dagbag.py:541} INFO - Filling up the DagBag from /home/airflow/.local/lib/python3.7/site-packages/airflow/example_dags/example_latest_only_with_trigger.py
[2023-05-16T03:10:03.092+0000] {processor.py:809} INFO - DAG(s) dict_keys(['latest_only_with_trigger']) retrieved from /home/airflow/.local/lib/python3.7/site-packages/airflow/example_dags/example_latest_only_with_trigger.py
[2023-05-16T03:10:03.113+0000] {logging_mixin.py:149} INFO - [2023-05-16T03:10:03.113+0000] {dag.py:2726} INFO - Sync 1 DAGs
[2023-05-16T03:10:03.130+0000] {logging_mixin.py:149} INFO - [2023-05-16T03:10:03.130+0000] {dag.py:3490} INFO - Setting next_dagrun for latest_only_with_trigger to 2023-05-15T23:10:03.129832+00:00, run_after=2023-05-16T03:10:03.129832+00:00
[2023-05-16T03:10:03.145+0000] {processor.py:178} INFO - Processing /home/airflow/.local/lib/python3.7/site-packages/airflow/example_dags/example_latest_only_with_trigger.py took 0.064 seconds
[2023-05-16T03:10:33.690+0000] {processor.py:156} INFO - Started process (PID=380) to work on /home/airflow/.local/lib/python3.7/site-packages/airflow/example_dags/example_latest_only_with_trigger.py
[2023-05-16T03:10:33.692+0000] {processor.py:799} INFO - Processing file /home/airflow/.local/lib/python3.7/site-packages/airflow/example_dags/example_latest_only_with_trigger.py for tasks to queue
[2023-05-16T03:10:33.693+0000] {logging_mixin.py:149} INFO - [2023-05-16T03:10:33.693+0000] {dagbag.py:541} INFO - Filling up the DagBag from /home/airflow/.local/lib/python3.7/site-packages/airflow/example_dags/example_latest_only_with_trigger.py
[2023-05-16T03:10:33.698+0000] {processor.py:809} INFO - DAG(s) dict_keys(['latest_only_with_trigger']) retrieved from /home/airflow/.local/lib/python3.7/site-packages/airflow/example_dags/example_latest_only_with_trigger.py
[2023-05-16T03:10:33.718+0000] {logging_mixin.py:149} INFO - [2023-05-16T03:10:33.717+0000] {dag.py:2726} INFO - Sync 1 DAGs
[2023-05-16T03:10:33.734+0000] {logging_mixin.py:149} INFO - [2023-05-16T03:10:33.734+0000] {dag.py:3490} INFO - Setting next_dagrun for latest_only_with_trigger to 2023-05-15T23:10:33.734134+00:00, run_after=2023-05-16T03:10:33.734134+00:00
[2023-05-16T03:10:33.747+0000] {processor.py:178} INFO - Processing /home/airflow/.local/lib/python3.7/site-packages/airflow/example_dags/example_latest_only_with_trigger.py took 0.059 seconds
