[2023-05-16T02:54:59.647+0000] {processor.py:156} INFO - Started process (PID=54) to work on /home/airflow/.local/lib/python3.7/site-packages/airflow/example_dags/example_bash_operator.py
[2023-05-16T02:54:59.662+0000] {processor.py:799} INFO - Processing file /home/airflow/.local/lib/python3.7/site-packages/airflow/example_dags/example_bash_operator.py for tasks to queue
[2023-05-16T02:54:59.671+0000] {logging_mixin.py:149} INFO - [2023-05-16T02:54:59.670+0000] {dagbag.py:541} INFO - Filling up the DagBag from /home/airflow/.local/lib/python3.7/site-packages/airflow/example_dags/example_bash_operator.py
[2023-05-16T02:54:59.809+0000] {processor.py:809} INFO - DAG(s) dict_keys(['example_bash_operator']) retrieved from /home/airflow/.local/lib/python3.7/site-packages/airflow/example_dags/example_bash_operator.py
[2023-05-16T02:55:00.279+0000] {logging_mixin.py:149} INFO - [2023-05-16T02:55:00.279+0000] {manager.py:504} INFO - Created Permission View: can read on DAG:example_bash_operator
[2023-05-16T02:55:00.303+0000] {logging_mixin.py:149} INFO - [2023-05-16T02:55:00.302+0000] {manager.py:504} INFO - Created Permission View: can delete on DAG:example_bash_operator
[2023-05-16T02:55:00.329+0000] {logging_mixin.py:149} INFO - [2023-05-16T02:55:00.328+0000] {manager.py:504} INFO - Created Permission View: can edit on DAG:example_bash_operator
[2023-05-16T02:55:00.331+0000] {logging_mixin.py:149} INFO - [2023-05-16T02:55:00.331+0000] {dag.py:2726} INFO - Sync 1 DAGs
[2023-05-16T02:55:00.358+0000] {logging_mixin.py:149} INFO - [2023-05-16T02:55:00.358+0000] {dag.py:2747} INFO - Creating ORM DAG for example_bash_operator
[2023-05-16T02:55:00.378+0000] {logging_mixin.py:149} INFO - [2023-05-16T02:55:00.378+0000] {dag.py:3490} INFO - Setting next_dagrun for example_bash_operator to 2023-05-15T00:00:00+00:00, run_after=2023-05-16T00:00:00+00:00
[2023-05-16T02:55:00.416+0000] {processor.py:178} INFO - Processing /home/airflow/.local/lib/python3.7/site-packages/airflow/example_dags/example_bash_operator.py took 0.793 seconds
[2023-05-16T02:55:30.910+0000] {processor.py:156} INFO - Started process (PID=109) to work on /home/airflow/.local/lib/python3.7/site-packages/airflow/example_dags/example_bash_operator.py
[2023-05-16T02:55:30.914+0000] {processor.py:799} INFO - Processing file /home/airflow/.local/lib/python3.7/site-packages/airflow/example_dags/example_bash_operator.py for tasks to queue
[2023-05-16T02:55:30.919+0000] {logging_mixin.py:149} INFO - [2023-05-16T02:55:30.918+0000] {dagbag.py:541} INFO - Filling up the DagBag from /home/airflow/.local/lib/python3.7/site-packages/airflow/example_dags/example_bash_operator.py
[2023-05-16T02:55:30.954+0000] {processor.py:809} INFO - DAG(s) dict_keys(['example_bash_operator']) retrieved from /home/airflow/.local/lib/python3.7/site-packages/airflow/example_dags/example_bash_operator.py
[2023-05-16T02:55:31.050+0000] {logging_mixin.py:149} INFO - [2023-05-16T02:55:31.050+0000] {dag.py:2726} INFO - Sync 1 DAGs
[2023-05-16T02:55:31.083+0000] {logging_mixin.py:149} INFO - [2023-05-16T02:55:31.083+0000] {dag.py:3490} INFO - Setting next_dagrun for example_bash_operator to 2023-05-15T00:00:00+00:00, run_after=2023-05-16T00:00:00+00:00
[2023-05-16T02:55:31.123+0000] {processor.py:178} INFO - Processing /home/airflow/.local/lib/python3.7/site-packages/airflow/example_dags/example_bash_operator.py took 0.221 seconds
[2023-05-16T02:56:01.625+0000] {processor.py:156} INFO - Started process (PID=165) to work on /home/airflow/.local/lib/python3.7/site-packages/airflow/example_dags/example_bash_operator.py
[2023-05-16T02:56:01.626+0000] {processor.py:799} INFO - Processing file /home/airflow/.local/lib/python3.7/site-packages/airflow/example_dags/example_bash_operator.py for tasks to queue
[2023-05-16T02:56:01.627+0000] {logging_mixin.py:149} INFO - [2023-05-16T02:56:01.627+0000] {dagbag.py:541} INFO - Filling up the DagBag from /home/airflow/.local/lib/python3.7/site-packages/airflow/example_dags/example_bash_operator.py
[2023-05-16T02:56:01.640+0000] {processor.py:809} INFO - DAG(s) dict_keys(['example_bash_operator']) retrieved from /home/airflow/.local/lib/python3.7/site-packages/airflow/example_dags/example_bash_operator.py
[2023-05-16T02:56:01.665+0000] {logging_mixin.py:149} INFO - [2023-05-16T02:56:01.665+0000] {dag.py:2726} INFO - Sync 1 DAGs
[2023-05-16T02:56:01.681+0000] {logging_mixin.py:149} INFO - [2023-05-16T02:56:01.681+0000] {dag.py:3490} INFO - Setting next_dagrun for example_bash_operator to 2023-05-15T00:00:00+00:00, run_after=2023-05-16T00:00:00+00:00
[2023-05-16T02:56:01.693+0000] {processor.py:178} INFO - Processing /home/airflow/.local/lib/python3.7/site-packages/airflow/example_dags/example_bash_operator.py took 0.071 seconds
[2023-05-16T02:56:32.317+0000] {processor.py:156} INFO - Started process (PID=221) to work on /home/airflow/.local/lib/python3.7/site-packages/airflow/example_dags/example_bash_operator.py
[2023-05-16T02:56:32.319+0000] {processor.py:799} INFO - Processing file /home/airflow/.local/lib/python3.7/site-packages/airflow/example_dags/example_bash_operator.py for tasks to queue
[2023-05-16T02:56:32.320+0000] {logging_mixin.py:149} INFO - [2023-05-16T02:56:32.319+0000] {dagbag.py:541} INFO - Filling up the DagBag from /home/airflow/.local/lib/python3.7/site-packages/airflow/example_dags/example_bash_operator.py
[2023-05-16T02:56:32.334+0000] {processor.py:809} INFO - DAG(s) dict_keys(['example_bash_operator']) retrieved from /home/airflow/.local/lib/python3.7/site-packages/airflow/example_dags/example_bash_operator.py
[2023-05-16T02:56:32.369+0000] {logging_mixin.py:149} INFO - [2023-05-16T02:56:32.369+0000] {dag.py:2726} INFO - Sync 1 DAGs
[2023-05-16T02:56:32.387+0000] {logging_mixin.py:149} INFO - [2023-05-16T02:56:32.387+0000] {dag.py:3490} INFO - Setting next_dagrun for example_bash_operator to 2023-05-15T00:00:00+00:00, run_after=2023-05-16T00:00:00+00:00
[2023-05-16T02:56:32.400+0000] {processor.py:178} INFO - Processing /home/airflow/.local/lib/python3.7/site-packages/airflow/example_dags/example_bash_operator.py took 0.087 seconds
[2023-05-16T02:57:02.739+0000] {processor.py:156} INFO - Started process (PID=277) to work on /home/airflow/.local/lib/python3.7/site-packages/airflow/example_dags/example_bash_operator.py
[2023-05-16T02:57:02.741+0000] {processor.py:799} INFO - Processing file /home/airflow/.local/lib/python3.7/site-packages/airflow/example_dags/example_bash_operator.py for tasks to queue
[2023-05-16T02:57:02.742+0000] {logging_mixin.py:149} INFO - [2023-05-16T02:57:02.742+0000] {dagbag.py:541} INFO - Filling up the DagBag from /home/airflow/.local/lib/python3.7/site-packages/airflow/example_dags/example_bash_operator.py
[2023-05-16T02:57:02.755+0000] {processor.py:809} INFO - DAG(s) dict_keys(['example_bash_operator']) retrieved from /home/airflow/.local/lib/python3.7/site-packages/airflow/example_dags/example_bash_operator.py
[2023-05-16T02:57:02.785+0000] {logging_mixin.py:149} INFO - [2023-05-16T02:57:02.785+0000] {dag.py:2726} INFO - Sync 1 DAGs
[2023-05-16T02:57:02.807+0000] {logging_mixin.py:149} INFO - [2023-05-16T02:57:02.807+0000] {dag.py:3490} INFO - Setting next_dagrun for example_bash_operator to 2023-05-15T00:00:00+00:00, run_after=2023-05-16T00:00:00+00:00
[2023-05-16T02:57:02.827+0000] {processor.py:178} INFO - Processing /home/airflow/.local/lib/python3.7/site-packages/airflow/example_dags/example_bash_operator.py took 0.091 seconds
[2023-05-16T03:07:31.875+0000] {processor.py:156} INFO - Started process (PID=56) to work on /home/airflow/.local/lib/python3.7/site-packages/airflow/example_dags/example_bash_operator.py
[2023-05-16T03:07:31.877+0000] {processor.py:799} INFO - Processing file /home/airflow/.local/lib/python3.7/site-packages/airflow/example_dags/example_bash_operator.py for tasks to queue
[2023-05-16T03:07:31.879+0000] {logging_mixin.py:149} INFO - [2023-05-16T03:07:31.879+0000] {dagbag.py:541} INFO - Filling up the DagBag from /home/airflow/.local/lib/python3.7/site-packages/airflow/example_dags/example_bash_operator.py
[2023-05-16T03:07:31.900+0000] {processor.py:809} INFO - DAG(s) dict_keys(['example_bash_operator']) retrieved from /home/airflow/.local/lib/python3.7/site-packages/airflow/example_dags/example_bash_operator.py
[2023-05-16T03:07:31.925+0000] {logging_mixin.py:149} INFO - [2023-05-16T03:07:31.925+0000] {dag.py:2726} INFO - Sync 1 DAGs
[2023-05-16T03:07:31.964+0000] {logging_mixin.py:149} INFO - [2023-05-16T03:07:31.964+0000] {dag.py:3490} INFO - Setting next_dagrun for example_bash_operator to 2023-05-15T00:00:00+00:00, run_after=2023-05-16T00:00:00+00:00
[2023-05-16T03:07:31.980+0000] {processor.py:178} INFO - Processing /home/airflow/.local/lib/python3.7/site-packages/airflow/example_dags/example_bash_operator.py took 0.110 seconds
[2023-05-16T03:08:02.646+0000] {processor.py:156} INFO - Started process (PID=110) to work on /home/airflow/.local/lib/python3.7/site-packages/airflow/example_dags/example_bash_operator.py
[2023-05-16T03:08:02.648+0000] {processor.py:799} INFO - Processing file /home/airflow/.local/lib/python3.7/site-packages/airflow/example_dags/example_bash_operator.py for tasks to queue
[2023-05-16T03:08:02.649+0000] {logging_mixin.py:149} INFO - [2023-05-16T03:08:02.649+0000] {dagbag.py:541} INFO - Filling up the DagBag from /home/airflow/.local/lib/python3.7/site-packages/airflow/example_dags/example_bash_operator.py
[2023-05-16T03:08:02.659+0000] {processor.py:809} INFO - DAG(s) dict_keys(['example_bash_operator']) retrieved from /home/airflow/.local/lib/python3.7/site-packages/airflow/example_dags/example_bash_operator.py
[2023-05-16T03:08:02.684+0000] {logging_mixin.py:149} INFO - [2023-05-16T03:08:02.684+0000] {dag.py:2726} INFO - Sync 1 DAGs
[2023-05-16T03:08:02.700+0000] {logging_mixin.py:149} INFO - [2023-05-16T03:08:02.700+0000] {dag.py:3490} INFO - Setting next_dagrun for example_bash_operator to 2023-05-15T00:00:00+00:00, run_after=2023-05-16T00:00:00+00:00
[2023-05-16T03:08:02.712+0000] {processor.py:178} INFO - Processing /home/airflow/.local/lib/python3.7/site-packages/airflow/example_dags/example_bash_operator.py took 0.069 seconds
[2023-05-16T03:08:33.113+0000] {processor.py:156} INFO - Started process (PID=166) to work on /home/airflow/.local/lib/python3.7/site-packages/airflow/example_dags/example_bash_operator.py
[2023-05-16T03:08:33.114+0000] {processor.py:799} INFO - Processing file /home/airflow/.local/lib/python3.7/site-packages/airflow/example_dags/example_bash_operator.py for tasks to queue
[2023-05-16T03:08:33.115+0000] {logging_mixin.py:149} INFO - [2023-05-16T03:08:33.115+0000] {dagbag.py:541} INFO - Filling up the DagBag from /home/airflow/.local/lib/python3.7/site-packages/airflow/example_dags/example_bash_operator.py
[2023-05-16T03:08:33.126+0000] {processor.py:809} INFO - DAG(s) dict_keys(['example_bash_operator']) retrieved from /home/airflow/.local/lib/python3.7/site-packages/airflow/example_dags/example_bash_operator.py
[2023-05-16T03:08:33.151+0000] {logging_mixin.py:149} INFO - [2023-05-16T03:08:33.151+0000] {dag.py:2726} INFO - Sync 1 DAGs
[2023-05-16T03:08:33.168+0000] {logging_mixin.py:149} INFO - [2023-05-16T03:08:33.168+0000] {dag.py:3490} INFO - Setting next_dagrun for example_bash_operator to 2023-05-15T00:00:00+00:00, run_after=2023-05-16T00:00:00+00:00
[2023-05-16T03:08:33.181+0000] {processor.py:178} INFO - Processing /home/airflow/.local/lib/python3.7/site-packages/airflow/example_dags/example_bash_operator.py took 0.071 seconds
[2023-05-16T03:09:03.523+0000] {processor.py:156} INFO - Started process (PID=222) to work on /home/airflow/.local/lib/python3.7/site-packages/airflow/example_dags/example_bash_operator.py
[2023-05-16T03:09:03.524+0000] {processor.py:799} INFO - Processing file /home/airflow/.local/lib/python3.7/site-packages/airflow/example_dags/example_bash_operator.py for tasks to queue
[2023-05-16T03:09:03.525+0000] {logging_mixin.py:149} INFO - [2023-05-16T03:09:03.525+0000] {dagbag.py:541} INFO - Filling up the DagBag from /home/airflow/.local/lib/python3.7/site-packages/airflow/example_dags/example_bash_operator.py
[2023-05-16T03:09:03.535+0000] {processor.py:809} INFO - DAG(s) dict_keys(['example_bash_operator']) retrieved from /home/airflow/.local/lib/python3.7/site-packages/airflow/example_dags/example_bash_operator.py
[2023-05-16T03:09:03.562+0000] {logging_mixin.py:149} INFO - [2023-05-16T03:09:03.562+0000] {dag.py:2726} INFO - Sync 1 DAGs
[2023-05-16T03:09:03.579+0000] {logging_mixin.py:149} INFO - [2023-05-16T03:09:03.579+0000] {dag.py:3490} INFO - Setting next_dagrun for example_bash_operator to 2023-05-15T00:00:00+00:00, run_after=2023-05-16T00:00:00+00:00
[2023-05-16T03:09:03.592+0000] {processor.py:178} INFO - Processing /home/airflow/.local/lib/python3.7/site-packages/airflow/example_dags/example_bash_operator.py took 0.072 seconds
[2023-05-16T03:09:34.016+0000] {processor.py:156} INFO - Started process (PID=278) to work on /home/airflow/.local/lib/python3.7/site-packages/airflow/example_dags/example_bash_operator.py
[2023-05-16T03:09:34.017+0000] {processor.py:799} INFO - Processing file /home/airflow/.local/lib/python3.7/site-packages/airflow/example_dags/example_bash_operator.py for tasks to queue
[2023-05-16T03:09:34.018+0000] {logging_mixin.py:149} INFO - [2023-05-16T03:09:34.018+0000] {dagbag.py:541} INFO - Filling up the DagBag from /home/airflow/.local/lib/python3.7/site-packages/airflow/example_dags/example_bash_operator.py
[2023-05-16T03:09:34.028+0000] {processor.py:809} INFO - DAG(s) dict_keys(['example_bash_operator']) retrieved from /home/airflow/.local/lib/python3.7/site-packages/airflow/example_dags/example_bash_operator.py
[2023-05-16T03:09:34.055+0000] {logging_mixin.py:149} INFO - [2023-05-16T03:09:34.055+0000] {dag.py:2726} INFO - Sync 1 DAGs
[2023-05-16T03:09:34.072+0000] {logging_mixin.py:149} INFO - [2023-05-16T03:09:34.072+0000] {dag.py:3490} INFO - Setting next_dagrun for example_bash_operator to 2023-05-15T00:00:00+00:00, run_after=2023-05-16T00:00:00+00:00
[2023-05-16T03:09:34.085+0000] {processor.py:178} INFO - Processing /home/airflow/.local/lib/python3.7/site-packages/airflow/example_dags/example_bash_operator.py took 0.071 seconds
[2023-05-16T03:10:04.584+0000] {processor.py:156} INFO - Started process (PID=334) to work on /home/airflow/.local/lib/python3.7/site-packages/airflow/example_dags/example_bash_operator.py
[2023-05-16T03:10:04.585+0000] {processor.py:799} INFO - Processing file /home/airflow/.local/lib/python3.7/site-packages/airflow/example_dags/example_bash_operator.py for tasks to queue
[2023-05-16T03:10:04.586+0000] {logging_mixin.py:149} INFO - [2023-05-16T03:10:04.586+0000] {dagbag.py:541} INFO - Filling up the DagBag from /home/airflow/.local/lib/python3.7/site-packages/airflow/example_dags/example_bash_operator.py
[2023-05-16T03:10:04.597+0000] {processor.py:809} INFO - DAG(s) dict_keys(['example_bash_operator']) retrieved from /home/airflow/.local/lib/python3.7/site-packages/airflow/example_dags/example_bash_operator.py
[2023-05-16T03:10:04.622+0000] {logging_mixin.py:149} INFO - [2023-05-16T03:10:04.622+0000] {dag.py:2726} INFO - Sync 1 DAGs
[2023-05-16T03:10:04.640+0000] {logging_mixin.py:149} INFO - [2023-05-16T03:10:04.640+0000] {dag.py:3490} INFO - Setting next_dagrun for example_bash_operator to 2023-05-15T00:00:00+00:00, run_after=2023-05-16T00:00:00+00:00
[2023-05-16T03:10:04.652+0000] {processor.py:178} INFO - Processing /home/airflow/.local/lib/python3.7/site-packages/airflow/example_dags/example_bash_operator.py took 0.073 seconds
[2023-05-16T03:10:35.145+0000] {processor.py:156} INFO - Started process (PID=390) to work on /home/airflow/.local/lib/python3.7/site-packages/airflow/example_dags/example_bash_operator.py
[2023-05-16T03:10:35.146+0000] {processor.py:799} INFO - Processing file /home/airflow/.local/lib/python3.7/site-packages/airflow/example_dags/example_bash_operator.py for tasks to queue
[2023-05-16T03:10:35.147+0000] {logging_mixin.py:149} INFO - [2023-05-16T03:10:35.147+0000] {dagbag.py:541} INFO - Filling up the DagBag from /home/airflow/.local/lib/python3.7/site-packages/airflow/example_dags/example_bash_operator.py
[2023-05-16T03:10:35.157+0000] {processor.py:809} INFO - DAG(s) dict_keys(['example_bash_operator']) retrieved from /home/airflow/.local/lib/python3.7/site-packages/airflow/example_dags/example_bash_operator.py
[2023-05-16T03:10:35.182+0000] {logging_mixin.py:149} INFO - [2023-05-16T03:10:35.182+0000] {dag.py:2726} INFO - Sync 1 DAGs
[2023-05-16T03:10:35.198+0000] {logging_mixin.py:149} INFO - [2023-05-16T03:10:35.198+0000] {dag.py:3490} INFO - Setting next_dagrun for example_bash_operator to 2023-05-15T00:00:00+00:00, run_after=2023-05-16T00:00:00+00:00
[2023-05-16T03:10:35.211+0000] {processor.py:178} INFO - Processing /home/airflow/.local/lib/python3.7/site-packages/airflow/example_dags/example_bash_operator.py took 0.069 seconds
