[2023-05-16T02:54:52.502+0000] {processor.py:156} INFO - Started process (PID=33) to work on /home/airflow/.local/lib/python3.7/site-packages/airflow/example_dags/example_xcomargs.py
[2023-05-16T02:54:52.511+0000] {processor.py:799} INFO - Processing file /home/airflow/.local/lib/python3.7/site-packages/airflow/example_dags/example_xcomargs.py for tasks to queue
[2023-05-16T02:54:52.516+0000] {logging_mixin.py:149} INFO - [2023-05-16T02:54:52.516+0000] {dagbag.py:541} INFO - Filling up the DagBag from /home/airflow/.local/lib/python3.7/site-packages/airflow/example_dags/example_xcomargs.py
[2023-05-16T02:54:52.533+0000] {processor.py:809} INFO - DAG(s) dict_keys(['example_xcom_args', 'example_xcom_args_with_operators']) retrieved from /home/airflow/.local/lib/python3.7/site-packages/airflow/example_dags/example_xcomargs.py
[2023-05-16T02:54:52.695+0000] {logging_mixin.py:149} INFO - [2023-05-16T02:54:52.695+0000] {manager.py:504} INFO - Created Permission View: can read on DAG:example_xcom_args
[2023-05-16T02:54:52.706+0000] {logging_mixin.py:149} INFO - [2023-05-16T02:54:52.706+0000] {manager.py:504} INFO - Created Permission View: can delete on DAG:example_xcom_args
[2023-05-16T02:54:52.718+0000] {logging_mixin.py:149} INFO - [2023-05-16T02:54:52.718+0000] {manager.py:504} INFO - Created Permission View: can edit on DAG:example_xcom_args
[2023-05-16T02:54:52.747+0000] {logging_mixin.py:149} INFO - [2023-05-16T02:54:52.747+0000] {manager.py:504} INFO - Created Permission View: can read on DAG:example_xcom_args_with_operators
[2023-05-16T02:54:52.752+0000] {logging_mixin.py:149} INFO - [2023-05-16T02:54:52.752+0000] {manager.py:504} INFO - Created Permission View: can delete on DAG:example_xcom_args_with_operators
[2023-05-16T02:54:52.759+0000] {logging_mixin.py:149} INFO - [2023-05-16T02:54:52.759+0000] {manager.py:504} INFO - Created Permission View: can edit on DAG:example_xcom_args_with_operators
[2023-05-16T02:54:52.760+0000] {logging_mixin.py:149} INFO - [2023-05-16T02:54:52.760+0000] {dag.py:2726} INFO - Sync 2 DAGs
[2023-05-16T02:54:52.773+0000] {logging_mixin.py:149} INFO - [2023-05-16T02:54:52.773+0000] {dag.py:2747} INFO - Creating ORM DAG for example_xcom_args
[2023-05-16T02:54:52.780+0000] {logging_mixin.py:149} INFO - [2023-05-16T02:54:52.780+0000] {dag.py:2747} INFO - Creating ORM DAG for example_xcom_args_with_operators
[2023-05-16T02:54:52.790+0000] {logging_mixin.py:149} INFO - [2023-05-16T02:54:52.790+0000] {dag.py:3490} INFO - Setting next_dagrun for example_xcom_args to None, run_after=None
[2023-05-16T02:54:52.791+0000] {logging_mixin.py:149} INFO - [2023-05-16T02:54:52.791+0000] {dag.py:3490} INFO - Setting next_dagrun for example_xcom_args_with_operators to None, run_after=None
[2023-05-16T02:54:52.813+0000] {processor.py:178} INFO - Processing /home/airflow/.local/lib/python3.7/site-packages/airflow/example_dags/example_xcomargs.py took 0.321 seconds
[2023-05-16T02:55:22.998+0000] {processor.py:156} INFO - Started process (PID=89) to work on /home/airflow/.local/lib/python3.7/site-packages/airflow/example_dags/example_xcomargs.py
[2023-05-16T02:55:23.006+0000] {processor.py:799} INFO - Processing file /home/airflow/.local/lib/python3.7/site-packages/airflow/example_dags/example_xcomargs.py for tasks to queue
[2023-05-16T02:55:23.011+0000] {logging_mixin.py:149} INFO - [2023-05-16T02:55:23.010+0000] {dagbag.py:541} INFO - Filling up the DagBag from /home/airflow/.local/lib/python3.7/site-packages/airflow/example_dags/example_xcomargs.py
[2023-05-16T02:55:23.027+0000] {processor.py:809} INFO - DAG(s) dict_keys(['example_xcom_args', 'example_xcom_args_with_operators']) retrieved from /home/airflow/.local/lib/python3.7/site-packages/airflow/example_dags/example_xcomargs.py
[2023-05-16T02:55:23.088+0000] {logging_mixin.py:149} INFO - [2023-05-16T02:55:23.088+0000] {dag.py:2726} INFO - Sync 2 DAGs
[2023-05-16T02:55:23.191+0000] {logging_mixin.py:149} INFO - [2023-05-16T02:55:23.191+0000] {dag.py:3490} INFO - Setting next_dagrun for example_xcom_args to None, run_after=None
[2023-05-16T02:55:23.217+0000] {logging_mixin.py:149} INFO - [2023-05-16T02:55:23.216+0000] {dag.py:3490} INFO - Setting next_dagrun for example_xcom_args_with_operators to None, run_after=None
[2023-05-16T02:55:23.245+0000] {processor.py:178} INFO - Processing /home/airflow/.local/lib/python3.7/site-packages/airflow/example_dags/example_xcomargs.py took 0.251 seconds
[2023-05-16T02:55:53.677+0000] {processor.py:156} INFO - Started process (PID=145) to work on /home/airflow/.local/lib/python3.7/site-packages/airflow/example_dags/example_xcomargs.py
[2023-05-16T02:55:53.682+0000] {processor.py:799} INFO - Processing file /home/airflow/.local/lib/python3.7/site-packages/airflow/example_dags/example_xcomargs.py for tasks to queue
[2023-05-16T02:55:53.683+0000] {logging_mixin.py:149} INFO - [2023-05-16T02:55:53.683+0000] {dagbag.py:541} INFO - Filling up the DagBag from /home/airflow/.local/lib/python3.7/site-packages/airflow/example_dags/example_xcomargs.py
[2023-05-16T02:55:53.694+0000] {processor.py:809} INFO - DAG(s) dict_keys(['example_xcom_args', 'example_xcom_args_with_operators']) retrieved from /home/airflow/.local/lib/python3.7/site-packages/airflow/example_dags/example_xcomargs.py
[2023-05-16T02:55:53.769+0000] {logging_mixin.py:149} INFO - [2023-05-16T02:55:53.769+0000] {dag.py:2726} INFO - Sync 2 DAGs
[2023-05-16T02:55:53.854+0000] {logging_mixin.py:149} INFO - [2023-05-16T02:55:53.854+0000] {dag.py:3490} INFO - Setting next_dagrun for example_xcom_args to None, run_after=None
[2023-05-16T02:55:53.871+0000] {logging_mixin.py:149} INFO - [2023-05-16T02:55:53.871+0000] {dag.py:3490} INFO - Setting next_dagrun for example_xcom_args_with_operators to None, run_after=None
[2023-05-16T02:55:53.923+0000] {processor.py:178} INFO - Processing /home/airflow/.local/lib/python3.7/site-packages/airflow/example_dags/example_xcomargs.py took 0.257 seconds
[2023-05-16T02:56:24.193+0000] {processor.py:156} INFO - Started process (PID=201) to work on /home/airflow/.local/lib/python3.7/site-packages/airflow/example_dags/example_xcomargs.py
[2023-05-16T02:56:24.194+0000] {processor.py:799} INFO - Processing file /home/airflow/.local/lib/python3.7/site-packages/airflow/example_dags/example_xcomargs.py for tasks to queue
[2023-05-16T02:56:24.195+0000] {logging_mixin.py:149} INFO - [2023-05-16T02:56:24.195+0000] {dagbag.py:541} INFO - Filling up the DagBag from /home/airflow/.local/lib/python3.7/site-packages/airflow/example_dags/example_xcomargs.py
[2023-05-16T02:56:24.202+0000] {processor.py:809} INFO - DAG(s) dict_keys(['example_xcom_args', 'example_xcom_args_with_operators']) retrieved from /home/airflow/.local/lib/python3.7/site-packages/airflow/example_dags/example_xcomargs.py
[2023-05-16T02:56:24.227+0000] {logging_mixin.py:149} INFO - [2023-05-16T02:56:24.227+0000] {dag.py:2726} INFO - Sync 2 DAGs
[2023-05-16T02:56:24.245+0000] {logging_mixin.py:149} INFO - [2023-05-16T02:56:24.244+0000] {dag.py:3490} INFO - Setting next_dagrun for example_xcom_args to None, run_after=None
[2023-05-16T02:56:24.248+0000] {logging_mixin.py:149} INFO - [2023-05-16T02:56:24.248+0000] {dag.py:3490} INFO - Setting next_dagrun for example_xcom_args_with_operators to None, run_after=None
[2023-05-16T02:56:24.261+0000] {processor.py:178} INFO - Processing /home/airflow/.local/lib/python3.7/site-packages/airflow/example_dags/example_xcomargs.py took 0.070 seconds
[2023-05-16T02:56:54.695+0000] {processor.py:156} INFO - Started process (PID=257) to work on /home/airflow/.local/lib/python3.7/site-packages/airflow/example_dags/example_xcomargs.py
[2023-05-16T02:56:54.697+0000] {processor.py:799} INFO - Processing file /home/airflow/.local/lib/python3.7/site-packages/airflow/example_dags/example_xcomargs.py for tasks to queue
[2023-05-16T02:56:54.697+0000] {logging_mixin.py:149} INFO - [2023-05-16T02:56:54.697+0000] {dagbag.py:541} INFO - Filling up the DagBag from /home/airflow/.local/lib/python3.7/site-packages/airflow/example_dags/example_xcomargs.py
[2023-05-16T02:56:54.704+0000] {processor.py:809} INFO - DAG(s) dict_keys(['example_xcom_args', 'example_xcom_args_with_operators']) retrieved from /home/airflow/.local/lib/python3.7/site-packages/airflow/example_dags/example_xcomargs.py
[2023-05-16T02:56:54.728+0000] {logging_mixin.py:149} INFO - [2023-05-16T02:56:54.728+0000] {dag.py:2726} INFO - Sync 2 DAGs
[2023-05-16T02:56:54.746+0000] {logging_mixin.py:149} INFO - [2023-05-16T02:56:54.746+0000] {dag.py:3490} INFO - Setting next_dagrun for example_xcom_args to None, run_after=None
[2023-05-16T02:56:54.749+0000] {logging_mixin.py:149} INFO - [2023-05-16T02:56:54.749+0000] {dag.py:3490} INFO - Setting next_dagrun for example_xcom_args_with_operators to None, run_after=None
[2023-05-16T02:56:54.760+0000] {processor.py:178} INFO - Processing /home/airflow/.local/lib/python3.7/site-packages/airflow/example_dags/example_xcomargs.py took 0.068 seconds
[2023-05-16T02:57:25.204+0000] {processor.py:156} INFO - Started process (PID=313) to work on /home/airflow/.local/lib/python3.7/site-packages/airflow/example_dags/example_xcomargs.py
[2023-05-16T02:57:25.205+0000] {processor.py:799} INFO - Processing file /home/airflow/.local/lib/python3.7/site-packages/airflow/example_dags/example_xcomargs.py for tasks to queue
[2023-05-16T02:57:25.206+0000] {logging_mixin.py:149} INFO - [2023-05-16T02:57:25.205+0000] {dagbag.py:541} INFO - Filling up the DagBag from /home/airflow/.local/lib/python3.7/site-packages/airflow/example_dags/example_xcomargs.py
[2023-05-16T02:57:25.212+0000] {processor.py:809} INFO - DAG(s) dict_keys(['example_xcom_args_with_operators', 'example_xcom_args']) retrieved from /home/airflow/.local/lib/python3.7/site-packages/airflow/example_dags/example_xcomargs.py
[2023-05-16T02:57:25.236+0000] {logging_mixin.py:149} INFO - [2023-05-16T02:57:25.236+0000] {dag.py:2726} INFO - Sync 2 DAGs
[2023-05-16T02:57:25.253+0000] {logging_mixin.py:149} INFO - [2023-05-16T02:57:25.253+0000] {dag.py:3490} INFO - Setting next_dagrun for example_xcom_args to None, run_after=None
[2023-05-16T02:57:25.256+0000] {logging_mixin.py:149} INFO - [2023-05-16T02:57:25.256+0000] {dag.py:3490} INFO - Setting next_dagrun for example_xcom_args_with_operators to None, run_after=None
[2023-05-16T02:57:25.267+0000] {processor.py:178} INFO - Processing /home/airflow/.local/lib/python3.7/site-packages/airflow/example_dags/example_xcomargs.py took 0.066 seconds
[2023-05-16T03:07:30.382+0000] {processor.py:156} INFO - Started process (PID=35) to work on /home/airflow/.local/lib/python3.7/site-packages/airflow/example_dags/example_xcomargs.py
[2023-05-16T03:07:30.385+0000] {processor.py:799} INFO - Processing file /home/airflow/.local/lib/python3.7/site-packages/airflow/example_dags/example_xcomargs.py for tasks to queue
[2023-05-16T03:07:30.386+0000] {logging_mixin.py:149} INFO - [2023-05-16T03:07:30.386+0000] {dagbag.py:541} INFO - Filling up the DagBag from /home/airflow/.local/lib/python3.7/site-packages/airflow/example_dags/example_xcomargs.py
[2023-05-16T03:07:30.394+0000] {processor.py:809} INFO - DAG(s) dict_keys(['example_xcom_args', 'example_xcom_args_with_operators']) retrieved from /home/airflow/.local/lib/python3.7/site-packages/airflow/example_dags/example_xcomargs.py
[2023-05-16T03:07:30.411+0000] {logging_mixin.py:149} INFO - [2023-05-16T03:07:30.411+0000] {dag.py:2726} INFO - Sync 2 DAGs
[2023-05-16T03:07:30.432+0000] {logging_mixin.py:149} INFO - [2023-05-16T03:07:30.432+0000] {dag.py:3490} INFO - Setting next_dagrun for example_xcom_args to None, run_after=None
[2023-05-16T03:07:30.435+0000] {logging_mixin.py:149} INFO - [2023-05-16T03:07:30.435+0000] {dag.py:3490} INFO - Setting next_dagrun for example_xcom_args_with_operators to None, run_after=None
[2023-05-16T03:07:30.446+0000] {processor.py:178} INFO - Processing /home/airflow/.local/lib/python3.7/site-packages/airflow/example_dags/example_xcomargs.py took 0.066 seconds
[2023-05-16T03:08:00.665+0000] {processor.py:156} INFO - Started process (PID=90) to work on /home/airflow/.local/lib/python3.7/site-packages/airflow/example_dags/example_xcomargs.py
[2023-05-16T03:08:00.666+0000] {processor.py:799} INFO - Processing file /home/airflow/.local/lib/python3.7/site-packages/airflow/example_dags/example_xcomargs.py for tasks to queue
[2023-05-16T03:08:00.668+0000] {logging_mixin.py:149} INFO - [2023-05-16T03:08:00.668+0000] {dagbag.py:541} INFO - Filling up the DagBag from /home/airflow/.local/lib/python3.7/site-packages/airflow/example_dags/example_xcomargs.py
[2023-05-16T03:08:00.674+0000] {processor.py:809} INFO - DAG(s) dict_keys(['example_xcom_args', 'example_xcom_args_with_operators']) retrieved from /home/airflow/.local/lib/python3.7/site-packages/airflow/example_dags/example_xcomargs.py
[2023-05-16T03:08:00.696+0000] {logging_mixin.py:149} INFO - [2023-05-16T03:08:00.696+0000] {dag.py:2726} INFO - Sync 2 DAGs
[2023-05-16T03:08:00.714+0000] {logging_mixin.py:149} INFO - [2023-05-16T03:08:00.714+0000] {dag.py:3490} INFO - Setting next_dagrun for example_xcom_args to None, run_after=None
[2023-05-16T03:08:00.716+0000] {logging_mixin.py:149} INFO - [2023-05-16T03:08:00.716+0000] {dag.py:3490} INFO - Setting next_dagrun for example_xcom_args_with_operators to None, run_after=None
[2023-05-16T03:08:00.728+0000] {processor.py:178} INFO - Processing /home/airflow/.local/lib/python3.7/site-packages/airflow/example_dags/example_xcomargs.py took 0.065 seconds
[2023-05-16T03:08:31.157+0000] {processor.py:156} INFO - Started process (PID=146) to work on /home/airflow/.local/lib/python3.7/site-packages/airflow/example_dags/example_xcomargs.py
[2023-05-16T03:08:31.158+0000] {processor.py:799} INFO - Processing file /home/airflow/.local/lib/python3.7/site-packages/airflow/example_dags/example_xcomargs.py for tasks to queue
[2023-05-16T03:08:31.159+0000] {logging_mixin.py:149} INFO - [2023-05-16T03:08:31.159+0000] {dagbag.py:541} INFO - Filling up the DagBag from /home/airflow/.local/lib/python3.7/site-packages/airflow/example_dags/example_xcomargs.py
[2023-05-16T03:08:31.165+0000] {processor.py:809} INFO - DAG(s) dict_keys(['example_xcom_args', 'example_xcom_args_with_operators']) retrieved from /home/airflow/.local/lib/python3.7/site-packages/airflow/example_dags/example_xcomargs.py
[2023-05-16T03:08:31.187+0000] {logging_mixin.py:149} INFO - [2023-05-16T03:08:31.187+0000] {dag.py:2726} INFO - Sync 2 DAGs
[2023-05-16T03:08:31.203+0000] {logging_mixin.py:149} INFO - [2023-05-16T03:08:31.203+0000] {dag.py:3490} INFO - Setting next_dagrun for example_xcom_args to None, run_after=None
[2023-05-16T03:08:31.206+0000] {logging_mixin.py:149} INFO - [2023-05-16T03:08:31.206+0000] {dag.py:3490} INFO - Setting next_dagrun for example_xcom_args_with_operators to None, run_after=None
[2023-05-16T03:08:31.216+0000] {processor.py:178} INFO - Processing /home/airflow/.local/lib/python3.7/site-packages/airflow/example_dags/example_xcomargs.py took 0.062 seconds
[2023-05-16T03:09:01.636+0000] {processor.py:156} INFO - Started process (PID=202) to work on /home/airflow/.local/lib/python3.7/site-packages/airflow/example_dags/example_xcomargs.py
[2023-05-16T03:09:01.638+0000] {processor.py:799} INFO - Processing file /home/airflow/.local/lib/python3.7/site-packages/airflow/example_dags/example_xcomargs.py for tasks to queue
[2023-05-16T03:09:01.638+0000] {logging_mixin.py:149} INFO - [2023-05-16T03:09:01.638+0000] {dagbag.py:541} INFO - Filling up the DagBag from /home/airflow/.local/lib/python3.7/site-packages/airflow/example_dags/example_xcomargs.py
[2023-05-16T03:09:01.645+0000] {processor.py:809} INFO - DAG(s) dict_keys(['example_xcom_args_with_operators', 'example_xcom_args']) retrieved from /home/airflow/.local/lib/python3.7/site-packages/airflow/example_dags/example_xcomargs.py
[2023-05-16T03:09:01.668+0000] {logging_mixin.py:149} INFO - [2023-05-16T03:09:01.668+0000] {dag.py:2726} INFO - Sync 2 DAGs
[2023-05-16T03:09:01.686+0000] {logging_mixin.py:149} INFO - [2023-05-16T03:09:01.686+0000] {dag.py:3490} INFO - Setting next_dagrun for example_xcom_args to None, run_after=None
[2023-05-16T03:09:01.689+0000] {logging_mixin.py:149} INFO - [2023-05-16T03:09:01.689+0000] {dag.py:3490} INFO - Setting next_dagrun for example_xcom_args_with_operators to None, run_after=None
[2023-05-16T03:09:01.699+0000] {processor.py:178} INFO - Processing /home/airflow/.local/lib/python3.7/site-packages/airflow/example_dags/example_xcomargs.py took 0.066 seconds
[2023-05-16T03:09:32.100+0000] {processor.py:156} INFO - Started process (PID=258) to work on /home/airflow/.local/lib/python3.7/site-packages/airflow/example_dags/example_xcomargs.py
[2023-05-16T03:09:32.102+0000] {processor.py:799} INFO - Processing file /home/airflow/.local/lib/python3.7/site-packages/airflow/example_dags/example_xcomargs.py for tasks to queue
[2023-05-16T03:09:32.103+0000] {logging_mixin.py:149} INFO - [2023-05-16T03:09:32.102+0000] {dagbag.py:541} INFO - Filling up the DagBag from /home/airflow/.local/lib/python3.7/site-packages/airflow/example_dags/example_xcomargs.py
[2023-05-16T03:09:32.109+0000] {processor.py:809} INFO - DAG(s) dict_keys(['example_xcom_args_with_operators', 'example_xcom_args']) retrieved from /home/airflow/.local/lib/python3.7/site-packages/airflow/example_dags/example_xcomargs.py
[2023-05-16T03:09:32.132+0000] {logging_mixin.py:149} INFO - [2023-05-16T03:09:32.132+0000] {dag.py:2726} INFO - Sync 2 DAGs
[2023-05-16T03:09:32.150+0000] {logging_mixin.py:149} INFO - [2023-05-16T03:09:32.150+0000] {dag.py:3490} INFO - Setting next_dagrun for example_xcom_args to None, run_after=None
[2023-05-16T03:09:32.153+0000] {logging_mixin.py:149} INFO - [2023-05-16T03:09:32.152+0000] {dag.py:3490} INFO - Setting next_dagrun for example_xcom_args_with_operators to None, run_after=None
[2023-05-16T03:09:32.164+0000] {processor.py:178} INFO - Processing /home/airflow/.local/lib/python3.7/site-packages/airflow/example_dags/example_xcomargs.py took 0.067 seconds
[2023-05-16T03:10:02.631+0000] {processor.py:156} INFO - Started process (PID=314) to work on /home/airflow/.local/lib/python3.7/site-packages/airflow/example_dags/example_xcomargs.py
[2023-05-16T03:10:02.633+0000] {processor.py:799} INFO - Processing file /home/airflow/.local/lib/python3.7/site-packages/airflow/example_dags/example_xcomargs.py for tasks to queue
[2023-05-16T03:10:02.634+0000] {logging_mixin.py:149} INFO - [2023-05-16T03:10:02.633+0000] {dagbag.py:541} INFO - Filling up the DagBag from /home/airflow/.local/lib/python3.7/site-packages/airflow/example_dags/example_xcomargs.py
[2023-05-16T03:10:02.640+0000] {processor.py:809} INFO - DAG(s) dict_keys(['example_xcom_args', 'example_xcom_args_with_operators']) retrieved from /home/airflow/.local/lib/python3.7/site-packages/airflow/example_dags/example_xcomargs.py
[2023-05-16T03:10:02.667+0000] {logging_mixin.py:149} INFO - [2023-05-16T03:10:02.667+0000] {dag.py:2726} INFO - Sync 2 DAGs
[2023-05-16T03:10:02.685+0000] {logging_mixin.py:149} INFO - [2023-05-16T03:10:02.685+0000] {dag.py:3490} INFO - Setting next_dagrun for example_xcom_args to None, run_after=None
[2023-05-16T03:10:02.687+0000] {logging_mixin.py:149} INFO - [2023-05-16T03:10:02.687+0000] {dag.py:3490} INFO - Setting next_dagrun for example_xcom_args_with_operators to None, run_after=None
[2023-05-16T03:10:02.700+0000] {processor.py:178} INFO - Processing /home/airflow/.local/lib/python3.7/site-packages/airflow/example_dags/example_xcomargs.py took 0.072 seconds
[2023-05-16T03:10:33.270+0000] {processor.py:156} INFO - Started process (PID=370) to work on /home/airflow/.local/lib/python3.7/site-packages/airflow/example_dags/example_xcomargs.py
[2023-05-16T03:10:33.272+0000] {processor.py:799} INFO - Processing file /home/airflow/.local/lib/python3.7/site-packages/airflow/example_dags/example_xcomargs.py for tasks to queue
[2023-05-16T03:10:33.273+0000] {logging_mixin.py:149} INFO - [2023-05-16T03:10:33.272+0000] {dagbag.py:541} INFO - Filling up the DagBag from /home/airflow/.local/lib/python3.7/site-packages/airflow/example_dags/example_xcomargs.py
[2023-05-16T03:10:33.279+0000] {processor.py:809} INFO - DAG(s) dict_keys(['example_xcom_args', 'example_xcom_args_with_operators']) retrieved from /home/airflow/.local/lib/python3.7/site-packages/airflow/example_dags/example_xcomargs.py
[2023-05-16T03:10:33.303+0000] {logging_mixin.py:149} INFO - [2023-05-16T03:10:33.303+0000] {dag.py:2726} INFO - Sync 2 DAGs
[2023-05-16T03:10:33.320+0000] {logging_mixin.py:149} INFO - [2023-05-16T03:10:33.320+0000] {dag.py:3490} INFO - Setting next_dagrun for example_xcom_args to None, run_after=None
[2023-05-16T03:10:33.323+0000] {logging_mixin.py:149} INFO - [2023-05-16T03:10:33.322+0000] {dag.py:3490} INFO - Setting next_dagrun for example_xcom_args_with_operators to None, run_after=None
[2023-05-16T03:10:33.333+0000] {processor.py:178} INFO - Processing /home/airflow/.local/lib/python3.7/site-packages/airflow/example_dags/example_xcomargs.py took 0.066 seconds
