[2023-05-16T02:54:55.942+0000] {processor.py:156} INFO - Started process (PID=47) to work on /home/airflow/.local/lib/python3.7/site-packages/airflow/example_dags/example_sensors.py
[2023-05-16T02:54:55.944+0000] {processor.py:799} INFO - Processing file /home/airflow/.local/lib/python3.7/site-packages/airflow/example_dags/example_sensors.py for tasks to queue
[2023-05-16T02:54:55.945+0000] {logging_mixin.py:149} INFO - [2023-05-16T02:54:55.945+0000] {dagbag.py:541} INFO - Filling up the DagBag from /home/airflow/.local/lib/python3.7/site-packages/airflow/example_dags/example_sensors.py
[2023-05-16T02:54:55.958+0000] {processor.py:809} INFO - DAG(s) dict_keys(['example_sensors']) retrieved from /home/airflow/.local/lib/python3.7/site-packages/airflow/example_dags/example_sensors.py
[2023-05-16T02:54:56.372+0000] {logging_mixin.py:149} INFO - [2023-05-16T02:54:56.372+0000] {manager.py:504} INFO - Created Permission View: can read on DAG:example_sensors
[2023-05-16T02:54:56.422+0000] {logging_mixin.py:149} INFO - [2023-05-16T02:54:56.422+0000] {manager.py:504} INFO - Created Permission View: can delete on DAG:example_sensors
[2023-05-16T02:54:56.480+0000] {logging_mixin.py:149} INFO - [2023-05-16T02:54:56.479+0000] {manager.py:504} INFO - Created Permission View: can edit on DAG:example_sensors
[2023-05-16T02:54:56.485+0000] {logging_mixin.py:149} INFO - [2023-05-16T02:54:56.485+0000] {dag.py:2726} INFO - Sync 1 DAGs
[2023-05-16T02:54:56.601+0000] {logging_mixin.py:149} INFO - [2023-05-16T02:54:56.600+0000] {dag.py:2747} INFO - Creating ORM DAG for example_sensors
[2023-05-16T02:54:56.675+0000] {logging_mixin.py:149} INFO - [2023-05-16T02:54:56.675+0000] {dag.py:3490} INFO - Setting next_dagrun for example_sensors to None, run_after=None
[2023-05-16T02:54:56.731+0000] {processor.py:178} INFO - Processing /home/airflow/.local/lib/python3.7/site-packages/airflow/example_dags/example_sensors.py took 0.794 seconds
[2023-05-16T02:55:27.458+0000] {processor.py:156} INFO - Started process (PID=103) to work on /home/airflow/.local/lib/python3.7/site-packages/airflow/example_dags/example_sensors.py
[2023-05-16T02:55:27.462+0000] {processor.py:799} INFO - Processing file /home/airflow/.local/lib/python3.7/site-packages/airflow/example_dags/example_sensors.py for tasks to queue
[2023-05-16T02:55:27.466+0000] {logging_mixin.py:149} INFO - [2023-05-16T02:55:27.466+0000] {dagbag.py:541} INFO - Filling up the DagBag from /home/airflow/.local/lib/python3.7/site-packages/airflow/example_dags/example_sensors.py
[2023-05-16T02:55:27.491+0000] {processor.py:809} INFO - DAG(s) dict_keys(['example_sensors']) retrieved from /home/airflow/.local/lib/python3.7/site-packages/airflow/example_dags/example_sensors.py
[2023-05-16T02:55:27.557+0000] {logging_mixin.py:149} INFO - [2023-05-16T02:55:27.556+0000] {dag.py:2726} INFO - Sync 1 DAGs
[2023-05-16T02:55:27.603+0000] {logging_mixin.py:149} INFO - [2023-05-16T02:55:27.603+0000] {dag.py:3490} INFO - Setting next_dagrun for example_sensors to None, run_after=None
[2023-05-16T02:55:27.653+0000] {processor.py:178} INFO - Processing /home/airflow/.local/lib/python3.7/site-packages/airflow/example_dags/example_sensors.py took 0.201 seconds
[2023-05-16T02:55:58.377+0000] {processor.py:156} INFO - Started process (PID=159) to work on /home/airflow/.local/lib/python3.7/site-packages/airflow/example_dags/example_sensors.py
[2023-05-16T02:55:58.383+0000] {processor.py:799} INFO - Processing file /home/airflow/.local/lib/python3.7/site-packages/airflow/example_dags/example_sensors.py for tasks to queue
[2023-05-16T02:55:58.385+0000] {logging_mixin.py:149} INFO - [2023-05-16T02:55:58.385+0000] {dagbag.py:541} INFO - Filling up the DagBag from /home/airflow/.local/lib/python3.7/site-packages/airflow/example_dags/example_sensors.py
[2023-05-16T02:55:58.408+0000] {processor.py:809} INFO - DAG(s) dict_keys(['example_sensors']) retrieved from /home/airflow/.local/lib/python3.7/site-packages/airflow/example_dags/example_sensors.py
[2023-05-16T02:55:58.481+0000] {logging_mixin.py:149} INFO - [2023-05-16T02:55:58.480+0000] {dag.py:2726} INFO - Sync 1 DAGs
[2023-05-16T02:55:58.521+0000] {logging_mixin.py:149} INFO - [2023-05-16T02:55:58.521+0000] {dag.py:3490} INFO - Setting next_dagrun for example_sensors to None, run_after=None
[2023-05-16T02:55:58.545+0000] {processor.py:178} INFO - Processing /home/airflow/.local/lib/python3.7/site-packages/airflow/example_dags/example_sensors.py took 0.173 seconds
[2023-05-16T02:56:29.061+0000] {processor.py:156} INFO - Started process (PID=215) to work on /home/airflow/.local/lib/python3.7/site-packages/airflow/example_dags/example_sensors.py
[2023-05-16T02:56:29.063+0000] {processor.py:799} INFO - Processing file /home/airflow/.local/lib/python3.7/site-packages/airflow/example_dags/example_sensors.py for tasks to queue
[2023-05-16T02:56:29.065+0000] {logging_mixin.py:149} INFO - [2023-05-16T02:56:29.065+0000] {dagbag.py:541} INFO - Filling up the DagBag from /home/airflow/.local/lib/python3.7/site-packages/airflow/example_dags/example_sensors.py
[2023-05-16T02:56:29.076+0000] {processor.py:809} INFO - DAG(s) dict_keys(['example_sensors']) retrieved from /home/airflow/.local/lib/python3.7/site-packages/airflow/example_dags/example_sensors.py
[2023-05-16T02:56:29.103+0000] {logging_mixin.py:149} INFO - [2023-05-16T02:56:29.103+0000] {dag.py:2726} INFO - Sync 1 DAGs
[2023-05-16T02:56:29.121+0000] {logging_mixin.py:149} INFO - [2023-05-16T02:56:29.121+0000] {dag.py:3490} INFO - Setting next_dagrun for example_sensors to None, run_after=None
[2023-05-16T02:56:29.133+0000] {processor.py:178} INFO - Processing /home/airflow/.local/lib/python3.7/site-packages/airflow/example_dags/example_sensors.py took 0.075 seconds
[2023-05-16T02:56:59.460+0000] {processor.py:156} INFO - Started process (PID=271) to work on /home/airflow/.local/lib/python3.7/site-packages/airflow/example_dags/example_sensors.py
[2023-05-16T02:56:59.462+0000] {processor.py:799} INFO - Processing file /home/airflow/.local/lib/python3.7/site-packages/airflow/example_dags/example_sensors.py for tasks to queue
[2023-05-16T02:56:59.463+0000] {logging_mixin.py:149} INFO - [2023-05-16T02:56:59.463+0000] {dagbag.py:541} INFO - Filling up the DagBag from /home/airflow/.local/lib/python3.7/site-packages/airflow/example_dags/example_sensors.py
[2023-05-16T02:56:59.475+0000] {processor.py:809} INFO - DAG(s) dict_keys(['example_sensors']) retrieved from /home/airflow/.local/lib/python3.7/site-packages/airflow/example_dags/example_sensors.py
[2023-05-16T02:56:59.502+0000] {logging_mixin.py:149} INFO - [2023-05-16T02:56:59.502+0000] {dag.py:2726} INFO - Sync 1 DAGs
[2023-05-16T02:56:59.520+0000] {logging_mixin.py:149} INFO - [2023-05-16T02:56:59.520+0000] {dag.py:3490} INFO - Setting next_dagrun for example_sensors to None, run_after=None
[2023-05-16T02:56:59.532+0000] {processor.py:178} INFO - Processing /home/airflow/.local/lib/python3.7/site-packages/airflow/example_dags/example_sensors.py took 0.076 seconds
[2023-05-16T02:57:29.917+0000] {processor.py:156} INFO - Started process (PID=327) to work on /home/airflow/.local/lib/python3.7/site-packages/airflow/example_dags/example_sensors.py
[2023-05-16T02:57:29.919+0000] {processor.py:799} INFO - Processing file /home/airflow/.local/lib/python3.7/site-packages/airflow/example_dags/example_sensors.py for tasks to queue
[2023-05-16T02:57:29.921+0000] {logging_mixin.py:149} INFO - [2023-05-16T02:57:29.921+0000] {dagbag.py:541} INFO - Filling up the DagBag from /home/airflow/.local/lib/python3.7/site-packages/airflow/example_dags/example_sensors.py
[2023-05-16T02:57:29.936+0000] {processor.py:809} INFO - DAG(s) dict_keys(['example_sensors']) retrieved from /home/airflow/.local/lib/python3.7/site-packages/airflow/example_dags/example_sensors.py
[2023-05-16T02:57:29.967+0000] {logging_mixin.py:149} INFO - [2023-05-16T02:57:29.966+0000] {dag.py:2726} INFO - Sync 1 DAGs
[2023-05-16T02:57:29.982+0000] {logging_mixin.py:149} INFO - [2023-05-16T02:57:29.982+0000] {dag.py:3490} INFO - Setting next_dagrun for example_sensors to None, run_after=None
[2023-05-16T02:57:29.995+0000] {processor.py:178} INFO - Processing /home/airflow/.local/lib/python3.7/site-packages/airflow/example_dags/example_sensors.py took 0.084 seconds
[2023-05-16T03:07:31.214+0000] {processor.py:156} INFO - Started process (PID=49) to work on /home/airflow/.local/lib/python3.7/site-packages/airflow/example_dags/example_sensors.py
[2023-05-16T03:07:31.217+0000] {processor.py:799} INFO - Processing file /home/airflow/.local/lib/python3.7/site-packages/airflow/example_dags/example_sensors.py for tasks to queue
[2023-05-16T03:07:31.220+0000] {logging_mixin.py:149} INFO - [2023-05-16T03:07:31.219+0000] {dagbag.py:541} INFO - Filling up the DagBag from /home/airflow/.local/lib/python3.7/site-packages/airflow/example_dags/example_sensors.py
[2023-05-16T03:07:31.239+0000] {processor.py:809} INFO - DAG(s) dict_keys(['example_sensors']) retrieved from /home/airflow/.local/lib/python3.7/site-packages/airflow/example_dags/example_sensors.py
[2023-05-16T03:07:31.270+0000] {logging_mixin.py:149} INFO - [2023-05-16T03:07:31.270+0000] {dag.py:2726} INFO - Sync 1 DAGs
[2023-05-16T03:07:31.302+0000] {logging_mixin.py:149} INFO - [2023-05-16T03:07:31.302+0000] {dag.py:3490} INFO - Setting next_dagrun for example_sensors to None, run_after=None
[2023-05-16T03:07:31.318+0000] {processor.py:178} INFO - Processing /home/airflow/.local/lib/python3.7/site-packages/airflow/example_dags/example_sensors.py took 0.109 seconds
[2023-05-16T03:08:02.322+0000] {processor.py:156} INFO - Started process (PID=104) to work on /home/airflow/.local/lib/python3.7/site-packages/airflow/example_dags/example_sensors.py
[2023-05-16T03:08:02.324+0000] {processor.py:799} INFO - Processing file /home/airflow/.local/lib/python3.7/site-packages/airflow/example_dags/example_sensors.py for tasks to queue
[2023-05-16T03:08:02.326+0000] {logging_mixin.py:149} INFO - [2023-05-16T03:08:02.325+0000] {dagbag.py:541} INFO - Filling up the DagBag from /home/airflow/.local/lib/python3.7/site-packages/airflow/example_dags/example_sensors.py
[2023-05-16T03:08:02.336+0000] {processor.py:809} INFO - DAG(s) dict_keys(['example_sensors']) retrieved from /home/airflow/.local/lib/python3.7/site-packages/airflow/example_dags/example_sensors.py
[2023-05-16T03:08:02.361+0000] {logging_mixin.py:149} INFO - [2023-05-16T03:08:02.361+0000] {dag.py:2726} INFO - Sync 1 DAGs
[2023-05-16T03:08:02.375+0000] {logging_mixin.py:149} INFO - [2023-05-16T03:08:02.375+0000] {dag.py:3490} INFO - Setting next_dagrun for example_sensors to None, run_after=None
[2023-05-16T03:08:02.388+0000] {processor.py:178} INFO - Processing /home/airflow/.local/lib/python3.7/site-packages/airflow/example_dags/example_sensors.py took 0.072 seconds
[2023-05-16T03:08:32.774+0000] {processor.py:156} INFO - Started process (PID=160) to work on /home/airflow/.local/lib/python3.7/site-packages/airflow/example_dags/example_sensors.py
[2023-05-16T03:08:32.779+0000] {processor.py:799} INFO - Processing file /home/airflow/.local/lib/python3.7/site-packages/airflow/example_dags/example_sensors.py for tasks to queue
[2023-05-16T03:08:32.780+0000] {logging_mixin.py:149} INFO - [2023-05-16T03:08:32.780+0000] {dagbag.py:541} INFO - Filling up the DagBag from /home/airflow/.local/lib/python3.7/site-packages/airflow/example_dags/example_sensors.py
[2023-05-16T03:08:32.791+0000] {processor.py:809} INFO - DAG(s) dict_keys(['example_sensors']) retrieved from /home/airflow/.local/lib/python3.7/site-packages/airflow/example_dags/example_sensors.py
[2023-05-16T03:08:32.815+0000] {logging_mixin.py:149} INFO - [2023-05-16T03:08:32.815+0000] {dag.py:2726} INFO - Sync 1 DAGs
[2023-05-16T03:08:32.831+0000] {logging_mixin.py:149} INFO - [2023-05-16T03:08:32.830+0000] {dag.py:3490} INFO - Setting next_dagrun for example_sensors to None, run_after=None
[2023-05-16T03:08:32.845+0000] {processor.py:178} INFO - Processing /home/airflow/.local/lib/python3.7/site-packages/airflow/example_dags/example_sensors.py took 0.075 seconds
[2023-05-16T03:09:03.258+0000] {processor.py:156} INFO - Started process (PID=216) to work on /home/airflow/.local/lib/python3.7/site-packages/airflow/example_dags/example_sensors.py
[2023-05-16T03:09:03.260+0000] {processor.py:799} INFO - Processing file /home/airflow/.local/lib/python3.7/site-packages/airflow/example_dags/example_sensors.py for tasks to queue
[2023-05-16T03:09:03.261+0000] {logging_mixin.py:149} INFO - [2023-05-16T03:09:03.261+0000] {dagbag.py:541} INFO - Filling up the DagBag from /home/airflow/.local/lib/python3.7/site-packages/airflow/example_dags/example_sensors.py
[2023-05-16T03:09:03.270+0000] {processor.py:809} INFO - DAG(s) dict_keys(['example_sensors']) retrieved from /home/airflow/.local/lib/python3.7/site-packages/airflow/example_dags/example_sensors.py
[2023-05-16T03:09:03.293+0000] {logging_mixin.py:149} INFO - [2023-05-16T03:09:03.293+0000] {dag.py:2726} INFO - Sync 1 DAGs
[2023-05-16T03:09:03.310+0000] {logging_mixin.py:149} INFO - [2023-05-16T03:09:03.310+0000] {dag.py:3490} INFO - Setting next_dagrun for example_sensors to None, run_after=None
[2023-05-16T03:09:03.324+0000] {processor.py:178} INFO - Processing /home/airflow/.local/lib/python3.7/site-packages/airflow/example_dags/example_sensors.py took 0.069 seconds
[2023-05-16T03:09:33.750+0000] {processor.py:156} INFO - Started process (PID=272) to work on /home/airflow/.local/lib/python3.7/site-packages/airflow/example_dags/example_sensors.py
[2023-05-16T03:09:33.753+0000] {processor.py:799} INFO - Processing file /home/airflow/.local/lib/python3.7/site-packages/airflow/example_dags/example_sensors.py for tasks to queue
[2023-05-16T03:09:33.755+0000] {logging_mixin.py:149} INFO - [2023-05-16T03:09:33.755+0000] {dagbag.py:541} INFO - Filling up the DagBag from /home/airflow/.local/lib/python3.7/site-packages/airflow/example_dags/example_sensors.py
[2023-05-16T03:09:33.770+0000] {processor.py:809} INFO - DAG(s) dict_keys(['example_sensors']) retrieved from /home/airflow/.local/lib/python3.7/site-packages/airflow/example_dags/example_sensors.py
[2023-05-16T03:09:33.796+0000] {logging_mixin.py:149} INFO - [2023-05-16T03:09:33.796+0000] {dag.py:2726} INFO - Sync 1 DAGs
[2023-05-16T03:09:33.812+0000] {logging_mixin.py:149} INFO - [2023-05-16T03:09:33.812+0000] {dag.py:3490} INFO - Setting next_dagrun for example_sensors to None, run_after=None
[2023-05-16T03:09:33.825+0000] {processor.py:178} INFO - Processing /home/airflow/.local/lib/python3.7/site-packages/airflow/example_dags/example_sensors.py took 0.081 seconds
[2023-05-16T03:10:04.286+0000] {processor.py:156} INFO - Started process (PID=328) to work on /home/airflow/.local/lib/python3.7/site-packages/airflow/example_dags/example_sensors.py
[2023-05-16T03:10:04.288+0000] {processor.py:799} INFO - Processing file /home/airflow/.local/lib/python3.7/site-packages/airflow/example_dags/example_sensors.py for tasks to queue
[2023-05-16T03:10:04.289+0000] {logging_mixin.py:149} INFO - [2023-05-16T03:10:04.289+0000] {dagbag.py:541} INFO - Filling up the DagBag from /home/airflow/.local/lib/python3.7/site-packages/airflow/example_dags/example_sensors.py
[2023-05-16T03:10:04.302+0000] {processor.py:809} INFO - DAG(s) dict_keys(['example_sensors']) retrieved from /home/airflow/.local/lib/python3.7/site-packages/airflow/example_dags/example_sensors.py
[2023-05-16T03:10:04.338+0000] {logging_mixin.py:149} INFO - [2023-05-16T03:10:04.338+0000] {dag.py:2726} INFO - Sync 1 DAGs
[2023-05-16T03:10:04.356+0000] {logging_mixin.py:149} INFO - [2023-05-16T03:10:04.356+0000] {dag.py:3490} INFO - Setting next_dagrun for example_sensors to None, run_after=None
[2023-05-16T03:10:04.368+0000] {processor.py:178} INFO - Processing /home/airflow/.local/lib/python3.7/site-packages/airflow/example_dags/example_sensors.py took 0.085 seconds
[2023-05-16T03:10:34.887+0000] {processor.py:156} INFO - Started process (PID=384) to work on /home/airflow/.local/lib/python3.7/site-packages/airflow/example_dags/example_sensors.py
[2023-05-16T03:10:34.890+0000] {processor.py:799} INFO - Processing file /home/airflow/.local/lib/python3.7/site-packages/airflow/example_dags/example_sensors.py for tasks to queue
[2023-05-16T03:10:34.892+0000] {logging_mixin.py:149} INFO - [2023-05-16T03:10:34.892+0000] {dagbag.py:541} INFO - Filling up the DagBag from /home/airflow/.local/lib/python3.7/site-packages/airflow/example_dags/example_sensors.py
[2023-05-16T03:10:34.907+0000] {processor.py:809} INFO - DAG(s) dict_keys(['example_sensors']) retrieved from /home/airflow/.local/lib/python3.7/site-packages/airflow/example_dags/example_sensors.py
[2023-05-16T03:10:34.934+0000] {logging_mixin.py:149} INFO - [2023-05-16T03:10:34.934+0000] {dag.py:2726} INFO - Sync 1 DAGs
[2023-05-16T03:10:34.950+0000] {logging_mixin.py:149} INFO - [2023-05-16T03:10:34.950+0000] {dag.py:3490} INFO - Setting next_dagrun for example_sensors to None, run_after=None
[2023-05-16T03:10:34.962+0000] {processor.py:178} INFO - Processing /home/airflow/.local/lib/python3.7/site-packages/airflow/example_dags/example_sensors.py took 0.082 seconds
