[2023-05-16T02:54:58.096+0000] {processor.py:156} INFO - Started process (PID=51) to work on /home/airflow/.local/lib/python3.7/site-packages/airflow/example_dags/tutorial_dag.py
[2023-05-16T02:54:58.100+0000] {processor.py:799} INFO - Processing file /home/airflow/.local/lib/python3.7/site-packages/airflow/example_dags/tutorial_dag.py for tasks to queue
[2023-05-16T02:54:58.101+0000] {logging_mixin.py:149} INFO - [2023-05-16T02:54:58.101+0000] {dagbag.py:541} INFO - Filling up the DagBag from /home/airflow/.local/lib/python3.7/site-packages/airflow/example_dags/tutorial_dag.py
[2023-05-16T02:54:58.127+0000] {processor.py:809} INFO - DAG(s) dict_keys(['tutorial_dag']) retrieved from /home/airflow/.local/lib/python3.7/site-packages/airflow/example_dags/tutorial_dag.py
[2023-05-16T02:54:58.624+0000] {logging_mixin.py:149} INFO - [2023-05-16T02:54:58.624+0000] {manager.py:504} INFO - Created Permission View: can read on DAG:tutorial_dag
[2023-05-16T02:54:58.651+0000] {logging_mixin.py:149} INFO - [2023-05-16T02:54:58.651+0000] {manager.py:504} INFO - Created Permission View: can delete on DAG:tutorial_dag
[2023-05-16T02:54:58.661+0000] {logging_mixin.py:149} INFO - [2023-05-16T02:54:58.661+0000] {manager.py:504} INFO - Created Permission View: can edit on DAG:tutorial_dag
[2023-05-16T02:54:58.665+0000] {logging_mixin.py:149} INFO - [2023-05-16T02:54:58.665+0000] {dag.py:2726} INFO - Sync 1 DAGs
[2023-05-16T02:54:58.723+0000] {logging_mixin.py:149} INFO - [2023-05-16T02:54:58.723+0000] {dag.py:2747} INFO - Creating ORM DAG for tutorial_dag
[2023-05-16T02:54:58.760+0000] {logging_mixin.py:149} INFO - [2023-05-16T02:54:58.759+0000] {dag.py:3490} INFO - Setting next_dagrun for tutorial_dag to None, run_after=None
[2023-05-16T02:54:58.808+0000] {processor.py:178} INFO - Processing /home/airflow/.local/lib/python3.7/site-packages/airflow/example_dags/tutorial_dag.py took 0.721 seconds
[2023-05-16T02:55:29.683+0000] {processor.py:156} INFO - Started process (PID=107) to work on /home/airflow/.local/lib/python3.7/site-packages/airflow/example_dags/tutorial_dag.py
[2023-05-16T02:55:29.692+0000] {processor.py:799} INFO - Processing file /home/airflow/.local/lib/python3.7/site-packages/airflow/example_dags/tutorial_dag.py for tasks to queue
[2023-05-16T02:55:29.696+0000] {logging_mixin.py:149} INFO - [2023-05-16T02:55:29.696+0000] {dagbag.py:541} INFO - Filling up the DagBag from /home/airflow/.local/lib/python3.7/site-packages/airflow/example_dags/tutorial_dag.py
[2023-05-16T02:55:29.702+0000] {processor.py:809} INFO - DAG(s) dict_keys(['tutorial_dag']) retrieved from /home/airflow/.local/lib/python3.7/site-packages/airflow/example_dags/tutorial_dag.py
[2023-05-16T02:55:29.742+0000] {logging_mixin.py:149} INFO - [2023-05-16T02:55:29.742+0000] {dag.py:2726} INFO - Sync 1 DAGs
[2023-05-16T02:55:29.765+0000] {logging_mixin.py:149} INFO - [2023-05-16T02:55:29.765+0000] {dag.py:3490} INFO - Setting next_dagrun for tutorial_dag to None, run_after=None
[2023-05-16T02:55:29.794+0000] {processor.py:178} INFO - Processing /home/airflow/.local/lib/python3.7/site-packages/airflow/example_dags/tutorial_dag.py took 0.113 seconds
[2023-05-16T02:56:00.479+0000] {processor.py:156} INFO - Started process (PID=163) to work on /home/airflow/.local/lib/python3.7/site-packages/airflow/example_dags/tutorial_dag.py
[2023-05-16T02:56:00.483+0000] {processor.py:799} INFO - Processing file /home/airflow/.local/lib/python3.7/site-packages/airflow/example_dags/tutorial_dag.py for tasks to queue
[2023-05-16T02:56:00.485+0000] {logging_mixin.py:149} INFO - [2023-05-16T02:56:00.485+0000] {dagbag.py:541} INFO - Filling up the DagBag from /home/airflow/.local/lib/python3.7/site-packages/airflow/example_dags/tutorial_dag.py
[2023-05-16T02:56:00.491+0000] {processor.py:809} INFO - DAG(s) dict_keys(['tutorial_dag']) retrieved from /home/airflow/.local/lib/python3.7/site-packages/airflow/example_dags/tutorial_dag.py
[2023-05-16T02:56:00.525+0000] {logging_mixin.py:149} INFO - [2023-05-16T02:56:00.525+0000] {dag.py:2726} INFO - Sync 1 DAGs
[2023-05-16T02:56:00.552+0000] {logging_mixin.py:149} INFO - [2023-05-16T02:56:00.552+0000] {dag.py:3490} INFO - Setting next_dagrun for tutorial_dag to None, run_after=None
[2023-05-16T02:56:00.592+0000] {processor.py:178} INFO - Processing /home/airflow/.local/lib/python3.7/site-packages/airflow/example_dags/tutorial_dag.py took 0.116 seconds
[2023-05-16T02:56:31.208+0000] {processor.py:156} INFO - Started process (PID=219) to work on /home/airflow/.local/lib/python3.7/site-packages/airflow/example_dags/tutorial_dag.py
[2023-05-16T02:56:31.209+0000] {processor.py:799} INFO - Processing file /home/airflow/.local/lib/python3.7/site-packages/airflow/example_dags/tutorial_dag.py for tasks to queue
[2023-05-16T02:56:31.210+0000] {logging_mixin.py:149} INFO - [2023-05-16T02:56:31.210+0000] {dagbag.py:541} INFO - Filling up the DagBag from /home/airflow/.local/lib/python3.7/site-packages/airflow/example_dags/tutorial_dag.py
[2023-05-16T02:56:31.216+0000] {processor.py:809} INFO - DAG(s) dict_keys(['tutorial_dag']) retrieved from /home/airflow/.local/lib/python3.7/site-packages/airflow/example_dags/tutorial_dag.py
[2023-05-16T02:56:31.239+0000] {logging_mixin.py:149} INFO - [2023-05-16T02:56:31.239+0000] {dag.py:2726} INFO - Sync 1 DAGs
[2023-05-16T02:56:31.255+0000] {logging_mixin.py:149} INFO - [2023-05-16T02:56:31.255+0000] {dag.py:3490} INFO - Setting next_dagrun for tutorial_dag to None, run_after=None
[2023-05-16T02:56:31.267+0000] {processor.py:178} INFO - Processing /home/airflow/.local/lib/python3.7/site-packages/airflow/example_dags/tutorial_dag.py took 0.063 seconds
[2023-05-16T02:57:01.620+0000] {processor.py:156} INFO - Started process (PID=275) to work on /home/airflow/.local/lib/python3.7/site-packages/airflow/example_dags/tutorial_dag.py
[2023-05-16T02:57:01.621+0000] {processor.py:799} INFO - Processing file /home/airflow/.local/lib/python3.7/site-packages/airflow/example_dags/tutorial_dag.py for tasks to queue
[2023-05-16T02:57:01.622+0000] {logging_mixin.py:149} INFO - [2023-05-16T02:57:01.622+0000] {dagbag.py:541} INFO - Filling up the DagBag from /home/airflow/.local/lib/python3.7/site-packages/airflow/example_dags/tutorial_dag.py
[2023-05-16T02:57:01.627+0000] {processor.py:809} INFO - DAG(s) dict_keys(['tutorial_dag']) retrieved from /home/airflow/.local/lib/python3.7/site-packages/airflow/example_dags/tutorial_dag.py
[2023-05-16T02:57:01.649+0000] {logging_mixin.py:149} INFO - [2023-05-16T02:57:01.648+0000] {dag.py:2726} INFO - Sync 1 DAGs
[2023-05-16T02:57:01.666+0000] {logging_mixin.py:149} INFO - [2023-05-16T02:57:01.666+0000] {dag.py:3490} INFO - Setting next_dagrun for tutorial_dag to None, run_after=None
[2023-05-16T02:57:01.680+0000] {processor.py:178} INFO - Processing /home/airflow/.local/lib/python3.7/site-packages/airflow/example_dags/tutorial_dag.py took 0.063 seconds
[2023-05-16T03:07:31.585+0000] {processor.py:156} INFO - Started process (PID=53) to work on /home/airflow/.local/lib/python3.7/site-packages/airflow/example_dags/tutorial_dag.py
[2023-05-16T03:07:31.586+0000] {processor.py:799} INFO - Processing file /home/airflow/.local/lib/python3.7/site-packages/airflow/example_dags/tutorial_dag.py for tasks to queue
[2023-05-16T03:07:31.588+0000] {logging_mixin.py:149} INFO - [2023-05-16T03:07:31.588+0000] {dagbag.py:541} INFO - Filling up the DagBag from /home/airflow/.local/lib/python3.7/site-packages/airflow/example_dags/tutorial_dag.py
[2023-05-16T03:07:31.604+0000] {processor.py:809} INFO - DAG(s) dict_keys(['tutorial_dag']) retrieved from /home/airflow/.local/lib/python3.7/site-packages/airflow/example_dags/tutorial_dag.py
[2023-05-16T03:07:31.637+0000] {logging_mixin.py:149} INFO - [2023-05-16T03:07:31.637+0000] {dag.py:2726} INFO - Sync 1 DAGs
[2023-05-16T03:07:31.726+0000] {logging_mixin.py:149} INFO - [2023-05-16T03:07:31.726+0000] {dag.py:3490} INFO - Setting next_dagrun for tutorial_dag to None, run_after=None
[2023-05-16T03:07:31.752+0000] {processor.py:178} INFO - Processing /home/airflow/.local/lib/python3.7/site-packages/airflow/example_dags/tutorial_dag.py took 0.171 seconds
[2023-05-16T03:08:02.495+0000] {processor.py:156} INFO - Started process (PID=108) to work on /home/airflow/.local/lib/python3.7/site-packages/airflow/example_dags/tutorial_dag.py
[2023-05-16T03:08:02.497+0000] {processor.py:799} INFO - Processing file /home/airflow/.local/lib/python3.7/site-packages/airflow/example_dags/tutorial_dag.py for tasks to queue
[2023-05-16T03:08:02.498+0000] {logging_mixin.py:149} INFO - [2023-05-16T03:08:02.498+0000] {dagbag.py:541} INFO - Filling up the DagBag from /home/airflow/.local/lib/python3.7/site-packages/airflow/example_dags/tutorial_dag.py
[2023-05-16T03:08:02.502+0000] {processor.py:809} INFO - DAG(s) dict_keys(['tutorial_dag']) retrieved from /home/airflow/.local/lib/python3.7/site-packages/airflow/example_dags/tutorial_dag.py
[2023-05-16T03:08:02.521+0000] {logging_mixin.py:149} INFO - [2023-05-16T03:08:02.521+0000] {dag.py:2726} INFO - Sync 1 DAGs
[2023-05-16T03:08:02.536+0000] {logging_mixin.py:149} INFO - [2023-05-16T03:08:02.535+0000] {dag.py:3490} INFO - Setting next_dagrun for tutorial_dag to None, run_after=None
[2023-05-16T03:08:02.547+0000] {processor.py:178} INFO - Processing /home/airflow/.local/lib/python3.7/site-packages/airflow/example_dags/tutorial_dag.py took 0.055 seconds
[2023-05-16T03:08:32.957+0000] {processor.py:156} INFO - Started process (PID=164) to work on /home/airflow/.local/lib/python3.7/site-packages/airflow/example_dags/tutorial_dag.py
[2023-05-16T03:08:32.958+0000] {processor.py:799} INFO - Processing file /home/airflow/.local/lib/python3.7/site-packages/airflow/example_dags/tutorial_dag.py for tasks to queue
[2023-05-16T03:08:32.959+0000] {logging_mixin.py:149} INFO - [2023-05-16T03:08:32.958+0000] {dagbag.py:541} INFO - Filling up the DagBag from /home/airflow/.local/lib/python3.7/site-packages/airflow/example_dags/tutorial_dag.py
[2023-05-16T03:08:32.963+0000] {processor.py:809} INFO - DAG(s) dict_keys(['tutorial_dag']) retrieved from /home/airflow/.local/lib/python3.7/site-packages/airflow/example_dags/tutorial_dag.py
[2023-05-16T03:08:32.982+0000] {logging_mixin.py:149} INFO - [2023-05-16T03:08:32.982+0000] {dag.py:2726} INFO - Sync 1 DAGs
[2023-05-16T03:08:32.997+0000] {logging_mixin.py:149} INFO - [2023-05-16T03:08:32.997+0000] {dag.py:3490} INFO - Setting next_dagrun for tutorial_dag to None, run_after=None
[2023-05-16T03:08:33.009+0000] {processor.py:178} INFO - Processing /home/airflow/.local/lib/python3.7/site-packages/airflow/example_dags/tutorial_dag.py took 0.055 seconds
[2023-05-16T03:09:03.439+0000] {processor.py:156} INFO - Started process (PID=220) to work on /home/airflow/.local/lib/python3.7/site-packages/airflow/example_dags/tutorial_dag.py
[2023-05-16T03:09:03.440+0000] {processor.py:799} INFO - Processing file /home/airflow/.local/lib/python3.7/site-packages/airflow/example_dags/tutorial_dag.py for tasks to queue
[2023-05-16T03:09:03.441+0000] {logging_mixin.py:149} INFO - [2023-05-16T03:09:03.441+0000] {dagbag.py:541} INFO - Filling up the DagBag from /home/airflow/.local/lib/python3.7/site-packages/airflow/example_dags/tutorial_dag.py
[2023-05-16T03:09:03.446+0000] {processor.py:809} INFO - DAG(s) dict_keys(['tutorial_dag']) retrieved from /home/airflow/.local/lib/python3.7/site-packages/airflow/example_dags/tutorial_dag.py
[2023-05-16T03:09:03.466+0000] {logging_mixin.py:149} INFO - [2023-05-16T03:09:03.466+0000] {dag.py:2726} INFO - Sync 1 DAGs
[2023-05-16T03:09:03.483+0000] {logging_mixin.py:149} INFO - [2023-05-16T03:09:03.483+0000] {dag.py:3490} INFO - Setting next_dagrun for tutorial_dag to None, run_after=None
[2023-05-16T03:09:03.496+0000] {processor.py:178} INFO - Processing /home/airflow/.local/lib/python3.7/site-packages/airflow/example_dags/tutorial_dag.py took 0.060 seconds
[2023-05-16T03:09:33.933+0000] {processor.py:156} INFO - Started process (PID=276) to work on /home/airflow/.local/lib/python3.7/site-packages/airflow/example_dags/tutorial_dag.py
[2023-05-16T03:09:33.934+0000] {processor.py:799} INFO - Processing file /home/airflow/.local/lib/python3.7/site-packages/airflow/example_dags/tutorial_dag.py for tasks to queue
[2023-05-16T03:09:33.935+0000] {logging_mixin.py:149} INFO - [2023-05-16T03:09:33.935+0000] {dagbag.py:541} INFO - Filling up the DagBag from /home/airflow/.local/lib/python3.7/site-packages/airflow/example_dags/tutorial_dag.py
[2023-05-16T03:09:33.940+0000] {processor.py:809} INFO - DAG(s) dict_keys(['tutorial_dag']) retrieved from /home/airflow/.local/lib/python3.7/site-packages/airflow/example_dags/tutorial_dag.py
[2023-05-16T03:09:33.961+0000] {logging_mixin.py:149} INFO - [2023-05-16T03:09:33.961+0000] {dag.py:2726} INFO - Sync 1 DAGs
[2023-05-16T03:09:33.978+0000] {logging_mixin.py:149} INFO - [2023-05-16T03:09:33.978+0000] {dag.py:3490} INFO - Setting next_dagrun for tutorial_dag to None, run_after=None
[2023-05-16T03:09:33.990+0000] {processor.py:178} INFO - Processing /home/airflow/.local/lib/python3.7/site-packages/airflow/example_dags/tutorial_dag.py took 0.060 seconds
[2023-05-16T03:10:04.482+0000] {processor.py:156} INFO - Started process (PID=332) to work on /home/airflow/.local/lib/python3.7/site-packages/airflow/example_dags/tutorial_dag.py
[2023-05-16T03:10:04.484+0000] {processor.py:799} INFO - Processing file /home/airflow/.local/lib/python3.7/site-packages/airflow/example_dags/tutorial_dag.py for tasks to queue
[2023-05-16T03:10:04.485+0000] {logging_mixin.py:149} INFO - [2023-05-16T03:10:04.485+0000] {dagbag.py:541} INFO - Filling up the DagBag from /home/airflow/.local/lib/python3.7/site-packages/airflow/example_dags/tutorial_dag.py
[2023-05-16T03:10:04.489+0000] {processor.py:809} INFO - DAG(s) dict_keys(['tutorial_dag']) retrieved from /home/airflow/.local/lib/python3.7/site-packages/airflow/example_dags/tutorial_dag.py
[2023-05-16T03:10:04.509+0000] {logging_mixin.py:149} INFO - [2023-05-16T03:10:04.509+0000] {dag.py:2726} INFO - Sync 1 DAGs
[2023-05-16T03:10:04.524+0000] {logging_mixin.py:149} INFO - [2023-05-16T03:10:04.524+0000] {dag.py:3490} INFO - Setting next_dagrun for tutorial_dag to None, run_after=None
[2023-05-16T03:10:04.542+0000] {processor.py:178} INFO - Processing /home/airflow/.local/lib/python3.7/site-packages/airflow/example_dags/tutorial_dag.py took 0.063 seconds
[2023-05-16T03:10:35.066+0000] {processor.py:156} INFO - Started process (PID=388) to work on /home/airflow/.local/lib/python3.7/site-packages/airflow/example_dags/tutorial_dag.py
[2023-05-16T03:10:35.067+0000] {processor.py:799} INFO - Processing file /home/airflow/.local/lib/python3.7/site-packages/airflow/example_dags/tutorial_dag.py for tasks to queue
[2023-05-16T03:10:35.068+0000] {logging_mixin.py:149} INFO - [2023-05-16T03:10:35.068+0000] {dagbag.py:541} INFO - Filling up the DagBag from /home/airflow/.local/lib/python3.7/site-packages/airflow/example_dags/tutorial_dag.py
[2023-05-16T03:10:35.072+0000] {processor.py:809} INFO - DAG(s) dict_keys(['tutorial_dag']) retrieved from /home/airflow/.local/lib/python3.7/site-packages/airflow/example_dags/tutorial_dag.py
[2023-05-16T03:10:35.092+0000] {logging_mixin.py:149} INFO - [2023-05-16T03:10:35.092+0000] {dag.py:2726} INFO - Sync 1 DAGs
[2023-05-16T03:10:35.107+0000] {logging_mixin.py:149} INFO - [2023-05-16T03:10:35.107+0000] {dag.py:3490} INFO - Setting next_dagrun for tutorial_dag to None, run_after=None
[2023-05-16T03:10:35.118+0000] {processor.py:178} INFO - Processing /home/airflow/.local/lib/python3.7/site-packages/airflow/example_dags/tutorial_dag.py took 0.055 seconds
